[0.012s] Invoking command in '/home/isa/ros2_ws/build/more_interfaces': CMAKE_PREFIX_PATH=${CMAKE_PREFIX_PATH}:/home/isa/ros2_ws/install/launch_testing_examples:/home/isa/ros2_ws/install/examples_rclpy_pointcloud_publisher:/home/isa/ros2_ws/install/examples_rclpy_minimal_subscriber:/home/isa/ros2_ws/install/examples_rclpy_minimal_service:/home/isa/ros2_ws/install/examples_rclpy_minimal_publisher:/home/isa/ros2_ws/install/examples_rclpy_minimal_client:/home/isa/ros2_ws/install/examples_rclpy_minimal_action_server:/home/isa/ros2_ws/install/examples_rclpy_minimal_action_client:/home/isa/ros2_ws/install/examples_rclpy_guard_conditions:/home/isa/ros2_ws/install/examples_rclpy_executors:/opt/ros/iron /usr/bin/cmake --build /home/isa/ros2_ws/build/more_interfaces -- -j8 -l8
[0.031s] -- Found ament_cmake: 2.0.2 (/opt/ros/iron/share/ament_cmake/cmake)
[0.149s] -- Found rosidl_default_generators: 1.5.0 (/opt/ros/iron/share/rosidl_default_generators/cmake)
[0.153s] -- Using all available rosidl_typesupport_c: rosidl_typesupport_fastrtps_c;rosidl_typesupport_introspection_c
[0.180s] -- Using all available rosidl_typesupport_cpp: rosidl_typesupport_fastrtps_cpp;rosidl_typesupport_introspection_cpp
[0.202s] -- Found rosidl_adapter: 4.0.0 (/opt/ros/iron/share/rosidl_adapter/cmake)
[0.445s] -- Found ament_cmake_ros: 0.11.2 (/opt/ros/iron/share/ament_cmake_ros/cmake)
[0.590s] -- Using all available rosidl_typesupport_c: rosidl_typesupport_fastrtps_c;rosidl_typesupport_introspection_c
[0.783s] -- Using all available rosidl_typesupport_cpp: rosidl_typesupport_fastrtps_cpp;rosidl_typesupport_introspection_cpp
[0.802s] -- Found python_cmake_module: 0.10.2 (/opt/ros/iron/share/python_cmake_module/cmake)
[0.821s] -- Using PYTHON_EXECUTABLE: /usr/bin/python3
[0.821s] -- Using PYTHON_INCLUDE_DIRS: /usr/include/python3.10
[0.821s] -- Using PYTHON_LIBRARIES: /usr/lib/x86_64-linux-gnu/libpython3.10.so
[0.837s] -- Found rclcpp: 21.0.1 (/opt/ros/iron/share/rclcpp/cmake)
[0.999s] -- Found rmw_implementation_cmake: 7.1.0 (/opt/ros/iron/share/rmw_implementation_cmake/cmake)
[1.001s] -- Found rmw_fastrtps_cpp: 7.1.1 (/opt/ros/iron/share/rmw_fastrtps_cpp/cmake)
[1.120s] -- Using RMW implementation 'rmw_fastrtps_cpp' as default
[1.270s] -- Found ament_lint_auto: 0.14.1 (/opt/ros/iron/share/ament_lint_auto/cmake)
[1.277s] -- Added test 'cppcheck' to perform static code analysis on C / C++ code
[1.277s] -- Configured cppcheck include dirs: 
[1.277s] -- Configured cppcheck exclude dirs and/or files: 
[1.278s] -- Added test 'lint_cmake' to check CMake code style
[1.278s] -- Added test 'uncrustify' to check C / C++ code style
[1.279s] -- Configured uncrustify additional arguments: 
[1.279s] -- Added test 'xmllint' to check XML markup files
[1.280s] -- Configuring done
[1.306s] -- Generating done
[1.309s] -- Build files have been written to: /home/isa/ros2_ws/build/more_interfaces
[1.337s] [  2%] Built target more_interfaces__rosidl_generator_type_description
[1.345s] [  2%] Built target ament_cmake_python_copy_more_interfaces
[1.346s] [35m[1mConsolidate compiler generated dependencies of target more_interfaces__rosidl_generator_c[0m
[1.354s] [  5%] Built target more_interfaces__cpp
[1.356s] [ 19%] Built target more_interfaces__rosidl_generator_c
[1.367s] [35m[1mConsolidate compiler generated dependencies of target more_interfaces__rosidl_typesupport_introspection_c[0m
[1.369s] [35m[1mConsolidate compiler generated dependencies of target more_interfaces__rosidl_typesupport_c[0m
[1.370s] [35m[1mConsolidate compiler generated dependencies of target more_interfaces__rosidl_typesupport_fastrtps_c[0m
[1.370s] [35m[1mConsolidate compiler generated dependencies of target more_interfaces__rosidl_typesupport_cpp[0m
[1.370s] [35m[1mConsolidate compiler generated dependencies of target more_interfaces__rosidl_typesupport_fastrtps_cpp[0m
[1.371s] [35m[1mConsolidate compiler generated dependencies of target more_interfaces__rosidl_typesupport_introspection_cpp[0m
[1.382s] [ 27%] Built target more_interfaces__rosidl_typesupport_introspection_c
[1.386s] [ 36%] Built target more_interfaces__rosidl_typesupport_c
[1.388s] [ 44%] Built target more_interfaces__rosidl_typesupport_fastrtps_cpp
[1.388s] [ 55%] Built target more_interfaces__rosidl_typesupport_introspection_cpp
[1.388s] [ 61%] Built target more_interfaces__rosidl_typesupport_fastrtps_c
[1.389s] [ 69%] Built target more_interfaces__rosidl_typesupport_cpp
[1.406s] [ 72%] Built target more_interfaces
[1.406s] [ 72%] [32mBuilding CXX object CMakeFiles/publish_address_book.dir/src/publish_address_book.cpp.o[0m
[1.423s] [ 75%] Built target more_interfaces__py
[1.433s] [35m[1mConsolidate compiler generated dependencies of target more_interfaces__rosidl_generator_py[0m
[1.445s] [ 80%] Built target more_interfaces__rosidl_generator_py
[1.455s] [35m[1mConsolidate compiler generated dependencies of target more_interfaces__rosidl_typesupport_introspection_c__pyext[0m
[1.456s] [35m[1mConsolidate compiler generated dependencies of target more_interfaces__rosidl_typesupport_c__pyext[0m
[1.458s] [35m[1mConsolidate compiler generated dependencies of target more_interfaces__rosidl_typesupport_fastrtps_c__pyext[0m
[1.468s] [ 86%] Built target more_interfaces__rosidl_typesupport_introspection_c__pyext
[1.472s] [ 97%] Built target more_interfaces__rosidl_typesupport_fastrtps_c__pyext
[1.472s] [ 97%] Built target more_interfaces__rosidl_typesupport_c__pyext
[1.600s] running egg_info
[1.600s] writing more_interfaces.egg-info/PKG-INFO
[1.600s] writing dependency_links to more_interfaces.egg-info/dependency_links.txt
[1.601s] writing top-level names to more_interfaces.egg-info/top_level.txt
[1.603s] reading manifest file 'more_interfaces.egg-info/SOURCES.txt'
[1.604s] writing manifest file 'more_interfaces.egg-info/SOURCES.txt'
[1.628s] [ 97%] Built target ament_cmake_python_build_more_interfaces_egg
[5.105s] [100%] [32m[1mLinking CXX executable publish_address_book[0m
[5.248s] [100%] Built target publish_address_book
[5.257s] Invoked command in '/home/isa/ros2_ws/build/more_interfaces' returned '0': CMAKE_PREFIX_PATH=${CMAKE_PREFIX_PATH}:/home/isa/ros2_ws/install/launch_testing_examples:/home/isa/ros2_ws/install/examples_rclpy_pointcloud_publisher:/home/isa/ros2_ws/install/examples_rclpy_minimal_subscriber:/home/isa/ros2_ws/install/examples_rclpy_minimal_service:/home/isa/ros2_ws/install/examples_rclpy_minimal_publisher:/home/isa/ros2_ws/install/examples_rclpy_minimal_client:/home/isa/ros2_ws/install/examples_rclpy_minimal_action_server:/home/isa/ros2_ws/install/examples_rclpy_minimal_action_client:/home/isa/ros2_ws/install/examples_rclpy_guard_conditions:/home/isa/ros2_ws/install/examples_rclpy_executors:/opt/ros/iron /usr/bin/cmake --build /home/isa/ros2_ws/build/more_interfaces -- -j8 -l8
[5.322s] Invoking command in '/home/isa/ros2_ws/build/more_interfaces': CMAKE_PREFIX_PATH=${CMAKE_PREFIX_PATH}:/home/isa/ros2_ws/install/launch_testing_examples:/home/isa/ros2_ws/install/examples_rclpy_pointcloud_publisher:/home/isa/ros2_ws/install/examples_rclpy_minimal_subscriber:/home/isa/ros2_ws/install/examples_rclpy_minimal_service:/home/isa/ros2_ws/install/examples_rclpy_minimal_publisher:/home/isa/ros2_ws/install/examples_rclpy_minimal_client:/home/isa/ros2_ws/install/examples_rclpy_minimal_action_server:/home/isa/ros2_ws/install/examples_rclpy_minimal_action_client:/home/isa/ros2_ws/install/examples_rclpy_guard_conditions:/home/isa/ros2_ws/install/examples_rclpy_executors:/opt/ros/iron /usr/bin/cmake --install /home/isa/ros2_ws/build/more_interfaces
[5.328s] -- Install configuration: ""
[5.328s] -- Up-to-date: /home/isa/ros2_ws/install/more_interfaces/share/ament_index/resource_index/rosidl_interfaces/more_interfaces
[5.328s] -- Up-to-date: /home/isa/ros2_ws/install/more_interfaces/share/more_interfaces/msg/AddressBook.json
[5.328s] -- Up-to-date: /home/isa/ros2_ws/install/more_interfaces/include/more_interfaces/more_interfaces
[5.328s] -- Up-to-date: /home/isa/ros2_ws/install/more_interfaces/include/more_interfaces/more_interfaces/msg
[5.328s] -- Up-to-date: /home/isa/ros2_ws/install/more_interfaces/include/more_interfaces/more_interfaces/msg/rosidl_generator_c__visibility_control.h
[5.329s] -- Up-to-date: /home/isa/ros2_ws/install/more_interfaces/include/more_interfaces/more_interfaces/msg/address_book.h
[5.329s] -- Up-to-date: /home/isa/ros2_ws/install/more_interfaces/include/more_interfaces/more_interfaces/msg/detail
[5.329s] -- Up-to-date: /home/isa/ros2_ws/install/more_interfaces/include/more_interfaces/more_interfaces/msg/detail/address_book__struct.h
[5.329s] -- Up-to-date: /home/isa/ros2_ws/install/more_interfaces/include/more_interfaces/more_interfaces/msg/detail/address_book__functions.h
[5.329s] -- Up-to-date: /home/isa/ros2_ws/install/more_interfaces/include/more_interfaces/more_interfaces/msg/detail/address_book__type_support.h
[5.329s] -- Up-to-date: /home/isa/ros2_ws/install/more_interfaces/include/more_interfaces/more_interfaces/msg/detail/address_book__description.c
[5.329s] -- Up-to-date: /home/isa/ros2_ws/install/more_interfaces/include/more_interfaces/more_interfaces/msg/detail/address_book__functions.c
[5.329s] -- Up-to-date: /home/isa/ros2_ws/install/more_interfaces/include/more_interfaces/more_interfaces/msg/detail/address_book__type_support.c
[5.329s] -- Up-to-date: /home/isa/ros2_ws/install/more_interfaces/share/more_interfaces/environment/library_path.sh
[5.329s] -- Up-to-date: /home/isa/ros2_ws/install/more_interfaces/share/more_interfaces/environment/library_path.dsv
[5.329s] -- Up-to-date: /home/isa/ros2_ws/install/more_interfaces/lib/libmore_interfaces__rosidl_generator_c.so
[5.329s] -- Up-to-date: /home/isa/ros2_ws/install/more_interfaces/include/more_interfaces/more_interfaces
[5.329s] -- Up-to-date: /home/isa/ros2_ws/install/more_interfaces/include/more_interfaces/more_interfaces/msg
[5.329s] -- Up-to-date: /home/isa/ros2_ws/install/more_interfaces/include/more_interfaces/more_interfaces/msg/detail
[5.329s] -- Up-to-date: /home/isa/ros2_ws/install/more_interfaces/include/more_interfaces/more_interfaces/msg/detail/address_book__rosidl_typesupport_fastrtps_c.h
[5.329s] -- Up-to-date: /home/isa/ros2_ws/install/more_interfaces/include/more_interfaces/more_interfaces/msg/rosidl_typesupport_fastrtps_c__visibility_control.h
[5.330s] -- Up-to-date: /home/isa/ros2_ws/install/more_interfaces/lib/libmore_interfaces__rosidl_typesupport_fastrtps_c.so
[5.330s] -- Up-to-date: /home/isa/ros2_ws/install/more_interfaces/include/more_interfaces/more_interfaces
[5.330s] -- Up-to-date: /home/isa/ros2_ws/install/more_interfaces/include/more_interfaces/more_interfaces/msg
[5.330s] -- Up-to-date: /home/isa/ros2_ws/install/more_interfaces/include/more_interfaces/more_interfaces/msg/detail
[5.330s] -- Up-to-date: /home/isa/ros2_ws/install/more_interfaces/include/more_interfaces/more_interfaces/msg/detail/address_book__rosidl_typesupport_introspection_c.h
[5.330s] -- Up-to-date: /home/isa/ros2_ws/install/more_interfaces/include/more_interfaces/more_interfaces/msg/detail/address_book__type_support.c
[5.330s] -- Up-to-date: /home/isa/ros2_ws/install/more_interfaces/include/more_interfaces/more_interfaces/msg/rosidl_typesupport_introspection_c__visibility_control.h
[5.330s] -- Up-to-date: /home/isa/ros2_ws/install/more_interfaces/lib/libmore_interfaces__rosidl_typesupport_introspection_c.so
[5.330s] -- Up-to-date: /home/isa/ros2_ws/install/more_interfaces/lib/libmore_interfaces__rosidl_typesupport_c.so
[5.330s] -- Up-to-date: /home/isa/ros2_ws/install/more_interfaces/include/more_interfaces/more_interfaces
[5.330s] -- Up-to-date: /home/isa/ros2_ws/install/more_interfaces/include/more_interfaces/more_interfaces/msg
[5.331s] -- Up-to-date: /home/isa/ros2_ws/install/more_interfaces/include/more_interfaces/more_interfaces/msg/detail
[5.331s] -- Up-to-date: /home/isa/ros2_ws/install/more_interfaces/include/more_interfaces/more_interfaces/msg/detail/address_book__builder.hpp
[5.331s] -- Up-to-date: /home/isa/ros2_ws/install/more_interfaces/include/more_interfaces/more_interfaces/msg/detail/address_book__traits.hpp
[5.331s] -- Up-to-date: /home/isa/ros2_ws/install/more_interfaces/include/more_interfaces/more_interfaces/msg/detail/address_book__struct.hpp
[5.331s] -- Up-to-date: /home/isa/ros2_ws/install/more_interfaces/include/more_interfaces/more_interfaces/msg/address_book.hpp
[5.331s] -- Up-to-date: /home/isa/ros2_ws/install/more_interfaces/include/more_interfaces/more_interfaces
[5.331s] -- Up-to-date: /home/isa/ros2_ws/install/more_interfaces/include/more_interfaces/more_interfaces/msg
[5.331s] -- Up-to-date: /home/isa/ros2_ws/install/more_interfaces/include/more_interfaces/more_interfaces/msg/rosidl_typesupport_fastrtps_cpp__visibility_control.h
[5.331s] -- Up-to-date: /home/isa/ros2_ws/install/more_interfaces/include/more_interfaces/more_interfaces/msg/detail
[5.331s] -- Up-to-date: /home/isa/ros2_ws/install/more_interfaces/include/more_interfaces/more_interfaces/msg/detail/dds_fastrtps
[5.331s] -- Up-to-date: /home/isa/ros2_ws/install/more_interfaces/include/more_interfaces/more_interfaces/msg/detail/address_book__rosidl_typesupport_fastrtps_cpp.hpp
[5.331s] -- Up-to-date: /home/isa/ros2_ws/install/more_interfaces/lib/libmore_interfaces__rosidl_typesupport_fastrtps_cpp.so
[5.331s] -- Up-to-date: /home/isa/ros2_ws/install/more_interfaces/include/more_interfaces/more_interfaces
[5.331s] -- Up-to-date: /home/isa/ros2_ws/install/more_interfaces/include/more_interfaces/more_interfaces/msg
[5.331s] -- Up-to-date: /home/isa/ros2_ws/install/more_interfaces/include/more_interfaces/more_interfaces/msg/detail
[5.332s] -- Up-to-date: /home/isa/ros2_ws/install/more_interfaces/include/more_interfaces/more_interfaces/msg/detail/address_book__rosidl_typesupport_introspection_cpp.hpp
[5.332s] -- Up-to-date: /home/isa/ros2_ws/install/more_interfaces/include/more_interfaces/more_interfaces/msg/detail/address_book__type_support.cpp
[5.332s] -- Up-to-date: /home/isa/ros2_ws/install/more_interfaces/lib/libmore_interfaces__rosidl_typesupport_introspection_cpp.so
[5.332s] -- Up-to-date: /home/isa/ros2_ws/install/more_interfaces/lib/libmore_interfaces__rosidl_typesupport_cpp.so
[5.332s] -- Up-to-date: /home/isa/ros2_ws/install/more_interfaces/share/more_interfaces/environment/pythonpath.sh
[5.332s] -- Up-to-date: /home/isa/ros2_ws/install/more_interfaces/share/more_interfaces/environment/pythonpath.dsv
[5.332s] -- Up-to-date: /home/isa/ros2_ws/install/more_interfaces/lib/python3.10/site-packages/more_interfaces-0.0.0-py3.10.egg-info
[5.332s] -- Installing: /home/isa/ros2_ws/install/more_interfaces/lib/python3.10/site-packages/more_interfaces-0.0.0-py3.10.egg-info/SOURCES.txt
[5.333s] -- Installing: /home/isa/ros2_ws/install/more_interfaces/lib/python3.10/site-packages/more_interfaces-0.0.0-py3.10.egg-info/dependency_links.txt
[5.333s] -- Installing: /home/isa/ros2_ws/install/more_interfaces/lib/python3.10/site-packages/more_interfaces-0.0.0-py3.10.egg-info/PKG-INFO
[5.333s] -- Installing: /home/isa/ros2_ws/install/more_interfaces/lib/python3.10/site-packages/more_interfaces-0.0.0-py3.10.egg-info/top_level.txt
[5.333s] -- Up-to-date: /home/isa/ros2_ws/install/more_interfaces/lib/python3.10/site-packages/more_interfaces
[5.333s] -- Up-to-date: /home/isa/ros2_ws/install/more_interfaces/lib/python3.10/site-packages/more_interfaces/_more_interfaces_s.ep.rosidl_typesupport_c.c
[5.333s] -- Installing: /home/isa/ros2_ws/install/more_interfaces/lib/python3.10/site-packages/more_interfaces/__init__.py
[5.333s] -- Up-to-date: /home/isa/ros2_ws/install/more_interfaces/lib/python3.10/site-packages/more_interfaces/more_interfaces_s__rosidl_typesupport_c.cpython-310-x86_64-linux-gnu.so
[5.333s] -- Up-to-date: /home/isa/ros2_ws/install/more_interfaces/lib/python3.10/site-packages/more_interfaces/libmore_interfaces__rosidl_generator_py.so
[5.333s] -- Up-to-date: /home/isa/ros2_ws/install/more_interfaces/lib/python3.10/site-packages/more_interfaces/more_interfaces_s__rosidl_typesupport_introspection_c.cpython-310-x86_64-linux-gnu.so
[5.333s] -- Up-to-date: /home/isa/ros2_ws/install/more_interfaces/lib/python3.10/site-packages/more_interfaces/_more_interfaces_s.ep.rosidl_typesupport_introspection_c.c
[5.334s] -- Up-to-date: /home/isa/ros2_ws/install/more_interfaces/lib/python3.10/site-packages/more_interfaces/more_interfaces_s__rosidl_typesupport_fastrtps_c.cpython-310-x86_64-linux-gnu.so
[5.334s] -- Up-to-date: /home/isa/ros2_ws/install/more_interfaces/lib/python3.10/site-packages/more_interfaces/msg
[5.334s] -- Up-to-date: /home/isa/ros2_ws/install/more_interfaces/lib/python3.10/site-packages/more_interfaces/msg/_address_book_s.c
[5.334s] -- Up-to-date: /home/isa/ros2_ws/install/more_interfaces/lib/python3.10/site-packages/more_interfaces/msg/__init__.py
[5.334s] -- Up-to-date: /home/isa/ros2_ws/install/more_interfaces/lib/python3.10/site-packages/more_interfaces/msg/_address_book.py
[5.334s] -- Up-to-date: /home/isa/ros2_ws/install/more_interfaces/lib/python3.10/site-packages/more_interfaces/_more_interfaces_s.ep.rosidl_typesupport_fastrtps_c.c
[5.363s] Listing '/home/isa/ros2_ws/install/more_interfaces/lib/python3.10/site-packages/more_interfaces'...
[5.363s] Compiling '/home/isa/ros2_ws/install/more_interfaces/lib/python3.10/site-packages/more_interfaces/__init__.py'...
[5.363s] Listing '/home/isa/ros2_ws/install/more_interfaces/lib/python3.10/site-packages/more_interfaces/msg'...
[5.366s] -- Up-to-date: /home/isa/ros2_ws/install/more_interfaces/lib/python3.10/site-packages/more_interfaces/more_interfaces_s__rosidl_typesupport_fastrtps_c.cpython-310-x86_64-linux-gnu.so
[5.366s] -- Up-to-date: /home/isa/ros2_ws/install/more_interfaces/lib/python3.10/site-packages/more_interfaces/more_interfaces_s__rosidl_typesupport_introspection_c.cpython-310-x86_64-linux-gnu.so
[5.367s] -- Up-to-date: /home/isa/ros2_ws/install/more_interfaces/lib/python3.10/site-packages/more_interfaces/more_interfaces_s__rosidl_typesupport_c.cpython-310-x86_64-linux-gnu.so
[5.367s] -- Up-to-date: /home/isa/ros2_ws/install/more_interfaces/lib/libmore_interfaces__rosidl_generator_py.so
[5.367s] -- Up-to-date: /home/isa/ros2_ws/install/more_interfaces/share/more_interfaces/msg/AddressBook.idl
[5.367s] -- Up-to-date: /home/isa/ros2_ws/install/more_interfaces/share/more_interfaces/msg/AddressBook.msg
[5.367s] -- Installing: /home/isa/ros2_ws/install/more_interfaces/lib/more_interfaces/publish_address_book
[5.368s] -- Set runtime path of "/home/isa/ros2_ws/install/more_interfaces/lib/more_interfaces/publish_address_book" to ""
[5.369s] -- Up-to-date: /home/isa/ros2_ws/install/more_interfaces/share/ament_index/resource_index/package_run_dependencies/more_interfaces
[5.369s] -- Installing: /home/isa/ros2_ws/install/more_interfaces/share/ament_index/resource_index/parent_prefix_path/more_interfaces
[5.369s] -- Up-to-date: /home/isa/ros2_ws/install/more_interfaces/share/more_interfaces/environment/ament_prefix_path.sh
[5.369s] -- Up-to-date: /home/isa/ros2_ws/install/more_interfaces/share/more_interfaces/environment/ament_prefix_path.dsv
[5.369s] -- Up-to-date: /home/isa/ros2_ws/install/more_interfaces/share/more_interfaces/environment/path.sh
[5.369s] -- Up-to-date: /home/isa/ros2_ws/install/more_interfaces/share/more_interfaces/environment/path.dsv
[5.369s] -- Up-to-date: /home/isa/ros2_ws/install/more_interfaces/share/more_interfaces/local_setup.bash
[5.369s] -- Up-to-date: /home/isa/ros2_ws/install/more_interfaces/share/more_interfaces/local_setup.sh
[5.369s] -- Up-to-date: /home/isa/ros2_ws/install/more_interfaces/share/more_interfaces/local_setup.zsh
[5.369s] -- Up-to-date: /home/isa/ros2_ws/install/more_interfaces/share/more_interfaces/local_setup.dsv
[5.369s] -- Installing: /home/isa/ros2_ws/install/more_interfaces/share/more_interfaces/package.dsv
[5.370s] -- Up-to-date: /home/isa/ros2_ws/install/more_interfaces/share/ament_index/resource_index/packages/more_interfaces
[5.370s] -- Up-to-date: /home/isa/ros2_ws/install/more_interfaces/share/more_interfaces/cmake/export_more_interfaces__rosidl_generator_cExport.cmake
[5.370s] -- Up-to-date: /home/isa/ros2_ws/install/more_interfaces/share/more_interfaces/cmake/export_more_interfaces__rosidl_generator_cExport-noconfig.cmake
[5.370s] -- Up-to-date: /home/isa/ros2_ws/install/more_interfaces/share/more_interfaces/cmake/export_more_interfaces__rosidl_typesupport_fastrtps_cExport.cmake
[5.370s] -- Up-to-date: /home/isa/ros2_ws/install/more_interfaces/share/more_interfaces/cmake/export_more_interfaces__rosidl_typesupport_fastrtps_cExport-noconfig.cmake
[5.370s] -- Up-to-date: /home/isa/ros2_ws/install/more_interfaces/share/more_interfaces/cmake/more_interfaces__rosidl_typesupport_introspection_cExport.cmake
[5.370s] -- Up-to-date: /home/isa/ros2_ws/install/more_interfaces/share/more_interfaces/cmake/more_interfaces__rosidl_typesupport_introspection_cExport-noconfig.cmake
[5.370s] -- Up-to-date: /home/isa/ros2_ws/install/more_interfaces/share/more_interfaces/cmake/more_interfaces__rosidl_typesupport_cExport.cmake
[5.370s] -- Up-to-date: /home/isa/ros2_ws/install/more_interfaces/share/more_interfaces/cmake/more_interfaces__rosidl_typesupport_cExport-noconfig.cmake
[5.370s] -- Up-to-date: /home/isa/ros2_ws/install/more_interfaces/share/more_interfaces/cmake/export_more_interfaces__rosidl_generator_cppExport.cmake
[5.370s] -- Up-to-date: /home/isa/ros2_ws/install/more_interfaces/share/more_interfaces/cmake/export_more_interfaces__rosidl_typesupport_fastrtps_cppExport.cmake
[5.370s] -- Up-to-date: /home/isa/ros2_ws/install/more_interfaces/share/more_interfaces/cmake/export_more_interfaces__rosidl_typesupport_fastrtps_cppExport-noconfig.cmake
[5.370s] -- Up-to-date: /home/isa/ros2_ws/install/more_interfaces/share/more_interfaces/cmake/more_interfaces__rosidl_typesupport_introspection_cppExport.cmake
[5.371s] -- Up-to-date: /home/isa/ros2_ws/install/more_interfaces/share/more_interfaces/cmake/more_interfaces__rosidl_typesupport_introspection_cppExport-noconfig.cmake
[5.371s] -- Up-to-date: /home/isa/ros2_ws/install/more_interfaces/share/more_interfaces/cmake/more_interfaces__rosidl_typesupport_cppExport.cmake
[5.371s] -- Up-to-date: /home/isa/ros2_ws/install/more_interfaces/share/more_interfaces/cmake/more_interfaces__rosidl_typesupport_cppExport-noconfig.cmake
[5.371s] -- Up-to-date: /home/isa/ros2_ws/install/more_interfaces/share/more_interfaces/cmake/export_more_interfaces__rosidl_generator_pyExport.cmake
[5.371s] -- Up-to-date: /home/isa/ros2_ws/install/more_interfaces/share/more_interfaces/cmake/export_more_interfaces__rosidl_generator_pyExport-noconfig.cmake
[5.371s] -- Up-to-date: /home/isa/ros2_ws/install/more_interfaces/share/more_interfaces/cmake/rosidl_cmake-extras.cmake
[5.371s] -- Up-to-date: /home/isa/ros2_ws/install/more_interfaces/share/more_interfaces/cmake/ament_cmake_export_include_directories-extras.cmake
[5.371s] -- Up-to-date: /home/isa/ros2_ws/install/more_interfaces/share/more_interfaces/cmake/ament_cmake_export_libraries-extras.cmake
[5.371s] -- Up-to-date: /home/isa/ros2_ws/install/more_interfaces/share/more_interfaces/cmake/ament_cmake_export_targets-extras.cmake
[5.371s] -- Up-to-date: /home/isa/ros2_ws/install/more_interfaces/share/more_interfaces/cmake/rosidl_cmake_export_typesupport_targets-extras.cmake
[5.371s] -- Up-to-date: /home/isa/ros2_ws/install/more_interfaces/share/more_interfaces/cmake/ament_cmake_export_dependencies-extras.cmake
[5.371s] -- Up-to-date: /home/isa/ros2_ws/install/more_interfaces/share/more_interfaces/cmake/rosidl_cmake_export_typesupport_libraries-extras.cmake
[5.372s] -- Up-to-date: /home/isa/ros2_ws/install/more_interfaces/share/more_interfaces/cmake/more_interfacesConfig.cmake
[5.372s] -- Up-to-date: /home/isa/ros2_ws/install/more_interfaces/share/more_interfaces/cmake/more_interfacesConfig-version.cmake
[5.372s] -- Up-to-date: /home/isa/ros2_ws/install/more_interfaces/share/more_interfaces/package.xml
[5.374s] Invoked command in '/home/isa/ros2_ws/build/more_interfaces' returned '0': CMAKE_PREFIX_PATH=${CMAKE_PREFIX_PATH}:/home/isa/ros2_ws/install/launch_testing_examples:/home/isa/ros2_ws/install/examples_rclpy_pointcloud_publisher:/home/isa/ros2_ws/install/examples_rclpy_minimal_subscriber:/home/isa/ros2_ws/install/examples_rclpy_minimal_service:/home/isa/ros2_ws/install/examples_rclpy_minimal_publisher:/home/isa/ros2_ws/install/examples_rclpy_minimal_client:/home/isa/ros2_ws/install/examples_rclpy_minimal_action_server:/home/isa/ros2_ws/install/examples_rclpy_minimal_action_client:/home/isa/ros2_ws/install/examples_rclpy_guard_conditions:/home/isa/ros2_ws/install/examples_rclpy_executors:/opt/ros/iron /usr/bin/cmake --install /home/isa/ros2_ws/build/more_interfaces
