[0.026s] Invoking command in '/home/isa/ros2_ws/build/examples_rclcpp_minimal_service': CMAKE_PREFIX_PATH=/opt/ros/iron /usr/bin/cmake /home/isa/ros2_ws/src/examples/rclcpp/services/minimal_service -DAMENT_CMAKE_SYMLINK_INSTALL=1 -DCMAKE_INSTALL_PREFIX=/home/isa/ros2_ws/install/examples_rclcpp_minimal_service
[2.463s] -- The C compiler identification is GNU 11.3.0
[2.463s] -- The CXX compiler identification is GNU 11.3.0
[2.463s] -- Detecting C compiler ABI info
[2.463s] -- Detecting C compiler ABI info - done
[2.463s] -- Check for working C compiler: /usr/bin/cc - skipped
[2.464s] -- Detecting C compile features
[2.464s] -- Detecting C compile features - done
[2.464s] -- Detecting CXX compiler ABI info
[2.464s] -- Detecting CXX compiler ABI info - done
[2.464s] -- Check for working CXX compiler: /usr/bin/c++ - skipped
[2.464s] -- Detecting CXX compile features
[2.464s] -- Detecting CXX compile features - done
[2.464s] -- Found ament_cmake: 2.0.2 (/opt/ros/iron/share/ament_cmake/cmake)
[2.464s] -- Found Python3: /usr/bin/python3.10 (found version "3.10.6") found components: Interpreter 
[2.465s] -- Override CMake install command with custom implementation using symlinks instead of copying resources
[2.465s] -- Found example_interfaces: 0.10.2 (/opt/ros/iron/share/example_interfaces/cmake)
[2.465s] -- Found rosidl_generator_c: 4.0.0 (/opt/ros/iron/share/rosidl_generator_c/cmake)
[2.465s] -- Found rosidl_generator_cpp: 4.0.0 (/opt/ros/iron/share/rosidl_generator_cpp/cmake)
[2.465s] -- Using all available rosidl_typesupport_c: rosidl_typesupport_fastrtps_c;rosidl_typesupport_introspection_c
[2.465s] -- Using all available rosidl_typesupport_cpp: rosidl_typesupport_fastrtps_cpp;rosidl_typesupport_introspection_cpp
[2.465s] -- Found rclcpp: 21.0.1 (/opt/ros/iron/share/rclcpp/cmake)
[2.465s] -- Found rmw_implementation_cmake: 7.1.0 (/opt/ros/iron/share/rmw_implementation_cmake/cmake)
[2.465s] -- Found rmw_fastrtps_cpp: 7.1.1 (/opt/ros/iron/share/rmw_fastrtps_cpp/cmake)
[2.466s] -- Found OpenSSL: /usr/lib/x86_64-linux-gnu/libcrypto.so (found version "3.0.2")  
[2.466s] -- Found FastRTPS: /opt/ros/iron/include  
[2.466s] -- Using RMW implementation 'rmw_fastrtps_cpp' as default
[2.601s] -- Found ament_lint_auto: 0.14.1 (/opt/ros/iron/share/ament_lint_auto/cmake)
[2.903s] -- Added test 'copyright' to check source files copyright and LICENSE
[2.907s] -- Added test 'cppcheck' to perform static code analysis on C / C++ code
[2.913s] -- Configured cppcheck include dirs: 
[2.914s] -- Configured cppcheck exclude dirs and/or files: 
[2.915s] -- Added test 'cpplint' to check C / C++ code against the Google style
[2.915s] -- Configured cpplint exclude dirs and/or files: 
[2.917s] -- Added test 'lint_cmake' to check CMake code style
[2.919s] -- Added test 'uncrustify' to check C / C++ code style
[2.927s] -- Configured uncrustify additional arguments: 
[2.928s] -- Added test 'xmllint' to check XML markup files
[2.946s] -- Configuring done
[2.964s] -- Generating done
[2.966s] -- Build files have been written to: /home/isa/ros2_ws/build/examples_rclcpp_minimal_service
[3.007s] Invoked command in '/home/isa/ros2_ws/build/examples_rclcpp_minimal_service' returned '0': CMAKE_PREFIX_PATH=/opt/ros/iron /usr/bin/cmake /home/isa/ros2_ws/src/examples/rclcpp/services/minimal_service -DAMENT_CMAKE_SYMLINK_INSTALL=1 -DCMAKE_INSTALL_PREFIX=/home/isa/ros2_ws/install/examples_rclcpp_minimal_service
[3.008s] Invoking command in '/home/isa/ros2_ws/build/examples_rclcpp_minimal_service': CMAKE_PREFIX_PATH=/opt/ros/iron /usr/bin/cmake --build /home/isa/ros2_ws/build/examples_rclcpp_minimal_service -- -j8 -l8
[3.243s] [ 50%] [32mBuilding CXX object CMakeFiles/service_main.dir/main.cpp.o[0m
[30.701s] [100%] [32m[1mLinking CXX executable service_main[0m
[31.249s] [100%] Built target service_main
[31.331s] Invoked command in '/home/isa/ros2_ws/build/examples_rclcpp_minimal_service' returned '0': CMAKE_PREFIX_PATH=/opt/ros/iron /usr/bin/cmake --build /home/isa/ros2_ws/build/examples_rclcpp_minimal_service -- -j8 -l8
[31.734s] Invoking command in '/home/isa/ros2_ws/build/examples_rclcpp_minimal_service': CMAKE_PREFIX_PATH=/opt/ros/iron /usr/bin/cmake --install /home/isa/ros2_ws/build/examples_rclcpp_minimal_service
[33.902s] -- Install configuration: ""
[33.902s] -- Execute custom install script
[33.902s] -- Symlinking: /home/isa/ros2_ws/install/examples_rclcpp_minimal_service/lib/examples_rclcpp_minimal_service/service_main
[33.902s] -- Symlinking: /home/isa/ros2_ws/install/examples_rclcpp_minimal_service/share/ament_index/resource_index/package_run_dependencies/examples_rclcpp_minimal_service
[33.903s] -- Symlinking: /home/isa/ros2_ws/install/examples_rclcpp_minimal_service/share/ament_index/resource_index/parent_prefix_path/examples_rclcpp_minimal_service
[33.903s] -- Symlinking: /home/isa/ros2_ws/install/examples_rclcpp_minimal_service/share/examples_rclcpp_minimal_service/environment/ament_prefix_path.sh
[33.903s] -- Symlinking: /home/isa/ros2_ws/install/examples_rclcpp_minimal_service/share/examples_rclcpp_minimal_service/environment/ament_prefix_path.dsv
[33.903s] -- Symlinking: /home/isa/ros2_ws/install/examples_rclcpp_minimal_service/share/examples_rclcpp_minimal_service/environment/path.sh
[33.903s] -- Symlinking: /home/isa/ros2_ws/install/examples_rclcpp_minimal_service/share/examples_rclcpp_minimal_service/environment/path.dsv
[33.903s] -- Symlinking: /home/isa/ros2_ws/install/examples_rclcpp_minimal_service/share/examples_rclcpp_minimal_service/local_setup.bash
[33.904s] -- Symlinking: /home/isa/ros2_ws/install/examples_rclcpp_minimal_service/share/examples_rclcpp_minimal_service/local_setup.sh
[33.904s] -- Symlinking: /home/isa/ros2_ws/install/examples_rclcpp_minimal_service/share/examples_rclcpp_minimal_service/local_setup.zsh
[33.904s] -- Symlinking: /home/isa/ros2_ws/install/examples_rclcpp_minimal_service/share/examples_rclcpp_minimal_service/local_setup.dsv
[33.904s] -- Symlinking: /home/isa/ros2_ws/install/examples_rclcpp_minimal_service/share/examples_rclcpp_minimal_service/package.dsv
[33.904s] -- Symlinking: /home/isa/ros2_ws/install/examples_rclcpp_minimal_service/share/ament_index/resource_index/packages/examples_rclcpp_minimal_service
[33.905s] -- Symlinking: /home/isa/ros2_ws/install/examples_rclcpp_minimal_service/share/examples_rclcpp_minimal_service/cmake/examples_rclcpp_minimal_serviceConfig.cmake
[33.905s] -- Symlinking: /home/isa/ros2_ws/install/examples_rclcpp_minimal_service/share/examples_rclcpp_minimal_service/cmake/examples_rclcpp_minimal_serviceConfig-version.cmake
[33.905s] -- Symlinking: /home/isa/ros2_ws/install/examples_rclcpp_minimal_service/share/examples_rclcpp_minimal_service/package.xml
[33.944s] Invoked command in '/home/isa/ros2_ws/build/examples_rclcpp_minimal_service' returned '0': CMAKE_PREFIX_PATH=/opt/ros/iron /usr/bin/cmake --install /home/isa/ros2_ws/build/examples_rclcpp_minimal_service
