[0.010s] Invoking command in '/home/isa/ros2_ws/build/more_interfaces': CMAKE_PREFIX_PATH=${CMAKE_PREFIX_PATH}:/home/isa/ros2_ws/install/launch_testing_examples:/home/isa/ros2_ws/install/examples_rclpy_pointcloud_publisher:/home/isa/ros2_ws/install/examples_rclpy_minimal_subscriber:/home/isa/ros2_ws/install/examples_rclpy_minimal_service:/home/isa/ros2_ws/install/examples_rclpy_minimal_publisher:/home/isa/ros2_ws/install/examples_rclpy_minimal_client:/home/isa/ros2_ws/install/examples_rclpy_minimal_action_server:/home/isa/ros2_ws/install/examples_rclpy_minimal_action_client:/home/isa/ros2_ws/install/examples_rclpy_guard_conditions:/home/isa/ros2_ws/install/examples_rclpy_executors:/opt/ros/iron /usr/bin/cmake --build /home/isa/ros2_ws/build/more_interfaces -- -j8 -l8
[0.050s] [  2%] Built target more_interfaces__rosidl_generator_type_description
[0.057s] [  2%] Built target ament_cmake_python_copy_more_interfaces
[0.065s] [  5%] Built target more_interfaces__cpp
[0.066s] [ 19%] Built target more_interfaces__rosidl_generator_c
[0.094s] [ 27%] Built target more_interfaces__rosidl_typesupport_introspection_cpp
[0.094s] [ 38%] Built target more_interfaces__rosidl_typesupport_fastrtps_c
[0.094s] [ 44%] Built target more_interfaces__rosidl_typesupport_introspection_c
[0.094s] [ 52%] Built target more_interfaces__rosidl_typesupport_c
[0.094s] [ 61%] Built target more_interfaces__rosidl_typesupport_cpp
[0.096s] [ 69%] Built target more_interfaces__rosidl_typesupport_fastrtps_cpp
[0.104s] [35m[1mConsolidate compiler generated dependencies of target publish_address_book[0m
[0.113s] [ 69%] Built target more_interfaces
[0.120s] [ 72%] [32mBuilding CXX object CMakeFiles/publish_address_book.dir/src/publish_address_book.cpp.o[0m
[0.130s] [ 75%] Built target more_interfaces__py
[0.148s] [ 80%] Built target more_interfaces__rosidl_generator_py
[0.170s] [ 86%] Built target more_interfaces__rosidl_typesupport_introspection_c__pyext
[0.171s] [ 91%] Built target more_interfaces__rosidl_typesupport_c__pyext
[0.178s] [ 97%] Built target more_interfaces__rosidl_typesupport_fastrtps_c__pyext
[0.288s] running egg_info
[0.289s] writing more_interfaces.egg-info/PKG-INFO
[0.289s] writing dependency_links to more_interfaces.egg-info/dependency_links.txt
[0.289s] writing top-level names to more_interfaces.egg-info/top_level.txt
[0.291s] reading manifest file 'more_interfaces.egg-info/SOURCES.txt'
[0.291s] writing manifest file 'more_interfaces.egg-info/SOURCES.txt'
[0.311s] [ 97%] Built target ament_cmake_python_build_more_interfaces_egg
[3.761s] [100%] [32m[1mLinking CXX executable publish_address_book[0m
[3.892s] [100%] Built target publish_address_book
[3.901s] Invoked command in '/home/isa/ros2_ws/build/more_interfaces' returned '0': CMAKE_PREFIX_PATH=${CMAKE_PREFIX_PATH}:/home/isa/ros2_ws/install/launch_testing_examples:/home/isa/ros2_ws/install/examples_rclpy_pointcloud_publisher:/home/isa/ros2_ws/install/examples_rclpy_minimal_subscriber:/home/isa/ros2_ws/install/examples_rclpy_minimal_service:/home/isa/ros2_ws/install/examples_rclpy_minimal_publisher:/home/isa/ros2_ws/install/examples_rclpy_minimal_client:/home/isa/ros2_ws/install/examples_rclpy_minimal_action_server:/home/isa/ros2_ws/install/examples_rclpy_minimal_action_client:/home/isa/ros2_ws/install/examples_rclpy_guard_conditions:/home/isa/ros2_ws/install/examples_rclpy_executors:/opt/ros/iron /usr/bin/cmake --build /home/isa/ros2_ws/build/more_interfaces -- -j8 -l8
[3.969s] Invoking command in '/home/isa/ros2_ws/build/more_interfaces': CMAKE_PREFIX_PATH=${CMAKE_PREFIX_PATH}:/home/isa/ros2_ws/install/launch_testing_examples:/home/isa/ros2_ws/install/examples_rclpy_pointcloud_publisher:/home/isa/ros2_ws/install/examples_rclpy_minimal_subscriber:/home/isa/ros2_ws/install/examples_rclpy_minimal_service:/home/isa/ros2_ws/install/examples_rclpy_minimal_publisher:/home/isa/ros2_ws/install/examples_rclpy_minimal_client:/home/isa/ros2_ws/install/examples_rclpy_minimal_action_server:/home/isa/ros2_ws/install/examples_rclpy_minimal_action_client:/home/isa/ros2_ws/install/examples_rclpy_guard_conditions:/home/isa/ros2_ws/install/examples_rclpy_executors:/opt/ros/iron /usr/bin/cmake --install /home/isa/ros2_ws/build/more_interfaces
[3.976s] -- Install configuration: ""
[3.976s] -- Up-to-date: /home/isa/ros2_ws/install/more_interfaces/share/ament_index/resource_index/rosidl_interfaces/more_interfaces
[3.976s] -- Up-to-date: /home/isa/ros2_ws/install/more_interfaces/share/more_interfaces/msg/AddressBook.json
[3.976s] -- Up-to-date: /home/isa/ros2_ws/install/more_interfaces/include/more_interfaces/more_interfaces
[3.976s] -- Up-to-date: /home/isa/ros2_ws/install/more_interfaces/include/more_interfaces/more_interfaces/msg
[3.976s] -- Up-to-date: /home/isa/ros2_ws/install/more_interfaces/include/more_interfaces/more_interfaces/msg/rosidl_generator_c__visibility_control.h
[3.976s] -- Up-to-date: /home/isa/ros2_ws/install/more_interfaces/include/more_interfaces/more_interfaces/msg/address_book.h
[3.976s] -- Up-to-date: /home/isa/ros2_ws/install/more_interfaces/include/more_interfaces/more_interfaces/msg/detail
[3.976s] -- Up-to-date: /home/isa/ros2_ws/install/more_interfaces/include/more_interfaces/more_interfaces/msg/detail/address_book__struct.h
[3.976s] -- Up-to-date: /home/isa/ros2_ws/install/more_interfaces/include/more_interfaces/more_interfaces/msg/detail/address_book__functions.h
[3.977s] -- Up-to-date: /home/isa/ros2_ws/install/more_interfaces/include/more_interfaces/more_interfaces/msg/detail/address_book__type_support.h
[3.977s] -- Up-to-date: /home/isa/ros2_ws/install/more_interfaces/include/more_interfaces/more_interfaces/msg/detail/address_book__description.c
[3.977s] -- Up-to-date: /home/isa/ros2_ws/install/more_interfaces/include/more_interfaces/more_interfaces/msg/detail/address_book__functions.c
[3.977s] -- Up-to-date: /home/isa/ros2_ws/install/more_interfaces/include/more_interfaces/more_interfaces/msg/detail/address_book__type_support.c
[3.977s] -- Up-to-date: /home/isa/ros2_ws/install/more_interfaces/share/more_interfaces/environment/library_path.sh
[3.977s] -- Up-to-date: /home/isa/ros2_ws/install/more_interfaces/share/more_interfaces/environment/library_path.dsv
[3.977s] -- Up-to-date: /home/isa/ros2_ws/install/more_interfaces/lib/libmore_interfaces__rosidl_generator_c.so
[3.977s] -- Up-to-date: /home/isa/ros2_ws/install/more_interfaces/include/more_interfaces/more_interfaces
[3.977s] -- Up-to-date: /home/isa/ros2_ws/install/more_interfaces/include/more_interfaces/more_interfaces/msg
[3.977s] -- Up-to-date: /home/isa/ros2_ws/install/more_interfaces/include/more_interfaces/more_interfaces/msg/detail
[3.977s] -- Up-to-date: /home/isa/ros2_ws/install/more_interfaces/include/more_interfaces/more_interfaces/msg/detail/address_book__rosidl_typesupport_fastrtps_c.h
[3.977s] -- Up-to-date: /home/isa/ros2_ws/install/more_interfaces/include/more_interfaces/more_interfaces/msg/rosidl_typesupport_fastrtps_c__visibility_control.h
[3.977s] -- Up-to-date: /home/isa/ros2_ws/install/more_interfaces/lib/libmore_interfaces__rosidl_typesupport_fastrtps_c.so
[3.978s] -- Up-to-date: /home/isa/ros2_ws/install/more_interfaces/include/more_interfaces/more_interfaces
[3.978s] -- Up-to-date: /home/isa/ros2_ws/install/more_interfaces/include/more_interfaces/more_interfaces/msg
[3.978s] -- Up-to-date: /home/isa/ros2_ws/install/more_interfaces/include/more_interfaces/more_interfaces/msg/detail
[3.978s] -- Up-to-date: /home/isa/ros2_ws/install/more_interfaces/include/more_interfaces/more_interfaces/msg/detail/address_book__rosidl_typesupport_introspection_c.h
[3.978s] -- Up-to-date: /home/isa/ros2_ws/install/more_interfaces/include/more_interfaces/more_interfaces/msg/detail/address_book__type_support.c
[3.978s] -- Up-to-date: /home/isa/ros2_ws/install/more_interfaces/include/more_interfaces/more_interfaces/msg/rosidl_typesupport_introspection_c__visibility_control.h
[3.978s] -- Up-to-date: /home/isa/ros2_ws/install/more_interfaces/lib/libmore_interfaces__rosidl_typesupport_introspection_c.so
[3.978s] -- Up-to-date: /home/isa/ros2_ws/install/more_interfaces/lib/libmore_interfaces__rosidl_typesupport_c.so
[3.978s] -- Up-to-date: /home/isa/ros2_ws/install/more_interfaces/include/more_interfaces/more_interfaces
[3.979s] -- Up-to-date: /home/isa/ros2_ws/install/more_interfaces/include/more_interfaces/more_interfaces/msg
[3.979s] -- Up-to-date: /home/isa/ros2_ws/install/more_interfaces/include/more_interfaces/more_interfaces/msg/detail
[3.979s] -- Up-to-date: /home/isa/ros2_ws/install/more_interfaces/include/more_interfaces/more_interfaces/msg/detail/address_book__builder.hpp
[3.979s] -- Up-to-date: /home/isa/ros2_ws/install/more_interfaces/include/more_interfaces/more_interfaces/msg/detail/address_book__traits.hpp
[3.979s] -- Up-to-date: /home/isa/ros2_ws/install/more_interfaces/include/more_interfaces/more_interfaces/msg/detail/address_book__struct.hpp
[3.979s] -- Up-to-date: /home/isa/ros2_ws/install/more_interfaces/include/more_interfaces/more_interfaces/msg/address_book.hpp
[3.980s] -- Up-to-date: /home/isa/ros2_ws/install/more_interfaces/include/more_interfaces/more_interfaces
[3.980s] -- Up-to-date: /home/isa/ros2_ws/install/more_interfaces/include/more_interfaces/more_interfaces/msg
[3.980s] -- Up-to-date: /home/isa/ros2_ws/install/more_interfaces/include/more_interfaces/more_interfaces/msg/rosidl_typesupport_fastrtps_cpp__visibility_control.h
[3.980s] -- Up-to-date: /home/isa/ros2_ws/install/more_interfaces/include/more_interfaces/more_interfaces/msg/detail
[3.980s] -- Up-to-date: /home/isa/ros2_ws/install/more_interfaces/include/more_interfaces/more_interfaces/msg/detail/dds_fastrtps
[3.980s] -- Up-to-date: /home/isa/ros2_ws/install/more_interfaces/include/more_interfaces/more_interfaces/msg/detail/address_book__rosidl_typesupport_fastrtps_cpp.hpp
[3.980s] -- Up-to-date: /home/isa/ros2_ws/install/more_interfaces/lib/libmore_interfaces__rosidl_typesupport_fastrtps_cpp.so
[3.981s] -- Up-to-date: /home/isa/ros2_ws/install/more_interfaces/include/more_interfaces/more_interfaces
[3.981s] -- Up-to-date: /home/isa/ros2_ws/install/more_interfaces/include/more_interfaces/more_interfaces/msg
[3.981s] -- Up-to-date: /home/isa/ros2_ws/install/more_interfaces/include/more_interfaces/more_interfaces/msg/detail
[3.981s] -- Up-to-date: /home/isa/ros2_ws/install/more_interfaces/include/more_interfaces/more_interfaces/msg/detail/address_book__rosidl_typesupport_introspection_cpp.hpp
[3.981s] -- Up-to-date: /home/isa/ros2_ws/install/more_interfaces/include/more_interfaces/more_interfaces/msg/detail/address_book__type_support.cpp
[3.981s] -- Up-to-date: /home/isa/ros2_ws/install/more_interfaces/lib/libmore_interfaces__rosidl_typesupport_introspection_cpp.so
[3.981s] -- Up-to-date: /home/isa/ros2_ws/install/more_interfaces/lib/libmore_interfaces__rosidl_typesupport_cpp.so
[3.981s] -- Up-to-date: /home/isa/ros2_ws/install/more_interfaces/share/more_interfaces/environment/pythonpath.sh
[3.981s] -- Up-to-date: /home/isa/ros2_ws/install/more_interfaces/share/more_interfaces/environment/pythonpath.dsv
[3.981s] -- Up-to-date: /home/isa/ros2_ws/install/more_interfaces/lib/python3.10/site-packages/more_interfaces-0.0.0-py3.10.egg-info
[3.981s] -- Installing: /home/isa/ros2_ws/install/more_interfaces/lib/python3.10/site-packages/more_interfaces-0.0.0-py3.10.egg-info/SOURCES.txt
[3.981s] -- Installing: /home/isa/ros2_ws/install/more_interfaces/lib/python3.10/site-packages/more_interfaces-0.0.0-py3.10.egg-info/dependency_links.txt
[3.981s] -- Installing: /home/isa/ros2_ws/install/more_interfaces/lib/python3.10/site-packages/more_interfaces-0.0.0-py3.10.egg-info/PKG-INFO
[3.982s] -- Installing: /home/isa/ros2_ws/install/more_interfaces/lib/python3.10/site-packages/more_interfaces-0.0.0-py3.10.egg-info/top_level.txt
[3.982s] -- Up-to-date: /home/isa/ros2_ws/install/more_interfaces/lib/python3.10/site-packages/more_interfaces
[3.982s] -- Up-to-date: /home/isa/ros2_ws/install/more_interfaces/lib/python3.10/site-packages/more_interfaces/_more_interfaces_s.ep.rosidl_typesupport_c.c
[3.982s] -- Up-to-date: /home/isa/ros2_ws/install/more_interfaces/lib/python3.10/site-packages/more_interfaces/__init__.py
[3.982s] -- Up-to-date: /home/isa/ros2_ws/install/more_interfaces/lib/python3.10/site-packages/more_interfaces/more_interfaces_s__rosidl_typesupport_c.cpython-310-x86_64-linux-gnu.so
[3.982s] -- Up-to-date: /home/isa/ros2_ws/install/more_interfaces/lib/python3.10/site-packages/more_interfaces/libmore_interfaces__rosidl_generator_py.so
[3.982s] -- Up-to-date: /home/isa/ros2_ws/install/more_interfaces/lib/python3.10/site-packages/more_interfaces/more_interfaces_s__rosidl_typesupport_introspection_c.cpython-310-x86_64-linux-gnu.so
[3.982s] -- Up-to-date: /home/isa/ros2_ws/install/more_interfaces/lib/python3.10/site-packages/more_interfaces/_more_interfaces_s.ep.rosidl_typesupport_introspection_c.c
[3.982s] -- Up-to-date: /home/isa/ros2_ws/install/more_interfaces/lib/python3.10/site-packages/more_interfaces/more_interfaces_s__rosidl_typesupport_fastrtps_c.cpython-310-x86_64-linux-gnu.so
[3.982s] -- Up-to-date: /home/isa/ros2_ws/install/more_interfaces/lib/python3.10/site-packages/more_interfaces/msg
[3.982s] -- Up-to-date: /home/isa/ros2_ws/install/more_interfaces/lib/python3.10/site-packages/more_interfaces/msg/_address_book_s.c
[3.982s] -- Up-to-date: /home/isa/ros2_ws/install/more_interfaces/lib/python3.10/site-packages/more_interfaces/msg/__init__.py
[3.982s] -- Up-to-date: /home/isa/ros2_ws/install/more_interfaces/lib/python3.10/site-packages/more_interfaces/msg/_address_book.py
[3.982s] -- Up-to-date: /home/isa/ros2_ws/install/more_interfaces/lib/python3.10/site-packages/more_interfaces/_more_interfaces_s.ep.rosidl_typesupport_fastrtps_c.c
[4.010s] Listing '/home/isa/ros2_ws/install/more_interfaces/lib/python3.10/site-packages/more_interfaces'...
[4.011s] Listing '/home/isa/ros2_ws/install/more_interfaces/lib/python3.10/site-packages/more_interfaces/msg'...
[4.016s] -- Up-to-date: /home/isa/ros2_ws/install/more_interfaces/lib/python3.10/site-packages/more_interfaces/more_interfaces_s__rosidl_typesupport_fastrtps_c.cpython-310-x86_64-linux-gnu.so
[4.016s] -- Up-to-date: /home/isa/ros2_ws/install/more_interfaces/lib/python3.10/site-packages/more_interfaces/more_interfaces_s__rosidl_typesupport_introspection_c.cpython-310-x86_64-linux-gnu.so
[4.016s] -- Up-to-date: /home/isa/ros2_ws/install/more_interfaces/lib/python3.10/site-packages/more_interfaces/more_interfaces_s__rosidl_typesupport_c.cpython-310-x86_64-linux-gnu.so
[4.017s] -- Up-to-date: /home/isa/ros2_ws/install/more_interfaces/lib/libmore_interfaces__rosidl_generator_py.so
[4.017s] -- Up-to-date: /home/isa/ros2_ws/install/more_interfaces/share/more_interfaces/msg/AddressBook.idl
[4.017s] -- Up-to-date: /home/isa/ros2_ws/install/more_interfaces/share/more_interfaces/msg/AddressBook.msg
[4.017s] -- Installing: /home/isa/ros2_ws/install/more_interfaces/lib/more_interfaces/publish_address_book
[4.018s] -- Set runtime path of "/home/isa/ros2_ws/install/more_interfaces/lib/more_interfaces/publish_address_book" to ""
[4.019s] -- Up-to-date: /home/isa/ros2_ws/install/more_interfaces/share/ament_index/resource_index/package_run_dependencies/more_interfaces
[4.019s] -- Up-to-date: /home/isa/ros2_ws/install/more_interfaces/share/ament_index/resource_index/parent_prefix_path/more_interfaces
[4.019s] -- Up-to-date: /home/isa/ros2_ws/install/more_interfaces/share/more_interfaces/environment/ament_prefix_path.sh
[4.019s] -- Up-to-date: /home/isa/ros2_ws/install/more_interfaces/share/more_interfaces/environment/ament_prefix_path.dsv
[4.019s] -- Up-to-date: /home/isa/ros2_ws/install/more_interfaces/share/more_interfaces/environment/path.sh
[4.019s] -- Up-to-date: /home/isa/ros2_ws/install/more_interfaces/share/more_interfaces/environment/path.dsv
[4.020s] -- Up-to-date: /home/isa/ros2_ws/install/more_interfaces/share/more_interfaces/local_setup.bash
[4.020s] -- Up-to-date: /home/isa/ros2_ws/install/more_interfaces/share/more_interfaces/local_setup.sh
[4.020s] -- Up-to-date: /home/isa/ros2_ws/install/more_interfaces/share/more_interfaces/local_setup.zsh
[4.020s] -- Up-to-date: /home/isa/ros2_ws/install/more_interfaces/share/more_interfaces/local_setup.dsv
[4.020s] -- Installing: /home/isa/ros2_ws/install/more_interfaces/share/more_interfaces/package.dsv
[4.020s] -- Up-to-date: /home/isa/ros2_ws/install/more_interfaces/share/ament_index/resource_index/packages/more_interfaces
[4.020s] -- Up-to-date: /home/isa/ros2_ws/install/more_interfaces/share/more_interfaces/cmake/export_more_interfaces__rosidl_generator_cExport.cmake
[4.021s] -- Up-to-date: /home/isa/ros2_ws/install/more_interfaces/share/more_interfaces/cmake/export_more_interfaces__rosidl_generator_cExport-noconfig.cmake
[4.021s] -- Up-to-date: /home/isa/ros2_ws/install/more_interfaces/share/more_interfaces/cmake/export_more_interfaces__rosidl_typesupport_fastrtps_cExport.cmake
[4.021s] -- Up-to-date: /home/isa/ros2_ws/install/more_interfaces/share/more_interfaces/cmake/export_more_interfaces__rosidl_typesupport_fastrtps_cExport-noconfig.cmake
[4.021s] -- Up-to-date: /home/isa/ros2_ws/install/more_interfaces/share/more_interfaces/cmake/more_interfaces__rosidl_typesupport_introspection_cExport.cmake
[4.022s] -- Up-to-date: /home/isa/ros2_ws/install/more_interfaces/share/more_interfaces/cmake/more_interfaces__rosidl_typesupport_introspection_cExport-noconfig.cmake
[4.022s] -- Up-to-date: /home/isa/ros2_ws/install/more_interfaces/share/more_interfaces/cmake/more_interfaces__rosidl_typesupport_cExport.cmake
[4.022s] -- Up-to-date: /home/isa/ros2_ws/install/more_interfaces/share/more_interfaces/cmake/more_interfaces__rosidl_typesupport_cExport-noconfig.cmake
[4.022s] -- Up-to-date: /home/isa/ros2_ws/install/more_interfaces/share/more_interfaces/cmake/export_more_interfaces__rosidl_generator_cppExport.cmake
[4.022s] -- Up-to-date: /home/isa/ros2_ws/install/more_interfaces/share/more_interfaces/cmake/export_more_interfaces__rosidl_typesupport_fastrtps_cppExport.cmake
[4.022s] -- Up-to-date: /home/isa/ros2_ws/install/more_interfaces/share/more_interfaces/cmake/export_more_interfaces__rosidl_typesupport_fastrtps_cppExport-noconfig.cmake
[4.022s] -- Up-to-date: /home/isa/ros2_ws/install/more_interfaces/share/more_interfaces/cmake/more_interfaces__rosidl_typesupport_introspection_cppExport.cmake
[4.022s] -- Up-to-date: /home/isa/ros2_ws/install/more_interfaces/share/more_interfaces/cmake/more_interfaces__rosidl_typesupport_introspection_cppExport-noconfig.cmake
[4.022s] -- Up-to-date: /home/isa/ros2_ws/install/more_interfaces/share/more_interfaces/cmake/more_interfaces__rosidl_typesupport_cppExport.cmake
[4.023s] -- Up-to-date: /home/isa/ros2_ws/install/more_interfaces/share/more_interfaces/cmake/more_interfaces__rosidl_typesupport_cppExport-noconfig.cmake
[4.023s] -- Up-to-date: /home/isa/ros2_ws/install/more_interfaces/share/more_interfaces/cmake/export_more_interfaces__rosidl_generator_pyExport.cmake
[4.023s] -- Up-to-date: /home/isa/ros2_ws/install/more_interfaces/share/more_interfaces/cmake/export_more_interfaces__rosidl_generator_pyExport-noconfig.cmake
[4.023s] -- Up-to-date: /home/isa/ros2_ws/install/more_interfaces/share/more_interfaces/cmake/rosidl_cmake-extras.cmake
[4.023s] -- Up-to-date: /home/isa/ros2_ws/install/more_interfaces/share/more_interfaces/cmake/ament_cmake_export_include_directories-extras.cmake
[4.023s] -- Up-to-date: /home/isa/ros2_ws/install/more_interfaces/share/more_interfaces/cmake/ament_cmake_export_libraries-extras.cmake
[4.023s] -- Up-to-date: /home/isa/ros2_ws/install/more_interfaces/share/more_interfaces/cmake/ament_cmake_export_targets-extras.cmake
[4.023s] -- Up-to-date: /home/isa/ros2_ws/install/more_interfaces/share/more_interfaces/cmake/rosidl_cmake_export_typesupport_targets-extras.cmake
[4.023s] -- Up-to-date: /home/isa/ros2_ws/install/more_interfaces/share/more_interfaces/cmake/ament_cmake_export_dependencies-extras.cmake
[4.024s] -- Up-to-date: /home/isa/ros2_ws/install/more_interfaces/share/more_interfaces/cmake/rosidl_cmake_export_typesupport_libraries-extras.cmake
[4.024s] -- Up-to-date: /home/isa/ros2_ws/install/more_interfaces/share/more_interfaces/cmake/more_interfacesConfig.cmake
[4.024s] -- Up-to-date: /home/isa/ros2_ws/install/more_interfaces/share/more_interfaces/cmake/more_interfacesConfig-version.cmake
[4.024s] -- Up-to-date: /home/isa/ros2_ws/install/more_interfaces/share/more_interfaces/package.xml
[4.025s] Invoked command in '/home/isa/ros2_ws/build/more_interfaces' returned '0': CMAKE_PREFIX_PATH=${CMAKE_PREFIX_PATH}:/home/isa/ros2_ws/install/launch_testing_examples:/home/isa/ros2_ws/install/examples_rclpy_pointcloud_publisher:/home/isa/ros2_ws/install/examples_rclpy_minimal_subscriber:/home/isa/ros2_ws/install/examples_rclpy_minimal_service:/home/isa/ros2_ws/install/examples_rclpy_minimal_publisher:/home/isa/ros2_ws/install/examples_rclpy_minimal_client:/home/isa/ros2_ws/install/examples_rclpy_minimal_action_server:/home/isa/ros2_ws/install/examples_rclpy_minimal_action_client:/home/isa/ros2_ws/install/examples_rclpy_guard_conditions:/home/isa/ros2_ws/install/examples_rclpy_executors:/opt/ros/iron /usr/bin/cmake --install /home/isa/ros2_ws/build/more_interfaces
