[01m[K/home/isa/ros2_ws/src/more_interfaces/src/publish_address_book.cpp:[m[K In lambda function:
[01m[K/home/isa/ros2_ws/src/more_interfaces/src/publish_address_book.cpp:21:6:[m[K [01;31m[Kerror: [m[K‘[01m[Krosidl_tutorials_msgs[m[K’ has not been declared
   21 |      [01;31m[Krosidl_tutorials_msgs[m[K::msg::Contact contact;
      |      [01;31m[K^~~~~~~~~~~~~~~~~~~~~[m[K
[01m[K/home/isa/ros2_ws/src/more_interfaces/src/publish_address_book.cpp:22:6:[m[K [01;31m[Kerror: [m[K‘[01m[Kcontact[m[K’ was not declared in this scope
   22 |      [01;31m[Kcontact[m[K.first_name = "John";
      |      [01;31m[K^~~~~~~[m[K
[01m[K/home/isa/ros2_ws/src/more_interfaces/src/publish_address_book.cpp:25:27:[m[K [01;31m[Kerror: [m[K‘[01m[Kmessage[m[K’ was not declared in this scope
   25 |      contact.phone_type = [01;31m[Kmessage[m[K.PHONE_TYPE_MOBILE;
      |                           [01;31m[K^~~~~~~[m[K
[01m[K/home/isa/ros2_ws/src/more_interfaces/src/publish_address_book.cpp:26:11:[m[K [01;31m[Kerror: [m[K‘[01m[Kusing element_type = struct more_interfaces::msg::AddressBook_<std::allocator<void> >[m[K’ {aka ‘[01m[Kstruct more_interfaces::msg::AddressBook_<std::allocator<void> >[m[K’} has no member named ‘[01m[Kaddress_book[m[K’; did you mean ‘[01m[KAddressBook_[m[K’?
   26 |      msg->[01;31m[Kaddress_book[m[K.push_back(contact);
      |           [01;31m[K^~~~~~~~~~~~[m[K
      |           [32m[KAddressBook_[m[K
[01m[K/home/isa/ros2_ws/src/more_interfaces/src/publish_address_book.cpp:29:6:[m[K [01;31m[Kerror: [m[K‘[01m[Krosidl_tutorials_msgs[m[K’ has not been declared
   29 |      [01;31m[Krosidl_tutorials_msgs[m[K::msg::Contact contact;
      |      [01;31m[K^~~~~~~~~~~~~~~~~~~~~[m[K
[01m[K/home/isa/ros2_ws/src/more_interfaces/src/publish_address_book.cpp:30:6:[m[K [01;31m[Kerror: [m[K‘[01m[Kcontact[m[K’ was not declared in this scope
   30 |      [01;31m[Kcontact[m[K.first_name = "Jane";
      |      [01;31m[K^~~~~~~[m[K
[01m[K/home/isa/ros2_ws/src/more_interfaces/src/publish_address_book.cpp:33:27:[m[K [01;31m[Kerror: [m[K‘[01m[Kmessage[m[K’ was not declared in this scope
   33 |      contact.phone_type = [01;31m[Kmessage[m[K.PHONE_TYPE_HOME;
      |                           [01;31m[K^~~~~~~[m[K
[01m[K/home/isa/ros2_ws/src/more_interfaces/src/publish_address_book.cpp:34:11:[m[K [01;31m[Kerror: [m[K‘[01m[Kusing element_type = struct more_interfaces::msg::AddressBook_<std::allocator<void> >[m[K’ {aka ‘[01m[Kstruct more_interfaces::msg::AddressBook_<std::allocator<void> >[m[K’} has no member named ‘[01m[Kaddress_book[m[K’; did you mean ‘[01m[KAddressBook_[m[K’?
   34 |      msg->[01;31m[Kaddress_book[m[K.push_back(contact);
      |           [01;31m[K^~~~~~~~~~~~[m[K
      |           [32m[KAddressBook_[m[K
[01m[K/home/isa/ros2_ws/src/more_interfaces/src/publish_address_book.cpp:38:29:[m[K [01;31m[Kerror: [m[K‘[01m[Kusing element_type = struct more_interfaces::msg::AddressBook_<std::allocator<void> >[m[K’ {aka ‘[01m[Kstruct more_interfaces::msg::AddressBook_<std::allocator<void> >[m[K’} has no member named ‘[01m[Kaddress_book[m[K’; did you mean ‘[01m[KAddressBook_[m[K’?
   38 |    for (auto contact : msg->[01;31m[Kaddress_book[m[K) {
      |                             [01;31m[K^~~~~~~~~~~~[m[K
      |                             [32m[KAddressBook_[m[K
gmake[2]: *** [CMakeFiles/publish_address_book.dir/build.make:76: CMakeFiles/publish_address_book.dir/src/publish_address_book.cpp.o] Error 1
gmake[1]: *** [CMakeFiles/Makefile2:625: CMakeFiles/publish_address_book.dir/all] Error 2
gmake: *** [Makefile:146: all] Error 2
