[0.065s] Invoking command in '/home/isa/ros2_ws/build/examples_rclcpp_wait_set': CMAKE_PREFIX_PATH=/opt/ros/iron /usr/bin/cmake /home/isa/ros2_ws/src/examples/rclcpp/wait_set -DCMAKE_INSTALL_PREFIX=/home/isa/ros2_ws/install/examples_rclcpp_wait_set
[0.070s] -- Found ament_cmake: 2.0.2 (/opt/ros/iron/share/ament_cmake/cmake)
[0.209s] -- Override CMake install command with custom implementation using symlinks instead of copying resources
[0.220s] -- Found example_interfaces: 0.10.2 (/opt/ros/iron/share/example_interfaces/cmake)
[0.258s] -- Found rosidl_generator_c: 4.0.0 (/opt/ros/iron/share/rosidl_generator_c/cmake)
[0.272s] -- Found rosidl_generator_cpp: 4.0.0 (/opt/ros/iron/share/rosidl_generator_cpp/cmake)
[0.294s] -- Using all available rosidl_typesupport_c: rosidl_typesupport_fastrtps_c;rosidl_typesupport_introspection_c
[0.323s] -- Using all available rosidl_typesupport_cpp: rosidl_typesupport_fastrtps_cpp;rosidl_typesupport_introspection_cpp
[0.841s] -- Found rclcpp: 21.0.1 (/opt/ros/iron/share/rclcpp/cmake)
[1.039s] -- Found rmw_implementation_cmake: 7.1.0 (/opt/ros/iron/share/rmw_implementation_cmake/cmake)
[1.041s] -- Found rmw_fastrtps_cpp: 7.1.1 (/opt/ros/iron/share/rmw_fastrtps_cpp/cmake)
[1.212s] -- Using RMW implementation 'rmw_fastrtps_cpp' as default
[1.374s] -- Found rclcpp_components: 21.0.1 (/opt/ros/iron/share/rclcpp_components/cmake)
[1.501s] -- Found std_msgs: 5.0.0 (/opt/ros/iron/share/std_msgs/cmake)
[1.610s] -- Found ament_lint_auto: 0.14.1 (/opt/ros/iron/share/ament_lint_auto/cmake)
[1.736s] -- Added test 'copyright' to check source files copyright and LICENSE
[1.741s] -- Added test 'cppcheck' to perform static code analysis on C / C++ code
[1.742s] -- Configured cppcheck include dirs: /home/isa/ros2_ws/src/examples/rclcpp/wait_set/include
[1.742s] -- Configured cppcheck exclude dirs and/or files: 
[1.742s] -- Added test 'cpplint' to check C / C++ code against the Google style
[1.743s] -- Configured cpplint exclude dirs and/or files: 
[1.743s] -- Added test 'lint_cmake' to check CMake code style
[1.743s] -- Added test 'uncrustify' to check C / C++ code style
[1.744s] -- Configured uncrustify additional arguments: 
[1.745s] -- Added test 'xmllint' to check XML markup files
[1.750s] -- Configuring done
[1.836s] -- Generating done
[1.843s] -- Build files have been written to: /home/isa/ros2_ws/build/examples_rclcpp_wait_set
[2.120s] Invoked command in '/home/isa/ros2_ws/build/examples_rclcpp_wait_set' returned '0': CMAKE_PREFIX_PATH=/opt/ros/iron /usr/bin/cmake /home/isa/ros2_ws/src/examples/rclcpp/wait_set -DCMAKE_INSTALL_PREFIX=/home/isa/ros2_ws/install/examples_rclcpp_wait_set
[2.121s] Invoking command in '/home/isa/ros2_ws/build/examples_rclcpp_wait_set': CMAKE_PREFIX_PATH=/opt/ros/iron /usr/bin/cmake --build /home/isa/ros2_ws/build/examples_rclcpp_wait_set -- -j8 -l8
[2.183s] [35m[1mConsolidate compiler generated dependencies of target talker[0m
[2.183s] [35m[1mConsolidate compiler generated dependencies of target wait_set_talker[0m
[2.188s] [35m[1mConsolidate compiler generated dependencies of target wait_set_listener[0m
[2.197s] [35m[1mConsolidate compiler generated dependencies of target wait_set[0m
[2.198s] [35m[1mConsolidate compiler generated dependencies of target thread_safe_wait_set[0m
[2.206s] [35m[1mConsolidate compiler generated dependencies of target static_wait_set[0m
[2.216s] [35m[1mConsolidate compiler generated dependencies of target listener[0m
[2.224s] [  8%] Built target talker
[2.232s] [35m[1mConsolidate compiler generated dependencies of target wait_set_topics_and_timer[0m
[2.263s] [ 16%] Built target wait_set_talker
[2.275s] [ 33%] Built target wait_set_listener
[2.275s] [ 33%] Built target wait_set
[2.283s] [ 41%] Built target static_wait_set
[2.286s] [ 50%] Built target listener
[2.294s] [ 58%] Built target thread_safe_wait_set
[2.296s] [ 66%] Built target wait_set_topics_and_timer
[2.314s] [35m[1mConsolidate compiler generated dependencies of target wait_set_random_order[0m
[2.324s] [35m[1mConsolidate compiler generated dependencies of target wait_set_composed[0m
[2.324s] [35m[1mConsolidate compiler generated dependencies of target executor_random_order[0m
[2.340s] [35m[1mConsolidate compiler generated dependencies of target wait_set_topics_with_different_rates[0m
[2.365s] [ 75%] Built target wait_set_random_order
[2.373s] [ 83%] Built target executor_random_order
[2.376s] [ 91%] Built target wait_set_topics_with_different_rates
[2.383s] [100%] Built target wait_set_composed
[2.661s] Invoked command in '/home/isa/ros2_ws/build/examples_rclcpp_wait_set' returned '0': CMAKE_PREFIX_PATH=/opt/ros/iron /usr/bin/cmake --build /home/isa/ros2_ws/build/examples_rclcpp_wait_set -- -j8 -l8
[3.196s] Invoking command in '/home/isa/ros2_ws/build/examples_rclcpp_wait_set': CMAKE_PREFIX_PATH=/opt/ros/iron /usr/bin/cmake --install /home/isa/ros2_ws/build/examples_rclcpp_wait_set
[3.205s] -- Install configuration: ""
[3.206s] -- Execute custom install script
[3.206s] -- Up-to-date symlink: /home/isa/ros2_ws/install/examples_rclcpp_wait_set/lib/examples_rclcpp_wait_set/wait_set_talker
[3.207s] -- Up-to-date symlink: /home/isa/ros2_ws/install/examples_rclcpp_wait_set/lib/examples_rclcpp_wait_set/wait_set_listener
[3.209s] -- Up-to-date symlink: /home/isa/ros2_ws/install/examples_rclcpp_wait_set/lib/libtalker.so
[3.209s] -- Up-to-date symlink: /home/isa/ros2_ws/install/examples_rclcpp_wait_set/lib/liblistener.so
[3.209s] -- Up-to-date symlink: /home/isa/ros2_ws/install/examples_rclcpp_wait_set/lib/examples_rclcpp_wait_set/wait_set
[3.209s] -- Up-to-date symlink: /home/isa/ros2_ws/install/examples_rclcpp_wait_set/lib/examples_rclcpp_wait_set/static_wait_set
[3.209s] -- Up-to-date symlink: /home/isa/ros2_ws/install/examples_rclcpp_wait_set/lib/examples_rclcpp_wait_set/thread_safe_wait_set
[3.210s] -- Up-to-date symlink: /home/isa/ros2_ws/install/examples_rclcpp_wait_set/lib/examples_rclcpp_wait_set/wait_set_topics_and_timer
[3.210s] -- Up-to-date symlink: /home/isa/ros2_ws/install/examples_rclcpp_wait_set/lib/examples_rclcpp_wait_set/wait_set_random_order
[3.211s] -- Up-to-date symlink: /home/isa/ros2_ws/install/examples_rclcpp_wait_set/lib/examples_rclcpp_wait_set/executor_random_order
[3.212s] -- Up-to-date symlink: /home/isa/ros2_ws/install/examples_rclcpp_wait_set/lib/examples_rclcpp_wait_set/wait_set_topics_with_different_rates
[3.212s] -- Up-to-date symlink: /home/isa/ros2_ws/install/examples_rclcpp_wait_set/lib/examples_rclcpp_wait_set/wait_set_composed
[3.214s] -- Up-to-date symlink: /home/isa/ros2_ws/install/examples_rclcpp_wait_set/share/ament_index/resource_index/package_run_dependencies/examples_rclcpp_wait_set
[3.221s] -- Up-to-date symlink: /home/isa/ros2_ws/install/examples_rclcpp_wait_set/share/ament_index/resource_index/parent_prefix_path/examples_rclcpp_wait_set
[3.221s] -- Up-to-date symlink: /home/isa/ros2_ws/install/examples_rclcpp_wait_set/share/examples_rclcpp_wait_set/environment/ament_prefix_path.sh
[3.221s] -- Up-to-date symlink: /home/isa/ros2_ws/install/examples_rclcpp_wait_set/share/examples_rclcpp_wait_set/environment/ament_prefix_path.dsv
[3.222s] -- Up-to-date symlink: /home/isa/ros2_ws/install/examples_rclcpp_wait_set/share/examples_rclcpp_wait_set/environment/path.sh
[3.222s] -- Up-to-date symlink: /home/isa/ros2_ws/install/examples_rclcpp_wait_set/share/examples_rclcpp_wait_set/environment/path.dsv
[3.222s] -- Up-to-date symlink: /home/isa/ros2_ws/install/examples_rclcpp_wait_set/share/examples_rclcpp_wait_set/local_setup.bash
[3.223s] -- Up-to-date symlink: /home/isa/ros2_ws/install/examples_rclcpp_wait_set/share/examples_rclcpp_wait_set/local_setup.sh
[3.223s] -- Up-to-date symlink: /home/isa/ros2_ws/install/examples_rclcpp_wait_set/share/examples_rclcpp_wait_set/local_setup.zsh
[3.223s] -- Up-to-date symlink: /home/isa/ros2_ws/install/examples_rclcpp_wait_set/share/examples_rclcpp_wait_set/local_setup.dsv
[3.224s] -- Symlinking: /home/isa/ros2_ws/install/examples_rclcpp_wait_set/share/examples_rclcpp_wait_set/package.dsv
[3.237s] -- Up-to-date symlink: /home/isa/ros2_ws/install/examples_rclcpp_wait_set/share/ament_index/resource_index/packages/examples_rclcpp_wait_set
[3.238s] -- Up-to-date symlink: /home/isa/ros2_ws/install/examples_rclcpp_wait_set/share/ament_index/resource_index/rclcpp_components/examples_rclcpp_wait_set
[3.239s] -- Up-to-date symlink: /home/isa/ros2_ws/install/examples_rclcpp_wait_set/share/examples_rclcpp_wait_set/cmake/examples_rclcpp_wait_setConfig.cmake
[3.239s] -- Up-to-date symlink: /home/isa/ros2_ws/install/examples_rclcpp_wait_set/share/examples_rclcpp_wait_set/cmake/examples_rclcpp_wait_setConfig-version.cmake
[3.240s] -- Up-to-date symlink: /home/isa/ros2_ws/install/examples_rclcpp_wait_set/share/examples_rclcpp_wait_set/package.xml
[3.669s] Invoked command in '/home/isa/ros2_ws/build/examples_rclcpp_wait_set' returned '0': CMAKE_PREFIX_PATH=/opt/ros/iron /usr/bin/cmake --install /home/isa/ros2_ws/build/examples_rclcpp_wait_set
