[0.033s] Invoking command in '/home/isa/ros2_ws/build/examples_rclcpp_minimal_action_server': CMAKE_PREFIX_PATH=/opt/ros/iron /usr/bin/cmake --build /home/isa/ros2_ws/build/examples_rclcpp_minimal_action_server -- -j8 -l8
[0.168s] [ 50%] Built target action_server_member_functions
[0.188s] [100%] Built target action_server_not_composable
[0.204s] Invoked command in '/home/isa/ros2_ws/build/examples_rclcpp_minimal_action_server' returned '0': CMAKE_PREFIX_PATH=/opt/ros/iron /usr/bin/cmake --build /home/isa/ros2_ws/build/examples_rclcpp_minimal_action_server -- -j8 -l8
[0.253s] Invoking command in '/home/isa/ros2_ws/build/examples_rclcpp_minimal_action_server': CMAKE_PREFIX_PATH=/opt/ros/iron /usr/bin/cmake --install /home/isa/ros2_ws/build/examples_rclcpp_minimal_action_server
[0.275s] -- Install configuration: ""
[0.275s] -- Execute custom install script
[0.275s] -- Up-to-date symlink: /home/isa/ros2_ws/install/examples_rclcpp_minimal_action_server/lib/examples_rclcpp_minimal_action_server/action_server_not_composable
[0.276s] -- Up-to-date symlink: /home/isa/ros2_ws/install/examples_rclcpp_minimal_action_server/lib/examples_rclcpp_minimal_action_server/action_server_member_functions
[0.279s] -- Up-to-date symlink: /home/isa/ros2_ws/install/examples_rclcpp_minimal_action_server/share/ament_index/resource_index/package_run_dependencies/examples_rclcpp_minimal_action_server
[0.280s] -- Up-to-date symlink: /home/isa/ros2_ws/install/examples_rclcpp_minimal_action_server/share/ament_index/resource_index/parent_prefix_path/examples_rclcpp_minimal_action_server
[0.280s] -- Up-to-date symlink: /home/isa/ros2_ws/install/examples_rclcpp_minimal_action_server/share/examples_rclcpp_minimal_action_server/environment/ament_prefix_path.sh
[0.280s] -- Up-to-date symlink: /home/isa/ros2_ws/install/examples_rclcpp_minimal_action_server/share/examples_rclcpp_minimal_action_server/environment/ament_prefix_path.dsv
[0.280s] -- Up-to-date symlink: /home/isa/ros2_ws/install/examples_rclcpp_minimal_action_server/share/examples_rclcpp_minimal_action_server/environment/path.sh
[0.280s] -- Up-to-date symlink: /home/isa/ros2_ws/install/examples_rclcpp_minimal_action_server/share/examples_rclcpp_minimal_action_server/environment/path.dsv
[0.281s] -- Up-to-date symlink: /home/isa/ros2_ws/install/examples_rclcpp_minimal_action_server/share/examples_rclcpp_minimal_action_server/local_setup.bash
[0.281s] -- Up-to-date symlink: /home/isa/ros2_ws/install/examples_rclcpp_minimal_action_server/share/examples_rclcpp_minimal_action_server/local_setup.sh
[0.281s] -- Up-to-date symlink: /home/isa/ros2_ws/install/examples_rclcpp_minimal_action_server/share/examples_rclcpp_minimal_action_server/local_setup.zsh
[0.281s] -- Up-to-date symlink: /home/isa/ros2_ws/install/examples_rclcpp_minimal_action_server/share/examples_rclcpp_minimal_action_server/local_setup.dsv
[0.281s] -- Symlinking: /home/isa/ros2_ws/install/examples_rclcpp_minimal_action_server/share/examples_rclcpp_minimal_action_server/package.dsv
[0.285s] -- Up-to-date symlink: /home/isa/ros2_ws/install/examples_rclcpp_minimal_action_server/share/ament_index/resource_index/packages/examples_rclcpp_minimal_action_server
[0.286s] -- Up-to-date symlink: /home/isa/ros2_ws/install/examples_rclcpp_minimal_action_server/share/examples_rclcpp_minimal_action_server/cmake/examples_rclcpp_minimal_action_serverConfig.cmake
[0.287s] -- Up-to-date symlink: /home/isa/ros2_ws/install/examples_rclcpp_minimal_action_server/share/examples_rclcpp_minimal_action_server/cmake/examples_rclcpp_minimal_action_serverConfig-version.cmake
[0.287s] -- Up-to-date symlink: /home/isa/ros2_ws/install/examples_rclcpp_minimal_action_server/share/examples_rclcpp_minimal_action_server/package.xml
[0.329s] Invoked command in '/home/isa/ros2_ws/build/examples_rclcpp_minimal_action_server' returned '0': CMAKE_PREFIX_PATH=/opt/ros/iron /usr/bin/cmake --install /home/isa/ros2_ws/build/examples_rclcpp_minimal_action_server
