[1.598s] Invoking command in '/home/isa/ros2_ws/build/examples_rclpy_minimal_action_server': PYTHONPATH=/home/isa/ros2_ws/build/examples_rclpy_minimal_action_server/prefix_override:/home/isa/ros2_ws/install/examples_rclpy_minimal_action_server/lib/python3.10/site-packages:${PYTHONPATH} /usr/bin/python3 setup.py develop --uninstall --editable --build-directory /home/isa/ros2_ws/build/examples_rclpy_minimal_action_server/build
[2.057s] running develop
[2.058s] /usr/lib/python3/dist-packages/setuptools/command/easy_install.py:158: EasyInstallDeprecationWarning: easy_install command is deprecated. Use build and pip and other standards-based tools.
[2.058s]   warnings.warn(
[2.060s] /usr/lib/python3/dist-packages/setuptools/command/install.py:34: SetuptoolsDeprecationWarning: setup.py install is deprecated. Use build and pip and other standards-based tools.
[2.060s]   warnings.warn(
[2.176s] /usr/lib/python3/dist-packages/pkg_resources/__init__.py:116: PkgResourcesDeprecationWarning: 1.16.0-unknown is an invalid version and will not be supported in a future release
[2.176s]   warnings.warn(
[2.176s] /usr/lib/python3/dist-packages/pkg_resources/__init__.py:116: PkgResourcesDeprecationWarning: 1.1build1 is an invalid version and will not be supported in a future release
[2.177s]   warnings.warn(
[2.177s] /usr/lib/python3/dist-packages/pkg_resources/__init__.py:116: PkgResourcesDeprecationWarning: 0.1.43ubuntu1 is an invalid version and will not be supported in a future release
[2.177s]   warnings.warn(
[2.506s] Invoked command in '/home/isa/ros2_ws/build/examples_rclpy_minimal_action_server' returned '0': PYTHONPATH=/home/isa/ros2_ws/build/examples_rclpy_minimal_action_server/prefix_override:/home/isa/ros2_ws/install/examples_rclpy_minimal_action_server/lib/python3.10/site-packages:${PYTHONPATH} /usr/bin/python3 setup.py develop --uninstall --editable --build-directory /home/isa/ros2_ws/build/examples_rclpy_minimal_action_server/build
[2.507s] Invoking command in '/home/isa/ros2_ws/src/examples/rclpy/actions/minimal_action_server': PYTHONPATH=/home/isa/ros2_ws/build/examples_rclpy_minimal_action_server/prefix_override:/home/isa/ros2_ws/install/examples_rclpy_minimal_action_server/lib/python3.10/site-packages:${PYTHONPATH} /usr/bin/python3 setup.py egg_info --egg-base ../../../../../build/examples_rclpy_minimal_action_server build --build-base /home/isa/ros2_ws/build/examples_rclpy_minimal_action_server/build install --record /home/isa/ros2_ws/build/examples_rclpy_minimal_action_server/install.log --single-version-externally-managed
[2.951s] running egg_info
[2.952s] writing ../../../../../build/examples_rclpy_minimal_action_server/examples_rclpy_minimal_action_server.egg-info/PKG-INFO
[2.953s] writing dependency_links to ../../../../../build/examples_rclpy_minimal_action_server/examples_rclpy_minimal_action_server.egg-info/dependency_links.txt
[2.954s] writing entry points to ../../../../../build/examples_rclpy_minimal_action_server/examples_rclpy_minimal_action_server.egg-info/entry_points.txt
[2.954s] writing requirements to ../../../../../build/examples_rclpy_minimal_action_server/examples_rclpy_minimal_action_server.egg-info/requires.txt
[2.954s] writing top-level names to ../../../../../build/examples_rclpy_minimal_action_server/examples_rclpy_minimal_action_server.egg-info/top_level.txt
[2.959s] reading manifest file '../../../../../build/examples_rclpy_minimal_action_server/examples_rclpy_minimal_action_server.egg-info/SOURCES.txt'
[2.961s] writing manifest file '../../../../../build/examples_rclpy_minimal_action_server/examples_rclpy_minimal_action_server.egg-info/SOURCES.txt'
[2.963s] running build
[2.963s] running build_py
[2.965s] running install
[2.965s] /usr/lib/python3/dist-packages/setuptools/command/install.py:34: SetuptoolsDeprecationWarning: setup.py install is deprecated. Use build and pip and other standards-based tools.
[2.966s]   warnings.warn(
[2.966s] running install_lib
[2.969s] running install_data
[2.970s] running install_egg_info
[2.973s] removing '/home/isa/ros2_ws/install/examples_rclpy_minimal_action_server/lib/python3.10/site-packages/examples_rclpy_minimal_action_server-0.18.0-py3.10.egg-info' (and everything under it)
[2.973s] Copying ../../../../../build/examples_rclpy_minimal_action_server/examples_rclpy_minimal_action_server.egg-info to /home/isa/ros2_ws/install/examples_rclpy_minimal_action_server/lib/python3.10/site-packages/examples_rclpy_minimal_action_server-0.18.0-py3.10.egg-info
[2.975s] running install_scripts
[3.023s] Installing server script to /home/isa/ros2_ws/install/examples_rclpy_minimal_action_server/lib/examples_rclpy_minimal_action_server
[3.024s] Installing server_defer script to /home/isa/ros2_ws/install/examples_rclpy_minimal_action_server/lib/examples_rclpy_minimal_action_server
[3.024s] Installing server_not_composable script to /home/isa/ros2_ws/install/examples_rclpy_minimal_action_server/lib/examples_rclpy_minimal_action_server
[3.024s] Installing server_queue_goals script to /home/isa/ros2_ws/install/examples_rclpy_minimal_action_server/lib/examples_rclpy_minimal_action_server
[3.025s] Installing server_single_goal script to /home/isa/ros2_ws/install/examples_rclpy_minimal_action_server/lib/examples_rclpy_minimal_action_server
[3.025s] writing list of installed files to '/home/isa/ros2_ws/build/examples_rclpy_minimal_action_server/install.log'
[3.092s] Invoked command in '/home/isa/ros2_ws/src/examples/rclpy/actions/minimal_action_server' returned '0': PYTHONPATH=/home/isa/ros2_ws/build/examples_rclpy_minimal_action_server/prefix_override:/home/isa/ros2_ws/install/examples_rclpy_minimal_action_server/lib/python3.10/site-packages:${PYTHONPATH} /usr/bin/python3 setup.py egg_info --egg-base ../../../../../build/examples_rclpy_minimal_action_server build --build-base /home/isa/ros2_ws/build/examples_rclpy_minimal_action_server/build install --record /home/isa/ros2_ws/build/examples_rclpy_minimal_action_server/install.log --single-version-externally-managed
