[1.866s] Invoking command in '/home/isa/ros2_ws/build/examples_rclpy_minimal_publisher': PYTHONPATH=/home/isa/ros2_ws/build/examples_rclpy_minimal_publisher/prefix_override:/home/isa/ros2_ws/install/examples_rclpy_minimal_publisher/lib/python3.10/site-packages:${PYTHONPATH} /usr/bin/python3 setup.py develop --uninstall --editable --build-directory /home/isa/ros2_ws/build/examples_rclpy_minimal_publisher/build
[2.262s] running develop
[2.262s] /usr/lib/python3/dist-packages/setuptools/command/easy_install.py:158: EasyInstallDeprecationWarning: easy_install command is deprecated. Use build and pip and other standards-based tools.
[2.262s]   warnings.warn(
[2.263s] /usr/lib/python3/dist-packages/setuptools/command/install.py:34: SetuptoolsDeprecationWarning: setup.py install is deprecated. Use build and pip and other standards-based tools.
[2.263s]   warnings.warn(
[2.369s] /usr/lib/python3/dist-packages/pkg_resources/__init__.py:116: PkgResourcesDeprecationWarning: 1.16.0-unknown is an invalid version and will not be supported in a future release
[2.369s]   warnings.warn(
[2.369s] /usr/lib/python3/dist-packages/pkg_resources/__init__.py:116: PkgResourcesDeprecationWarning: 1.1build1 is an invalid version and will not be supported in a future release
[2.369s]   warnings.warn(
[2.370s] /usr/lib/python3/dist-packages/pkg_resources/__init__.py:116: PkgResourcesDeprecationWarning: 0.1.43ubuntu1 is an invalid version and will not be supported in a future release
[2.370s]   warnings.warn(
[2.633s] Invoked command in '/home/isa/ros2_ws/build/examples_rclpy_minimal_publisher' returned '0': PYTHONPATH=/home/isa/ros2_ws/build/examples_rclpy_minimal_publisher/prefix_override:/home/isa/ros2_ws/install/examples_rclpy_minimal_publisher/lib/python3.10/site-packages:${PYTHONPATH} /usr/bin/python3 setup.py develop --uninstall --editable --build-directory /home/isa/ros2_ws/build/examples_rclpy_minimal_publisher/build
[2.633s] Invoking command in '/home/isa/ros2_ws/src/examples/rclpy/topics/minimal_publisher': PYTHONPATH=/home/isa/ros2_ws/build/examples_rclpy_minimal_publisher/prefix_override:/home/isa/ros2_ws/install/examples_rclpy_minimal_publisher/lib/python3.10/site-packages:${PYTHONPATH} /usr/bin/python3 setup.py egg_info --egg-base ../../../../../build/examples_rclpy_minimal_publisher build --build-base /home/isa/ros2_ws/build/examples_rclpy_minimal_publisher/build install --record /home/isa/ros2_ws/build/examples_rclpy_minimal_publisher/install.log --single-version-externally-managed
[3.111s] running egg_info
[3.113s] writing ../../../../../build/examples_rclpy_minimal_publisher/examples_rclpy_minimal_publisher.egg-info/PKG-INFO
[3.113s] writing dependency_links to ../../../../../build/examples_rclpy_minimal_publisher/examples_rclpy_minimal_publisher.egg-info/dependency_links.txt
[3.114s] writing entry points to ../../../../../build/examples_rclpy_minimal_publisher/examples_rclpy_minimal_publisher.egg-info/entry_points.txt
[3.114s] writing requirements to ../../../../../build/examples_rclpy_minimal_publisher/examples_rclpy_minimal_publisher.egg-info/requires.txt
[3.115s] writing top-level names to ../../../../../build/examples_rclpy_minimal_publisher/examples_rclpy_minimal_publisher.egg-info/top_level.txt
[3.118s] reading manifest file '../../../../../build/examples_rclpy_minimal_publisher/examples_rclpy_minimal_publisher.egg-info/SOURCES.txt'
[3.120s] writing manifest file '../../../../../build/examples_rclpy_minimal_publisher/examples_rclpy_minimal_publisher.egg-info/SOURCES.txt'
[3.121s] running build
[3.121s] running build_py
[3.122s] running install
[3.123s] /usr/lib/python3/dist-packages/setuptools/command/install.py:34: SetuptoolsDeprecationWarning: setup.py install is deprecated. Use build and pip and other standards-based tools.
[3.123s]   warnings.warn(
[3.123s] running install_lib
[3.126s] running install_data
[3.127s] running install_egg_info
[3.130s] removing '/home/isa/ros2_ws/install/examples_rclpy_minimal_publisher/lib/python3.10/site-packages/examples_rclpy_minimal_publisher-0.18.0-py3.10.egg-info' (and everything under it)
[3.130s] Copying ../../../../../build/examples_rclpy_minimal_publisher/examples_rclpy_minimal_publisher.egg-info to /home/isa/ros2_ws/install/examples_rclpy_minimal_publisher/lib/python3.10/site-packages/examples_rclpy_minimal_publisher-0.18.0-py3.10.egg-info
[3.132s] running install_scripts
[3.174s] Installing publisher_local_function script to /home/isa/ros2_ws/install/examples_rclpy_minimal_publisher/lib/examples_rclpy_minimal_publisher
[3.174s] Installing publisher_member_function script to /home/isa/ros2_ws/install/examples_rclpy_minimal_publisher/lib/examples_rclpy_minimal_publisher
[3.175s] Installing publisher_old_school script to /home/isa/ros2_ws/install/examples_rclpy_minimal_publisher/lib/examples_rclpy_minimal_publisher
[3.176s] writing list of installed files to '/home/isa/ros2_ws/build/examples_rclpy_minimal_publisher/install.log'
[3.229s] Invoked command in '/home/isa/ros2_ws/src/examples/rclpy/topics/minimal_publisher' returned '0': PYTHONPATH=/home/isa/ros2_ws/build/examples_rclpy_minimal_publisher/prefix_override:/home/isa/ros2_ws/install/examples_rclpy_minimal_publisher/lib/python3.10/site-packages:${PYTHONPATH} /usr/bin/python3 setup.py egg_info --egg-base ../../../../../build/examples_rclpy_minimal_publisher build --build-base /home/isa/ros2_ws/build/examples_rclpy_minimal_publisher/build install --record /home/isa/ros2_ws/build/examples_rclpy_minimal_publisher/install.log --single-version-externally-managed
