[0.019s] Invoking command in '/home/isa/ros2_ws/build/my_package': CMAKE_PREFIX_PATH=/opt/ros/iron /usr/bin/cmake /home/isa/ros2_ws/src/my_package -DCMAKE_INSTALL_PREFIX=/home/isa/ros2_ws/install/my_package
[0.163s] -- The C compiler identification is GNU 11.3.0
[0.330s] -- The CXX compiler identification is GNU 11.3.0
[0.369s] -- Detecting C compiler ABI info
[0.564s] -- Detecting C compiler ABI info - done
[0.575s] -- Check for working C compiler: /usr/bin/cc - skipped
[0.577s] -- Detecting C compile features
[0.578s] -- Detecting C compile features - done
[0.588s] -- Detecting CXX compiler ABI info
[0.731s] -- Detecting CXX compiler ABI info - done
[0.747s] -- Check for working CXX compiler: /usr/bin/c++ - skipped
[0.748s] -- Detecting CXX compile features
[0.748s] -- Detecting CXX compile features - done
[0.753s] -- Found ament_cmake: 2.0.2 (/opt/ros/iron/share/ament_cmake/cmake)
[0.981s] -- Found Python3: /usr/bin/python3.10 (found version "3.10.6") found components: Interpreter 
[1.097s] -- Found ament_lint_auto: 0.14.1 (/opt/ros/iron/share/ament_lint_auto/cmake)
[1.179s] -- Added test 'cppcheck' to perform static code analysis on C / C++ code
[1.179s] -- Configured cppcheck include dirs: $<BUILD_INTERFACE:/home/isa/ros2_ws/src/my_package/include>
[1.179s] -- Configured cppcheck exclude dirs and/or files: 
[1.180s] -- Added test 'lint_cmake' to check CMake code style
[1.181s] -- Added test 'uncrustify' to check C / C++ code style
[1.181s] -- Configured uncrustify additional arguments: 
[1.182s] -- Added test 'xmllint' to check XML markup files
[1.183s] -- Configuring done
[1.188s] -- Generating done
[1.190s] -- Build files have been written to: /home/isa/ros2_ws/build/my_package
[1.195s] Invoked command in '/home/isa/ros2_ws/build/my_package' returned '0': CMAKE_PREFIX_PATH=/opt/ros/iron /usr/bin/cmake /home/isa/ros2_ws/src/my_package -DCMAKE_INSTALL_PREFIX=/home/isa/ros2_ws/install/my_package
[1.197s] Invoking command in '/home/isa/ros2_ws/build/my_package': CMAKE_PREFIX_PATH=/opt/ros/iron /usr/bin/cmake --build /home/isa/ros2_ws/build/my_package -- -j8 -l8
[1.236s] [ 50%] [32mBuilding CXX object CMakeFiles/my_node.dir/src/my_node.cpp.o[0m
[1.269s] [100%] [32m[1mLinking CXX executable my_node[0m
[1.312s] [100%] Built target my_node
[1.321s] Invoked command in '/home/isa/ros2_ws/build/my_package' returned '0': CMAKE_PREFIX_PATH=/opt/ros/iron /usr/bin/cmake --build /home/isa/ros2_ws/build/my_package -- -j8 -l8
[1.343s] Invoking command in '/home/isa/ros2_ws/build/my_package': CMAKE_PREFIX_PATH=/opt/ros/iron /usr/bin/cmake --install /home/isa/ros2_ws/build/my_package
[1.350s] -- Install configuration: ""
[1.350s] -- Installing: /home/isa/ros2_ws/install/my_package/lib/my_package/my_node
[1.350s] -- Installing: /home/isa/ros2_ws/install/my_package/share/ament_index/resource_index/package_run_dependencies/my_package
[1.351s] -- Installing: /home/isa/ros2_ws/install/my_package/share/ament_index/resource_index/parent_prefix_path/my_package
[1.351s] -- Installing: /home/isa/ros2_ws/install/my_package/share/my_package/environment/ament_prefix_path.sh
[1.351s] -- Installing: /home/isa/ros2_ws/install/my_package/share/my_package/environment/ament_prefix_path.dsv
[1.352s] -- Installing: /home/isa/ros2_ws/install/my_package/share/my_package/environment/path.sh
[1.352s] -- Installing: /home/isa/ros2_ws/install/my_package/share/my_package/environment/path.dsv
[1.352s] -- Installing: /home/isa/ros2_ws/install/my_package/share/my_package/local_setup.bash
[1.352s] -- Installing: /home/isa/ros2_ws/install/my_package/share/my_package/local_setup.sh
[1.352s] -- Installing: /home/isa/ros2_ws/install/my_package/share/my_package/local_setup.zsh
[1.353s] -- Installing: /home/isa/ros2_ws/install/my_package/share/my_package/local_setup.dsv
[1.353s] -- Installing: /home/isa/ros2_ws/install/my_package/share/my_package/package.dsv
[1.353s] -- Installing: /home/isa/ros2_ws/install/my_package/share/ament_index/resource_index/packages/my_package
[1.353s] -- Installing: /home/isa/ros2_ws/install/my_package/share/my_package/cmake/my_packageConfig.cmake
[1.353s] -- Installing: /home/isa/ros2_ws/install/my_package/share/my_package/cmake/my_packageConfig-version.cmake
[1.353s] -- Installing: /home/isa/ros2_ws/install/my_package/share/my_package/package.xml
[1.355s] Invoked command in '/home/isa/ros2_ws/build/my_package' returned '0': CMAKE_PREFIX_PATH=/opt/ros/iron /usr/bin/cmake --install /home/isa/ros2_ws/build/my_package
