[0.080s] Invoking command in '/home/isa/ros2_ws/build/examples_rclcpp_multithreaded_executor': CMAKE_PREFIX_PATH=/opt/ros/iron /usr/bin/cmake /home/isa/ros2_ws/src/examples/rclcpp/executors/multithreaded_executor -DAMENT_CMAKE_SYMLINK_INSTALL=1 -DCMAKE_INSTALL_PREFIX=/home/isa/ros2_ws/install/examples_rclcpp_multithreaded_executor
[0.517s] -- The C compiler identification is GNU 11.3.0
[0.859s] -- The CXX compiler identification is GNU 11.3.0
[0.882s] -- Detecting C compiler ABI info
[1.294s] -- Detecting C compiler ABI info - done
[1.342s] -- Check for working C compiler: /usr/bin/cc - skipped
[1.344s] -- Detecting C compile features
[1.350s] -- Detecting C compile features - done
[1.374s] -- Detecting CXX compiler ABI info
[1.654s] -- Detecting CXX compiler ABI info - done
[1.702s] -- Check for working CXX compiler: /usr/bin/c++ - skipped
[1.703s] -- Detecting CXX compile features
[1.705s] -- Detecting CXX compile features - done
[1.714s] -- Found ament_cmake: 2.0.2 (/opt/ros/iron/share/ament_cmake/cmake)
[2.477s] -- Found Python3: /usr/bin/python3.10 (found version "3.10.6") found components: Interpreter 
[2.653s] -- Override CMake install command with custom implementation using symlinks instead of copying resources
[2.721s] -- Found rclcpp: 21.0.1 (/opt/ros/iron/share/rclcpp/cmake)
[2.909s] -- Found rosidl_generator_c: 4.0.0 (/opt/ros/iron/share/rosidl_generator_c/cmake)
[2.975s] -- Found rosidl_generator_cpp: 4.0.0 (/opt/ros/iron/share/rosidl_generator_cpp/cmake)
[3.062s] -- Using all available rosidl_typesupport_c: rosidl_typesupport_fastrtps_c;rosidl_typesupport_introspection_c
[3.192s] -- Using all available rosidl_typesupport_cpp: rosidl_typesupport_fastrtps_cpp;rosidl_typesupport_introspection_cpp
[3.769s] -- Found rmw_implementation_cmake: 7.1.0 (/opt/ros/iron/share/rmw_implementation_cmake/cmake)
[3.806s] -- Found rmw_fastrtps_cpp: 7.1.1 (/opt/ros/iron/share/rmw_fastrtps_cpp/cmake)
[4.111s] -- Found OpenSSL: /usr/lib/x86_64-linux-gnu/libcrypto.so (found version "3.0.2")  
[4.181s] -- Found FastRTPS: /opt/ros/iron/include  
[4.338s] -- Using RMW implementation 'rmw_fastrtps_cpp' as default
[4.932s] -- Found std_msgs: 5.0.0 (/opt/ros/iron/share/std_msgs/cmake)
[5.048s] -- Found ament_lint_auto: 0.14.1 (/opt/ros/iron/share/ament_lint_auto/cmake)
[5.310s] -- Added test 'copyright' to check source files copyright and LICENSE
[5.313s] -- Added test 'cppcheck' to perform static code analysis on C / C++ code
[5.313s] -- Configured cppcheck include dirs: 
[5.314s] -- Configured cppcheck exclude dirs and/or files: 
[5.316s] -- Added test 'cpplint' to check C / C++ code against the Google style
[5.316s] -- Configured cpplint exclude dirs and/or files: 
[5.318s] -- Added test 'lint_cmake' to check CMake code style
[5.321s] -- Added test 'uncrustify' to check C / C++ code style
[5.321s] -- Configured uncrustify additional arguments: 
[5.323s] -- Added test 'xmllint' to check XML markup files
[5.342s] -- Configuring done
[5.384s] -- Generating done
[5.402s] -- Build files have been written to: /home/isa/ros2_ws/build/examples_rclcpp_multithreaded_executor
[6.019s] Invoked command in '/home/isa/ros2_ws/build/examples_rclcpp_multithreaded_executor' returned '0': CMAKE_PREFIX_PATH=/opt/ros/iron /usr/bin/cmake /home/isa/ros2_ws/src/examples/rclcpp/executors/multithreaded_executor -DAMENT_CMAKE_SYMLINK_INSTALL=1 -DCMAKE_INSTALL_PREFIX=/home/isa/ros2_ws/install/examples_rclcpp_multithreaded_executor
[6.020s] Invoking command in '/home/isa/ros2_ws/build/examples_rclcpp_multithreaded_executor': CMAKE_PREFIX_PATH=/opt/ros/iron /usr/bin/cmake --build /home/isa/ros2_ws/build/examples_rclcpp_multithreaded_executor -- -j8 -l8
[6.299s] [ 50%] [32mBuilding CXX object CMakeFiles/multithreaded_executor.dir/multithreaded_executor.cpp.o[0m
[22.759s] [100%] [32m[1mLinking CXX executable multithreaded_executor[0m
[23.271s] [100%] Built target multithreaded_executor
[23.286s] Invoked command in '/home/isa/ros2_ws/build/examples_rclcpp_multithreaded_executor' returned '0': CMAKE_PREFIX_PATH=/opt/ros/iron /usr/bin/cmake --build /home/isa/ros2_ws/build/examples_rclcpp_multithreaded_executor -- -j8 -l8
[23.318s] Invoking command in '/home/isa/ros2_ws/build/examples_rclcpp_multithreaded_executor': CMAKE_PREFIX_PATH=/opt/ros/iron /usr/bin/cmake --install /home/isa/ros2_ws/build/examples_rclcpp_multithreaded_executor
[23.326s] -- Install configuration: ""
[23.327s] -- Execute custom install script
[23.327s] -- Symlinking: /home/isa/ros2_ws/install/examples_rclcpp_multithreaded_executor/lib/examples_rclcpp_multithreaded_executor/multithreaded_executor
[23.338s] -- Symlinking: /home/isa/ros2_ws/install/examples_rclcpp_multithreaded_executor/share/ament_index/resource_index/package_run_dependencies/examples_rclcpp_multithreaded_executor
[23.349s] -- Symlinking: /home/isa/ros2_ws/install/examples_rclcpp_multithreaded_executor/share/ament_index/resource_index/parent_prefix_path/examples_rclcpp_multithreaded_executor
[23.359s] -- Symlinking: /home/isa/ros2_ws/install/examples_rclcpp_multithreaded_executor/share/examples_rclcpp_multithreaded_executor/environment/ament_prefix_path.sh
[23.370s] -- Symlinking: /home/isa/ros2_ws/install/examples_rclcpp_multithreaded_executor/share/examples_rclcpp_multithreaded_executor/environment/ament_prefix_path.dsv
[23.381s] -- Symlinking: /home/isa/ros2_ws/install/examples_rclcpp_multithreaded_executor/share/examples_rclcpp_multithreaded_executor/environment/path.sh
[23.392s] -- Symlinking: /home/isa/ros2_ws/install/examples_rclcpp_multithreaded_executor/share/examples_rclcpp_multithreaded_executor/environment/path.dsv
[23.403s] -- Symlinking: /home/isa/ros2_ws/install/examples_rclcpp_multithreaded_executor/share/examples_rclcpp_multithreaded_executor/local_setup.bash
[23.414s] -- Symlinking: /home/isa/ros2_ws/install/examples_rclcpp_multithreaded_executor/share/examples_rclcpp_multithreaded_executor/local_setup.sh
[23.425s] -- Symlinking: /home/isa/ros2_ws/install/examples_rclcpp_multithreaded_executor/share/examples_rclcpp_multithreaded_executor/local_setup.zsh
[23.436s] -- Symlinking: /home/isa/ros2_ws/install/examples_rclcpp_multithreaded_executor/share/examples_rclcpp_multithreaded_executor/local_setup.dsv
[23.447s] -- Symlinking: /home/isa/ros2_ws/install/examples_rclcpp_multithreaded_executor/share/examples_rclcpp_multithreaded_executor/package.dsv
[23.458s] -- Symlinking: /home/isa/ros2_ws/install/examples_rclcpp_multithreaded_executor/share/ament_index/resource_index/packages/examples_rclcpp_multithreaded_executor
[23.469s] -- Symlinking: /home/isa/ros2_ws/install/examples_rclcpp_multithreaded_executor/share/examples_rclcpp_multithreaded_executor/cmake/examples_rclcpp_multithreaded_executorConfig.cmake
[23.480s] -- Symlinking: /home/isa/ros2_ws/install/examples_rclcpp_multithreaded_executor/share/examples_rclcpp_multithreaded_executor/cmake/examples_rclcpp_multithreaded_executorConfig-version.cmake
[23.491s] -- Symlinking: /home/isa/ros2_ws/install/examples_rclcpp_multithreaded_executor/share/examples_rclcpp_multithreaded_executor/package.xml
[23.504s] Invoked command in '/home/isa/ros2_ws/build/examples_rclcpp_multithreaded_executor' returned '0': CMAKE_PREFIX_PATH=/opt/ros/iron /usr/bin/cmake --install /home/isa/ros2_ws/build/examples_rclcpp_multithreaded_executor
