[2.026s] Invoking command in '/home/isa/ros2_ws/build/examples_rclpy_minimal_action_server': PYTHONPATH=/home/isa/ros2_ws/build/examples_rclpy_minimal_action_server/prefix_override:/home/isa/ros2_ws/install/examples_rclpy_minimal_action_server/lib/python3.10/site-packages:${PYTHONPATH} /usr/bin/python3 setup.py develop --editable --build-directory /home/isa/ros2_ws/build/examples_rclpy_minimal_action_server/build --no-deps install_data
[2.726s] running develop
[2.727s] /usr/lib/python3/dist-packages/setuptools/command/easy_install.py:158: EasyInstallDeprecationWarning: easy_install command is deprecated. Use build and pip and other standards-based tools.
[2.727s]   warnings.warn(
[2.731s] /usr/lib/python3/dist-packages/setuptools/command/install.py:34: SetuptoolsDeprecationWarning: setup.py install is deprecated. Use build and pip and other standards-based tools.
[2.731s]   warnings.warn(
[2.897s] /usr/lib/python3/dist-packages/pkg_resources/__init__.py:116: PkgResourcesDeprecationWarning: 1.16.0-unknown is an invalid version and will not be supported in a future release
[2.897s]   warnings.warn(
[2.897s] /usr/lib/python3/dist-packages/pkg_resources/__init__.py:116: PkgResourcesDeprecationWarning: 1.1build1 is an invalid version and will not be supported in a future release
[2.898s]   warnings.warn(
[2.898s] /usr/lib/python3/dist-packages/pkg_resources/__init__.py:116: PkgResourcesDeprecationWarning: 0.1.43ubuntu1 is an invalid version and will not be supported in a future release
[2.898s]   warnings.warn(
[3.240s] running egg_info
[3.241s] creating examples_rclpy_minimal_action_server.egg-info
[3.241s] writing examples_rclpy_minimal_action_server.egg-info/PKG-INFO
[3.241s] writing dependency_links to examples_rclpy_minimal_action_server.egg-info/dependency_links.txt
[3.242s] writing entry points to examples_rclpy_minimal_action_server.egg-info/entry_points.txt
[3.242s] writing requirements to examples_rclpy_minimal_action_server.egg-info/requires.txt
[3.242s] writing top-level names to examples_rclpy_minimal_action_server.egg-info/top_level.txt
[3.243s] writing manifest file 'examples_rclpy_minimal_action_server.egg-info/SOURCES.txt'
[3.247s] reading manifest file 'examples_rclpy_minimal_action_server.egg-info/SOURCES.txt'
[3.249s] writing manifest file 'examples_rclpy_minimal_action_server.egg-info/SOURCES.txt'
[3.252s] running build_ext
[3.252s] Creating /home/isa/ros2_ws/install/examples_rclpy_minimal_action_server/lib/python3.10/site-packages/examples-rclpy-minimal-action-server.egg-link (link to .)
[3.255s] Installing server script to /home/isa/ros2_ws/install/examples_rclpy_minimal_action_server/lib/examples_rclpy_minimal_action_server
[3.255s] Installing server_defer script to /home/isa/ros2_ws/install/examples_rclpy_minimal_action_server/lib/examples_rclpy_minimal_action_server
[3.255s] Installing server_not_composable script to /home/isa/ros2_ws/install/examples_rclpy_minimal_action_server/lib/examples_rclpy_minimal_action_server
[3.255s] Installing server_queue_goals script to /home/isa/ros2_ws/install/examples_rclpy_minimal_action_server/lib/examples_rclpy_minimal_action_server
[3.256s] Installing server_single_goal script to /home/isa/ros2_ws/install/examples_rclpy_minimal_action_server/lib/examples_rclpy_minimal_action_server
[3.256s] 
[3.257s] Installed /home/isa/ros2_ws/build/examples_rclpy_minimal_action_server
[3.257s] running install_data
[3.257s] creating /home/isa/ros2_ws/install/examples_rclpy_minimal_action_server/share/ament_index
[3.257s] creating /home/isa/ros2_ws/install/examples_rclpy_minimal_action_server/share/ament_index/resource_index
[3.257s] creating /home/isa/ros2_ws/install/examples_rclpy_minimal_action_server/share/ament_index/resource_index/packages
[3.257s] copying resource/examples_rclpy_minimal_action_server -> /home/isa/ros2_ws/install/examples_rclpy_minimal_action_server/share/ament_index/resource_index/packages
[3.258s] copying package.xml -> /home/isa/ros2_ws/install/examples_rclpy_minimal_action_server/share/examples_rclpy_minimal_action_server
[3.325s] Invoked command in '/home/isa/ros2_ws/build/examples_rclpy_minimal_action_server' returned '0': PYTHONPATH=/home/isa/ros2_ws/build/examples_rclpy_minimal_action_server/prefix_override:/home/isa/ros2_ws/install/examples_rclpy_minimal_action_server/lib/python3.10/site-packages:${PYTHONPATH} /usr/bin/python3 setup.py develop --editable --build-directory /home/isa/ros2_ws/build/examples_rclpy_minimal_action_server/build --no-deps install_data
