[0.138s] Invoking command in '/home/isa/ros2_ws/build/examples_rclcpp_minimal_timer': CMAKE_PREFIX_PATH=/opt/ros/iron /usr/bin/cmake /home/isa/ros2_ws/src/examples/rclcpp/timers/minimal_timer -DAMENT_CMAKE_SYMLINK_INSTALL=1 -DCMAKE_INSTALL_PREFIX=/home/isa/ros2_ws/install/examples_rclcpp_minimal_timer
[0.877s] -- The C compiler identification is GNU 11.3.0
[0.878s] -- The CXX compiler identification is GNU 11.3.0
[0.878s] -- Detecting C compiler ABI info
[1.345s] -- Detecting C compiler ABI info - done
[1.398s] -- Check for working C compiler: /usr/bin/cc - skipped
[1.399s] -- Detecting C compile features
[1.411s] -- Detecting C compile features - done
[1.433s] -- Detecting CXX compiler ABI info
[1.891s] -- Detecting CXX compiler ABI info - done
[1.918s] -- Check for working CXX compiler: /usr/bin/c++ - skipped
[1.919s] -- Detecting CXX compile features
[1.920s] -- Detecting CXX compile features - done
[1.926s] -- Found ament_cmake: 2.0.2 (/opt/ros/iron/share/ament_cmake/cmake)
[2.709s] -- Found Python3: /usr/bin/python3.10 (found version "3.10.6") found components: Interpreter 
[2.937s] -- Override CMake install command with custom implementation using symlinks instead of copying resources
[3.041s] -- Found rclcpp: 21.0.1 (/opt/ros/iron/share/rclcpp/cmake)
[3.256s] -- Found rosidl_generator_c: 4.0.0 (/opt/ros/iron/share/rosidl_generator_c/cmake)
[3.290s] -- Found rosidl_generator_cpp: 4.0.0 (/opt/ros/iron/share/rosidl_generator_cpp/cmake)
[3.343s] -- Using all available rosidl_typesupport_c: rosidl_typesupport_fastrtps_c;rosidl_typesupport_introspection_c
[3.406s] -- Using all available rosidl_typesupport_cpp: rosidl_typesupport_fastrtps_cpp;rosidl_typesupport_introspection_cpp
[4.019s] -- Found rmw_implementation_cmake: 7.1.0 (/opt/ros/iron/share/rmw_implementation_cmake/cmake)
[4.025s] -- Found rmw_fastrtps_cpp: 7.1.1 (/opt/ros/iron/share/rmw_fastrtps_cpp/cmake)
[4.338s] -- Found OpenSSL: /usr/lib/x86_64-linux-gnu/libcrypto.so (found version "3.0.2")  
[4.416s] -- Found FastRTPS: /opt/ros/iron/include  
[4.538s] -- Using RMW implementation 'rmw_fastrtps_cpp' as default
[5.210s] -- Found ament_lint_auto: 0.14.1 (/opt/ros/iron/share/ament_lint_auto/cmake)
[5.406s] -- Added test 'copyright' to check source files copyright and LICENSE
[5.408s] -- Added test 'cppcheck' to perform static code analysis on C / C++ code
[5.409s] -- Configured cppcheck include dirs: 
[5.410s] -- Configured cppcheck exclude dirs and/or files: 
[5.412s] -- Added test 'cpplint' to check C / C++ code against the Google style
[5.412s] -- Configured cpplint exclude dirs and/or files: 
[5.414s] -- Added test 'lint_cmake' to check CMake code style
[5.417s] -- Added test 'uncrustify' to check C / C++ code style
[5.417s] -- Configured uncrustify additional arguments: 
[5.419s] -- Added test 'xmllint' to check XML markup files
[5.423s] -- Configuring done
[5.458s] -- Generating done
[5.462s] -- Build files have been written to: /home/isa/ros2_ws/build/examples_rclcpp_minimal_timer
[5.525s] Invoked command in '/home/isa/ros2_ws/build/examples_rclcpp_minimal_timer' returned '0': CMAKE_PREFIX_PATH=/opt/ros/iron /usr/bin/cmake /home/isa/ros2_ws/src/examples/rclcpp/timers/minimal_timer -DAMENT_CMAKE_SYMLINK_INSTALL=1 -DCMAKE_INSTALL_PREFIX=/home/isa/ros2_ws/install/examples_rclcpp_minimal_timer
[5.526s] Invoking command in '/home/isa/ros2_ws/build/examples_rclcpp_minimal_timer': CMAKE_PREFIX_PATH=/opt/ros/iron /usr/bin/cmake --build /home/isa/ros2_ws/build/examples_rclcpp_minimal_timer -- -j8 -l8
[5.753s] [ 25%] [32mBuilding CXX object CMakeFiles/timer_lambda.dir/lambda.cpp.o[0m
[15.041s] [ 50%] [32m[1mLinking CXX executable timer_lambda[0m
[15.355s] [ 50%] Built target timer_lambda
[15.396s] [ 75%] [32mBuilding CXX object CMakeFiles/timer_member_function.dir/member_function.cpp.o[0m
[22.961s] [100%] [32m[1mLinking CXX executable timer_member_function[0m
[23.154s] [100%] Built target timer_member_function
[23.169s] Invoked command in '/home/isa/ros2_ws/build/examples_rclcpp_minimal_timer' returned '0': CMAKE_PREFIX_PATH=/opt/ros/iron /usr/bin/cmake --build /home/isa/ros2_ws/build/examples_rclcpp_minimal_timer -- -j8 -l8
[23.207s] Invoking command in '/home/isa/ros2_ws/build/examples_rclcpp_minimal_timer': CMAKE_PREFIX_PATH=/opt/ros/iron /usr/bin/cmake --install /home/isa/ros2_ws/build/examples_rclcpp_minimal_timer
[23.216s] -- Install configuration: ""
[23.216s] -- Execute custom install script
[23.217s] -- Symlinking: /home/isa/ros2_ws/install/examples_rclcpp_minimal_timer/lib/examples_rclcpp_minimal_timer/timer_lambda
[23.228s] -- Symlinking: /home/isa/ros2_ws/install/examples_rclcpp_minimal_timer/lib/examples_rclcpp_minimal_timer/timer_member_function
[23.239s] -- Symlinking: /home/isa/ros2_ws/install/examples_rclcpp_minimal_timer/share/ament_index/resource_index/package_run_dependencies/examples_rclcpp_minimal_timer
[23.250s] -- Symlinking: /home/isa/ros2_ws/install/examples_rclcpp_minimal_timer/share/ament_index/resource_index/parent_prefix_path/examples_rclcpp_minimal_timer
[23.261s] -- Symlinking: /home/isa/ros2_ws/install/examples_rclcpp_minimal_timer/share/examples_rclcpp_minimal_timer/environment/ament_prefix_path.sh
[23.273s] -- Symlinking: /home/isa/ros2_ws/install/examples_rclcpp_minimal_timer/share/examples_rclcpp_minimal_timer/environment/ament_prefix_path.dsv
[23.283s] -- Symlinking: /home/isa/ros2_ws/install/examples_rclcpp_minimal_timer/share/examples_rclcpp_minimal_timer/environment/path.sh
[23.295s] -- Symlinking: /home/isa/ros2_ws/install/examples_rclcpp_minimal_timer/share/examples_rclcpp_minimal_timer/environment/path.dsv
[23.306s] -- Symlinking: /home/isa/ros2_ws/install/examples_rclcpp_minimal_timer/share/examples_rclcpp_minimal_timer/local_setup.bash
[23.318s] -- Symlinking: /home/isa/ros2_ws/install/examples_rclcpp_minimal_timer/share/examples_rclcpp_minimal_timer/local_setup.sh
[23.329s] -- Symlinking: /home/isa/ros2_ws/install/examples_rclcpp_minimal_timer/share/examples_rclcpp_minimal_timer/local_setup.zsh
[23.340s] -- Symlinking: /home/isa/ros2_ws/install/examples_rclcpp_minimal_timer/share/examples_rclcpp_minimal_timer/local_setup.dsv
[23.351s] -- Symlinking: /home/isa/ros2_ws/install/examples_rclcpp_minimal_timer/share/examples_rclcpp_minimal_timer/package.dsv
[23.363s] -- Symlinking: /home/isa/ros2_ws/install/examples_rclcpp_minimal_timer/share/ament_index/resource_index/packages/examples_rclcpp_minimal_timer
[23.374s] -- Symlinking: /home/isa/ros2_ws/install/examples_rclcpp_minimal_timer/share/examples_rclcpp_minimal_timer/cmake/examples_rclcpp_minimal_timerConfig.cmake
[23.385s] -- Symlinking: /home/isa/ros2_ws/install/examples_rclcpp_minimal_timer/share/examples_rclcpp_minimal_timer/cmake/examples_rclcpp_minimal_timerConfig-version.cmake
[23.397s] -- Symlinking: /home/isa/ros2_ws/install/examples_rclcpp_minimal_timer/share/examples_rclcpp_minimal_timer/package.xml
[23.414s] Invoked command in '/home/isa/ros2_ws/build/examples_rclcpp_minimal_timer' returned '0': CMAKE_PREFIX_PATH=/opt/ros/iron /usr/bin/cmake --install /home/isa/ros2_ws/build/examples_rclcpp_minimal_timer
