[0.067s] Invoking command in '/home/isa/ros2_ws/build/examples_rclcpp_multithreaded_executor': CMAKE_PREFIX_PATH=/opt/ros/iron /usr/bin/cmake /home/isa/ros2_ws/src/examples/rclcpp/executors/multithreaded_executor -DCMAKE_INSTALL_PREFIX=/home/isa/ros2_ws/install/examples_rclcpp_multithreaded_executor
[0.074s] -- Found ament_cmake: 2.0.2 (/opt/ros/iron/share/ament_cmake/cmake)
[0.213s] -- Override CMake install command with custom implementation using symlinks instead of copying resources
[0.220s] -- Found rclcpp: 21.0.1 (/opt/ros/iron/share/rclcpp/cmake)
[0.247s] -- Found rosidl_generator_c: 4.0.0 (/opt/ros/iron/share/rosidl_generator_c/cmake)
[0.256s] -- Found rosidl_generator_cpp: 4.0.0 (/opt/ros/iron/share/rosidl_generator_cpp/cmake)
[0.269s] -- Using all available rosidl_typesupport_c: rosidl_typesupport_fastrtps_c;rosidl_typesupport_introspection_c
[0.285s] -- Using all available rosidl_typesupport_cpp: rosidl_typesupport_fastrtps_cpp;rosidl_typesupport_introspection_cpp
[0.472s] -- Found rmw_implementation_cmake: 7.1.0 (/opt/ros/iron/share/rmw_implementation_cmake/cmake)
[0.473s] -- Found rmw_fastrtps_cpp: 7.1.1 (/opt/ros/iron/share/rmw_fastrtps_cpp/cmake)
[0.647s] -- Using RMW implementation 'rmw_fastrtps_cpp' as default
[1.005s] -- Found std_msgs: 5.0.0 (/opt/ros/iron/share/std_msgs/cmake)
[1.048s] -- Found ament_lint_auto: 0.14.1 (/opt/ros/iron/share/ament_lint_auto/cmake)
[1.148s] -- Added test 'copyright' to check source files copyright and LICENSE
[1.149s] -- Added test 'cppcheck' to perform static code analysis on C / C++ code
[1.150s] -- Configured cppcheck include dirs: 
[1.150s] -- Configured cppcheck exclude dirs and/or files: 
[1.150s] -- Added test 'cpplint' to check C / C++ code against the Google style
[1.151s] -- Configured cpplint exclude dirs and/or files: 
[1.151s] -- Added test 'lint_cmake' to check CMake code style
[1.152s] -- Added test 'uncrustify' to check C / C++ code style
[1.152s] -- Configured uncrustify additional arguments: 
[1.153s] -- Added test 'xmllint' to check XML markup files
[1.156s] -- Configuring done
[1.174s] -- Generating done
[1.177s] -- Build files have been written to: /home/isa/ros2_ws/build/examples_rclcpp_multithreaded_executor
[1.438s] Invoked command in '/home/isa/ros2_ws/build/examples_rclcpp_multithreaded_executor' returned '0': CMAKE_PREFIX_PATH=/opt/ros/iron /usr/bin/cmake /home/isa/ros2_ws/src/examples/rclcpp/executors/multithreaded_executor -DCMAKE_INSTALL_PREFIX=/home/isa/ros2_ws/install/examples_rclcpp_multithreaded_executor
[1.439s] Invoking command in '/home/isa/ros2_ws/build/examples_rclcpp_multithreaded_executor': CMAKE_PREFIX_PATH=/opt/ros/iron /usr/bin/cmake --build /home/isa/ros2_ws/build/examples_rclcpp_multithreaded_executor -- -j8 -l8
[1.487s] [35m[1mConsolidate compiler generated dependencies of target multithreaded_executor[0m
[1.524s] [100%] Built target multithreaded_executor
[1.563s] Invoked command in '/home/isa/ros2_ws/build/examples_rclcpp_multithreaded_executor' returned '0': CMAKE_PREFIX_PATH=/opt/ros/iron /usr/bin/cmake --build /home/isa/ros2_ws/build/examples_rclcpp_multithreaded_executor -- -j8 -l8
[1.603s] Invoking command in '/home/isa/ros2_ws/build/examples_rclcpp_multithreaded_executor': CMAKE_PREFIX_PATH=/opt/ros/iron /usr/bin/cmake --install /home/isa/ros2_ws/build/examples_rclcpp_multithreaded_executor
[1.614s] -- Install configuration: ""
[1.617s] -- Execute custom install script
[1.617s] -- Up-to-date symlink: /home/isa/ros2_ws/install/examples_rclcpp_multithreaded_executor/lib/examples_rclcpp_multithreaded_executor/multithreaded_executor
[1.617s] -- Up-to-date symlink: /home/isa/ros2_ws/install/examples_rclcpp_multithreaded_executor/share/ament_index/resource_index/package_run_dependencies/examples_rclcpp_multithreaded_executor
[1.618s] -- Up-to-date symlink: /home/isa/ros2_ws/install/examples_rclcpp_multithreaded_executor/share/ament_index/resource_index/parent_prefix_path/examples_rclcpp_multithreaded_executor
[1.619s] -- Up-to-date symlink: /home/isa/ros2_ws/install/examples_rclcpp_multithreaded_executor/share/examples_rclcpp_multithreaded_executor/environment/ament_prefix_path.sh
[1.619s] -- Up-to-date symlink: /home/isa/ros2_ws/install/examples_rclcpp_multithreaded_executor/share/examples_rclcpp_multithreaded_executor/environment/ament_prefix_path.dsv
[1.619s] -- Up-to-date symlink: /home/isa/ros2_ws/install/examples_rclcpp_multithreaded_executor/share/examples_rclcpp_multithreaded_executor/environment/path.sh
[1.620s] -- Up-to-date symlink: /home/isa/ros2_ws/install/examples_rclcpp_multithreaded_executor/share/examples_rclcpp_multithreaded_executor/environment/path.dsv
[1.622s] -- Up-to-date symlink: /home/isa/ros2_ws/install/examples_rclcpp_multithreaded_executor/share/examples_rclcpp_multithreaded_executor/local_setup.bash
[1.622s] -- Up-to-date symlink: /home/isa/ros2_ws/install/examples_rclcpp_multithreaded_executor/share/examples_rclcpp_multithreaded_executor/local_setup.sh
[1.623s] -- Up-to-date symlink: /home/isa/ros2_ws/install/examples_rclcpp_multithreaded_executor/share/examples_rclcpp_multithreaded_executor/local_setup.zsh
[1.623s] -- Up-to-date symlink: /home/isa/ros2_ws/install/examples_rclcpp_multithreaded_executor/share/examples_rclcpp_multithreaded_executor/local_setup.dsv
[1.623s] -- Symlinking: /home/isa/ros2_ws/install/examples_rclcpp_multithreaded_executor/share/examples_rclcpp_multithreaded_executor/package.dsv
[1.641s] -- Up-to-date symlink: /home/isa/ros2_ws/install/examples_rclcpp_multithreaded_executor/share/ament_index/resource_index/packages/examples_rclcpp_multithreaded_executor
[1.641s] -- Up-to-date symlink: /home/isa/ros2_ws/install/examples_rclcpp_multithreaded_executor/share/examples_rclcpp_multithreaded_executor/cmake/examples_rclcpp_multithreaded_executorConfig.cmake
[1.642s] -- Up-to-date symlink: /home/isa/ros2_ws/install/examples_rclcpp_multithreaded_executor/share/examples_rclcpp_multithreaded_executor/cmake/examples_rclcpp_multithreaded_executorConfig-version.cmake
[1.642s] -- Up-to-date symlink: /home/isa/ros2_ws/install/examples_rclcpp_multithreaded_executor/share/examples_rclcpp_multithreaded_executor/package.xml
[1.649s] Invoked command in '/home/isa/ros2_ws/build/examples_rclcpp_multithreaded_executor' returned '0': CMAKE_PREFIX_PATH=/opt/ros/iron /usr/bin/cmake --install /home/isa/ros2_ws/build/examples_rclcpp_multithreaded_executor
