[1.752s] Invoking command in '/home/isa/ros2_ws/build/examples_rclpy_guard_conditions': PYTHONPATH=/home/isa/ros2_ws/build/examples_rclpy_guard_conditions/prefix_override:/home/isa/ros2_ws/install/examples_rclpy_guard_conditions/lib/python3.10/site-packages:${PYTHONPATH} /usr/bin/python3 setup.py develop --uninstall --editable --build-directory /home/isa/ros2_ws/build/examples_rclpy_guard_conditions/build
[2.193s] /usr/lib/python3/dist-packages/setuptools/command/easy_install.py:158: EasyInstallDeprecationWarning: easy_install command is deprecated. Use build and pip and other standards-based tools.
[2.193s]   warnings.warn(
[2.194s] /usr/lib/python3/dist-packages/setuptools/command/install.py:34: SetuptoolsDeprecationWarning: setup.py install is deprecated. Use build and pip and other standards-based tools.
[2.194s]   warnings.warn(
[2.194s] running develop
[2.276s] /usr/lib/python3/dist-packages/pkg_resources/__init__.py:116: PkgResourcesDeprecationWarning: 1.16.0-unknown is an invalid version and will not be supported in a future release
[2.276s]   warnings.warn(
[2.276s] /usr/lib/python3/dist-packages/pkg_resources/__init__.py:116: PkgResourcesDeprecationWarning: 1.1build1 is an invalid version and will not be supported in a future release
[2.276s]   warnings.warn(
[2.277s] /usr/lib/python3/dist-packages/pkg_resources/__init__.py:116: PkgResourcesDeprecationWarning: 0.1.43ubuntu1 is an invalid version and will not be supported in a future release
[2.277s]   warnings.warn(
[2.516s] Invoked command in '/home/isa/ros2_ws/build/examples_rclpy_guard_conditions' returned '0': PYTHONPATH=/home/isa/ros2_ws/build/examples_rclpy_guard_conditions/prefix_override:/home/isa/ros2_ws/install/examples_rclpy_guard_conditions/lib/python3.10/site-packages:${PYTHONPATH} /usr/bin/python3 setup.py develop --uninstall --editable --build-directory /home/isa/ros2_ws/build/examples_rclpy_guard_conditions/build
[2.516s] Invoking command in '/home/isa/ros2_ws/src/examples/rclpy/guard_conditions': PYTHONPATH=/home/isa/ros2_ws/build/examples_rclpy_guard_conditions/prefix_override:/home/isa/ros2_ws/install/examples_rclpy_guard_conditions/lib/python3.10/site-packages:${PYTHONPATH} /usr/bin/python3 setup.py egg_info --egg-base ../../../../build/examples_rclpy_guard_conditions build --build-base /home/isa/ros2_ws/build/examples_rclpy_guard_conditions/build install --record /home/isa/ros2_ws/build/examples_rclpy_guard_conditions/install.log --single-version-externally-managed
[2.883s] running egg_info
[2.884s] writing ../../../../build/examples_rclpy_guard_conditions/examples_rclpy_guard_conditions.egg-info/PKG-INFO
[2.884s] writing dependency_links to ../../../../build/examples_rclpy_guard_conditions/examples_rclpy_guard_conditions.egg-info/dependency_links.txt
[2.884s] writing entry points to ../../../../build/examples_rclpy_guard_conditions/examples_rclpy_guard_conditions.egg-info/entry_points.txt
[2.884s] writing requirements to ../../../../build/examples_rclpy_guard_conditions/examples_rclpy_guard_conditions.egg-info/requires.txt
[2.884s] writing top-level names to ../../../../build/examples_rclpy_guard_conditions/examples_rclpy_guard_conditions.egg-info/top_level.txt
[2.886s] reading manifest file '../../../../build/examples_rclpy_guard_conditions/examples_rclpy_guard_conditions.egg-info/SOURCES.txt'
[2.887s] writing manifest file '../../../../build/examples_rclpy_guard_conditions/examples_rclpy_guard_conditions.egg-info/SOURCES.txt'
[2.888s] running build
[2.888s] running build_py
[2.888s] running install
[2.888s] /usr/lib/python3/dist-packages/setuptools/command/install.py:34: SetuptoolsDeprecationWarning: setup.py install is deprecated. Use build and pip and other standards-based tools.
[2.888s]   warnings.warn(
[2.889s] running install_lib
[2.890s] running install_data
[2.891s] running install_egg_info
[2.892s] removing '/home/isa/ros2_ws/install/examples_rclpy_guard_conditions/lib/python3.10/site-packages/examples_rclpy_guard_conditions-0.18.0-py3.10.egg-info' (and everything under it)
[2.893s] Copying ../../../../build/examples_rclpy_guard_conditions/examples_rclpy_guard_conditions.egg-info to /home/isa/ros2_ws/install/examples_rclpy_guard_conditions/lib/python3.10/site-packages/examples_rclpy_guard_conditions-0.18.0-py3.10.egg-info
[2.893s] running install_scripts
[2.914s] Installing trigger_guard_condition script to /home/isa/ros2_ws/install/examples_rclpy_guard_conditions/lib/examples_rclpy_guard_conditions
[2.915s] writing list of installed files to '/home/isa/ros2_ws/build/examples_rclpy_guard_conditions/install.log'
[3.392s] Invoked command in '/home/isa/ros2_ws/src/examples/rclpy/guard_conditions' returned '0': PYTHONPATH=/home/isa/ros2_ws/build/examples_rclpy_guard_conditions/prefix_override:/home/isa/ros2_ws/install/examples_rclpy_guard_conditions/lib/python3.10/site-packages:${PYTHONPATH} /usr/bin/python3 setup.py egg_info --egg-base ../../../../build/examples_rclpy_guard_conditions build --build-base /home/isa/ros2_ws/build/examples_rclpy_guard_conditions/build install --record /home/isa/ros2_ws/build/examples_rclpy_guard_conditions/install.log --single-version-externally-managed
