[0.082s] Invoking command in '/home/isa/ros2_ws/build/examples_rclcpp_minimal_timer': CMAKE_PREFIX_PATH=/opt/ros/iron /usr/bin/cmake /home/isa/ros2_ws/src/examples/rclcpp/timers/minimal_timer -DCMAKE_INSTALL_PREFIX=/home/isa/ros2_ws/install/examples_rclcpp_minimal_timer
[0.092s] -- Found ament_cmake: 2.0.2 (/opt/ros/iron/share/ament_cmake/cmake)
[0.246s] -- Override CMake install command with custom implementation using symlinks instead of copying resources
[0.254s] -- Found rclcpp: 21.0.1 (/opt/ros/iron/share/rclcpp/cmake)
[0.286s] -- Found rosidl_generator_c: 4.0.0 (/opt/ros/iron/share/rosidl_generator_c/cmake)
[0.295s] -- Found rosidl_generator_cpp: 4.0.0 (/opt/ros/iron/share/rosidl_generator_cpp/cmake)
[0.309s] -- Using all available rosidl_typesupport_c: rosidl_typesupport_fastrtps_c;rosidl_typesupport_introspection_c
[0.329s] -- Using all available rosidl_typesupport_cpp: rosidl_typesupport_fastrtps_cpp;rosidl_typesupport_introspection_cpp
[0.638s] -- Found rmw_implementation_cmake: 7.1.0 (/opt/ros/iron/share/rmw_implementation_cmake/cmake)
[0.640s] -- Found rmw_fastrtps_cpp: 7.1.1 (/opt/ros/iron/share/rmw_fastrtps_cpp/cmake)
[0.833s] -- Using RMW implementation 'rmw_fastrtps_cpp' as default
[1.180s] -- Found ament_lint_auto: 0.14.1 (/opt/ros/iron/share/ament_lint_auto/cmake)
[1.276s] -- Added test 'copyright' to check source files copyright and LICENSE
[1.277s] -- Added test 'cppcheck' to perform static code analysis on C / C++ code
[1.277s] -- Configured cppcheck include dirs: 
[1.278s] -- Configured cppcheck exclude dirs and/or files: 
[1.278s] -- Added test 'cpplint' to check C / C++ code against the Google style
[1.278s] -- Configured cpplint exclude dirs and/or files: 
[1.278s] -- Added test 'lint_cmake' to check CMake code style
[1.279s] -- Added test 'uncrustify' to check C / C++ code style
[1.279s] -- Configured uncrustify additional arguments: 
[1.280s] -- Added test 'xmllint' to check XML markup files
[1.283s] -- Configuring done
[1.305s] -- Generating done
[1.306s] -- Build files have been written to: /home/isa/ros2_ws/build/examples_rclcpp_minimal_timer
[1.556s] Invoked command in '/home/isa/ros2_ws/build/examples_rclcpp_minimal_timer' returned '0': CMAKE_PREFIX_PATH=/opt/ros/iron /usr/bin/cmake /home/isa/ros2_ws/src/examples/rclcpp/timers/minimal_timer -DCMAKE_INSTALL_PREFIX=/home/isa/ros2_ws/install/examples_rclcpp_minimal_timer
[1.558s] Invoking command in '/home/isa/ros2_ws/build/examples_rclcpp_minimal_timer': CMAKE_PREFIX_PATH=/opt/ros/iron /usr/bin/cmake --build /home/isa/ros2_ws/build/examples_rclcpp_minimal_timer -- -j8 -l8
[1.633s] [35m[1mConsolidate compiler generated dependencies of target timer_member_function[0m
[1.664s] [35m[1mConsolidate compiler generated dependencies of target timer_lambda[0m
[1.683s] [ 50%] Built target timer_member_function
[1.707s] [100%] Built target timer_lambda
[1.726s] Invoked command in '/home/isa/ros2_ws/build/examples_rclcpp_minimal_timer' returned '0': CMAKE_PREFIX_PATH=/opt/ros/iron /usr/bin/cmake --build /home/isa/ros2_ws/build/examples_rclcpp_minimal_timer -- -j8 -l8
[1.806s] Invoking command in '/home/isa/ros2_ws/build/examples_rclcpp_minimal_timer': CMAKE_PREFIX_PATH=/opt/ros/iron /usr/bin/cmake --install /home/isa/ros2_ws/build/examples_rclcpp_minimal_timer
[1.815s] -- Install configuration: ""
[1.816s] -- Execute custom install script
[1.817s] -- Up-to-date symlink: /home/isa/ros2_ws/install/examples_rclcpp_minimal_timer/lib/examples_rclcpp_minimal_timer/timer_lambda
[1.817s] -- Up-to-date symlink: /home/isa/ros2_ws/install/examples_rclcpp_minimal_timer/lib/examples_rclcpp_minimal_timer/timer_member_function
[1.818s] -- Up-to-date symlink: /home/isa/ros2_ws/install/examples_rclcpp_minimal_timer/share/ament_index/resource_index/package_run_dependencies/examples_rclcpp_minimal_timer
[1.819s] -- Up-to-date symlink: /home/isa/ros2_ws/install/examples_rclcpp_minimal_timer/share/ament_index/resource_index/parent_prefix_path/examples_rclcpp_minimal_timer
[1.820s] -- Up-to-date symlink: /home/isa/ros2_ws/install/examples_rclcpp_minimal_timer/share/examples_rclcpp_minimal_timer/environment/ament_prefix_path.sh
[1.820s] -- Up-to-date symlink: /home/isa/ros2_ws/install/examples_rclcpp_minimal_timer/share/examples_rclcpp_minimal_timer/environment/ament_prefix_path.dsv
[1.821s] -- Up-to-date symlink: /home/isa/ros2_ws/install/examples_rclcpp_minimal_timer/share/examples_rclcpp_minimal_timer/environment/path.sh
[1.821s] -- Up-to-date symlink: /home/isa/ros2_ws/install/examples_rclcpp_minimal_timer/share/examples_rclcpp_minimal_timer/environment/path.dsv
[1.822s] -- Up-to-date symlink: /home/isa/ros2_ws/install/examples_rclcpp_minimal_timer/share/examples_rclcpp_minimal_timer/local_setup.bash
[1.823s] -- Up-to-date symlink: /home/isa/ros2_ws/install/examples_rclcpp_minimal_timer/share/examples_rclcpp_minimal_timer/local_setup.sh
[1.824s] -- Up-to-date symlink: /home/isa/ros2_ws/install/examples_rclcpp_minimal_timer/share/examples_rclcpp_minimal_timer/local_setup.zsh
[1.824s] -- Up-to-date symlink: /home/isa/ros2_ws/install/examples_rclcpp_minimal_timer/share/examples_rclcpp_minimal_timer/local_setup.dsv
[1.824s] -- Symlinking: /home/isa/ros2_ws/install/examples_rclcpp_minimal_timer/share/examples_rclcpp_minimal_timer/package.dsv
[1.837s] -- Up-to-date symlink: /home/isa/ros2_ws/install/examples_rclcpp_minimal_timer/share/ament_index/resource_index/packages/examples_rclcpp_minimal_timer
[1.838s] -- Up-to-date symlink: /home/isa/ros2_ws/install/examples_rclcpp_minimal_timer/share/examples_rclcpp_minimal_timer/cmake/examples_rclcpp_minimal_timerConfig.cmake
[1.838s] -- Up-to-date symlink: /home/isa/ros2_ws/install/examples_rclcpp_minimal_timer/share/examples_rclcpp_minimal_timer/cmake/examples_rclcpp_minimal_timerConfig-version.cmake
[1.839s] -- Up-to-date symlink: /home/isa/ros2_ws/install/examples_rclcpp_minimal_timer/share/examples_rclcpp_minimal_timer/package.xml
[1.879s] Invoked command in '/home/isa/ros2_ws/build/examples_rclcpp_minimal_timer' returned '0': CMAKE_PREFIX_PATH=/opt/ros/iron /usr/bin/cmake --install /home/isa/ros2_ws/build/examples_rclcpp_minimal_timer
