[1.730s] Invoking command in '/home/isa/ros2_ws/build/examples_rclpy_minimal_publisher': PYTHONPATH=/home/isa/ros2_ws/build/examples_rclpy_minimal_publisher/prefix_override:/home/isa/ros2_ws/install/examples_rclpy_minimal_publisher/lib/python3.10/site-packages:${PYTHONPATH} /usr/bin/python3 setup.py develop --uninstall --editable --build-directory /home/isa/ros2_ws/build/examples_rclpy_minimal_publisher/build
[2.078s] /usr/lib/python3/dist-packages/setuptools/command/easy_install.py:158: EasyInstallDeprecationWarning: easy_install command is deprecated. Use build and pip and other standards-based tools.
[2.078s]   warnings.warn(
[2.079s] /usr/lib/python3/dist-packages/setuptools/command/install.py:34: SetuptoolsDeprecationWarning: setup.py install is deprecated. Use build and pip and other standards-based tools.
[2.079s]   warnings.warn(
[2.079s] running develop
[2.133s] /usr/lib/python3/dist-packages/pkg_resources/__init__.py:116: PkgResourcesDeprecationWarning: 1.16.0-unknown is an invalid version and will not be supported in a future release
[2.133s]   warnings.warn(
[2.133s] /usr/lib/python3/dist-packages/pkg_resources/__init__.py:116: PkgResourcesDeprecationWarning: 1.1build1 is an invalid version and will not be supported in a future release
[2.133s]   warnings.warn(
[2.133s] /usr/lib/python3/dist-packages/pkg_resources/__init__.py:116: PkgResourcesDeprecationWarning: 0.1.43ubuntu1 is an invalid version and will not be supported in a future release
[2.134s]   warnings.warn(
[2.353s] Invoked command in '/home/isa/ros2_ws/build/examples_rclpy_minimal_publisher' returned '0': PYTHONPATH=/home/isa/ros2_ws/build/examples_rclpy_minimal_publisher/prefix_override:/home/isa/ros2_ws/install/examples_rclpy_minimal_publisher/lib/python3.10/site-packages:${PYTHONPATH} /usr/bin/python3 setup.py develop --uninstall --editable --build-directory /home/isa/ros2_ws/build/examples_rclpy_minimal_publisher/build
[2.355s] Invoking command in '/home/isa/ros2_ws/src/examples/rclpy/topics/minimal_publisher': PYTHONPATH=/home/isa/ros2_ws/build/examples_rclpy_minimal_publisher/prefix_override:/home/isa/ros2_ws/install/examples_rclpy_minimal_publisher/lib/python3.10/site-packages:${PYTHONPATH} /usr/bin/python3 setup.py egg_info --egg-base ../../../../../build/examples_rclpy_minimal_publisher build --build-base /home/isa/ros2_ws/build/examples_rclpy_minimal_publisher/build install --record /home/isa/ros2_ws/build/examples_rclpy_minimal_publisher/install.log --single-version-externally-managed
[2.794s] running egg_info
[2.795s] writing ../../../../../build/examples_rclpy_minimal_publisher/examples_rclpy_minimal_publisher.egg-info/PKG-INFO
[2.795s] writing dependency_links to ../../../../../build/examples_rclpy_minimal_publisher/examples_rclpy_minimal_publisher.egg-info/dependency_links.txt
[2.796s] writing entry points to ../../../../../build/examples_rclpy_minimal_publisher/examples_rclpy_minimal_publisher.egg-info/entry_points.txt
[2.796s] writing requirements to ../../../../../build/examples_rclpy_minimal_publisher/examples_rclpy_minimal_publisher.egg-info/requires.txt
[2.796s] writing top-level names to ../../../../../build/examples_rclpy_minimal_publisher/examples_rclpy_minimal_publisher.egg-info/top_level.txt
[2.799s] reading manifest file '../../../../../build/examples_rclpy_minimal_publisher/examples_rclpy_minimal_publisher.egg-info/SOURCES.txt'
[2.801s] writing manifest file '../../../../../build/examples_rclpy_minimal_publisher/examples_rclpy_minimal_publisher.egg-info/SOURCES.txt'
[2.801s] running build
[2.801s] running build_py
[2.802s] running install
[2.802s] /usr/lib/python3/dist-packages/setuptools/command/install.py:34: SetuptoolsDeprecationWarning: setup.py install is deprecated. Use build and pip and other standards-based tools.
[2.803s]   warnings.warn(
[2.803s] running install_lib
[2.806s] running install_data
[2.808s] running install_egg_info
[2.813s] removing '/home/isa/ros2_ws/install/examples_rclpy_minimal_publisher/lib/python3.10/site-packages/examples_rclpy_minimal_publisher-0.18.0-py3.10.egg-info' (and everything under it)
[2.814s] Copying ../../../../../build/examples_rclpy_minimal_publisher/examples_rclpy_minimal_publisher.egg-info to /home/isa/ros2_ws/install/examples_rclpy_minimal_publisher/lib/python3.10/site-packages/examples_rclpy_minimal_publisher-0.18.0-py3.10.egg-info
[2.816s] running install_scripts
[2.855s] Installing publisher_local_function script to /home/isa/ros2_ws/install/examples_rclpy_minimal_publisher/lib/examples_rclpy_minimal_publisher
[2.855s] Installing publisher_member_function script to /home/isa/ros2_ws/install/examples_rclpy_minimal_publisher/lib/examples_rclpy_minimal_publisher
[2.856s] Installing publisher_old_school script to /home/isa/ros2_ws/install/examples_rclpy_minimal_publisher/lib/examples_rclpy_minimal_publisher
[2.857s] writing list of installed files to '/home/isa/ros2_ws/build/examples_rclpy_minimal_publisher/install.log'
[2.918s] Invoked command in '/home/isa/ros2_ws/src/examples/rclpy/topics/minimal_publisher' returned '0': PYTHONPATH=/home/isa/ros2_ws/build/examples_rclpy_minimal_publisher/prefix_override:/home/isa/ros2_ws/install/examples_rclpy_minimal_publisher/lib/python3.10/site-packages:${PYTHONPATH} /usr/bin/python3 setup.py egg_info --egg-base ../../../../../build/examples_rclpy_minimal_publisher build --build-base /home/isa/ros2_ws/build/examples_rclpy_minimal_publisher/build install --record /home/isa/ros2_ws/build/examples_rclpy_minimal_publisher/install.log --single-version-externally-managed
