[1.635s] Invoking command in '/home/isa/ros2_ws/build/examples_rclpy_minimal_client': PYTHONPATH=/home/isa/ros2_ws/build/examples_rclpy_minimal_client/prefix_override:/home/isa/ros2_ws/install/examples_rclpy_minimal_client/lib/python3.10/site-packages:${PYTHONPATH} /usr/bin/python3 setup.py develop --editable --build-directory /home/isa/ros2_ws/build/examples_rclpy_minimal_client/build --no-deps install_data
[2.342s] running develop
[2.342s] /usr/lib/python3/dist-packages/setuptools/command/easy_install.py:158: EasyInstallDeprecationWarning: easy_install command is deprecated. Use build and pip and other standards-based tools.
[2.343s]   warnings.warn(
[2.345s] /usr/lib/python3/dist-packages/setuptools/command/install.py:34: SetuptoolsDeprecationWarning: setup.py install is deprecated. Use build and pip and other standards-based tools.
[2.346s]   warnings.warn(
[2.512s] /usr/lib/python3/dist-packages/pkg_resources/__init__.py:116: PkgResourcesDeprecationWarning: 1.16.0-unknown is an invalid version and will not be supported in a future release
[2.513s]   warnings.warn(
[2.513s] /usr/lib/python3/dist-packages/pkg_resources/__init__.py:116: PkgResourcesDeprecationWarning: 1.1build1 is an invalid version and will not be supported in a future release
[2.513s]   warnings.warn(
[2.513s] /usr/lib/python3/dist-packages/pkg_resources/__init__.py:116: PkgResourcesDeprecationWarning: 0.1.43ubuntu1 is an invalid version and will not be supported in a future release
[2.514s]   warnings.warn(
[2.821s] running egg_info
[2.821s] creating examples_rclpy_minimal_client.egg-info
[2.821s] writing examples_rclpy_minimal_client.egg-info/PKG-INFO
[2.822s] writing dependency_links to examples_rclpy_minimal_client.egg-info/dependency_links.txt
[2.822s] writing entry points to examples_rclpy_minimal_client.egg-info/entry_points.txt
[2.823s] writing requirements to examples_rclpy_minimal_client.egg-info/requires.txt
[2.823s] writing top-level names to examples_rclpy_minimal_client.egg-info/top_level.txt
[2.824s] writing manifest file 'examples_rclpy_minimal_client.egg-info/SOURCES.txt'
[2.828s] reading manifest file 'examples_rclpy_minimal_client.egg-info/SOURCES.txt'
[2.829s] writing manifest file 'examples_rclpy_minimal_client.egg-info/SOURCES.txt'
[2.832s] running build_ext
[2.833s] Creating /home/isa/ros2_ws/install/examples_rclpy_minimal_client/lib/python3.10/site-packages/examples-rclpy-minimal-client.egg-link (link to .)
[2.834s] Installing client script to /home/isa/ros2_ws/install/examples_rclpy_minimal_client/lib/examples_rclpy_minimal_client
[2.835s] Installing client_async script to /home/isa/ros2_ws/install/examples_rclpy_minimal_client/lib/examples_rclpy_minimal_client
[2.835s] Installing client_async_callback script to /home/isa/ros2_ws/install/examples_rclpy_minimal_client/lib/examples_rclpy_minimal_client
[2.835s] Installing client_async_member_function script to /home/isa/ros2_ws/install/examples_rclpy_minimal_client/lib/examples_rclpy_minimal_client
[2.836s] 
[2.836s] Installed /home/isa/ros2_ws/build/examples_rclpy_minimal_client
[2.836s] running install_data
[2.836s] creating /home/isa/ros2_ws/install/examples_rclpy_minimal_client/share/ament_index
[2.837s] creating /home/isa/ros2_ws/install/examples_rclpy_minimal_client/share/ament_index/resource_index
[2.837s] creating /home/isa/ros2_ws/install/examples_rclpy_minimal_client/share/ament_index/resource_index/packages
[2.837s] copying resource/examples_rclpy_minimal_client -> /home/isa/ros2_ws/install/examples_rclpy_minimal_client/share/ament_index/resource_index/packages
[2.837s] copying package.xml -> /home/isa/ros2_ws/install/examples_rclpy_minimal_client/share/examples_rclpy_minimal_client
[2.902s] Invoked command in '/home/isa/ros2_ws/build/examples_rclpy_minimal_client' returned '0': PYTHONPATH=/home/isa/ros2_ws/build/examples_rclpy_minimal_client/prefix_override:/home/isa/ros2_ws/install/examples_rclpy_minimal_client/lib/python3.10/site-packages:${PYTHONPATH} /usr/bin/python3 setup.py develop --editable --build-directory /home/isa/ros2_ws/build/examples_rclpy_minimal_client/build --no-deps install_data
