[0.032s] Invoking command in '/home/isa/ros2_ws/build/examples_rclcpp_minimal_service': CMAKE_PREFIX_PATH=/opt/ros/iron /usr/bin/cmake --build /home/isa/ros2_ws/build/examples_rclcpp_minimal_service -- -j8 -l8
[0.175s] [100%] Built target service_main
[0.186s] Invoked command in '/home/isa/ros2_ws/build/examples_rclcpp_minimal_service' returned '0': CMAKE_PREFIX_PATH=/opt/ros/iron /usr/bin/cmake --build /home/isa/ros2_ws/build/examples_rclcpp_minimal_service -- -j8 -l8
[0.224s] Invoking command in '/home/isa/ros2_ws/build/examples_rclcpp_minimal_service': CMAKE_PREFIX_PATH=/opt/ros/iron /usr/bin/cmake --install /home/isa/ros2_ws/build/examples_rclcpp_minimal_service
[0.241s] -- Install configuration: ""
[0.244s] -- Execute custom install script
[0.246s] -- Up-to-date symlink: /home/isa/ros2_ws/install/examples_rclcpp_minimal_service/lib/examples_rclcpp_minimal_service/service_main
[0.248s] -- Up-to-date symlink: /home/isa/ros2_ws/install/examples_rclcpp_minimal_service/share/ament_index/resource_index/package_run_dependencies/examples_rclcpp_minimal_service
[0.251s] -- Up-to-date symlink: /home/isa/ros2_ws/install/examples_rclcpp_minimal_service/share/ament_index/resource_index/parent_prefix_path/examples_rclcpp_minimal_service
[0.251s] -- Up-to-date symlink: /home/isa/ros2_ws/install/examples_rclcpp_minimal_service/share/examples_rclcpp_minimal_service/environment/ament_prefix_path.sh
[0.251s] -- Up-to-date symlink: /home/isa/ros2_ws/install/examples_rclcpp_minimal_service/share/examples_rclcpp_minimal_service/environment/ament_prefix_path.dsv
[0.256s] -- Up-to-date symlink: /home/isa/ros2_ws/install/examples_rclcpp_minimal_service/share/examples_rclcpp_minimal_service/environment/path.sh
[0.256s] -- Up-to-date symlink: /home/isa/ros2_ws/install/examples_rclcpp_minimal_service/share/examples_rclcpp_minimal_service/environment/path.dsv
[0.257s] -- Up-to-date symlink: /home/isa/ros2_ws/install/examples_rclcpp_minimal_service/share/examples_rclcpp_minimal_service/local_setup.bash
[0.258s] -- Up-to-date symlink: /home/isa/ros2_ws/install/examples_rclcpp_minimal_service/share/examples_rclcpp_minimal_service/local_setup.sh
[0.258s] -- Up-to-date symlink: /home/isa/ros2_ws/install/examples_rclcpp_minimal_service/share/examples_rclcpp_minimal_service/local_setup.zsh
[0.258s] -- Up-to-date symlink: /home/isa/ros2_ws/install/examples_rclcpp_minimal_service/share/examples_rclcpp_minimal_service/local_setup.dsv
[0.260s] -- Symlinking: /home/isa/ros2_ws/install/examples_rclcpp_minimal_service/share/examples_rclcpp_minimal_service/package.dsv
[0.267s] -- Up-to-date symlink: /home/isa/ros2_ws/install/examples_rclcpp_minimal_service/share/ament_index/resource_index/packages/examples_rclcpp_minimal_service
[0.267s] -- Up-to-date symlink: /home/isa/ros2_ws/install/examples_rclcpp_minimal_service/share/examples_rclcpp_minimal_service/cmake/examples_rclcpp_minimal_serviceConfig.cmake
[0.267s] -- Up-to-date symlink: /home/isa/ros2_ws/install/examples_rclcpp_minimal_service/share/examples_rclcpp_minimal_service/cmake/examples_rclcpp_minimal_serviceConfig-version.cmake
[0.268s] -- Up-to-date symlink: /home/isa/ros2_ws/install/examples_rclcpp_minimal_service/share/examples_rclcpp_minimal_service/package.xml
[0.323s] Invoked command in '/home/isa/ros2_ws/build/examples_rclcpp_minimal_service' returned '0': CMAKE_PREFIX_PATH=/opt/ros/iron /usr/bin/cmake --install /home/isa/ros2_ws/build/examples_rclcpp_minimal_service
