[0.062s] Invoking command in '/home/isa/ros2_ws/build/examples_rclcpp_wait_set': CMAKE_PREFIX_PATH=/opt/ros/iron /usr/bin/cmake /home/isa/ros2_ws/src/examples/rclcpp/wait_set -DAMENT_CMAKE_SYMLINK_INSTALL=1 -DCMAKE_INSTALL_PREFIX=/home/isa/ros2_ws/install/examples_rclcpp_wait_set
[0.437s] -- The C compiler identification is GNU 11.3.0
[0.613s] -- The CXX compiler identification is GNU 11.3.0
[0.649s] -- Detecting C compiler ABI info
[0.918s] -- Detecting C compiler ABI info - done
[0.964s] -- Check for working C compiler: /usr/bin/cc - skipped
[0.965s] -- Detecting C compile features
[0.966s] -- Detecting C compile features - done
[0.984s] -- Detecting CXX compiler ABI info
[1.412s] -- Detecting CXX compiler ABI info - done
[1.440s] -- Check for working CXX compiler: /usr/bin/c++ - skipped
[1.441s] -- Detecting CXX compile features
[1.442s] -- Detecting CXX compile features - done
[1.447s] -- Found ament_cmake: 2.0.2 (/opt/ros/iron/share/ament_cmake/cmake)
[2.165s] -- Found Python3: /usr/bin/python3.10 (found version "3.10.6") found components: Interpreter 
[2.331s] -- Override CMake install command with custom implementation using symlinks instead of copying resources
[2.384s] -- Found example_interfaces: 0.10.2 (/opt/ros/iron/share/example_interfaces/cmake)
[2.482s] -- Found rosidl_generator_c: 4.0.0 (/opt/ros/iron/share/rosidl_generator_c/cmake)
[2.520s] -- Found rosidl_generator_cpp: 4.0.0 (/opt/ros/iron/share/rosidl_generator_cpp/cmake)
[2.568s] -- Using all available rosidl_typesupport_c: rosidl_typesupport_fastrtps_c;rosidl_typesupport_introspection_c
[2.628s] -- Using all available rosidl_typesupport_cpp: rosidl_typesupport_fastrtps_cpp;rosidl_typesupport_introspection_cpp
[3.667s] -- Found rclcpp: 21.0.1 (/opt/ros/iron/share/rclcpp/cmake)
[4.019s] -- Found rmw_implementation_cmake: 7.1.0 (/opt/ros/iron/share/rmw_implementation_cmake/cmake)
[4.024s] -- Found rmw_fastrtps_cpp: 7.1.1 (/opt/ros/iron/share/rmw_fastrtps_cpp/cmake)
[4.300s] -- Found OpenSSL: /usr/lib/x86_64-linux-gnu/libcrypto.so (found version "3.0.2")  
[4.394s] -- Found FastRTPS: /opt/ros/iron/include  
[4.524s] -- Using RMW implementation 'rmw_fastrtps_cpp' as default
[5.101s] -- Found rclcpp_components: 21.0.1 (/opt/ros/iron/share/rclcpp_components/cmake)
[5.465s] -- Found std_msgs: 5.0.0 (/opt/ros/iron/share/std_msgs/cmake)
[5.604s] -- Found ament_lint_auto: 0.14.1 (/opt/ros/iron/share/ament_lint_auto/cmake)
[5.802s] -- Added test 'copyright' to check source files copyright and LICENSE
[5.807s] -- Added test 'cppcheck' to perform static code analysis on C / C++ code
[5.810s] -- Configured cppcheck include dirs: /home/isa/ros2_ws/src/examples/rclcpp/wait_set/include
[5.810s] -- Configured cppcheck exclude dirs and/or files: 
[5.814s] -- Added test 'cpplint' to check C / C++ code against the Google style
[5.814s] -- Configured cpplint exclude dirs and/or files: 
[5.816s] -- Added test 'lint_cmake' to check CMake code style
[5.821s] -- Added test 'uncrustify' to check C / C++ code style
[5.821s] -- Configured uncrustify additional arguments: 
[5.823s] -- Added test 'xmllint' to check XML markup files
[5.827s] -- Configuring done
[5.954s] -- Generating done
[5.960s] -- Build files have been written to: /home/isa/ros2_ws/build/examples_rclcpp_wait_set
[5.993s] Invoked command in '/home/isa/ros2_ws/build/examples_rclcpp_wait_set' returned '0': CMAKE_PREFIX_PATH=/opt/ros/iron /usr/bin/cmake /home/isa/ros2_ws/src/examples/rclcpp/wait_set -DAMENT_CMAKE_SYMLINK_INSTALL=1 -DCMAKE_INSTALL_PREFIX=/home/isa/ros2_ws/install/examples_rclcpp_wait_set
[5.993s] Invoking command in '/home/isa/ros2_ws/build/examples_rclcpp_wait_set': CMAKE_PREFIX_PATH=/opt/ros/iron /usr/bin/cmake --build /home/isa/ros2_ws/build/examples_rclcpp_wait_set -- -j8 -l8
[7.038s] [  4%] [32mBuilding CXX object CMakeFiles/talker.dir/src/talker.cpp.o[0m
[17.389s] [  8%] [32m[1mLinking CXX shared library libtalker.so[0m
[17.790s] [  8%] Built target talker
[17.826s] [ 12%] [32mBuilding CXX object CMakeFiles/wait_set_topics_and_timer.dir/src/wait_set_topics_and_timer.cpp.o[0m
[29.198s] [ 16%] [32m[1mLinking CXX executable wait_set_topics_and_timer[0m
[29.604s] [ 16%] Built target wait_set_topics_and_timer
[29.623s] [ 20%] [32mBuilding CXX object CMakeFiles/wait_set_random_order.dir/src/wait_set_random_order.cpp.o[0m
[34.638s] [ 25%] [32mBuilding CXX object CMakeFiles/executor_random_order.dir/src/executor_random_order.cpp.o[0m
[35.664s] [ 29%] [32mBuilding CXX object CMakeFiles/thread_safe_wait_set.dir/src/thread_safe_wait_set.cpp.o[0m
[36.685s] [ 33%] [32mBuilding CXX object CMakeFiles/static_wait_set.dir/src/static_wait_set.cpp.o[0m
[37.804s] [ 37%] [32mBuilding CXX object CMakeFiles/wait_set.dir/src/wait_set.cpp.o[0m
[38.894s] [ 41%] [32mBuilding CXX object CMakeFiles/wait_set_listener.dir/rclcpp_components/node_main_wait_set_listener.cpp.o[0m
[42.909s] [ 45%] [32m[1mLinking CXX executable wait_set_random_order[0m
[44.190s] [ 45%] Built target wait_set_random_order
[52.550s] [ 50%] [32m[1mLinking CXX executable wait_set_listener[0m
[53.066s] [ 50%] Built target wait_set_listener
[56.881s] [ 54%] [32m[1mLinking CXX executable executor_random_order[0m
[57.814s] [ 54%] Built target executor_random_order
[60.139s] [ 58%] [32m[1mLinking CXX executable static_wait_set[0m
[60.689s] [ 58%] Built target static_wait_set
[61.055s] [ 62%] [32m[1mLinking CXX executable thread_safe_wait_set[0m
[61.760s] [ 62%] Built target thread_safe_wait_set
[61.858s] [ 66%] [32m[1mLinking CXX executable wait_set[0m
[62.394s] [ 66%] Built target wait_set
[62.414s] [ 70%] [32mBuilding CXX object CMakeFiles/wait_set_topics_with_different_rates.dir/src/wait_set_topics_with_different_rates.cpp.o[0m
[71.107s] [ 75%] [32m[1mLinking CXX executable wait_set_topics_with_different_rates[0m
[71.530s] [ 75%] Built target wait_set_topics_with_different_rates
[71.549s] [ 83%] [32mBuilding CXX object CMakeFiles/listener.dir/src/listener.cpp.o[0m
[71.549s] [ 83%] [32mBuilding CXX object CMakeFiles/wait_set_talker.dir/rclcpp_components/node_main_wait_set_talker.cpp.o[0m
[76.681s] [ 87%] [32m[1mLinking CXX executable wait_set_talker[0m
[76.882s] [ 87%] Built target wait_set_talker
[82.364s] [ 91%] [32m[1mLinking CXX shared library liblistener.so[0m
[82.906s] [ 91%] Built target listener
[82.927s] [ 95%] [32mBuilding CXX object CMakeFiles/wait_set_composed.dir/src/wait_set_composed.cpp.o[0m
[86.110s] [100%] [32m[1mLinking CXX executable wait_set_composed[0m
[86.280s] [100%] Built target wait_set_composed
[86.289s] Invoked command in '/home/isa/ros2_ws/build/examples_rclcpp_wait_set' returned '0': CMAKE_PREFIX_PATH=/opt/ros/iron /usr/bin/cmake --build /home/isa/ros2_ws/build/examples_rclcpp_wait_set -- -j8 -l8
[86.335s] Invoking command in '/home/isa/ros2_ws/build/examples_rclcpp_wait_set': CMAKE_PREFIX_PATH=/opt/ros/iron /usr/bin/cmake --install /home/isa/ros2_ws/build/examples_rclcpp_wait_set
[86.341s] -- Install configuration: ""
[86.341s] -- Execute custom install script
[86.342s] -- Symlinking: /home/isa/ros2_ws/install/examples_rclcpp_wait_set/lib/examples_rclcpp_wait_set/wait_set_talker
[86.349s] -- Symlinking: /home/isa/ros2_ws/install/examples_rclcpp_wait_set/lib/examples_rclcpp_wait_set/wait_set_listener
[86.355s] -- Symlinking: /home/isa/ros2_ws/install/examples_rclcpp_wait_set/lib/libtalker.so
[86.362s] -- Symlinking: /home/isa/ros2_ws/install/examples_rclcpp_wait_set/lib/liblistener.so
[86.368s] -- Symlinking: /home/isa/ros2_ws/install/examples_rclcpp_wait_set/lib/examples_rclcpp_wait_set/wait_set
[86.375s] -- Symlinking: /home/isa/ros2_ws/install/examples_rclcpp_wait_set/lib/examples_rclcpp_wait_set/static_wait_set
[86.381s] -- Symlinking: /home/isa/ros2_ws/install/examples_rclcpp_wait_set/lib/examples_rclcpp_wait_set/thread_safe_wait_set
[86.387s] -- Symlinking: /home/isa/ros2_ws/install/examples_rclcpp_wait_set/lib/examples_rclcpp_wait_set/wait_set_topics_and_timer
[86.393s] -- Symlinking: /home/isa/ros2_ws/install/examples_rclcpp_wait_set/lib/examples_rclcpp_wait_set/wait_set_random_order
[86.400s] -- Symlinking: /home/isa/ros2_ws/install/examples_rclcpp_wait_set/lib/examples_rclcpp_wait_set/executor_random_order
[86.406s] -- Symlinking: /home/isa/ros2_ws/install/examples_rclcpp_wait_set/lib/examples_rclcpp_wait_set/wait_set_topics_with_different_rates
[86.413s] -- Symlinking: /home/isa/ros2_ws/install/examples_rclcpp_wait_set/lib/examples_rclcpp_wait_set/wait_set_composed
[86.419s] -- Symlinking: /home/isa/ros2_ws/install/examples_rclcpp_wait_set/share/ament_index/resource_index/package_run_dependencies/examples_rclcpp_wait_set
[86.426s] -- Symlinking: /home/isa/ros2_ws/install/examples_rclcpp_wait_set/share/ament_index/resource_index/parent_prefix_path/examples_rclcpp_wait_set
[86.432s] -- Symlinking: /home/isa/ros2_ws/install/examples_rclcpp_wait_set/share/examples_rclcpp_wait_set/environment/ament_prefix_path.sh
[86.439s] -- Symlinking: /home/isa/ros2_ws/install/examples_rclcpp_wait_set/share/examples_rclcpp_wait_set/environment/ament_prefix_path.dsv
[86.446s] -- Symlinking: /home/isa/ros2_ws/install/examples_rclcpp_wait_set/share/examples_rclcpp_wait_set/environment/path.sh
[86.452s] -- Symlinking: /home/isa/ros2_ws/install/examples_rclcpp_wait_set/share/examples_rclcpp_wait_set/environment/path.dsv
[86.459s] -- Symlinking: /home/isa/ros2_ws/install/examples_rclcpp_wait_set/share/examples_rclcpp_wait_set/local_setup.bash
[86.465s] -- Symlinking: /home/isa/ros2_ws/install/examples_rclcpp_wait_set/share/examples_rclcpp_wait_set/local_setup.sh
[86.472s] -- Symlinking: /home/isa/ros2_ws/install/examples_rclcpp_wait_set/share/examples_rclcpp_wait_set/local_setup.zsh
[86.478s] -- Symlinking: /home/isa/ros2_ws/install/examples_rclcpp_wait_set/share/examples_rclcpp_wait_set/local_setup.dsv
[86.484s] -- Symlinking: /home/isa/ros2_ws/install/examples_rclcpp_wait_set/share/examples_rclcpp_wait_set/package.dsv
[86.491s] -- Symlinking: /home/isa/ros2_ws/install/examples_rclcpp_wait_set/share/ament_index/resource_index/packages/examples_rclcpp_wait_set
[86.497s] -- Symlinking: /home/isa/ros2_ws/install/examples_rclcpp_wait_set/share/ament_index/resource_index/rclcpp_components/examples_rclcpp_wait_set
[86.503s] -- Symlinking: /home/isa/ros2_ws/install/examples_rclcpp_wait_set/share/examples_rclcpp_wait_set/cmake/examples_rclcpp_wait_setConfig.cmake
[86.510s] -- Symlinking: /home/isa/ros2_ws/install/examples_rclcpp_wait_set/share/examples_rclcpp_wait_set/cmake/examples_rclcpp_wait_setConfig-version.cmake
[86.516s] -- Symlinking: /home/isa/ros2_ws/install/examples_rclcpp_wait_set/share/examples_rclcpp_wait_set/package.xml
[86.526s] Invoked command in '/home/isa/ros2_ws/build/examples_rclcpp_wait_set' returned '0': CMAKE_PREFIX_PATH=/opt/ros/iron /usr/bin/cmake --install /home/isa/ros2_ws/build/examples_rclcpp_wait_set
