[1.612s] Invoking command in '/home/isa/ros2_ws/build/examples_rclpy_minimal_action_client': PYTHONPATH=/home/isa/ros2_ws/build/examples_rclpy_minimal_action_client/prefix_override:/home/isa/ros2_ws/install/examples_rclpy_minimal_action_client/lib/python3.10/site-packages:${PYTHONPATH} /usr/bin/python3 setup.py develop --editable --build-directory /home/isa/ros2_ws/build/examples_rclpy_minimal_action_client/build --no-deps install_data
[2.375s] running develop
[2.376s] /usr/lib/python3/dist-packages/setuptools/command/easy_install.py:158: EasyInstallDeprecationWarning: easy_install command is deprecated. Use build and pip and other standards-based tools.
[2.376s]   warnings.warn(
[2.378s] /usr/lib/python3/dist-packages/setuptools/command/install.py:34: SetuptoolsDeprecationWarning: setup.py install is deprecated. Use build and pip and other standards-based tools.
[2.378s]   warnings.warn(
[2.472s] /usr/lib/python3/dist-packages/pkg_resources/__init__.py:116: PkgResourcesDeprecationWarning: 1.16.0-unknown is an invalid version and will not be supported in a future release
[2.472s]   warnings.warn(
[2.472s] /usr/lib/python3/dist-packages/pkg_resources/__init__.py:116: PkgResourcesDeprecationWarning: 1.1build1 is an invalid version and will not be supported in a future release
[2.473s]   warnings.warn(
[2.475s] /usr/lib/python3/dist-packages/pkg_resources/__init__.py:116: PkgResourcesDeprecationWarning: 0.1.43ubuntu1 is an invalid version and will not be supported in a future release
[2.475s]   warnings.warn(
[2.646s] running egg_info
[2.648s] creating examples_rclpy_minimal_action_client.egg-info
[2.648s] writing examples_rclpy_minimal_action_client.egg-info/PKG-INFO
[2.648s] writing dependency_links to examples_rclpy_minimal_action_client.egg-info/dependency_links.txt
[2.648s] writing entry points to examples_rclpy_minimal_action_client.egg-info/entry_points.txt
[2.649s] writing requirements to examples_rclpy_minimal_action_client.egg-info/requires.txt
[2.649s] writing top-level names to examples_rclpy_minimal_action_client.egg-info/top_level.txt
[2.649s] writing manifest file 'examples_rclpy_minimal_action_client.egg-info/SOURCES.txt'
[2.651s] reading manifest file 'examples_rclpy_minimal_action_client.egg-info/SOURCES.txt'
[2.652s] writing manifest file 'examples_rclpy_minimal_action_client.egg-info/SOURCES.txt'
[2.654s] running build_ext
[2.655s] Creating /home/isa/ros2_ws/install/examples_rclpy_minimal_action_client/lib/python3.10/site-packages/examples-rclpy-minimal-action-client.egg-link (link to .)
[2.656s] Installing client script to /home/isa/ros2_ws/install/examples_rclpy_minimal_action_client/lib/examples_rclpy_minimal_action_client
[2.656s] Installing client_asyncio script to /home/isa/ros2_ws/install/examples_rclpy_minimal_action_client/lib/examples_rclpy_minimal_action_client
[2.657s] Installing client_cancel script to /home/isa/ros2_ws/install/examples_rclpy_minimal_action_client/lib/examples_rclpy_minimal_action_client
[2.657s] Installing client_not_composable script to /home/isa/ros2_ws/install/examples_rclpy_minimal_action_client/lib/examples_rclpy_minimal_action_client
[2.657s] 
[2.658s] Installed /home/isa/ros2_ws/build/examples_rclpy_minimal_action_client
[2.658s] running install_data
[2.658s] creating /home/isa/ros2_ws/install/examples_rclpy_minimal_action_client/share/ament_index
[2.659s] creating /home/isa/ros2_ws/install/examples_rclpy_minimal_action_client/share/ament_index/resource_index
[2.659s] creating /home/isa/ros2_ws/install/examples_rclpy_minimal_action_client/share/ament_index/resource_index/packages
[2.659s] copying resource/examples_rclpy_minimal_action_client -> /home/isa/ros2_ws/install/examples_rclpy_minimal_action_client/share/ament_index/resource_index/packages
[2.659s] copying package.xml -> /home/isa/ros2_ws/install/examples_rclpy_minimal_action_client/share/examples_rclpy_minimal_action_client
[2.751s] Invoked command in '/home/isa/ros2_ws/build/examples_rclpy_minimal_action_client' returned '0': PYTHONPATH=/home/isa/ros2_ws/build/examples_rclpy_minimal_action_client/prefix_override:/home/isa/ros2_ws/install/examples_rclpy_minimal_action_client/lib/python3.10/site-packages:${PYTHONPATH} /usr/bin/python3 setup.py develop --editable --build-directory /home/isa/ros2_ws/build/examples_rclpy_minimal_action_client/build --no-deps install_data
