[0.071s] Invoking command in '/home/isa/ros2_ws/build/examples_rclcpp_wait_set': CMAKE_PREFIX_PATH=/opt/ros/iron /usr/bin/cmake --build /home/isa/ros2_ws/build/examples_rclcpp_wait_set -- -j8 -l8
[0.192s] [  8%] Built target wait_set_talker
[0.192s] [ 16%] Built target wait_set_listener
[0.198s] [ 25%] Built target talker
[0.199s] [ 33%] Built target wait_set
[0.199s] [ 41%] Built target static_wait_set
[0.202s] [ 50%] Built target thread_safe_wait_set
[0.204s] [ 58%] Built target listener
[0.209s] [ 66%] Built target wait_set_topics_and_timer
[0.232s] [ 75%] Built target wait_set_random_order
[0.236s] [ 83%] Built target wait_set_topics_with_different_rates
[0.236s] [ 91%] Built target executor_random_order
[0.236s] [100%] Built target wait_set_composed
[0.592s] Invoked command in '/home/isa/ros2_ws/build/examples_rclcpp_wait_set' returned '0': CMAKE_PREFIX_PATH=/opt/ros/iron /usr/bin/cmake --build /home/isa/ros2_ws/build/examples_rclcpp_wait_set -- -j8 -l8
[1.080s] Invoking command in '/home/isa/ros2_ws/build/examples_rclcpp_wait_set': CMAKE_PREFIX_PATH=/opt/ros/iron /usr/bin/cmake --install /home/isa/ros2_ws/build/examples_rclcpp_wait_set
[1.093s] -- Install configuration: ""
[1.094s] -- Execute custom install script
[1.095s] -- Up-to-date symlink: /home/isa/ros2_ws/install/examples_rclcpp_wait_set/lib/examples_rclcpp_wait_set/wait_set_talker
[1.095s] -- Up-to-date symlink: /home/isa/ros2_ws/install/examples_rclcpp_wait_set/lib/examples_rclcpp_wait_set/wait_set_listener
[1.096s] -- Up-to-date symlink: /home/isa/ros2_ws/install/examples_rclcpp_wait_set/lib/libtalker.so
[1.097s] -- Up-to-date symlink: /home/isa/ros2_ws/install/examples_rclcpp_wait_set/lib/liblistener.so
[1.097s] -- Up-to-date symlink: /home/isa/ros2_ws/install/examples_rclcpp_wait_set/lib/examples_rclcpp_wait_set/wait_set
[1.098s] -- Up-to-date symlink: /home/isa/ros2_ws/install/examples_rclcpp_wait_set/lib/examples_rclcpp_wait_set/static_wait_set
[1.098s] -- Up-to-date symlink: /home/isa/ros2_ws/install/examples_rclcpp_wait_set/lib/examples_rclcpp_wait_set/thread_safe_wait_set
[1.098s] -- Up-to-date symlink: /home/isa/ros2_ws/install/examples_rclcpp_wait_set/lib/examples_rclcpp_wait_set/wait_set_topics_and_timer
[1.098s] -- Up-to-date symlink: /home/isa/ros2_ws/install/examples_rclcpp_wait_set/lib/examples_rclcpp_wait_set/wait_set_random_order
[1.100s] -- Up-to-date symlink: /home/isa/ros2_ws/install/examples_rclcpp_wait_set/lib/examples_rclcpp_wait_set/executor_random_order
[1.100s] -- Up-to-date symlink: /home/isa/ros2_ws/install/examples_rclcpp_wait_set/lib/examples_rclcpp_wait_set/wait_set_topics_with_different_rates
[1.100s] -- Up-to-date symlink: /home/isa/ros2_ws/install/examples_rclcpp_wait_set/lib/examples_rclcpp_wait_set/wait_set_composed
[1.102s] -- Up-to-date symlink: /home/isa/ros2_ws/install/examples_rclcpp_wait_set/share/ament_index/resource_index/package_run_dependencies/examples_rclcpp_wait_set
[1.102s] -- Up-to-date symlink: /home/isa/ros2_ws/install/examples_rclcpp_wait_set/share/ament_index/resource_index/parent_prefix_path/examples_rclcpp_wait_set
[1.102s] -- Up-to-date symlink: /home/isa/ros2_ws/install/examples_rclcpp_wait_set/share/examples_rclcpp_wait_set/environment/ament_prefix_path.sh
[1.102s] -- Up-to-date symlink: /home/isa/ros2_ws/install/examples_rclcpp_wait_set/share/examples_rclcpp_wait_set/environment/ament_prefix_path.dsv
[1.102s] -- Up-to-date symlink: /home/isa/ros2_ws/install/examples_rclcpp_wait_set/share/examples_rclcpp_wait_set/environment/path.sh
[1.103s] -- Up-to-date symlink: /home/isa/ros2_ws/install/examples_rclcpp_wait_set/share/examples_rclcpp_wait_set/environment/path.dsv
[1.103s] -- Up-to-date symlink: /home/isa/ros2_ws/install/examples_rclcpp_wait_set/share/examples_rclcpp_wait_set/local_setup.bash
[1.103s] -- Up-to-date symlink: /home/isa/ros2_ws/install/examples_rclcpp_wait_set/share/examples_rclcpp_wait_set/local_setup.sh
[1.103s] -- Up-to-date symlink: /home/isa/ros2_ws/install/examples_rclcpp_wait_set/share/examples_rclcpp_wait_set/local_setup.zsh
[1.103s] -- Up-to-date symlink: /home/isa/ros2_ws/install/examples_rclcpp_wait_set/share/examples_rclcpp_wait_set/local_setup.dsv
[1.104s] -- Symlinking: /home/isa/ros2_ws/install/examples_rclcpp_wait_set/share/examples_rclcpp_wait_set/package.dsv
[1.116s] -- Up-to-date symlink: /home/isa/ros2_ws/install/examples_rclcpp_wait_set/share/ament_index/resource_index/packages/examples_rclcpp_wait_set
[1.117s] -- Up-to-date symlink: /home/isa/ros2_ws/install/examples_rclcpp_wait_set/share/ament_index/resource_index/rclcpp_components/examples_rclcpp_wait_set
[1.117s] -- Up-to-date symlink: /home/isa/ros2_ws/install/examples_rclcpp_wait_set/share/examples_rclcpp_wait_set/cmake/examples_rclcpp_wait_setConfig.cmake
[1.117s] -- Up-to-date symlink: /home/isa/ros2_ws/install/examples_rclcpp_wait_set/share/examples_rclcpp_wait_set/cmake/examples_rclcpp_wait_setConfig-version.cmake
[1.118s] -- Up-to-date symlink: /home/isa/ros2_ws/install/examples_rclcpp_wait_set/share/examples_rclcpp_wait_set/package.xml
[1.162s] Invoked command in '/home/isa/ros2_ws/build/examples_rclcpp_wait_set' returned '0': CMAKE_PREFIX_PATH=/opt/ros/iron /usr/bin/cmake --install /home/isa/ros2_ws/build/examples_rclcpp_wait_set
