[0.031s] Invoking command in '/home/isa/ros2_ws/build/examples_rclcpp_minimal_action_client': CMAKE_PREFIX_PATH=/opt/ros/iron /usr/bin/cmake /home/isa/ros2_ws/src/examples/rclcpp/actions/minimal_action_client -DCMAKE_INSTALL_PREFIX=/home/isa/ros2_ws/install/examples_rclcpp_minimal_action_client
[0.061s] -- Found ament_cmake: 2.0.2 (/opt/ros/iron/share/ament_cmake/cmake)
[0.301s] -- Override CMake install command with custom implementation using symlinks instead of copying resources
[0.322s] -- Found example_interfaces: 0.10.2 (/opt/ros/iron/share/example_interfaces/cmake)
[0.374s] -- Found rosidl_generator_c: 4.0.0 (/opt/ros/iron/share/rosidl_generator_c/cmake)
[0.392s] -- Found rosidl_generator_cpp: 4.0.0 (/opt/ros/iron/share/rosidl_generator_cpp/cmake)
[0.420s] -- Using all available rosidl_typesupport_c: rosidl_typesupport_fastrtps_c;rosidl_typesupport_introspection_c
[0.454s] -- Using all available rosidl_typesupport_cpp: rosidl_typesupport_fastrtps_cpp;rosidl_typesupport_introspection_cpp
[0.972s] -- Found rclcpp: 21.0.1 (/opt/ros/iron/share/rclcpp/cmake)
[1.166s] -- Found rmw_implementation_cmake: 7.1.0 (/opt/ros/iron/share/rmw_implementation_cmake/cmake)
[1.168s] -- Found rmw_fastrtps_cpp: 7.1.1 (/opt/ros/iron/share/rmw_fastrtps_cpp/cmake)
[1.370s] -- Using RMW implementation 'rmw_fastrtps_cpp' as default
[1.766s] -- Found rclcpp_action: 21.0.1 (/opt/ros/iron/share/rclcpp_action/cmake)
[1.865s] -- Found ament_lint_auto: 0.14.1 (/opt/ros/iron/share/ament_lint_auto/cmake)
[2.003s] -- Added test 'copyright' to check source files copyright and LICENSE
[2.004s] -- Added test 'cppcheck' to perform static code analysis on C / C++ code
[2.004s] -- Configured cppcheck include dirs: 
[2.004s] -- Configured cppcheck exclude dirs and/or files: 
[2.004s] -- Added test 'cpplint' to check C / C++ code against the Google style
[2.004s] -- Configured cpplint exclude dirs and/or files: 
[2.005s] -- Added test 'lint_cmake' to check CMake code style
[2.005s] -- Added test 'uncrustify' to check C / C++ code style
[2.005s] -- Configured uncrustify additional arguments: 
[2.005s] -- Added test 'xmllint' to check XML markup files
[2.008s] -- Configuring done
[2.070s] -- Generating done
[2.076s] -- Build files have been written to: /home/isa/ros2_ws/build/examples_rclcpp_minimal_action_client
[2.112s] Invoked command in '/home/isa/ros2_ws/build/examples_rclcpp_minimal_action_client' returned '0': CMAKE_PREFIX_PATH=/opt/ros/iron /usr/bin/cmake /home/isa/ros2_ws/src/examples/rclcpp/actions/minimal_action_client -DCMAKE_INSTALL_PREFIX=/home/isa/ros2_ws/install/examples_rclcpp_minimal_action_client
[2.115s] Invoking command in '/home/isa/ros2_ws/build/examples_rclcpp_minimal_action_client': CMAKE_PREFIX_PATH=/opt/ros/iron /usr/bin/cmake --build /home/isa/ros2_ws/build/examples_rclcpp_minimal_action_client -- -j8 -l8
[2.169s] [35m[1mConsolidate compiler generated dependencies of target action_client_member_functions[0m
[2.171s] [35m[1mConsolidate compiler generated dependencies of target action_client_not_composable[0m
[2.171s] [35m[1mConsolidate compiler generated dependencies of target action_client_not_composable_with_cancel[0m
[2.171s] [35m[1mConsolidate compiler generated dependencies of target action_client_not_composable_with_feedback[0m
[2.191s] [ 50%] Built target action_client_not_composable
[2.192s] [ 50%] Built target action_client_member_functions
[2.193s] [ 75%] Built target action_client_not_composable_with_cancel
[2.194s] [100%] Built target action_client_not_composable_with_feedback
[2.237s] Invoked command in '/home/isa/ros2_ws/build/examples_rclcpp_minimal_action_client' returned '0': CMAKE_PREFIX_PATH=/opt/ros/iron /usr/bin/cmake --build /home/isa/ros2_ws/build/examples_rclcpp_minimal_action_client -- -j8 -l8
[2.314s] Invoking command in '/home/isa/ros2_ws/build/examples_rclcpp_minimal_action_client': CMAKE_PREFIX_PATH=/opt/ros/iron /usr/bin/cmake --install /home/isa/ros2_ws/build/examples_rclcpp_minimal_action_client
[2.329s] -- Install configuration: ""
[2.329s] -- Execute custom install script
[2.329s] -- Up-to-date symlink: /home/isa/ros2_ws/install/examples_rclcpp_minimal_action_client/lib/examples_rclcpp_minimal_action_client/action_client_member_functions
[2.330s] -- Up-to-date symlink: /home/isa/ros2_ws/install/examples_rclcpp_minimal_action_client/lib/examples_rclcpp_minimal_action_client/action_client_not_composable
[2.330s] -- Up-to-date symlink: /home/isa/ros2_ws/install/examples_rclcpp_minimal_action_client/lib/examples_rclcpp_minimal_action_client/action_client_not_composable_with_cancel
[2.330s] -- Up-to-date symlink: /home/isa/ros2_ws/install/examples_rclcpp_minimal_action_client/lib/examples_rclcpp_minimal_action_client/action_client_not_composable_with_feedback
[2.330s] -- Up-to-date symlink: /home/isa/ros2_ws/install/examples_rclcpp_minimal_action_client/share/ament_index/resource_index/package_run_dependencies/examples_rclcpp_minimal_action_client
[2.331s] -- Up-to-date symlink: /home/isa/ros2_ws/install/examples_rclcpp_minimal_action_client/share/ament_index/resource_index/parent_prefix_path/examples_rclcpp_minimal_action_client
[2.331s] -- Up-to-date symlink: /home/isa/ros2_ws/install/examples_rclcpp_minimal_action_client/share/examples_rclcpp_minimal_action_client/environment/ament_prefix_path.sh
[2.331s] -- Up-to-date symlink: /home/isa/ros2_ws/install/examples_rclcpp_minimal_action_client/share/examples_rclcpp_minimal_action_client/environment/ament_prefix_path.dsv
[2.331s] -- Up-to-date symlink: /home/isa/ros2_ws/install/examples_rclcpp_minimal_action_client/share/examples_rclcpp_minimal_action_client/environment/path.sh
[2.331s] -- Up-to-date symlink: /home/isa/ros2_ws/install/examples_rclcpp_minimal_action_client/share/examples_rclcpp_minimal_action_client/environment/path.dsv
[2.331s] -- Up-to-date symlink: /home/isa/ros2_ws/install/examples_rclcpp_minimal_action_client/share/examples_rclcpp_minimal_action_client/local_setup.bash
[2.331s] -- Up-to-date symlink: /home/isa/ros2_ws/install/examples_rclcpp_minimal_action_client/share/examples_rclcpp_minimal_action_client/local_setup.sh
[2.331s] -- Up-to-date symlink: /home/isa/ros2_ws/install/examples_rclcpp_minimal_action_client/share/examples_rclcpp_minimal_action_client/local_setup.zsh
[2.332s] -- Up-to-date symlink: /home/isa/ros2_ws/install/examples_rclcpp_minimal_action_client/share/examples_rclcpp_minimal_action_client/local_setup.dsv
[2.332s] -- Symlinking: /home/isa/ros2_ws/install/examples_rclcpp_minimal_action_client/share/examples_rclcpp_minimal_action_client/package.dsv
[2.346s] -- Up-to-date symlink: /home/isa/ros2_ws/install/examples_rclcpp_minimal_action_client/share/ament_index/resource_index/packages/examples_rclcpp_minimal_action_client
[2.346s] -- Up-to-date symlink: /home/isa/ros2_ws/install/examples_rclcpp_minimal_action_client/share/examples_rclcpp_minimal_action_client/cmake/examples_rclcpp_minimal_action_clientConfig.cmake
[2.346s] -- Up-to-date symlink: /home/isa/ros2_ws/install/examples_rclcpp_minimal_action_client/share/examples_rclcpp_minimal_action_client/cmake/examples_rclcpp_minimal_action_clientConfig-version.cmake
[2.349s] -- Up-to-date symlink: /home/isa/ros2_ws/install/examples_rclcpp_minimal_action_client/share/examples_rclcpp_minimal_action_client/package.xml
[2.715s] Invoked command in '/home/isa/ros2_ws/build/examples_rclcpp_minimal_action_client' returned '0': CMAKE_PREFIX_PATH=/opt/ros/iron /usr/bin/cmake --install /home/isa/ros2_ws/build/examples_rclcpp_minimal_action_client
