[1.827s] Invoking command in '/home/isa/ros2_ws/build/examples_rclpy_minimal_service': PYTHONPATH=/home/isa/ros2_ws/build/examples_rclpy_minimal_service/prefix_override:/home/isa/ros2_ws/install/examples_rclpy_minimal_service/lib/python3.10/site-packages:${PYTHONPATH} /usr/bin/python3 setup.py develop --uninstall --editable --build-directory /home/isa/ros2_ws/build/examples_rclpy_minimal_service/build
[2.267s] running develop
[2.267s] /usr/lib/python3/dist-packages/setuptools/command/easy_install.py:158: EasyInstallDeprecationWarning: easy_install command is deprecated. Use build and pip and other standards-based tools.
[2.268s]   warnings.warn(
[2.270s] /usr/lib/python3/dist-packages/setuptools/command/install.py:34: SetuptoolsDeprecationWarning: setup.py install is deprecated. Use build and pip and other standards-based tools.
[2.270s]   warnings.warn(
[2.381s] /usr/lib/python3/dist-packages/pkg_resources/__init__.py:116: PkgResourcesDeprecationWarning: 1.16.0-unknown is an invalid version and will not be supported in a future release
[2.381s]   warnings.warn(
[2.381s] /usr/lib/python3/dist-packages/pkg_resources/__init__.py:116: PkgResourcesDeprecationWarning: 1.1build1 is an invalid version and will not be supported in a future release
[2.381s]   warnings.warn(
[2.382s] /usr/lib/python3/dist-packages/pkg_resources/__init__.py:116: PkgResourcesDeprecationWarning: 0.1.43ubuntu1 is an invalid version and will not be supported in a future release
[2.382s]   warnings.warn(
[2.644s] Invoked command in '/home/isa/ros2_ws/build/examples_rclpy_minimal_service' returned '0': PYTHONPATH=/home/isa/ros2_ws/build/examples_rclpy_minimal_service/prefix_override:/home/isa/ros2_ws/install/examples_rclpy_minimal_service/lib/python3.10/site-packages:${PYTHONPATH} /usr/bin/python3 setup.py develop --uninstall --editable --build-directory /home/isa/ros2_ws/build/examples_rclpy_minimal_service/build
[2.656s] Invoking command in '/home/isa/ros2_ws/src/examples/rclpy/services/minimal_service': PYTHONPATH=/home/isa/ros2_ws/build/examples_rclpy_minimal_service/prefix_override:/home/isa/ros2_ws/install/examples_rclpy_minimal_service/lib/python3.10/site-packages:${PYTHONPATH} /usr/bin/python3 setup.py egg_info --egg-base ../../../../../build/examples_rclpy_minimal_service build --build-base /home/isa/ros2_ws/build/examples_rclpy_minimal_service/build install --record /home/isa/ros2_ws/build/examples_rclpy_minimal_service/install.log --single-version-externally-managed
[3.144s] running egg_info
[3.146s] writing ../../../../../build/examples_rclpy_minimal_service/examples_rclpy_minimal_service.egg-info/PKG-INFO
[3.146s] writing dependency_links to ../../../../../build/examples_rclpy_minimal_service/examples_rclpy_minimal_service.egg-info/dependency_links.txt
[3.147s] writing entry points to ../../../../../build/examples_rclpy_minimal_service/examples_rclpy_minimal_service.egg-info/entry_points.txt
[3.147s] writing requirements to ../../../../../build/examples_rclpy_minimal_service/examples_rclpy_minimal_service.egg-info/requires.txt
[3.147s] writing top-level names to ../../../../../build/examples_rclpy_minimal_service/examples_rclpy_minimal_service.egg-info/top_level.txt
[3.150s] reading manifest file '../../../../../build/examples_rclpy_minimal_service/examples_rclpy_minimal_service.egg-info/SOURCES.txt'
[3.152s] writing manifest file '../../../../../build/examples_rclpy_minimal_service/examples_rclpy_minimal_service.egg-info/SOURCES.txt'
[3.153s] running build
[3.153s] running build_py
[3.153s] running install
[3.154s] /usr/lib/python3/dist-packages/setuptools/command/install.py:34: SetuptoolsDeprecationWarning: setup.py install is deprecated. Use build and pip and other standards-based tools.
[3.154s]   warnings.warn(
[3.154s] running install_lib
[3.157s] running install_data
[3.158s] running install_egg_info
[3.160s] removing '/home/isa/ros2_ws/install/examples_rclpy_minimal_service/lib/python3.10/site-packages/examples_rclpy_minimal_service-0.18.0-py3.10.egg-info' (and everything under it)
[3.161s] Copying ../../../../../build/examples_rclpy_minimal_service/examples_rclpy_minimal_service.egg-info to /home/isa/ros2_ws/install/examples_rclpy_minimal_service/lib/python3.10/site-packages/examples_rclpy_minimal_service-0.18.0-py3.10.egg-info
[3.162s] running install_scripts
[3.195s] Installing service script to /home/isa/ros2_ws/install/examples_rclpy_minimal_service/lib/examples_rclpy_minimal_service
[3.195s] Installing service_member_function script to /home/isa/ros2_ws/install/examples_rclpy_minimal_service/lib/examples_rclpy_minimal_service
[3.196s] writing list of installed files to '/home/isa/ros2_ws/build/examples_rclpy_minimal_service/install.log'
[3.238s] Invoked command in '/home/isa/ros2_ws/src/examples/rclpy/services/minimal_service' returned '0': PYTHONPATH=/home/isa/ros2_ws/build/examples_rclpy_minimal_service/prefix_override:/home/isa/ros2_ws/install/examples_rclpy_minimal_service/lib/python3.10/site-packages:${PYTHONPATH} /usr/bin/python3 setup.py egg_info --egg-base ../../../../../build/examples_rclpy_minimal_service build --build-base /home/isa/ros2_ws/build/examples_rclpy_minimal_service/build install --record /home/isa/ros2_ws/build/examples_rclpy_minimal_service/install.log --single-version-externally-managed
