[0.008s] Invoking command in '/home/isa/ros2_ws/build/more_interfaces': CMAKE_PREFIX_PATH=/opt/ros/iron /usr/bin/cmake /home/isa/ros2_ws/src/more_interfaces -DCMAKE_INSTALL_PREFIX=/home/isa/ros2_ws/install/more_interfaces
[0.045s] -- The C compiler identification is GNU 11.3.0
[0.085s] -- The CXX compiler identification is GNU 11.3.0
[0.090s] -- Detecting C compiler ABI info
[0.138s] -- Detecting C compiler ABI info - done
[0.144s] -- Check for working C compiler: /usr/bin/cc - skipped
[0.144s] -- Detecting C compile features
[0.144s] -- Detecting C compile features - done
[0.146s] -- Detecting CXX compiler ABI info
[0.203s] -- Detecting CXX compiler ABI info - done
[0.209s] -- Check for working CXX compiler: /usr/bin/c++ - skipped
[0.209s] -- Detecting CXX compile features
[0.209s] -- Detecting CXX compile features - done
[0.211s] -- Found ament_cmake: 2.0.2 (/opt/ros/iron/share/ament_cmake/cmake)
[0.333s] -- Found Python3: /usr/bin/python3.10 (found version "3.10.6") found components: Interpreter 
[0.393s] -- Found rosidl_default_generators: 1.5.0 (/opt/ros/iron/share/rosidl_default_generators/cmake)
[0.396s] -- Using all available rosidl_typesupport_c: rosidl_typesupport_fastrtps_c;rosidl_typesupport_introspection_c
[0.430s] -- Using all available rosidl_typesupport_cpp: rosidl_typesupport_fastrtps_cpp;rosidl_typesupport_introspection_cpp
[0.459s] -- Found rosidl_adapter: 4.0.0 (/opt/ros/iron/share/rosidl_adapter/cmake)
[0.469s] -- Found rclcpp: 21.0.1 (/opt/ros/iron/share/rclcpp/cmake)
[0.618s] -- Found rmw_implementation_cmake: 7.1.0 (/opt/ros/iron/share/rmw_implementation_cmake/cmake)
[0.620s] -- Found rmw_fastrtps_cpp: 7.1.1 (/opt/ros/iron/share/rmw_fastrtps_cpp/cmake)
[0.702s] -- Found OpenSSL: /usr/lib/x86_64-linux-gnu/libcrypto.so (found version "3.0.2")  
[0.721s] -- Found FastRTPS: /opt/ros/iron/include  
[0.755s] -- Using RMW implementation 'rmw_fastrtps_cpp' as default
[1.160s] -- Found ament_cmake_ros: 0.11.2 (/opt/ros/iron/share/ament_cmake_ros/cmake)
[1.316s] -- Using all available rosidl_typesupport_c: rosidl_typesupport_fastrtps_c;rosidl_typesupport_introspection_c
[1.505s] -- Using all available rosidl_typesupport_cpp: rosidl_typesupport_fastrtps_cpp;rosidl_typesupport_introspection_cpp
[1.521s] -- Found PythonInterp: /usr/bin/python3 (found suitable version "3.10.6", minimum required is "3.6") 
[1.522s] -- Found python_cmake_module: 0.10.2 (/opt/ros/iron/share/python_cmake_module/cmake)
[1.541s] -- Found PythonLibs: /usr/lib/x86_64-linux-gnu/libpython3.10.so (found suitable version "3.10.6", minimum required is "3.5") 
[1.541s] -- Using PYTHON_EXECUTABLE: /usr/bin/python3
[1.541s] -- Using PYTHON_INCLUDE_DIRS: /usr/include/python3.10
[1.541s] -- Using PYTHON_LIBRARIES: /usr/lib/x86_64-linux-gnu/libpython3.10.so
[1.557s] -- Found PythonExtra: .so  
[1.579s] [31mCMake Error at /opt/ros/iron/share/rosidl_cmake/cmake/rosidl_generate_interfaces.cmake:95 (message):
[1.580s]   rosidl_generate_interfaces() the passed file 'msg/Message1.msg' doesn't
[1.580s]   exist relative to the CMAKE_CURRENT_SOURCE_DIR
[1.580s]   '/home/isa/ros2_ws/src/more_interfaces'
[1.580s] Call Stack (most recent call first):
[1.580s]   CMakeLists.txt:44 (rosidl_generate_interfaces)
[1.580s] 
[1.580s] [0m
[1.580s] -- Configuring incomplete, errors occurred!
[1.580s] See also "/home/isa/ros2_ws/build/more_interfaces/CMakeFiles/CMakeOutput.log".
[1.587s] Invoked command in '/home/isa/ros2_ws/build/more_interfaces' returned '1': CMAKE_PREFIX_PATH=/opt/ros/iron /usr/bin/cmake /home/isa/ros2_ws/src/more_interfaces -DCMAKE_INSTALL_PREFIX=/home/isa/ros2_ws/install/more_interfaces
