[0.011s] Invoking command in '/home/isa/ros2_ws/build/more_interfaces': CMAKE_PREFIX_PATH=${CMAKE_PREFIX_PATH}:/home/isa/ros2_ws/install/launch_testing_examples:/home/isa/ros2_ws/install/examples_rclpy_pointcloud_publisher:/home/isa/ros2_ws/install/examples_rclpy_minimal_subscriber:/home/isa/ros2_ws/install/examples_rclpy_minimal_service:/home/isa/ros2_ws/install/examples_rclpy_minimal_publisher:/home/isa/ros2_ws/install/examples_rclpy_minimal_client:/home/isa/ros2_ws/install/examples_rclpy_minimal_action_server:/home/isa/ros2_ws/install/examples_rclpy_minimal_action_client:/home/isa/ros2_ws/install/examples_rclpy_guard_conditions:/home/isa/ros2_ws/install/examples_rclpy_executors:/opt/ros/iron /usr/bin/cmake --build /home/isa/ros2_ws/build/more_interfaces -- -j8 -l8
[0.051s] [  2%] Built target more_interfaces__rosidl_generator_type_description
[0.058s] [  2%] Built target ament_cmake_python_copy_more_interfaces
[0.066s] [  5%] Built target more_interfaces__cpp
[0.067s] [ 19%] Built target more_interfaces__rosidl_generator_c
[0.092s] [ 27%] Built target more_interfaces__rosidl_typesupport_introspection_c
[0.094s] [ 36%] Built target more_interfaces__rosidl_typesupport_c
[0.094s] [ 44%] Built target more_interfaces__rosidl_typesupport_cpp
[0.096s] [ 55%] Built target more_interfaces__rosidl_typesupport_fastrtps_c
[0.096s] [ 61%] Built target more_interfaces__rosidl_typesupport_introspection_cpp
[0.097s] [ 69%] Built target more_interfaces__rosidl_typesupport_fastrtps_cpp
[0.106s] [35m[1mConsolidate compiler generated dependencies of target publish_address_book[0m
[0.115s] [ 69%] Built target more_interfaces
[0.122s] [ 72%] [32mBuilding CXX object CMakeFiles/publish_address_book.dir/src/publish_address_book.cpp.o[0m
[0.132s] [ 75%] Built target more_interfaces__py
[0.151s] [ 80%] Built target more_interfaces__rosidl_generator_py
[0.172s] [ 86%] Built target more_interfaces__rosidl_typesupport_c__pyext
[0.173s] [ 91%] Built target more_interfaces__rosidl_typesupport_introspection_c__pyext
[0.181s] [ 97%] Built target more_interfaces__rosidl_typesupport_fastrtps_c__pyext
[0.294s] running egg_info
[0.294s] writing more_interfaces.egg-info/PKG-INFO
[0.294s] writing dependency_links to more_interfaces.egg-info/dependency_links.txt
[0.295s] writing top-level names to more_interfaces.egg-info/top_level.txt
[0.296s] reading manifest file 'more_interfaces.egg-info/SOURCES.txt'
[0.296s] writing manifest file 'more_interfaces.egg-info/SOURCES.txt'
[0.317s] [ 97%] Built target ament_cmake_python_build_more_interfaces_egg
[3.518s] [100%] [32m[1mLinking CXX executable publish_address_book[0m
[3.674s] [100%] Built target publish_address_book
[3.683s] Invoked command in '/home/isa/ros2_ws/build/more_interfaces' returned '0': CMAKE_PREFIX_PATH=${CMAKE_PREFIX_PATH}:/home/isa/ros2_ws/install/launch_testing_examples:/home/isa/ros2_ws/install/examples_rclpy_pointcloud_publisher:/home/isa/ros2_ws/install/examples_rclpy_minimal_subscriber:/home/isa/ros2_ws/install/examples_rclpy_minimal_service:/home/isa/ros2_ws/install/examples_rclpy_minimal_publisher:/home/isa/ros2_ws/install/examples_rclpy_minimal_client:/home/isa/ros2_ws/install/examples_rclpy_minimal_action_server:/home/isa/ros2_ws/install/examples_rclpy_minimal_action_client:/home/isa/ros2_ws/install/examples_rclpy_guard_conditions:/home/isa/ros2_ws/install/examples_rclpy_executors:/opt/ros/iron /usr/bin/cmake --build /home/isa/ros2_ws/build/more_interfaces -- -j8 -l8
[3.759s] Invoking command in '/home/isa/ros2_ws/build/more_interfaces': CMAKE_PREFIX_PATH=${CMAKE_PREFIX_PATH}:/home/isa/ros2_ws/install/launch_testing_examples:/home/isa/ros2_ws/install/examples_rclpy_pointcloud_publisher:/home/isa/ros2_ws/install/examples_rclpy_minimal_subscriber:/home/isa/ros2_ws/install/examples_rclpy_minimal_service:/home/isa/ros2_ws/install/examples_rclpy_minimal_publisher:/home/isa/ros2_ws/install/examples_rclpy_minimal_client:/home/isa/ros2_ws/install/examples_rclpy_minimal_action_server:/home/isa/ros2_ws/install/examples_rclpy_minimal_action_client:/home/isa/ros2_ws/install/examples_rclpy_guard_conditions:/home/isa/ros2_ws/install/examples_rclpy_executors:/opt/ros/iron /usr/bin/cmake --install /home/isa/ros2_ws/build/more_interfaces
[3.765s] -- Install configuration: ""
[3.765s] -- Up-to-date: /home/isa/ros2_ws/install/more_interfaces/share/ament_index/resource_index/rosidl_interfaces/more_interfaces
[3.766s] -- Up-to-date: /home/isa/ros2_ws/install/more_interfaces/share/more_interfaces/msg/AddressBook.json
[3.766s] -- Up-to-date: /home/isa/ros2_ws/install/more_interfaces/include/more_interfaces/more_interfaces
[3.766s] -- Up-to-date: /home/isa/ros2_ws/install/more_interfaces/include/more_interfaces/more_interfaces/msg
[3.766s] -- Up-to-date: /home/isa/ros2_ws/install/more_interfaces/include/more_interfaces/more_interfaces/msg/rosidl_generator_c__visibility_control.h
[3.766s] -- Up-to-date: /home/isa/ros2_ws/install/more_interfaces/include/more_interfaces/more_interfaces/msg/address_book.h
[3.766s] -- Up-to-date: /home/isa/ros2_ws/install/more_interfaces/include/more_interfaces/more_interfaces/msg/detail
[3.766s] -- Up-to-date: /home/isa/ros2_ws/install/more_interfaces/include/more_interfaces/more_interfaces/msg/detail/address_book__struct.h
[3.766s] -- Up-to-date: /home/isa/ros2_ws/install/more_interfaces/include/more_interfaces/more_interfaces/msg/detail/address_book__functions.h
[3.766s] -- Up-to-date: /home/isa/ros2_ws/install/more_interfaces/include/more_interfaces/more_interfaces/msg/detail/address_book__type_support.h
[3.767s] -- Up-to-date: /home/isa/ros2_ws/install/more_interfaces/include/more_interfaces/more_interfaces/msg/detail/address_book__description.c
[3.767s] -- Up-to-date: /home/isa/ros2_ws/install/more_interfaces/include/more_interfaces/more_interfaces/msg/detail/address_book__functions.c
[3.767s] -- Up-to-date: /home/isa/ros2_ws/install/more_interfaces/include/more_interfaces/more_interfaces/msg/detail/address_book__type_support.c
[3.767s] -- Up-to-date: /home/isa/ros2_ws/install/more_interfaces/share/more_interfaces/environment/library_path.sh
[3.767s] -- Up-to-date: /home/isa/ros2_ws/install/more_interfaces/share/more_interfaces/environment/library_path.dsv
[3.767s] -- Up-to-date: /home/isa/ros2_ws/install/more_interfaces/lib/libmore_interfaces__rosidl_generator_c.so
[3.767s] -- Up-to-date: /home/isa/ros2_ws/install/more_interfaces/include/more_interfaces/more_interfaces
[3.767s] -- Up-to-date: /home/isa/ros2_ws/install/more_interfaces/include/more_interfaces/more_interfaces/msg
[3.767s] -- Up-to-date: /home/isa/ros2_ws/install/more_interfaces/include/more_interfaces/more_interfaces/msg/detail
[3.768s] -- Up-to-date: /home/isa/ros2_ws/install/more_interfaces/include/more_interfaces/more_interfaces/msg/detail/address_book__rosidl_typesupport_fastrtps_c.h
[3.768s] -- Up-to-date: /home/isa/ros2_ws/install/more_interfaces/include/more_interfaces/more_interfaces/msg/rosidl_typesupport_fastrtps_c__visibility_control.h
[3.768s] -- Up-to-date: /home/isa/ros2_ws/install/more_interfaces/lib/libmore_interfaces__rosidl_typesupport_fastrtps_c.so
[3.768s] -- Up-to-date: /home/isa/ros2_ws/install/more_interfaces/include/more_interfaces/more_interfaces
[3.768s] -- Up-to-date: /home/isa/ros2_ws/install/more_interfaces/include/more_interfaces/more_interfaces/msg
[3.768s] -- Up-to-date: /home/isa/ros2_ws/install/more_interfaces/include/more_interfaces/more_interfaces/msg/detail
[3.768s] -- Up-to-date: /home/isa/ros2_ws/install/more_interfaces/include/more_interfaces/more_interfaces/msg/detail/address_book__rosidl_typesupport_introspection_c.h
[3.768s] -- Up-to-date: /home/isa/ros2_ws/install/more_interfaces/include/more_interfaces/more_interfaces/msg/detail/address_book__type_support.c
[3.768s] -- Up-to-date: /home/isa/ros2_ws/install/more_interfaces/include/more_interfaces/more_interfaces/msg/rosidl_typesupport_introspection_c__visibility_control.h
[3.768s] -- Up-to-date: /home/isa/ros2_ws/install/more_interfaces/lib/libmore_interfaces__rosidl_typesupport_introspection_c.so
[3.769s] -- Up-to-date: /home/isa/ros2_ws/install/more_interfaces/lib/libmore_interfaces__rosidl_typesupport_c.so
[3.769s] -- Up-to-date: /home/isa/ros2_ws/install/more_interfaces/include/more_interfaces/more_interfaces
[3.769s] -- Up-to-date: /home/isa/ros2_ws/install/more_interfaces/include/more_interfaces/more_interfaces/msg
[3.769s] -- Up-to-date: /home/isa/ros2_ws/install/more_interfaces/include/more_interfaces/more_interfaces/msg/detail
[3.769s] -- Up-to-date: /home/isa/ros2_ws/install/more_interfaces/include/more_interfaces/more_interfaces/msg/detail/address_book__builder.hpp
[3.769s] -- Up-to-date: /home/isa/ros2_ws/install/more_interfaces/include/more_interfaces/more_interfaces/msg/detail/address_book__traits.hpp
[3.769s] -- Up-to-date: /home/isa/ros2_ws/install/more_interfaces/include/more_interfaces/more_interfaces/msg/detail/address_book__struct.hpp
[3.769s] -- Up-to-date: /home/isa/ros2_ws/install/more_interfaces/include/more_interfaces/more_interfaces/msg/address_book.hpp
[3.769s] -- Up-to-date: /home/isa/ros2_ws/install/more_interfaces/include/more_interfaces/more_interfaces
[3.769s] -- Up-to-date: /home/isa/ros2_ws/install/more_interfaces/include/more_interfaces/more_interfaces/msg
[3.769s] -- Up-to-date: /home/isa/ros2_ws/install/more_interfaces/include/more_interfaces/more_interfaces/msg/rosidl_typesupport_fastrtps_cpp__visibility_control.h
[3.770s] -- Up-to-date: /home/isa/ros2_ws/install/more_interfaces/include/more_interfaces/more_interfaces/msg/detail
[3.770s] -- Up-to-date: /home/isa/ros2_ws/install/more_interfaces/include/more_interfaces/more_interfaces/msg/detail/dds_fastrtps
[3.770s] -- Up-to-date: /home/isa/ros2_ws/install/more_interfaces/include/more_interfaces/more_interfaces/msg/detail/address_book__rosidl_typesupport_fastrtps_cpp.hpp
[3.770s] -- Up-to-date: /home/isa/ros2_ws/install/more_interfaces/lib/libmore_interfaces__rosidl_typesupport_fastrtps_cpp.so
[3.770s] -- Up-to-date: /home/isa/ros2_ws/install/more_interfaces/include/more_interfaces/more_interfaces
[3.770s] -- Up-to-date: /home/isa/ros2_ws/install/more_interfaces/include/more_interfaces/more_interfaces/msg
[3.770s] -- Up-to-date: /home/isa/ros2_ws/install/more_interfaces/include/more_interfaces/more_interfaces/msg/detail
[3.770s] -- Up-to-date: /home/isa/ros2_ws/install/more_interfaces/include/more_interfaces/more_interfaces/msg/detail/address_book__rosidl_typesupport_introspection_cpp.hpp
[3.770s] -- Up-to-date: /home/isa/ros2_ws/install/more_interfaces/include/more_interfaces/more_interfaces/msg/detail/address_book__type_support.cpp
[3.770s] -- Up-to-date: /home/isa/ros2_ws/install/more_interfaces/lib/libmore_interfaces__rosidl_typesupport_introspection_cpp.so
[3.770s] -- Up-to-date: /home/isa/ros2_ws/install/more_interfaces/lib/libmore_interfaces__rosidl_typesupport_cpp.so
[3.771s] -- Up-to-date: /home/isa/ros2_ws/install/more_interfaces/share/more_interfaces/environment/pythonpath.sh
[3.771s] -- Up-to-date: /home/isa/ros2_ws/install/more_interfaces/share/more_interfaces/environment/pythonpath.dsv
[3.771s] -- Up-to-date: /home/isa/ros2_ws/install/more_interfaces/lib/python3.10/site-packages/more_interfaces-0.0.0-py3.10.egg-info
[3.771s] -- Installing: /home/isa/ros2_ws/install/more_interfaces/lib/python3.10/site-packages/more_interfaces-0.0.0-py3.10.egg-info/SOURCES.txt
[3.771s] -- Installing: /home/isa/ros2_ws/install/more_interfaces/lib/python3.10/site-packages/more_interfaces-0.0.0-py3.10.egg-info/dependency_links.txt
[3.771s] -- Installing: /home/isa/ros2_ws/install/more_interfaces/lib/python3.10/site-packages/more_interfaces-0.0.0-py3.10.egg-info/PKG-INFO
[3.771s] -- Installing: /home/isa/ros2_ws/install/more_interfaces/lib/python3.10/site-packages/more_interfaces-0.0.0-py3.10.egg-info/top_level.txt
[3.771s] -- Up-to-date: /home/isa/ros2_ws/install/more_interfaces/lib/python3.10/site-packages/more_interfaces
[3.771s] -- Up-to-date: /home/isa/ros2_ws/install/more_interfaces/lib/python3.10/site-packages/more_interfaces/_more_interfaces_s.ep.rosidl_typesupport_c.c
[3.772s] -- Up-to-date: /home/isa/ros2_ws/install/more_interfaces/lib/python3.10/site-packages/more_interfaces/__init__.py
[3.772s] -- Up-to-date: /home/isa/ros2_ws/install/more_interfaces/lib/python3.10/site-packages/more_interfaces/more_interfaces_s__rosidl_typesupport_c.cpython-310-x86_64-linux-gnu.so
[3.772s] -- Up-to-date: /home/isa/ros2_ws/install/more_interfaces/lib/python3.10/site-packages/more_interfaces/libmore_interfaces__rosidl_generator_py.so
[3.772s] -- Up-to-date: /home/isa/ros2_ws/install/more_interfaces/lib/python3.10/site-packages/more_interfaces/more_interfaces_s__rosidl_typesupport_introspection_c.cpython-310-x86_64-linux-gnu.so
[3.772s] -- Up-to-date: /home/isa/ros2_ws/install/more_interfaces/lib/python3.10/site-packages/more_interfaces/_more_interfaces_s.ep.rosidl_typesupport_introspection_c.c
[3.772s] -- Up-to-date: /home/isa/ros2_ws/install/more_interfaces/lib/python3.10/site-packages/more_interfaces/more_interfaces_s__rosidl_typesupport_fastrtps_c.cpython-310-x86_64-linux-gnu.so
[3.772s] -- Up-to-date: /home/isa/ros2_ws/install/more_interfaces/lib/python3.10/site-packages/more_interfaces/msg
[3.772s] -- Up-to-date: /home/isa/ros2_ws/install/more_interfaces/lib/python3.10/site-packages/more_interfaces/msg/_address_book_s.c
[3.772s] -- Up-to-date: /home/isa/ros2_ws/install/more_interfaces/lib/python3.10/site-packages/more_interfaces/msg/__init__.py
[3.772s] -- Up-to-date: /home/isa/ros2_ws/install/more_interfaces/lib/python3.10/site-packages/more_interfaces/msg/_address_book.py
[3.772s] -- Up-to-date: /home/isa/ros2_ws/install/more_interfaces/lib/python3.10/site-packages/more_interfaces/_more_interfaces_s.ep.rosidl_typesupport_fastrtps_c.c
[3.806s] Listing '/home/isa/ros2_ws/install/more_interfaces/lib/python3.10/site-packages/more_interfaces'...
[3.806s] Listing '/home/isa/ros2_ws/install/more_interfaces/lib/python3.10/site-packages/more_interfaces/msg'...
[3.810s] -- Up-to-date: /home/isa/ros2_ws/install/more_interfaces/lib/python3.10/site-packages/more_interfaces/more_interfaces_s__rosidl_typesupport_fastrtps_c.cpython-310-x86_64-linux-gnu.so
[3.810s] -- Up-to-date: /home/isa/ros2_ws/install/more_interfaces/lib/python3.10/site-packages/more_interfaces/more_interfaces_s__rosidl_typesupport_introspection_c.cpython-310-x86_64-linux-gnu.so
[3.810s] -- Up-to-date: /home/isa/ros2_ws/install/more_interfaces/lib/python3.10/site-packages/more_interfaces/more_interfaces_s__rosidl_typesupport_c.cpython-310-x86_64-linux-gnu.so
[3.811s] -- Up-to-date: /home/isa/ros2_ws/install/more_interfaces/lib/libmore_interfaces__rosidl_generator_py.so
[3.811s] -- Up-to-date: /home/isa/ros2_ws/install/more_interfaces/share/more_interfaces/msg/AddressBook.idl
[3.811s] -- Up-to-date: /home/isa/ros2_ws/install/more_interfaces/share/more_interfaces/msg/AddressBook.msg
[3.812s] -- Installing: /home/isa/ros2_ws/install/more_interfaces/lib/more_interfaces/publish_address_book
[3.813s] -- Set runtime path of "/home/isa/ros2_ws/install/more_interfaces/lib/more_interfaces/publish_address_book" to ""
[3.813s] -- Up-to-date: /home/isa/ros2_ws/install/more_interfaces/share/ament_index/resource_index/package_run_dependencies/more_interfaces
[3.813s] -- Up-to-date: /home/isa/ros2_ws/install/more_interfaces/share/ament_index/resource_index/parent_prefix_path/more_interfaces
[3.814s] -- Up-to-date: /home/isa/ros2_ws/install/more_interfaces/share/more_interfaces/environment/ament_prefix_path.sh
[3.814s] -- Up-to-date: /home/isa/ros2_ws/install/more_interfaces/share/more_interfaces/environment/ament_prefix_path.dsv
[3.814s] -- Up-to-date: /home/isa/ros2_ws/install/more_interfaces/share/more_interfaces/environment/path.sh
[3.814s] -- Up-to-date: /home/isa/ros2_ws/install/more_interfaces/share/more_interfaces/environment/path.dsv
[3.814s] -- Up-to-date: /home/isa/ros2_ws/install/more_interfaces/share/more_interfaces/local_setup.bash
[3.814s] -- Up-to-date: /home/isa/ros2_ws/install/more_interfaces/share/more_interfaces/local_setup.sh
[3.814s] -- Up-to-date: /home/isa/ros2_ws/install/more_interfaces/share/more_interfaces/local_setup.zsh
[3.814s] -- Up-to-date: /home/isa/ros2_ws/install/more_interfaces/share/more_interfaces/local_setup.dsv
[3.815s] -- Installing: /home/isa/ros2_ws/install/more_interfaces/share/more_interfaces/package.dsv
[3.815s] -- Up-to-date: /home/isa/ros2_ws/install/more_interfaces/share/ament_index/resource_index/packages/more_interfaces
[3.815s] -- Up-to-date: /home/isa/ros2_ws/install/more_interfaces/share/more_interfaces/cmake/export_more_interfaces__rosidl_generator_cExport.cmake
[3.815s] -- Up-to-date: /home/isa/ros2_ws/install/more_interfaces/share/more_interfaces/cmake/export_more_interfaces__rosidl_generator_cExport-noconfig.cmake
[3.815s] -- Up-to-date: /home/isa/ros2_ws/install/more_interfaces/share/more_interfaces/cmake/export_more_interfaces__rosidl_typesupport_fastrtps_cExport.cmake
[3.815s] -- Up-to-date: /home/isa/ros2_ws/install/more_interfaces/share/more_interfaces/cmake/export_more_interfaces__rosidl_typesupport_fastrtps_cExport-noconfig.cmake
[3.815s] -- Up-to-date: /home/isa/ros2_ws/install/more_interfaces/share/more_interfaces/cmake/more_interfaces__rosidl_typesupport_introspection_cExport.cmake
[3.815s] -- Up-to-date: /home/isa/ros2_ws/install/more_interfaces/share/more_interfaces/cmake/more_interfaces__rosidl_typesupport_introspection_cExport-noconfig.cmake
[3.816s] -- Up-to-date: /home/isa/ros2_ws/install/more_interfaces/share/more_interfaces/cmake/more_interfaces__rosidl_typesupport_cExport.cmake
[3.816s] -- Up-to-date: /home/isa/ros2_ws/install/more_interfaces/share/more_interfaces/cmake/more_interfaces__rosidl_typesupport_cExport-noconfig.cmake
[3.816s] -- Up-to-date: /home/isa/ros2_ws/install/more_interfaces/share/more_interfaces/cmake/export_more_interfaces__rosidl_generator_cppExport.cmake
[3.816s] -- Up-to-date: /home/isa/ros2_ws/install/more_interfaces/share/more_interfaces/cmake/export_more_interfaces__rosidl_typesupport_fastrtps_cppExport.cmake
[3.816s] -- Up-to-date: /home/isa/ros2_ws/install/more_interfaces/share/more_interfaces/cmake/export_more_interfaces__rosidl_typesupport_fastrtps_cppExport-noconfig.cmake
[3.816s] -- Up-to-date: /home/isa/ros2_ws/install/more_interfaces/share/more_interfaces/cmake/more_interfaces__rosidl_typesupport_introspection_cppExport.cmake
[3.816s] -- Up-to-date: /home/isa/ros2_ws/install/more_interfaces/share/more_interfaces/cmake/more_interfaces__rosidl_typesupport_introspection_cppExport-noconfig.cmake
[3.816s] -- Up-to-date: /home/isa/ros2_ws/install/more_interfaces/share/more_interfaces/cmake/more_interfaces__rosidl_typesupport_cppExport.cmake
[3.816s] -- Up-to-date: /home/isa/ros2_ws/install/more_interfaces/share/more_interfaces/cmake/more_interfaces__rosidl_typesupport_cppExport-noconfig.cmake
[3.817s] -- Up-to-date: /home/isa/ros2_ws/install/more_interfaces/share/more_interfaces/cmake/export_more_interfaces__rosidl_generator_pyExport.cmake
[3.817s] -- Up-to-date: /home/isa/ros2_ws/install/more_interfaces/share/more_interfaces/cmake/export_more_interfaces__rosidl_generator_pyExport-noconfig.cmake
[3.817s] -- Up-to-date: /home/isa/ros2_ws/install/more_interfaces/share/more_interfaces/cmake/rosidl_cmake-extras.cmake
[3.817s] -- Up-to-date: /home/isa/ros2_ws/install/more_interfaces/share/more_interfaces/cmake/ament_cmake_export_include_directories-extras.cmake
[3.817s] -- Up-to-date: /home/isa/ros2_ws/install/more_interfaces/share/more_interfaces/cmake/ament_cmake_export_libraries-extras.cmake
[3.817s] -- Up-to-date: /home/isa/ros2_ws/install/more_interfaces/share/more_interfaces/cmake/ament_cmake_export_targets-extras.cmake
[3.817s] -- Up-to-date: /home/isa/ros2_ws/install/more_interfaces/share/more_interfaces/cmake/rosidl_cmake_export_typesupport_targets-extras.cmake
[3.817s] -- Up-to-date: /home/isa/ros2_ws/install/more_interfaces/share/more_interfaces/cmake/ament_cmake_export_dependencies-extras.cmake
[3.817s] -- Up-to-date: /home/isa/ros2_ws/install/more_interfaces/share/more_interfaces/cmake/rosidl_cmake_export_typesupport_libraries-extras.cmake
[3.818s] -- Up-to-date: /home/isa/ros2_ws/install/more_interfaces/share/more_interfaces/cmake/more_interfacesConfig.cmake
[3.818s] -- Up-to-date: /home/isa/ros2_ws/install/more_interfaces/share/more_interfaces/cmake/more_interfacesConfig-version.cmake
[3.818s] -- Up-to-date: /home/isa/ros2_ws/install/more_interfaces/share/more_interfaces/package.xml
[3.819s] Invoked command in '/home/isa/ros2_ws/build/more_interfaces' returned '0': CMAKE_PREFIX_PATH=${CMAKE_PREFIX_PATH}:/home/isa/ros2_ws/install/launch_testing_examples:/home/isa/ros2_ws/install/examples_rclpy_pointcloud_publisher:/home/isa/ros2_ws/install/examples_rclpy_minimal_subscriber:/home/isa/ros2_ws/install/examples_rclpy_minimal_service:/home/isa/ros2_ws/install/examples_rclpy_minimal_publisher:/home/isa/ros2_ws/install/examples_rclpy_minimal_client:/home/isa/ros2_ws/install/examples_rclpy_minimal_action_server:/home/isa/ros2_ws/install/examples_rclpy_minimal_action_client:/home/isa/ros2_ws/install/examples_rclpy_guard_conditions:/home/isa/ros2_ws/install/examples_rclpy_executors:/opt/ros/iron /usr/bin/cmake --install /home/isa/ros2_ws/build/more_interfaces
