[1.687s] Invoking command in '/home/isa/ros2_ws/build/examples_rclpy_minimal_action_server': PYTHONPATH=/home/isa/ros2_ws/build/examples_rclpy_minimal_action_server/prefix_override:/home/isa/ros2_ws/install/examples_rclpy_minimal_action_server/lib/python3.10/site-packages:${PYTHONPATH} /usr/bin/python3 setup.py develop --uninstall --editable --build-directory /home/isa/ros2_ws/build/examples_rclpy_minimal_action_server/build
[2.130s] /usr/lib/python3/dist-packages/setuptools/command/easy_install.py:158: EasyInstallDeprecationWarning: easy_install command is deprecated. Use build and pip and other standards-based tools.
[2.130s]   warnings.warn(
[2.130s] /usr/lib/python3/dist-packages/setuptools/command/install.py:34: SetuptoolsDeprecationWarning: setup.py install is deprecated. Use build and pip and other standards-based tools.
[2.131s]   warnings.warn(
[2.134s] running develop
[2.225s] /usr/lib/python3/dist-packages/pkg_resources/__init__.py:116: PkgResourcesDeprecationWarning: 1.16.0-unknown is an invalid version and will not be supported in a future release
[2.225s]   warnings.warn(
[2.226s] /usr/lib/python3/dist-packages/pkg_resources/__init__.py:116: PkgResourcesDeprecationWarning: 1.1build1 is an invalid version and will not be supported in a future release
[2.226s]   warnings.warn(
[2.226s] /usr/lib/python3/dist-packages/pkg_resources/__init__.py:116: PkgResourcesDeprecationWarning: 0.1.43ubuntu1 is an invalid version and will not be supported in a future release
[2.226s]   warnings.warn(
[2.468s] Invoked command in '/home/isa/ros2_ws/build/examples_rclpy_minimal_action_server' returned '0': PYTHONPATH=/home/isa/ros2_ws/build/examples_rclpy_minimal_action_server/prefix_override:/home/isa/ros2_ws/install/examples_rclpy_minimal_action_server/lib/python3.10/site-packages:${PYTHONPATH} /usr/bin/python3 setup.py develop --uninstall --editable --build-directory /home/isa/ros2_ws/build/examples_rclpy_minimal_action_server/build
[2.469s] Invoking command in '/home/isa/ros2_ws/src/examples/rclpy/actions/minimal_action_server': PYTHONPATH=/home/isa/ros2_ws/build/examples_rclpy_minimal_action_server/prefix_override:/home/isa/ros2_ws/install/examples_rclpy_minimal_action_server/lib/python3.10/site-packages:${PYTHONPATH} /usr/bin/python3 setup.py egg_info --egg-base ../../../../../build/examples_rclpy_minimal_action_server build --build-base /home/isa/ros2_ws/build/examples_rclpy_minimal_action_server/build install --record /home/isa/ros2_ws/build/examples_rclpy_minimal_action_server/install.log --single-version-externally-managed
[2.882s] running egg_info
[2.883s] writing ../../../../../build/examples_rclpy_minimal_action_server/examples_rclpy_minimal_action_server.egg-info/PKG-INFO
[2.883s] writing dependency_links to ../../../../../build/examples_rclpy_minimal_action_server/examples_rclpy_minimal_action_server.egg-info/dependency_links.txt
[2.884s] writing entry points to ../../../../../build/examples_rclpy_minimal_action_server/examples_rclpy_minimal_action_server.egg-info/entry_points.txt
[2.884s] writing requirements to ../../../../../build/examples_rclpy_minimal_action_server/examples_rclpy_minimal_action_server.egg-info/requires.txt
[2.884s] writing top-level names to ../../../../../build/examples_rclpy_minimal_action_server/examples_rclpy_minimal_action_server.egg-info/top_level.txt
[2.886s] reading manifest file '../../../../../build/examples_rclpy_minimal_action_server/examples_rclpy_minimal_action_server.egg-info/SOURCES.txt'
[2.888s] writing manifest file '../../../../../build/examples_rclpy_minimal_action_server/examples_rclpy_minimal_action_server.egg-info/SOURCES.txt'
[2.888s] running build
[2.888s] running build_py
[2.889s] running install
[2.889s] /usr/lib/python3/dist-packages/setuptools/command/install.py:34: SetuptoolsDeprecationWarning: setup.py install is deprecated. Use build and pip and other standards-based tools.
[2.889s]   warnings.warn(
[2.890s] running install_lib
[2.891s] running install_data
[2.892s] running install_egg_info
[2.894s] removing '/home/isa/ros2_ws/install/examples_rclpy_minimal_action_server/lib/python3.10/site-packages/examples_rclpy_minimal_action_server-0.18.0-py3.10.egg-info' (and everything under it)
[2.895s] Copying ../../../../../build/examples_rclpy_minimal_action_server/examples_rclpy_minimal_action_server.egg-info to /home/isa/ros2_ws/install/examples_rclpy_minimal_action_server/lib/python3.10/site-packages/examples_rclpy_minimal_action_server-0.18.0-py3.10.egg-info
[2.896s] running install_scripts
[2.926s] Installing server script to /home/isa/ros2_ws/install/examples_rclpy_minimal_action_server/lib/examples_rclpy_minimal_action_server
[2.927s] Installing server_defer script to /home/isa/ros2_ws/install/examples_rclpy_minimal_action_server/lib/examples_rclpy_minimal_action_server
[2.927s] Installing server_not_composable script to /home/isa/ros2_ws/install/examples_rclpy_minimal_action_server/lib/examples_rclpy_minimal_action_server
[2.927s] Installing server_queue_goals script to /home/isa/ros2_ws/install/examples_rclpy_minimal_action_server/lib/examples_rclpy_minimal_action_server
[2.927s] Installing server_single_goal script to /home/isa/ros2_ws/install/examples_rclpy_minimal_action_server/lib/examples_rclpy_minimal_action_server
[2.928s] writing list of installed files to '/home/isa/ros2_ws/build/examples_rclpy_minimal_action_server/install.log'
[3.325s] Invoked command in '/home/isa/ros2_ws/src/examples/rclpy/actions/minimal_action_server' returned '0': PYTHONPATH=/home/isa/ros2_ws/build/examples_rclpy_minimal_action_server/prefix_override:/home/isa/ros2_ws/install/examples_rclpy_minimal_action_server/lib/python3.10/site-packages:${PYTHONPATH} /usr/bin/python3 setup.py egg_info --egg-base ../../../../../build/examples_rclpy_minimal_action_server build --build-base /home/isa/ros2_ws/build/examples_rclpy_minimal_action_server/build install --record /home/isa/ros2_ws/build/examples_rclpy_minimal_action_server/install.log --single-version-externally-managed
