[0.010s] Invoking command in '/home/isa/ros2_ws/build/more_interfaces': CMAKE_PREFIX_PATH=${CMAKE_PREFIX_PATH}:/home/isa/ros2_ws/install/launch_testing_examples:/home/isa/ros2_ws/install/examples_rclpy_pointcloud_publisher:/home/isa/ros2_ws/install/examples_rclpy_minimal_subscriber:/home/isa/ros2_ws/install/examples_rclpy_minimal_service:/home/isa/ros2_ws/install/examples_rclpy_minimal_publisher:/home/isa/ros2_ws/install/examples_rclpy_minimal_client:/home/isa/ros2_ws/install/examples_rclpy_minimal_action_server:/home/isa/ros2_ws/install/examples_rclpy_minimal_action_client:/home/isa/ros2_ws/install/examples_rclpy_guard_conditions:/home/isa/ros2_ws/install/examples_rclpy_executors:/opt/ros/iron /usr/bin/cmake /home/isa/ros2_ws/src/more_interfaces -DCMAKE_INSTALL_PREFIX=/home/isa/ros2_ws/install/more_interfaces
[0.019s] -- Found ament_cmake: 2.0.2 (/opt/ros/iron/share/ament_cmake/cmake)
[0.137s] -- Found rosidl_default_generators: 1.5.0 (/opt/ros/iron/share/rosidl_default_generators/cmake)
[0.141s] -- Using all available rosidl_typesupport_c: rosidl_typesupport_fastrtps_c;rosidl_typesupport_introspection_c
[0.169s] -- Using all available rosidl_typesupport_cpp: rosidl_typesupport_fastrtps_cpp;rosidl_typesupport_introspection_cpp
[0.192s] -- Found rosidl_adapter: 4.0.0 (/opt/ros/iron/share/rosidl_adapter/cmake)
[0.196s] -- Found rclcpp: 21.0.1 (/opt/ros/iron/share/rclcpp/cmake)
[0.335s] -- Found rmw_implementation_cmake: 7.1.0 (/opt/ros/iron/share/rmw_implementation_cmake/cmake)
[0.336s] -- Found rmw_fastrtps_cpp: 7.1.1 (/opt/ros/iron/share/rmw_fastrtps_cpp/cmake)
[0.439s] -- Using RMW implementation 'rmw_fastrtps_cpp' as default
[0.820s] -- Found ament_cmake_ros: 0.11.2 (/opt/ros/iron/share/ament_cmake_ros/cmake)
[0.965s] -- Using all available rosidl_typesupport_c: rosidl_typesupport_fastrtps_c;rosidl_typesupport_introspection_c
[1.156s] -- Using all available rosidl_typesupport_cpp: rosidl_typesupport_fastrtps_cpp;rosidl_typesupport_introspection_cpp
[1.174s] -- Found python_cmake_module: 0.10.2 (/opt/ros/iron/share/python_cmake_module/cmake)
[1.192s] -- Using PYTHON_EXECUTABLE: /usr/bin/python3
[1.192s] -- Using PYTHON_INCLUDE_DIRS: /usr/include/python3.10
[1.193s] -- Using PYTHON_LIBRARIES: /usr/lib/x86_64-linux-gnu/libpython3.10.so
[1.208s] [31mCMake Error at /opt/ros/iron/share/rosidl_cmake/cmake/rosidl_generate_interfaces.cmake:95 (message):
[1.208s]   rosidl_generate_interfaces() the passed file 'msg/Message1.msg' doesn't
[1.208s]   exist relative to the CMAKE_CURRENT_SOURCE_DIR
[1.208s]   '/home/isa/ros2_ws/src/more_interfaces'
[1.208s] Call Stack (most recent call first):
[1.208s]   CMakeLists.txt:44 (rosidl_generate_interfaces)
[1.208s] 
[1.208s] [0m
[1.209s] -- Configuring incomplete, errors occurred!
[1.209s] See also "/home/isa/ros2_ws/build/more_interfaces/CMakeFiles/CMakeOutput.log".
[1.214s] Invoked command in '/home/isa/ros2_ws/build/more_interfaces' returned '1': CMAKE_PREFIX_PATH=${CMAKE_PREFIX_PATH}:/home/isa/ros2_ws/install/launch_testing_examples:/home/isa/ros2_ws/install/examples_rclpy_pointcloud_publisher:/home/isa/ros2_ws/install/examples_rclpy_minimal_subscriber:/home/isa/ros2_ws/install/examples_rclpy_minimal_service:/home/isa/ros2_ws/install/examples_rclpy_minimal_publisher:/home/isa/ros2_ws/install/examples_rclpy_minimal_client:/home/isa/ros2_ws/install/examples_rclpy_minimal_action_server:/home/isa/ros2_ws/install/examples_rclpy_minimal_action_client:/home/isa/ros2_ws/install/examples_rclpy_guard_conditions:/home/isa/ros2_ws/install/examples_rclpy_executors:/opt/ros/iron /usr/bin/cmake /home/isa/ros2_ws/src/more_interfaces -DCMAKE_INSTALL_PREFIX=/home/isa/ros2_ws/install/more_interfaces
