[0.095s] Invoking command in '/home/isa/ros2_ws/build/examples_rclcpp_wait_set': CMAKE_PREFIX_PATH=/opt/ros/iron /usr/bin/cmake --build /home/isa/ros2_ws/build/examples_rclcpp_wait_set -- -j8 -l8
[0.519s] [ 25%] Built target wait_set_talker
[0.519s] [ 25%] Built target wait_set_listener
[0.519s] [ 25%] Built target listener
[0.519s] [ 33%] Built target talker
[0.520s] [ 41%] Built target static_wait_set
[0.520s] [ 50%] Built target thread_safe_wait_set
[0.520s] [ 58%] Built target wait_set
[0.520s] [ 66%] Built target wait_set_topics_and_timer
[0.520s] [ 75%] Built target executor_random_order
[0.520s] [ 83%] Built target wait_set_composed
[0.520s] [ 91%] Built target wait_set_random_order
[0.520s] [100%] Built target wait_set_topics_with_different_rates
[0.713s] Invoked command in '/home/isa/ros2_ws/build/examples_rclcpp_wait_set' returned '0': CMAKE_PREFIX_PATH=/opt/ros/iron /usr/bin/cmake --build /home/isa/ros2_ws/build/examples_rclcpp_wait_set -- -j8 -l8
[0.944s] Invoking command in '/home/isa/ros2_ws/build/examples_rclcpp_wait_set': CMAKE_PREFIX_PATH=/opt/ros/iron /usr/bin/cmake --install /home/isa/ros2_ws/build/examples_rclcpp_wait_set
[0.963s] -- Install configuration: ""
[0.963s] -- Execute custom install script
[0.963s] -- Up-to-date symlink: /home/isa/ros2_ws/install/examples_rclcpp_wait_set/lib/examples_rclcpp_wait_set/wait_set_talker
[0.963s] -- Up-to-date symlink: /home/isa/ros2_ws/install/examples_rclcpp_wait_set/lib/examples_rclcpp_wait_set/wait_set_listener
[0.963s] -- Up-to-date symlink: /home/isa/ros2_ws/install/examples_rclcpp_wait_set/lib/libtalker.so
[0.964s] -- Up-to-date symlink: /home/isa/ros2_ws/install/examples_rclcpp_wait_set/lib/liblistener.so
[0.964s] -- Up-to-date symlink: /home/isa/ros2_ws/install/examples_rclcpp_wait_set/lib/examples_rclcpp_wait_set/wait_set
[0.964s] -- Up-to-date symlink: /home/isa/ros2_ws/install/examples_rclcpp_wait_set/lib/examples_rclcpp_wait_set/static_wait_set
[0.964s] -- Up-to-date symlink: /home/isa/ros2_ws/install/examples_rclcpp_wait_set/lib/examples_rclcpp_wait_set/thread_safe_wait_set
[0.964s] -- Up-to-date symlink: /home/isa/ros2_ws/install/examples_rclcpp_wait_set/lib/examples_rclcpp_wait_set/wait_set_topics_and_timer
[0.964s] -- Up-to-date symlink: /home/isa/ros2_ws/install/examples_rclcpp_wait_set/lib/examples_rclcpp_wait_set/wait_set_random_order
[0.964s] -- Up-to-date symlink: /home/isa/ros2_ws/install/examples_rclcpp_wait_set/lib/examples_rclcpp_wait_set/executor_random_order
[0.964s] -- Up-to-date symlink: /home/isa/ros2_ws/install/examples_rclcpp_wait_set/lib/examples_rclcpp_wait_set/wait_set_topics_with_different_rates
[0.964s] -- Up-to-date symlink: /home/isa/ros2_ws/install/examples_rclcpp_wait_set/lib/examples_rclcpp_wait_set/wait_set_composed
[0.965s] -- Up-to-date symlink: /home/isa/ros2_ws/install/examples_rclcpp_wait_set/share/ament_index/resource_index/package_run_dependencies/examples_rclcpp_wait_set
[0.965s] -- Up-to-date symlink: /home/isa/ros2_ws/install/examples_rclcpp_wait_set/share/ament_index/resource_index/parent_prefix_path/examples_rclcpp_wait_set
[0.965s] -- Up-to-date symlink: /home/isa/ros2_ws/install/examples_rclcpp_wait_set/share/examples_rclcpp_wait_set/environment/ament_prefix_path.sh
[0.965s] -- Up-to-date symlink: /home/isa/ros2_ws/install/examples_rclcpp_wait_set/share/examples_rclcpp_wait_set/environment/ament_prefix_path.dsv
[0.965s] -- Up-to-date symlink: /home/isa/ros2_ws/install/examples_rclcpp_wait_set/share/examples_rclcpp_wait_set/environment/path.sh
[0.965s] -- Up-to-date symlink: /home/isa/ros2_ws/install/examples_rclcpp_wait_set/share/examples_rclcpp_wait_set/environment/path.dsv
[0.966s] -- Up-to-date symlink: /home/isa/ros2_ws/install/examples_rclcpp_wait_set/share/examples_rclcpp_wait_set/local_setup.bash
[0.966s] -- Up-to-date symlink: /home/isa/ros2_ws/install/examples_rclcpp_wait_set/share/examples_rclcpp_wait_set/local_setup.sh
[0.966s] -- Up-to-date symlink: /home/isa/ros2_ws/install/examples_rclcpp_wait_set/share/examples_rclcpp_wait_set/local_setup.zsh
[0.966s] -- Up-to-date symlink: /home/isa/ros2_ws/install/examples_rclcpp_wait_set/share/examples_rclcpp_wait_set/local_setup.dsv
[0.966s] -- Symlinking: /home/isa/ros2_ws/install/examples_rclcpp_wait_set/share/examples_rclcpp_wait_set/package.dsv
[0.975s] -- Up-to-date symlink: /home/isa/ros2_ws/install/examples_rclcpp_wait_set/share/ament_index/resource_index/packages/examples_rclcpp_wait_set
[0.975s] -- Up-to-date symlink: /home/isa/ros2_ws/install/examples_rclcpp_wait_set/share/ament_index/resource_index/rclcpp_components/examples_rclcpp_wait_set
[0.976s] -- Up-to-date symlink: /home/isa/ros2_ws/install/examples_rclcpp_wait_set/share/examples_rclcpp_wait_set/cmake/examples_rclcpp_wait_setConfig.cmake
[0.976s] -- Up-to-date symlink: /home/isa/ros2_ws/install/examples_rclcpp_wait_set/share/examples_rclcpp_wait_set/cmake/examples_rclcpp_wait_setConfig-version.cmake
[0.976s] -- Up-to-date symlink: /home/isa/ros2_ws/install/examples_rclcpp_wait_set/share/examples_rclcpp_wait_set/package.xml
[1.010s] Invoked command in '/home/isa/ros2_ws/build/examples_rclcpp_wait_set' returned '0': CMAKE_PREFIX_PATH=/opt/ros/iron /usr/bin/cmake --install /home/isa/ros2_ws/build/examples_rclcpp_wait_set
