[1.029s] Invoking command in '/home/isa/ros2_ws/build/examples_rclpy_guard_conditions': PYTHONPATH=/home/isa/ros2_ws/build/examples_rclpy_guard_conditions/prefix_override:/home/isa/ros2_ws/install/examples_rclpy_guard_conditions/lib/python3.10/site-packages:${PYTHONPATH} /usr/bin/python3 setup.py develop --uninstall --editable --build-directory /home/isa/ros2_ws/build/examples_rclpy_guard_conditions/build
[1.495s] running develop
[1.496s] /usr/lib/python3/dist-packages/setuptools/command/easy_install.py:158: EasyInstallDeprecationWarning: easy_install command is deprecated. Use build and pip and other standards-based tools.
[1.496s]   warnings.warn(
[1.498s] /usr/lib/python3/dist-packages/setuptools/command/install.py:34: SetuptoolsDeprecationWarning: setup.py install is deprecated. Use build and pip and other standards-based tools.
[1.498s]   warnings.warn(
[1.594s] /usr/lib/python3/dist-packages/pkg_resources/__init__.py:116: PkgResourcesDeprecationWarning: 1.16.0-unknown is an invalid version and will not be supported in a future release
[1.594s]   warnings.warn(
[1.594s] /usr/lib/python3/dist-packages/pkg_resources/__init__.py:116: PkgResourcesDeprecationWarning: 1.1build1 is an invalid version and will not be supported in a future release
[1.595s]   warnings.warn(
[1.595s] /usr/lib/python3/dist-packages/pkg_resources/__init__.py:116: PkgResourcesDeprecationWarning: 0.1.43ubuntu1 is an invalid version and will not be supported in a future release
[1.595s]   warnings.warn(
[1.689s] Removing /home/isa/ros2_ws/install/examples_rclpy_guard_conditions/lib/python3.10/site-packages/examples-rclpy-guard-conditions.egg-link (link to .)
[1.748s] Invoked command in '/home/isa/ros2_ws/build/examples_rclpy_guard_conditions' returned '0': PYTHONPATH=/home/isa/ros2_ws/build/examples_rclpy_guard_conditions/prefix_override:/home/isa/ros2_ws/install/examples_rclpy_guard_conditions/lib/python3.10/site-packages:${PYTHONPATH} /usr/bin/python3 setup.py develop --uninstall --editable --build-directory /home/isa/ros2_ws/build/examples_rclpy_guard_conditions/build
[1.749s] Invoking command in '/home/isa/ros2_ws/src/examples/rclpy/guard_conditions': PYTHONPATH=/home/isa/ros2_ws/build/examples_rclpy_guard_conditions/prefix_override:/home/isa/ros2_ws/install/examples_rclpy_guard_conditions/lib/python3.10/site-packages:${PYTHONPATH} /usr/bin/python3 setup.py egg_info --egg-base ../../../../build/examples_rclpy_guard_conditions build --build-base /home/isa/ros2_ws/build/examples_rclpy_guard_conditions/build install --record /home/isa/ros2_ws/build/examples_rclpy_guard_conditions/install.log --single-version-externally-managed
[2.104s] running egg_info
[2.105s] writing ../../../../build/examples_rclpy_guard_conditions/examples_rclpy_guard_conditions.egg-info/PKG-INFO
[2.105s] writing dependency_links to ../../../../build/examples_rclpy_guard_conditions/examples_rclpy_guard_conditions.egg-info/dependency_links.txt
[2.106s] writing entry points to ../../../../build/examples_rclpy_guard_conditions/examples_rclpy_guard_conditions.egg-info/entry_points.txt
[2.106s] writing requirements to ../../../../build/examples_rclpy_guard_conditions/examples_rclpy_guard_conditions.egg-info/requires.txt
[2.106s] writing top-level names to ../../../../build/examples_rclpy_guard_conditions/examples_rclpy_guard_conditions.egg-info/top_level.txt
[2.108s] reading manifest file '../../../../build/examples_rclpy_guard_conditions/examples_rclpy_guard_conditions.egg-info/SOURCES.txt'
[2.110s] writing manifest file '../../../../build/examples_rclpy_guard_conditions/examples_rclpy_guard_conditions.egg-info/SOURCES.txt'
[2.111s] running build
[2.111s] running build_py
[2.111s] creating /home/isa/ros2_ws/build/examples_rclpy_guard_conditions/build
[2.111s] creating /home/isa/ros2_ws/build/examples_rclpy_guard_conditions/build/lib
[2.111s] creating /home/isa/ros2_ws/build/examples_rclpy_guard_conditions/build/lib/examples_rclpy_guard_conditions
[2.111s] copying examples_rclpy_guard_conditions/__init__.py -> /home/isa/ros2_ws/build/examples_rclpy_guard_conditions/build/lib/examples_rclpy_guard_conditions
[2.111s] copying examples_rclpy_guard_conditions/trigger_guard_condition.py -> /home/isa/ros2_ws/build/examples_rclpy_guard_conditions/build/lib/examples_rclpy_guard_conditions
[2.112s] /usr/lib/python3/dist-packages/setuptools/command/install.py:34: SetuptoolsDeprecationWarning: setup.py install is deprecated. Use build and pip and other standards-based tools.
[2.112s]   warnings.warn(
[2.112s] running install
[2.112s] running install_lib
[2.113s] creating /home/isa/ros2_ws/install/examples_rclpy_guard_conditions/lib/python3.10/site-packages/examples_rclpy_guard_conditions
[2.113s] copying /home/isa/ros2_ws/build/examples_rclpy_guard_conditions/build/lib/examples_rclpy_guard_conditions/__init__.py -> /home/isa/ros2_ws/install/examples_rclpy_guard_conditions/lib/python3.10/site-packages/examples_rclpy_guard_conditions
[2.113s] copying /home/isa/ros2_ws/build/examples_rclpy_guard_conditions/build/lib/examples_rclpy_guard_conditions/trigger_guard_condition.py -> /home/isa/ros2_ws/install/examples_rclpy_guard_conditions/lib/python3.10/site-packages/examples_rclpy_guard_conditions
[2.114s] byte-compiling /home/isa/ros2_ws/install/examples_rclpy_guard_conditions/lib/python3.10/site-packages/examples_rclpy_guard_conditions/__init__.py to __init__.cpython-310.pyc
[2.114s] byte-compiling /home/isa/ros2_ws/install/examples_rclpy_guard_conditions/lib/python3.10/site-packages/examples_rclpy_guard_conditions/trigger_guard_condition.py to trigger_guard_condition.cpython-310.pyc
[2.114s] running install_data
[2.119s] running install_egg_info
[2.119s] Copying ../../../../build/examples_rclpy_guard_conditions/examples_rclpy_guard_conditions.egg-info to /home/isa/ros2_ws/install/examples_rclpy_guard_conditions/lib/python3.10/site-packages/examples_rclpy_guard_conditions-0.18.0-py3.10.egg-info
[2.121s] running install_scripts
[2.148s] Installing trigger_guard_condition script to /home/isa/ros2_ws/install/examples_rclpy_guard_conditions/lib/examples_rclpy_guard_conditions
[2.149s] writing list of installed files to '/home/isa/ros2_ws/build/examples_rclpy_guard_conditions/install.log'
[2.252s] Invoked command in '/home/isa/ros2_ws/src/examples/rclpy/guard_conditions' returned '0': PYTHONPATH=/home/isa/ros2_ws/build/examples_rclpy_guard_conditions/prefix_override:/home/isa/ros2_ws/install/examples_rclpy_guard_conditions/lib/python3.10/site-packages:${PYTHONPATH} /usr/bin/python3 setup.py egg_info --egg-base ../../../../build/examples_rclpy_guard_conditions build --build-base /home/isa/ros2_ws/build/examples_rclpy_guard_conditions/build install --record /home/isa/ros2_ws/build/examples_rclpy_guard_conditions/install.log --single-version-externally-managed
