[1.610s] Invoking command in '/home/isa/ros2_ws/build/examples_rclpy_pointcloud_publisher': PYTHONPATH=/home/isa/ros2_ws/build/examples_rclpy_pointcloud_publisher/prefix_override:/home/isa/ros2_ws/install/examples_rclpy_pointcloud_publisher/lib/python3.10/site-packages:${PYTHONPATH} /usr/bin/python3 setup.py develop --editable --build-directory /home/isa/ros2_ws/build/examples_rclpy_pointcloud_publisher/build --no-deps install_data
[2.155s] running develop
[2.156s] /usr/lib/python3/dist-packages/setuptools/command/easy_install.py:158: EasyInstallDeprecationWarning: easy_install command is deprecated. Use build and pip and other standards-based tools.
[2.156s]   warnings.warn(
[2.158s] /usr/lib/python3/dist-packages/setuptools/command/install.py:34: SetuptoolsDeprecationWarning: setup.py install is deprecated. Use build and pip and other standards-based tools.
[2.158s]   warnings.warn(
[2.290s] /usr/lib/python3/dist-packages/pkg_resources/__init__.py:116: PkgResourcesDeprecationWarning: 1.16.0-unknown is an invalid version and will not be supported in a future release
[2.290s]   warnings.warn(
[2.290s] /usr/lib/python3/dist-packages/pkg_resources/__init__.py:116: PkgResourcesDeprecationWarning: 1.1build1 is an invalid version and will not be supported in a future release
[2.290s]   warnings.warn(
[2.291s] /usr/lib/python3/dist-packages/pkg_resources/__init__.py:116: PkgResourcesDeprecationWarning: 0.1.43ubuntu1 is an invalid version and will not be supported in a future release
[2.291s]   warnings.warn(
[2.480s] running egg_info
[2.480s] creating examples_rclpy_pointcloud_publisher.egg-info
[2.480s] writing examples_rclpy_pointcloud_publisher.egg-info/PKG-INFO
[2.481s] writing dependency_links to examples_rclpy_pointcloud_publisher.egg-info/dependency_links.txt
[2.481s] writing entry points to examples_rclpy_pointcloud_publisher.egg-info/entry_points.txt
[2.482s] writing requirements to examples_rclpy_pointcloud_publisher.egg-info/requires.txt
[2.482s] writing top-level names to examples_rclpy_pointcloud_publisher.egg-info/top_level.txt
[2.482s] writing manifest file 'examples_rclpy_pointcloud_publisher.egg-info/SOURCES.txt'
[2.485s] reading manifest file 'examples_rclpy_pointcloud_publisher.egg-info/SOURCES.txt'
[2.486s] writing manifest file 'examples_rclpy_pointcloud_publisher.egg-info/SOURCES.txt'
[2.488s] running build_ext
[2.489s] Creating /home/isa/ros2_ws/install/examples_rclpy_pointcloud_publisher/lib/python3.10/site-packages/examples-rclpy-pointcloud-publisher.egg-link (link to .)
[2.490s] Installing pointcloud_publisher script to /home/isa/ros2_ws/install/examples_rclpy_pointcloud_publisher/lib/examples_rclpy_pointcloud_publisher
[2.491s] 
[2.491s] Installed /home/isa/ros2_ws/build/examples_rclpy_pointcloud_publisher
[2.491s] running install_data
[2.492s] creating /home/isa/ros2_ws/install/examples_rclpy_pointcloud_publisher/share/ament_index
[2.492s] creating /home/isa/ros2_ws/install/examples_rclpy_pointcloud_publisher/share/ament_index/resource_index
[2.492s] creating /home/isa/ros2_ws/install/examples_rclpy_pointcloud_publisher/share/ament_index/resource_index/packages
[2.492s] copying resource/examples_rclpy_pointcloud_publisher -> /home/isa/ros2_ws/install/examples_rclpy_pointcloud_publisher/share/ament_index/resource_index/packages
[2.493s] copying package.xml -> /home/isa/ros2_ws/install/examples_rclpy_pointcloud_publisher/share/examples_rclpy_pointcloud_publisher
[2.541s] Invoked command in '/home/isa/ros2_ws/build/examples_rclpy_pointcloud_publisher' returned '0': PYTHONPATH=/home/isa/ros2_ws/build/examples_rclpy_pointcloud_publisher/prefix_override:/home/isa/ros2_ws/install/examples_rclpy_pointcloud_publisher/lib/python3.10/site-packages:${PYTHONPATH} /usr/bin/python3 setup.py develop --editable --build-directory /home/isa/ros2_ws/build/examples_rclpy_pointcloud_publisher/build --no-deps install_data
