[0.028s] Invoking command in '/home/isa/ros2_ws/build/examples_rclcpp_minimal_publisher': CMAKE_PREFIX_PATH=/opt/ros/iron /usr/bin/cmake /home/isa/ros2_ws/src/examples/rclcpp/topics/minimal_publisher -DAMENT_CMAKE_SYMLINK_INSTALL=1 -DCMAKE_INSTALL_PREFIX=/home/isa/ros2_ws/install/examples_rclcpp_minimal_publisher
[2.448s] -- The C compiler identification is GNU 11.3.0
[2.448s] -- The CXX compiler identification is GNU 11.3.0
[2.448s] -- Detecting C compiler ABI info
[2.448s] -- Detecting C compiler ABI info - done
[2.448s] -- Check for working C compiler: /usr/bin/cc - skipped
[2.448s] -- Detecting C compile features
[2.449s] -- Detecting C compile features - done
[2.449s] -- Detecting CXX compiler ABI info
[2.449s] -- Detecting CXX compiler ABI info - done
[2.449s] -- Check for working CXX compiler: /usr/bin/c++ - skipped
[2.449s] -- Detecting CXX compile features
[2.449s] -- Detecting CXX compile features - done
[2.449s] -- Found ament_cmake: 2.0.2 (/opt/ros/iron/share/ament_cmake/cmake)
[2.449s] -- Found Python3: /usr/bin/python3.10 (found version "3.10.6") found components: Interpreter 
[2.449s] -- Override CMake install command with custom implementation using symlinks instead of copying resources
[2.450s] -- Found rclcpp: 21.0.1 (/opt/ros/iron/share/rclcpp/cmake)
[2.450s] -- Found rosidl_generator_c: 4.0.0 (/opt/ros/iron/share/rosidl_generator_c/cmake)
[2.450s] -- Found rosidl_generator_cpp: 4.0.0 (/opt/ros/iron/share/rosidl_generator_cpp/cmake)
[2.450s] -- Using all available rosidl_typesupport_c: rosidl_typesupport_fastrtps_c;rosidl_typesupport_introspection_c
[2.450s] -- Using all available rosidl_typesupport_cpp: rosidl_typesupport_fastrtps_cpp;rosidl_typesupport_introspection_cpp
[2.450s] -- Found rmw_implementation_cmake: 7.1.0 (/opt/ros/iron/share/rmw_implementation_cmake/cmake)
[2.450s] -- Found rmw_fastrtps_cpp: 7.1.1 (/opt/ros/iron/share/rmw_fastrtps_cpp/cmake)
[2.450s] -- Found OpenSSL: /usr/lib/x86_64-linux-gnu/libcrypto.so (found version "3.0.2")  
[2.450s] -- Found FastRTPS: /opt/ros/iron/include  
[2.451s] -- Using RMW implementation 'rmw_fastrtps_cpp' as default
[2.451s] -- Found std_msgs: 5.0.0 (/opt/ros/iron/share/std_msgs/cmake)
[2.451s] -- Found ament_lint_auto: 0.14.1 (/opt/ros/iron/share/ament_lint_auto/cmake)
[2.451s] -- Added test 'copyright' to check source files copyright and LICENSE
[2.451s] -- Added test 'cppcheck' to perform static code analysis on C / C++ code
[2.451s] -- Configured cppcheck include dirs: 
[2.451s] -- Configured cppcheck exclude dirs and/or files: 
[2.451s] -- Added test 'cpplint' to check C / C++ code against the Google style
[2.451s] -- Configured cpplint exclude dirs and/or files: 
[2.452s] -- Added test 'lint_cmake' to check CMake code style
[2.452s] -- Added test 'uncrustify' to check C / C++ code style
[2.452s] -- Configured uncrustify additional arguments: 
[2.452s] -- Added test 'xmllint' to check XML markup files
[2.452s] -- Configuring done
[2.452s] -- Generating done
[2.456s] -- Build files have been written to: /home/isa/ros2_ws/build/examples_rclcpp_minimal_publisher
[2.466s] Invoked command in '/home/isa/ros2_ws/build/examples_rclcpp_minimal_publisher' returned '0': CMAKE_PREFIX_PATH=/opt/ros/iron /usr/bin/cmake /home/isa/ros2_ws/src/examples/rclcpp/topics/minimal_publisher -DAMENT_CMAKE_SYMLINK_INSTALL=1 -DCMAKE_INSTALL_PREFIX=/home/isa/ros2_ws/install/examples_rclcpp_minimal_publisher
[2.470s] Invoking command in '/home/isa/ros2_ws/build/examples_rclcpp_minimal_publisher': CMAKE_PREFIX_PATH=/opt/ros/iron /usr/bin/cmake --build /home/isa/ros2_ws/build/examples_rclcpp_minimal_publisher -- -j8 -l8
[2.934s] [  8%] [32mBuilding CXX object CMakeFiles/publisher_wait_for_all_acked.dir/member_function_with_wait_for_all_acked.cpp.o[0m
[2.934s] [ 16%] [32mBuilding CXX object CMakeFiles/publisher_lambda.dir/lambda.cpp.o[0m
[2.934s] [ 25%] [32mBuilding CXX object CMakeFiles/publisher_member_function_with_type_adapter.dir/member_function_with_type_adapter.cpp.o[0m
[2.935s] [ 33%] [32mBuilding CXX object CMakeFiles/publisher_member_function.dir/member_function.cpp.o[0m
[2.935s] [ 41%] [32mBuilding CXX object CMakeFiles/publisher_member_function_with_unique_network_flow_endpoints.dir/member_function_with_unique_network_flow_endpoints.cpp.o[0m
[2.935s] [ 50%] [32mBuilding CXX object CMakeFiles/publisher_not_composable.dir/not_composable.cpp.o[0m
[25.581s] [ 58%] [32m[1mLinking CXX executable publisher_not_composable[0m
[26.711s] [ 58%] Built target publisher_not_composable
[29.004s] [ 66%] [32m[1mLinking CXX executable publisher_member_function[0m
[29.870s] [ 66%] Built target publisher_member_function
[30.713s] [ 75%] [32m[1mLinking CXX executable publisher_member_function_with_unique_network_flow_endpoints[0m
[31.542s] [ 83%] [32m[1mLinking CXX executable publisher_wait_for_all_acked[0m
[31.552s] [ 83%] Built target publisher_member_function_with_unique_network_flow_endpoints
[32.739s] [ 83%] Built target publisher_wait_for_all_acked
[32.834s] [ 91%] [32m[1mLinking CXX executable publisher_member_function_with_type_adapter[0m
[32.873s] [100%] [32m[1mLinking CXX executable publisher_lambda[0m
[33.555s] [100%] Built target publisher_lambda
[33.858s] [100%] Built target publisher_member_function_with_type_adapter
[33.930s] Invoked command in '/home/isa/ros2_ws/build/examples_rclcpp_minimal_publisher' returned '0': CMAKE_PREFIX_PATH=/opt/ros/iron /usr/bin/cmake --build /home/isa/ros2_ws/build/examples_rclcpp_minimal_publisher -- -j8 -l8
[34.653s] Invoking command in '/home/isa/ros2_ws/build/examples_rclcpp_minimal_publisher': CMAKE_PREFIX_PATH=/opt/ros/iron /usr/bin/cmake --install /home/isa/ros2_ws/build/examples_rclcpp_minimal_publisher
[35.137s] -- Install configuration: ""
[35.137s] -- Execute custom install script
[35.137s] -- Symlinking: /home/isa/ros2_ws/install/examples_rclcpp_minimal_publisher/lib/examples_rclcpp_minimal_publisher/publisher_lambda
[35.137s] -- Symlinking: /home/isa/ros2_ws/install/examples_rclcpp_minimal_publisher/lib/examples_rclcpp_minimal_publisher/publisher_member_function
[35.138s] -- Symlinking: /home/isa/ros2_ws/install/examples_rclcpp_minimal_publisher/lib/examples_rclcpp_minimal_publisher/publisher_member_function_with_type_adapter
[35.138s] -- Symlinking: /home/isa/ros2_ws/install/examples_rclcpp_minimal_publisher/lib/examples_rclcpp_minimal_publisher/publisher_member_function_with_unique_network_flow_endpoints
[35.138s] -- Symlinking: /home/isa/ros2_ws/install/examples_rclcpp_minimal_publisher/lib/examples_rclcpp_minimal_publisher/publisher_wait_for_all_acked
[35.138s] -- Symlinking: /home/isa/ros2_ws/install/examples_rclcpp_minimal_publisher/lib/examples_rclcpp_minimal_publisher/publisher_not_composable
[35.138s] -- Symlinking: /home/isa/ros2_ws/install/examples_rclcpp_minimal_publisher/share/ament_index/resource_index/package_run_dependencies/examples_rclcpp_minimal_publisher
[35.139s] -- Symlinking: /home/isa/ros2_ws/install/examples_rclcpp_minimal_publisher/share/ament_index/resource_index/parent_prefix_path/examples_rclcpp_minimal_publisher
[35.139s] -- Symlinking: /home/isa/ros2_ws/install/examples_rclcpp_minimal_publisher/share/examples_rclcpp_minimal_publisher/environment/ament_prefix_path.sh
[35.139s] -- Symlinking: /home/isa/ros2_ws/install/examples_rclcpp_minimal_publisher/share/examples_rclcpp_minimal_publisher/environment/ament_prefix_path.dsv
[35.139s] -- Symlinking: /home/isa/ros2_ws/install/examples_rclcpp_minimal_publisher/share/examples_rclcpp_minimal_publisher/environment/path.sh
[35.139s] -- Symlinking: /home/isa/ros2_ws/install/examples_rclcpp_minimal_publisher/share/examples_rclcpp_minimal_publisher/environment/path.dsv
[35.150s] -- Symlinking: /home/isa/ros2_ws/install/examples_rclcpp_minimal_publisher/share/examples_rclcpp_minimal_publisher/local_setup.bash
[35.183s] -- Symlinking: /home/isa/ros2_ws/install/examples_rclcpp_minimal_publisher/share/examples_rclcpp_minimal_publisher/local_setup.sh
[35.219s] -- Symlinking: /home/isa/ros2_ws/install/examples_rclcpp_minimal_publisher/share/examples_rclcpp_minimal_publisher/local_setup.zsh
[35.243s] -- Symlinking: /home/isa/ros2_ws/install/examples_rclcpp_minimal_publisher/share/examples_rclcpp_minimal_publisher/local_setup.dsv
[35.264s] -- Symlinking: /home/isa/ros2_ws/install/examples_rclcpp_minimal_publisher/share/examples_rclcpp_minimal_publisher/package.dsv
[35.294s] -- Symlinking: /home/isa/ros2_ws/install/examples_rclcpp_minimal_publisher/share/ament_index/resource_index/packages/examples_rclcpp_minimal_publisher
[35.313s] -- Symlinking: /home/isa/ros2_ws/install/examples_rclcpp_minimal_publisher/share/examples_rclcpp_minimal_publisher/cmake/examples_rclcpp_minimal_publisherConfig.cmake
[35.353s] -- Symlinking: /home/isa/ros2_ws/install/examples_rclcpp_minimal_publisher/share/examples_rclcpp_minimal_publisher/cmake/examples_rclcpp_minimal_publisherConfig-version.cmake
[35.393s] -- Symlinking: /home/isa/ros2_ws/install/examples_rclcpp_minimal_publisher/share/examples_rclcpp_minimal_publisher/package.xml
[35.421s] Invoked command in '/home/isa/ros2_ws/build/examples_rclcpp_minimal_publisher' returned '0': CMAKE_PREFIX_PATH=/opt/ros/iron /usr/bin/cmake --install /home/isa/ros2_ws/build/examples_rclcpp_minimal_publisher
