[0.010s] Invoking command in '/home/isa/ros2_ws/build/cpp_srvcli': AMENT_PREFIX_PATH=/home/isa/ros2_ws/install/tutorial_interfaces:${AMENT_PREFIX_PATH} CMAKE_PREFIX_PATH=/home/isa/ros2_ws/install/tutorial_interfaces:/opt/ros/iron LD_LIBRARY_PATH=/home/isa/ros2_ws/install/tutorial_interfaces/lib:${LD_LIBRARY_PATH} PYTHONPATH=/home/isa/ros2_ws/install/tutorial_interfaces/lib/python3.10/site-packages:${PYTHONPATH} /usr/bin/cmake --build /home/isa/ros2_ws/build/cpp_srvcli -- -j8 -l8
[0.028s] -- Found ament_cmake: 2.0.2 (/opt/ros/iron/share/ament_cmake/cmake)
[0.134s] -- Found rclcpp: 21.0.1 (/opt/ros/iron/share/rclcpp/cmake)
[0.157s] -- Found rosidl_generator_c: 4.0.0 (/opt/ros/iron/share/rosidl_generator_c/cmake)
[0.163s] -- Found rosidl_generator_cpp: 4.0.0 (/opt/ros/iron/share/rosidl_generator_cpp/cmake)
[0.173s] -- Using all available rosidl_typesupport_c: rosidl_typesupport_fastrtps_c;rosidl_typesupport_introspection_c
[0.186s] -- Using all available rosidl_typesupport_cpp: rosidl_typesupport_fastrtps_cpp;rosidl_typesupport_introspection_cpp
[0.319s] -- Found rmw_implementation_cmake: 7.1.0 (/opt/ros/iron/share/rmw_implementation_cmake/cmake)
[0.320s] -- Found rmw_fastrtps_cpp: 7.1.1 (/opt/ros/iron/share/rmw_fastrtps_cpp/cmake)
[0.412s] -- Using RMW implementation 'rmw_fastrtps_cpp' as default
[0.556s] -- Found example_interfaces: 0.10.2 (/opt/ros/iron/share/example_interfaces/cmake)
[0.725s] -- Found tutorial_interfaces: 0.0.0 (/home/isa/ros2_ws/install/tutorial_interfaces/share/tutorial_interfaces/cmake)
[0.897s] -- Found ament_lint_auto: 0.14.1 (/opt/ros/iron/share/ament_lint_auto/cmake)
[0.948s] -- Added test 'cppcheck' to perform static code analysis on C / C++ code
[0.948s] -- Configured cppcheck include dirs: 
[0.948s] -- Configured cppcheck exclude dirs and/or files: 
[0.948s] -- Added test 'lint_cmake' to check CMake code style
[0.949s] -- Added test 'uncrustify' to check C / C++ code style
[0.949s] -- Configured uncrustify additional arguments: 
[0.949s] -- Added test 'xmllint' to check XML markup files
[0.950s] -- Configuring done
[0.963s] -- Generating done
[0.965s] -- Build files have been written to: /home/isa/ros2_ws/build/cpp_srvcli
[0.984s] [35m[1mConsolidate compiler generated dependencies of target client[0m
[0.984s] [35m[1mConsolidate compiler generated dependencies of target server[0m
[0.998s] [ 50%] [32mBuilding CXX object CMakeFiles/client.dir/src/add_two_ints_client.cpp.o[0m
[0.998s] [ 50%] [32mBuilding CXX object CMakeFiles/server.dir/src/add_two_ints_server.cpp.o[0m
[1.194s] [01m[K/home/isa/ros2_ws/src/cpp_srvcli/src/add_two_ints_client.cpp:2:10:[m[K [01;31m[Kfatal error: [m[Ktutorial_interfaces/srv/add_three_ints.hpp: No such file or directory
[1.194s]     2 | #include [01;31m[K"tutorial_interfaces/srv/add_three_ints.hpp"[m[K                                       // CHANGE
[1.194s]       |          [01;31m[K^~~~~~~~~~~~~~~~~~~~~~~~~~~~~~~~~~~~~~~~~~~~[m[K
[1.194s] [01m[K/home/isa/ros2_ws/src/cpp_srvcli/src/add_two_ints_server.cpp:2:10:[m[K [01;31m[Kfatal error: [m[Ktutorial_interfaces/srv/add_three_ints.hpp: No such file or directory
[1.194s]     2 | #include [01;31m[K"tutorial_interfaces/srv/add_three_ints.hpp"[m[K                                        // CHANGE
[1.194s]       |          [01;31m[K^~~~~~~~~~~~~~~~~~~~~~~~~~~~~~~~~~~~~~~~~~~~[m[K
[1.194s] compilation terminated.
[1.194s] compilation terminated.
[1.199s] gmake[2]: *** [CMakeFiles/server.dir/build.make:76: CMakeFiles/server.dir/src/add_two_ints_server.cpp.o] Error 1
[1.199s] gmake[2]: *** [CMakeFiles/client.dir/build.make:76: CMakeFiles/client.dir/src/add_two_ints_client.cpp.o] Error 1
[1.200s] gmake[1]: *** [CMakeFiles/Makefile2:165: CMakeFiles/client.dir/all] Error 2
[1.200s] gmake[1]: *** Waiting for unfinished jobs....
[1.200s] gmake[1]: *** [CMakeFiles/Makefile2:139: CMakeFiles/server.dir/all] Error 2
[1.200s] gmake: *** [Makefile:146: all] Error 2
[1.201s] Invoked command in '/home/isa/ros2_ws/build/cpp_srvcli' returned '2': AMENT_PREFIX_PATH=/home/isa/ros2_ws/install/tutorial_interfaces:${AMENT_PREFIX_PATH} CMAKE_PREFIX_PATH=/home/isa/ros2_ws/install/tutorial_interfaces:/opt/ros/iron LD_LIBRARY_PATH=/home/isa/ros2_ws/install/tutorial_interfaces/lib:${LD_LIBRARY_PATH} PYTHONPATH=/home/isa/ros2_ws/install/tutorial_interfaces/lib/python3.10/site-packages:${PYTHONPATH} /usr/bin/cmake --build /home/isa/ros2_ws/build/cpp_srvcli -- -j8 -l8
