[0.431s] Invoking command in '/home/isa/ros2_ws/build/turtlesim': CMAKE_PREFIX_PATH=/opt/ros/iron /usr/bin/cmake /home/isa/ros2_ws/src/ros_tutorials/turtlesim -DCMAKE_INSTALL_PREFIX=/home/isa/ros2_ws/install/turtlesim
[0.520s] -- The C compiler identification is GNU 11.3.0
[0.640s] -- The CXX compiler identification is GNU 11.3.0
[0.651s] -- Detecting C compiler ABI info
[0.744s] -- Detecting C compiler ABI info - done
[0.758s] -- Check for working C compiler: /usr/bin/cc - skipped
[0.759s] -- Detecting C compile features
[0.760s] -- Detecting C compile features - done
[0.765s] -- Detecting CXX compiler ABI info
[0.871s] -- Detecting CXX compiler ABI info - done
[0.887s] -- Check for working CXX compiler: /usr/bin/c++ - skipped
[0.887s] -- Detecting CXX compile features
[0.888s] -- Detecting CXX compile features - done
[0.890s] -- Found ament_cmake: 2.0.2 (/opt/ros/iron/share/ament_cmake/cmake)
[1.038s] -- Found Python3: /usr/bin/python3.10 (found version "3.10.6") found components: Interpreter 
[1.118s] -- Found ament_index_cpp: 1.5.2 (/opt/ros/iron/share/ament_index_cpp/cmake)
[1.121s] -- Found geometry_msgs: 5.0.0 (/opt/ros/iron/share/geometry_msgs/cmake)
[1.164s] -- Found rosidl_generator_c: 4.0.0 (/opt/ros/iron/share/rosidl_generator_c/cmake)
[1.174s] -- Found rosidl_generator_cpp: 4.0.0 (/opt/ros/iron/share/rosidl_generator_cpp/cmake)
[1.189s] -- Using all available rosidl_typesupport_c: rosidl_typesupport_fastrtps_c;rosidl_typesupport_introspection_c
[1.207s] -- Using all available rosidl_typesupport_cpp: rosidl_typesupport_fastrtps_cpp;rosidl_typesupport_introspection_cpp
[1.331s] -- Found rclcpp: 21.0.1 (/opt/ros/iron/share/rclcpp/cmake)
[1.478s] -- Found rmw_implementation_cmake: 7.1.0 (/opt/ros/iron/share/rmw_implementation_cmake/cmake)
[1.480s] -- Found rmw_fastrtps_cpp: 7.1.1 (/opt/ros/iron/share/rmw_fastrtps_cpp/cmake)
[1.558s] -- Found OpenSSL: /usr/lib/x86_64-linux-gnu/libcrypto.so (found version "3.0.2")  
[1.580s] -- Found FastRTPS: /opt/ros/iron/include  
[1.617s] -- Using RMW implementation 'rmw_fastrtps_cpp' as default
[1.783s] -- Found rclcpp_action: 21.0.1 (/opt/ros/iron/share/rclcpp_action/cmake)
[1.913s] -- Found rosidl_default_generators: 1.5.0 (/opt/ros/iron/share/rosidl_default_generators/cmake)
[1.926s] -- Found rosidl_adapter: 4.0.0 (/opt/ros/iron/share/rosidl_adapter/cmake)
[1.932s] -- Found std_srvs: 5.0.0 (/opt/ros/iron/share/std_srvs/cmake)
[2.259s] -- Found ament_cmake_ros: 0.11.2 (/opt/ros/iron/share/ament_cmake_ros/cmake)
[2.520s] -- Using all available rosidl_typesupport_c: rosidl_typesupport_fastrtps_c;rosidl_typesupport_introspection_c
[2.611s] -- Using all available rosidl_typesupport_cpp: rosidl_typesupport_fastrtps_cpp;rosidl_typesupport_introspection_cpp
[2.628s] -- Found PythonInterp: /usr/bin/python3 (found suitable version "3.10.6", minimum required is "3.6") 
[2.629s] -- Found python_cmake_module: 0.10.2 (/opt/ros/iron/share/python_cmake_module/cmake)
[2.648s] -- Found PythonLibs: /usr/lib/x86_64-linux-gnu/libpython3.10.so (found suitable version "3.10.6", minimum required is "3.5") 
[2.649s] -- Using PYTHON_EXECUTABLE: /usr/bin/python3
[2.649s] -- Using PYTHON_INCLUDE_DIRS: /usr/include/python3.10
[2.649s] -- Using PYTHON_LIBRARIES: /usr/lib/x86_64-linux-gnu/libpython3.10.so
[2.664s] -- Found PythonExtra: .so  
[2.708s] -- Configuring done
[2.763s] -- Generating done
[2.765s] -- Build files have been written to: /home/isa/ros2_ws/build/turtlesim
[2.776s] Invoked command in '/home/isa/ros2_ws/build/turtlesim' returned '0': CMAKE_PREFIX_PATH=/opt/ros/iron /usr/bin/cmake /home/isa/ros2_ws/src/ros_tutorials/turtlesim -DCMAKE_INSTALL_PREFIX=/home/isa/ros2_ws/install/turtlesim
[2.777s] Invoking command in '/home/isa/ros2_ws/build/turtlesim': CMAKE_PREFIX_PATH=/opt/ros/iron /usr/bin/cmake --build /home/isa/ros2_ws/build/turtlesim -- -j8 -l8
[2.820s] [  0%] [34m[1mGenerating type hashes for ROS interfaces[0m
[2.827s] [  0%] Built target ament_cmake_python_copy_turtlesim
[3.039s] running egg_info
[3.040s] creating turtlesim.egg-info
[3.040s] writing turtlesim.egg-info/PKG-INFO
[3.040s] writing dependency_links to turtlesim.egg-info/dependency_links.txt
[3.040s] writing top-level names to turtlesim.egg-info/top_level.txt
[3.041s] writing manifest file 'turtlesim.egg-info/SOURCES.txt'
[3.042s] reading manifest file 'turtlesim.egg-info/SOURCES.txt'
[3.042s] writing manifest file 'turtlesim.egg-info/SOURCES.txt'
[3.062s] [  0%] Built target ament_cmake_python_build_turtlesim_egg
[3.110s] [  0%] Built target turtlesim__rosidl_generator_type_description
[3.118s] [  1%] [34m[1mGenerating C code for ROS interfaces[0m
[3.125s] [  2%] [34m[1mGenerating C++ code for ROS interfaces[0m
[4.141s] [  2%] Built target turtlesim__cpp
[4.504s] [  4%] [32mBuilding C object CMakeFiles/turtlesim__rosidl_generator_c.dir/rosidl_generator_c/turtlesim/action/detail/rotate_absolute__functions.c.o[0m
[4.504s] [  4%] [32mBuilding C object CMakeFiles/turtlesim__rosidl_generator_c.dir/rosidl_generator_c/turtlesim/action/detail/rotate_absolute__description.c.o[0m
[4.504s] [  5%] [32mBuilding C object CMakeFiles/turtlesim__rosidl_generator_c.dir/rosidl_generator_c/turtlesim/action/detail/rotate_absolute__type_support.c.o[0m
[4.505s] [  6%] [32mBuilding C object CMakeFiles/turtlesim__rosidl_generator_c.dir/rosidl_generator_c/turtlesim/msg/detail/color__description.c.o[0m
[4.505s] [  7%] [32mBuilding C object CMakeFiles/turtlesim__rosidl_generator_c.dir/rosidl_generator_c/turtlesim/msg/detail/color__functions.c.o[0m
[4.506s] [  8%] [32mBuilding C object CMakeFiles/turtlesim__rosidl_generator_c.dir/rosidl_generator_c/turtlesim/msg/detail/pose__description.c.o[0m
[4.506s] [  8%] [32mBuilding C object CMakeFiles/turtlesim__rosidl_generator_c.dir/rosidl_generator_c/turtlesim/msg/detail/color__type_support.c.o[0m
[4.507s] [  9%] [32mBuilding C object CMakeFiles/turtlesim__rosidl_generator_c.dir/rosidl_generator_c/turtlesim/msg/detail/pose__functions.c.o[0m
[4.577s] [ 10%] [32mBuilding C object CMakeFiles/turtlesim__rosidl_generator_c.dir/rosidl_generator_c/turtlesim/msg/detail/pose__type_support.c.o[0m
[4.584s] [ 11%] [32mBuilding C object CMakeFiles/turtlesim__rosidl_generator_c.dir/rosidl_generator_c/turtlesim/srv/detail/kill__description.c.o[0m
[4.588s] [ 12%] [32mBuilding C object CMakeFiles/turtlesim__rosidl_generator_c.dir/rosidl_generator_c/turtlesim/srv/detail/kill__functions.c.o[0m
[4.603s] [ 13%] [32mBuilding C object CMakeFiles/turtlesim__rosidl_generator_c.dir/rosidl_generator_c/turtlesim/srv/detail/kill__type_support.c.o[0m
[4.612s] [ 14%] [32mBuilding C object CMakeFiles/turtlesim__rosidl_generator_c.dir/rosidl_generator_c/turtlesim/srv/detail/set_pen__description.c.o[0m
[4.612s] [ 14%] [32mBuilding C object CMakeFiles/turtlesim__rosidl_generator_c.dir/rosidl_generator_c/turtlesim/srv/detail/set_pen__functions.c.o[0m
[4.642s] [ 15%] [32mBuilding C object CMakeFiles/turtlesim__rosidl_generator_c.dir/rosidl_generator_c/turtlesim/srv/detail/set_pen__type_support.c.o[0m
[4.685s] [ 16%] [32mBuilding C object CMakeFiles/turtlesim__rosidl_generator_c.dir/rosidl_generator_c/turtlesim/srv/detail/spawn__description.c.o[0m
[4.692s] [ 17%] [32mBuilding C object CMakeFiles/turtlesim__rosidl_generator_c.dir/rosidl_generator_c/turtlesim/srv/detail/spawn__functions.c.o[0m
[4.696s] [ 18%] [32mBuilding C object CMakeFiles/turtlesim__rosidl_generator_c.dir/rosidl_generator_c/turtlesim/srv/detail/spawn__type_support.c.o[0m
[4.715s] [ 19%] [32mBuilding C object CMakeFiles/turtlesim__rosidl_generator_c.dir/rosidl_generator_c/turtlesim/srv/detail/teleport_absolute__description.c.o[0m
[4.724s] [ 20%] [32mBuilding C object CMakeFiles/turtlesim__rosidl_generator_c.dir/rosidl_generator_c/turtlesim/srv/detail/teleport_absolute__functions.c.o[0m
[4.751s] [ 20%] [32mBuilding C object CMakeFiles/turtlesim__rosidl_generator_c.dir/rosidl_generator_c/turtlesim/srv/detail/teleport_absolute__type_support.c.o[0m
[4.777s] [ 21%] [32mBuilding C object CMakeFiles/turtlesim__rosidl_generator_c.dir/rosidl_generator_c/turtlesim/srv/detail/teleport_relative__description.c.o[0m
[4.780s] [ 22%] [32mBuilding C object CMakeFiles/turtlesim__rosidl_generator_c.dir/rosidl_generator_c/turtlesim/srv/detail/teleport_relative__functions.c.o[0m
[4.804s] [ 23%] [32mBuilding C object CMakeFiles/turtlesim__rosidl_generator_c.dir/rosidl_generator_c/turtlesim/srv/detail/teleport_relative__type_support.c.o[0m
[4.899s] [ 24%] [32m[1mLinking C shared library libturtlesim__rosidl_generator_c.so[0m
[4.956s] [ 24%] Built target turtlesim__rosidl_generator_c
[4.970s] [ 25%] [34m[1mGenerating C type support dispatch for ROS interfaces[0m
[4.970s] [ 26%] [34m[1mGenerating C++ introspection for ROS interfaces[0m
[4.972s] [ 28%] [34m[1mGenerating C++ type support dispatch for ROS interfaces[0m
[4.972s] [ 28%] [34m[1mGenerating C type support for eProsima Fast-RTPS[0m
[4.973s] [ 30%] [34m[1mGenerating C++ type support for eProsima Fast-RTPS[0m
[4.973s] [ 30%] [34m[1mGenerating C introspection for ROS interfaces[0m
[6.145s] [ 31%] [32mBuilding CXX object CMakeFiles/turtlesim__rosidl_typesupport_c.dir/rosidl_typesupport_c/turtlesim/msg/color__type_support.cpp.o[0m
[6.145s] [ 32%] [32mBuilding CXX object CMakeFiles/turtlesim__rosidl_typesupport_c.dir/rosidl_typesupport_c/turtlesim/msg/pose__type_support.cpp.o[0m
[6.146s] [ 33%] [32mBuilding CXX object CMakeFiles/turtlesim__rosidl_typesupport_c.dir/rosidl_typesupport_c/turtlesim/action/rotate_absolute__type_support.cpp.o[0m
[6.255s] [ 34%] [32mBuilding CXX object CMakeFiles/turtlesim__rosidl_typesupport_c.dir/rosidl_typesupport_c/turtlesim/srv/kill__type_support.cpp.o[0m
[6.260s] [ 35%] [32mBuilding CXX object CMakeFiles/turtlesim__rosidl_typesupport_c.dir/rosidl_typesupport_c/turtlesim/srv/set_pen__type_support.cpp.o[0m
[6.308s] [ 35%] [32mBuilding CXX object CMakeFiles/turtlesim__rosidl_typesupport_c.dir/rosidl_typesupport_c/turtlesim/srv/spawn__type_support.cpp.o[0m
[6.368s] [ 36%] [32mBuilding CXX object CMakeFiles/turtlesim__rosidl_typesupport_c.dir/rosidl_typesupport_c/turtlesim/srv/teleport_absolute__type_support.cpp.o[0m
[6.370s] [ 37%] [32mBuilding CXX object CMakeFiles/turtlesim__rosidl_typesupport_c.dir/rosidl_typesupport_c/turtlesim/srv/teleport_relative__type_support.cpp.o[0m
[6.486s] [ 38%] [32m[1mLinking CXX shared library libturtlesim__rosidl_typesupport_c.so[0m
[6.591s] [ 38%] Built target turtlesim__rosidl_typesupport_c
[6.660s] [ 38%] [32mBuilding CXX object CMakeFiles/turtlesim__rosidl_typesupport_cpp.dir/rosidl_typesupport_cpp/turtlesim/msg/color__type_support.cpp.o[0m
[6.661s] [ 40%] [32mBuilding CXX object CMakeFiles/turtlesim__rosidl_typesupport_cpp.dir/rosidl_typesupport_cpp/turtlesim/msg/pose__type_support.cpp.o[0m
[6.662s] [ 40%] [32mBuilding CXX object CMakeFiles/turtlesim__rosidl_typesupport_cpp.dir/rosidl_typesupport_cpp/turtlesim/srv/kill__type_support.cpp.o[0m
[6.662s] [ 41%] [32mBuilding CXX object CMakeFiles/turtlesim__rosidl_typesupport_cpp.dir/rosidl_typesupport_cpp/turtlesim/action/rotate_absolute__type_support.cpp.o[0m
[7.307s] [ 42%] [32mBuilding CXX object CMakeFiles/turtlesim__rosidl_typesupport_fastrtps_c.dir/rosidl_typesupport_fastrtps_c/turtlesim/action/detail/rotate_absolute__type_support_c.cpp.o[0m
[7.627s] [ 42%] [32mBuilding CXX object CMakeFiles/turtlesim__rosidl_typesupport_introspection_cpp.dir/rosidl_typesupport_introspection_cpp/turtlesim/action/detail/rotate_absolute__type_support.cpp.o[0m
[7.691s] [ 43%] [32mBuilding CXX object CMakeFiles/turtlesim__rosidl_typesupport_cpp.dir/rosidl_typesupport_cpp/turtlesim/srv/set_pen__type_support.cpp.o[0m
[7.775s] [ 44%] [32mBuilding C object CMakeFiles/turtlesim__rosidl_typesupport_introspection_c.dir/rosidl_typesupport_introspection_c/turtlesim/action/detail/rotate_absolute__type_support.c.o[0m
[7.869s] [ 45%] [32mBuilding C object CMakeFiles/turtlesim__rosidl_typesupport_introspection_c.dir/rosidl_typesupport_introspection_c/turtlesim/msg/detail/color__type_support.c.o[0m
[7.956s] [ 46%] [32mBuilding C object CMakeFiles/turtlesim__rosidl_typesupport_introspection_c.dir/rosidl_typesupport_introspection_c/turtlesim/msg/detail/pose__type_support.c.o[0m
[7.971s] [ 47%] [32mBuilding C object CMakeFiles/turtlesim__rosidl_typesupport_introspection_c.dir/rosidl_typesupport_introspection_c/turtlesim/srv/detail/kill__type_support.c.o[0m
[8.021s] [ 47%] [32mBuilding CXX object CMakeFiles/turtlesim__rosidl_typesupport_fastrtps_cpp.dir/rosidl_typesupport_fastrtps_cpp/turtlesim/action/detail/dds_fastrtps/rotate_absolute__type_support.cpp.o[0m
[8.032s] [ 48%] [32mBuilding CXX object CMakeFiles/turtlesim__rosidl_typesupport_introspection_cpp.dir/rosidl_typesupport_introspection_cpp/turtlesim/msg/detail/color__type_support.cpp.o[0m
[8.048s] [ 49%] [32mBuilding C object CMakeFiles/turtlesim__rosidl_typesupport_introspection_c.dir/rosidl_typesupport_introspection_c/turtlesim/srv/detail/set_pen__type_support.c.o[0m
[8.090s] [ 50%] [32mBuilding CXX object CMakeFiles/turtlesim__rosidl_typesupport_fastrtps_cpp.dir/rosidl_typesupport_fastrtps_cpp/turtlesim/msg/detail/dds_fastrtps/color__type_support.cpp.o[0m
[8.187s] [ 50%] [32mBuilding C object CMakeFiles/turtlesim__rosidl_typesupport_introspection_c.dir/rosidl_typesupport_introspection_c/turtlesim/srv/detail/spawn__type_support.c.o[0m
[8.309s] [ 51%] [32mBuilding C object CMakeFiles/turtlesim__rosidl_typesupport_introspection_c.dir/rosidl_typesupport_introspection_c/turtlesim/srv/detail/teleport_absolute__type_support.c.o[0m
[8.445s] [ 52%] [32mBuilding C object CMakeFiles/turtlesim__rosidl_typesupport_introspection_c.dir/rosidl_typesupport_introspection_c/turtlesim/srv/detail/teleport_relative__type_support.c.o[0m
[8.455s] [ 53%] [32mBuilding CXX object CMakeFiles/turtlesim__rosidl_typesupport_fastrtps_c.dir/rosidl_typesupport_fastrtps_c/turtlesim/msg/detail/color__type_support_c.cpp.o[0m
[8.581s] [ 54%] [32m[1mLinking C shared library libturtlesim__rosidl_typesupport_introspection_c.so[0m
[8.694s] [ 54%] Built target turtlesim__rosidl_typesupport_introspection_c
[8.712s] [ 55%] [32mBuilding CXX object CMakeFiles/turtlesim__rosidl_typesupport_fastrtps_c.dir/rosidl_typesupport_fastrtps_c/turtlesim/msg/detail/pose__type_support_c.cpp.o[0m
[8.927s] [ 56%] [32mBuilding CXX object CMakeFiles/turtlesim__rosidl_typesupport_fastrtps_c.dir/rosidl_typesupport_fastrtps_c/turtlesim/srv/detail/kill__type_support_c.cpp.o[0m
[8.991s] [ 57%] [32mBuilding CXX object CMakeFiles/turtlesim__rosidl_typesupport_cpp.dir/rosidl_typesupport_cpp/turtlesim/srv/spawn__type_support.cpp.o[0m
[9.149s] [ 58%] [32mBuilding CXX object CMakeFiles/turtlesim__rosidl_typesupport_introspection_cpp.dir/rosidl_typesupport_introspection_cpp/turtlesim/msg/detail/pose__type_support.cpp.o[0m
[9.349s] [ 59%] [32mBuilding CXX object CMakeFiles/turtlesim__rosidl_typesupport_fastrtps_c.dir/rosidl_typesupport_fastrtps_c/turtlesim/srv/detail/set_pen__type_support_c.cpp.o[0m
[9.565s] [ 60%] [32mBuilding CXX object CMakeFiles/turtlesim__rosidl_typesupport_fastrtps_cpp.dir/rosidl_typesupport_fastrtps_cpp/turtlesim/msg/detail/dds_fastrtps/pose__type_support.cpp.o[0m
[9.713s] [ 60%] [32mBuilding CXX object CMakeFiles/turtlesim__rosidl_typesupport_fastrtps_c.dir/rosidl_typesupport_fastrtps_c/turtlesim/srv/detail/spawn__type_support_c.cpp.o[0m
[9.904s] [ 61%] [32mBuilding CXX object CMakeFiles/turtlesim__rosidl_typesupport_fastrtps_c.dir/rosidl_typesupport_fastrtps_c/turtlesim/srv/detail/teleport_absolute__type_support_c.cpp.o[0m
[9.957s] [ 62%] [32mBuilding CXX object CMakeFiles/turtlesim__rosidl_typesupport_fastrtps_c.dir/rosidl_typesupport_fastrtps_c/turtlesim/srv/detail/teleport_relative__type_support_c.cpp.o[0m
[10.148s] [ 63%] [32mBuilding CXX object CMakeFiles/turtlesim__rosidl_typesupport_introspection_cpp.dir/rosidl_typesupport_introspection_cpp/turtlesim/srv/detail/kill__type_support.cpp.o[0m
[10.296s] [ 64%] [32mBuilding CXX object CMakeFiles/turtlesim__rosidl_typesupport_introspection_cpp.dir/rosidl_typesupport_introspection_cpp/turtlesim/srv/detail/set_pen__type_support.cpp.o[0m
[10.337s] [ 65%] [32mBuilding CXX object CMakeFiles/turtlesim__rosidl_typesupport_cpp.dir/rosidl_typesupport_cpp/turtlesim/srv/teleport_absolute__type_support.cpp.o[0m
[10.539s] [ 66%] [32mBuilding CXX object CMakeFiles/turtlesim__rosidl_typesupport_fastrtps_cpp.dir/rosidl_typesupport_fastrtps_cpp/turtlesim/srv/detail/dds_fastrtps/kill__type_support.cpp.o[0m
[10.870s] [ 67%] [32mBuilding CXX object CMakeFiles/turtlesim__rosidl_typesupport_fastrtps_cpp.dir/rosidl_typesupport_fastrtps_cpp/turtlesim/srv/detail/dds_fastrtps/set_pen__type_support.cpp.o[0m
[10.940s] [ 68%] [32mBuilding CXX object CMakeFiles/turtlesim__rosidl_typesupport_fastrtps_cpp.dir/rosidl_typesupport_fastrtps_cpp/turtlesim/srv/detail/dds_fastrtps/spawn__type_support.cpp.o[0m
[10.965s] [ 69%] [32m[1mLinking CXX shared library libturtlesim__rosidl_typesupport_fastrtps_c.so[0m
[11.156s] [ 69%] Built target turtlesim__rosidl_typesupport_fastrtps_c
[11.171s] [ 70%] [32mBuilding CXX object CMakeFiles/turtlesim__rosidl_typesupport_fastrtps_cpp.dir/rosidl_typesupport_fastrtps_cpp/turtlesim/srv/detail/dds_fastrtps/teleport_absolute__type_support.cpp.o[0m
[11.174s] [ 71%] [32mBuilding CXX object CMakeFiles/turtlesim__rosidl_typesupport_fastrtps_cpp.dir/rosidl_typesupport_fastrtps_cpp/turtlesim/srv/detail/dds_fastrtps/teleport_relative__type_support.cpp.o[0m
[11.573s] [ 72%] [32mBuilding CXX object CMakeFiles/turtlesim__rosidl_typesupport_introspection_cpp.dir/rosidl_typesupport_introspection_cpp/turtlesim/srv/detail/spawn__type_support.cpp.o[0m
[11.574s] [ 73%] [32mBuilding CXX object CMakeFiles/turtlesim__rosidl_typesupport_introspection_cpp.dir/rosidl_typesupport_introspection_cpp/turtlesim/srv/detail/teleport_absolute__type_support.cpp.o[0m
[11.614s] [ 74%] [32mBuilding CXX object CMakeFiles/turtlesim__rosidl_typesupport_cpp.dir/rosidl_typesupport_cpp/turtlesim/srv/teleport_relative__type_support.cpp.o[0m
[12.247s] [ 74%] [32mBuilding CXX object CMakeFiles/turtlesim__rosidl_typesupport_introspection_cpp.dir/rosidl_typesupport_introspection_cpp/turtlesim/srv/detail/teleport_relative__type_support.cpp.o[0m
[12.855s] [ 74%] [32m[1mLinking CXX shared library libturtlesim__rosidl_typesupport_cpp.so[0m
[12.863s] [ 74%] [32m[1mLinking CXX shared library libturtlesim__rosidl_typesupport_fastrtps_cpp.so[0m
[13.000s] [ 74%] Built target turtlesim__rosidl_typesupport_cpp
[13.018s] [ 75%] [34m[1mGenerating include/turtlesim/moc_turtle_frame.cpp[0m
[13.026s] [ 75%] Built target turtlesim__rosidl_typesupport_fastrtps_cpp
[13.030s] [ 76%] [32mBuilding CXX object CMakeFiles/turtle_teleop_key.dir/tutorials/teleop_turtle_key.cpp.o[0m
[13.032s] [ 76%] [32mBuilding CXX object CMakeFiles/draw_square.dir/tutorials/draw_square.cpp.o[0m
[13.033s] [ 77%] [32mBuilding CXX object CMakeFiles/mimic.dir/tutorials/mimic.cpp.o[0m
[13.198s] [ 78%] [32m[1mLinking CXX shared library libturtlesim__rosidl_typesupport_introspection_cpp.so[0m
[13.203s] [ 79%] [32mBuilding CXX object CMakeFiles/turtlesim_node.dir/src/turtlesim.cpp.o[0m
[13.205s] [ 80%] [32mBuilding CXX object CMakeFiles/turtlesim_node.dir/src/turtle.cpp.o[0m
[13.205s] [ 81%] [32mBuilding CXX object CMakeFiles/turtlesim_node.dir/src/turtle_frame.cpp.o[0m
[13.205s] [ 82%] [32mBuilding CXX object CMakeFiles/turtlesim_node.dir/include/turtlesim/moc_turtle_frame.cpp.o[0m
[13.449s] [ 82%] Built target turtlesim__rosidl_typesupport_introspection_cpp
[13.491s] [ 82%] Built target turtlesim
[13.538s] [ 82%] [34m[1mGenerating Python code for ROS interfaces[0m
[20.827s] [ 82%] Built target turtlesim__py
[20.867s] [ 83%] [32mBuilding C object CMakeFiles/turtlesim__rosidl_generator_py.dir/rosidl_generator_py/turtlesim/action/_rotate_absolute_s.c.o[0m
[21.345s] [ 84%] [32mBuilding C object CMakeFiles/turtlesim__rosidl_generator_py.dir/rosidl_generator_py/turtlesim/msg/_color_s.c.o[0m
[21.625s] [ 84%] [32mBuilding C object CMakeFiles/turtlesim__rosidl_generator_py.dir/rosidl_generator_py/turtlesim/msg/_pose_s.c.o[0m
[21.880s] [ 85%] [32mBuilding C object CMakeFiles/turtlesim__rosidl_generator_py.dir/rosidl_generator_py/turtlesim/srv/_kill_s.c.o[0m
[22.212s] [ 86%] [32mBuilding C object CMakeFiles/turtlesim__rosidl_generator_py.dir/rosidl_generator_py/turtlesim/srv/_set_pen_s.c.o[0m
[22.558s] [ 87%] [32mBuilding C object CMakeFiles/turtlesim__rosidl_generator_py.dir/rosidl_generator_py/turtlesim/srv/_spawn_s.c.o[0m
[22.899s] [ 88%] [32mBuilding C object CMakeFiles/turtlesim__rosidl_generator_py.dir/rosidl_generator_py/turtlesim/srv/_teleport_absolute_s.c.o[0m
[23.215s] [ 89%] [32mBuilding C object CMakeFiles/turtlesim__rosidl_generator_py.dir/rosidl_generator_py/turtlesim/srv/_teleport_relative_s.c.o[0m
[23.541s] [ 90%] [32m[1mLinking C shared library rosidl_generator_py/turtlesim/libturtlesim__rosidl_generator_py.so[0m
[23.678s] [ 90%] Built target turtlesim__rosidl_generator_py
[23.720s] [ 91%] [32mBuilding C object CMakeFiles/turtlesim__rosidl_typesupport_fastrtps_c__pyext.dir/rosidl_generator_py/turtlesim/_turtlesim_s.ep.rosidl_typesupport_fastrtps_c.c.o[0m
[24.215s] [ 92%] [32m[1mLinking C shared library rosidl_generator_py/turtlesim/turtlesim_s__rosidl_typesupport_fastrtps_c.cpython-310-x86_64-linux-gnu.so[0m
[24.314s] [ 92%] Built target turtlesim__rosidl_typesupport_fastrtps_c__pyext
[24.355s] [ 93%] [32mBuilding C object CMakeFiles/turtlesim__rosidl_typesupport_introspection_c__pyext.dir/rosidl_generator_py/turtlesim/_turtlesim_s.ep.rosidl_typesupport_introspection_c.c.o[0m
[24.916s] [ 94%] [32m[1mLinking C shared library rosidl_generator_py/turtlesim/turtlesim_s__rosidl_typesupport_introspection_c.cpython-310-x86_64-linux-gnu.so[0m
[25.024s] [ 94%] Built target turtlesim__rosidl_typesupport_introspection_c__pyext
[25.063s] [ 95%] [32mBuilding C object CMakeFiles/turtlesim__rosidl_typesupport_c__pyext.dir/rosidl_generator_py/turtlesim/_turtlesim_s.ep.rosidl_typesupport_c.c.o[0m
[25.549s] [ 96%] [32m[1mLinking C shared library rosidl_generator_py/turtlesim/turtlesim_s__rosidl_typesupport_c.cpython-310-x86_64-linux-gnu.so[0m
[25.647s] [ 96%] Built target turtlesim__rosidl_typesupport_c__pyext
[27.356s] [ 97%] [32m[1mLinking CXX executable turtle_teleop_key[0m
[27.955s] [ 97%] Built target turtle_teleop_key
[30.217s] [ 98%] [32m[1mLinking CXX executable mimic[0m
[30.539s] [ 99%] [32m[1mLinking CXX executable draw_square[0m
[30.868s] [ 99%] Built target mimic
[31.218s] [ 99%] Built target draw_square
[34.782s] [100%] [32m[1mLinking CXX executable turtlesim_node[0m
[36.989s] [100%] Built target turtlesim_node
[37.001s] Invoked command in '/home/isa/ros2_ws/build/turtlesim' returned '0': CMAKE_PREFIX_PATH=/opt/ros/iron /usr/bin/cmake --build /home/isa/ros2_ws/build/turtlesim -- -j8 -l8
[37.207s] Invoking command in '/home/isa/ros2_ws/build/turtlesim': CMAKE_PREFIX_PATH=/opt/ros/iron /usr/bin/cmake --install /home/isa/ros2_ws/build/turtlesim
[37.214s] -- Install configuration: ""
[37.214s] -- Installing: /home/isa/ros2_ws/install/turtlesim/share/ament_index/resource_index/rosidl_interfaces/turtlesim
[37.214s] -- Installing: /home/isa/ros2_ws/install/turtlesim/share/turtlesim/action/RotateAbsolute.json
[37.214s] -- Installing: /home/isa/ros2_ws/install/turtlesim/share/turtlesim/msg/Color.json
[37.214s] -- Installing: /home/isa/ros2_ws/install/turtlesim/share/turtlesim/msg/Pose.json
[37.214s] -- Installing: /home/isa/ros2_ws/install/turtlesim/share/turtlesim/srv/Kill.json
[37.215s] -- Installing: /home/isa/ros2_ws/install/turtlesim/share/turtlesim/srv/SetPen.json
[37.215s] -- Installing: /home/isa/ros2_ws/install/turtlesim/share/turtlesim/srv/Spawn.json
[37.215s] -- Installing: /home/isa/ros2_ws/install/turtlesim/share/turtlesim/srv/TeleportAbsolute.json
[37.215s] -- Installing: /home/isa/ros2_ws/install/turtlesim/share/turtlesim/srv/TeleportRelative.json
[37.215s] -- Installing: /home/isa/ros2_ws/install/turtlesim/include/turtlesim/turtlesim
[37.215s] -- Installing: /home/isa/ros2_ws/install/turtlesim/include/turtlesim/turtlesim/srv
[37.215s] -- Installing: /home/isa/ros2_ws/install/turtlesim/include/turtlesim/turtlesim/srv/teleport_absolute.h
[37.216s] -- Installing: /home/isa/ros2_ws/install/turtlesim/include/turtlesim/turtlesim/srv/set_pen.h
[37.216s] -- Installing: /home/isa/ros2_ws/install/turtlesim/include/turtlesim/turtlesim/srv/kill.h
[37.216s] -- Installing: /home/isa/ros2_ws/install/turtlesim/include/turtlesim/turtlesim/srv/spawn.h
[37.216s] -- Installing: /home/isa/ros2_ws/install/turtlesim/include/turtlesim/turtlesim/srv/detail
[37.216s] -- Installing: /home/isa/ros2_ws/install/turtlesim/include/turtlesim/turtlesim/srv/detail/spawn__type_support.h
[37.216s] -- Installing: /home/isa/ros2_ws/install/turtlesim/include/turtlesim/turtlesim/srv/detail/set_pen__struct.h
[37.216s] -- Installing: /home/isa/ros2_ws/install/turtlesim/include/turtlesim/turtlesim/srv/detail/kill__type_support.h
[37.216s] -- Installing: /home/isa/ros2_ws/install/turtlesim/include/turtlesim/turtlesim/srv/detail/spawn__struct.h
[37.216s] -- Installing: /home/isa/ros2_ws/install/turtlesim/include/turtlesim/turtlesim/srv/detail/teleport_absolute__functions.c
[37.216s] -- Installing: /home/isa/ros2_ws/install/turtlesim/include/turtlesim/turtlesim/srv/detail/teleport_absolute__struct.h
[37.217s] -- Installing: /home/isa/ros2_ws/install/turtlesim/include/turtlesim/turtlesim/srv/detail/teleport_absolute__type_support.h
[37.217s] -- Installing: /home/isa/ros2_ws/install/turtlesim/include/turtlesim/turtlesim/srv/detail/teleport_relative__struct.h
[37.217s] -- Installing: /home/isa/ros2_ws/install/turtlesim/include/turtlesim/turtlesim/srv/detail/teleport_absolute__functions.h
[37.217s] -- Installing: /home/isa/ros2_ws/install/turtlesim/include/turtlesim/turtlesim/srv/detail/teleport_absolute__type_support.c
[37.217s] -- Installing: /home/isa/ros2_ws/install/turtlesim/include/turtlesim/turtlesim/srv/detail/spawn__functions.c
[37.217s] -- Installing: /home/isa/ros2_ws/install/turtlesim/include/turtlesim/turtlesim/srv/detail/teleport_relative__functions.h
[37.217s] -- Installing: /home/isa/ros2_ws/install/turtlesim/include/turtlesim/turtlesim/srv/detail/set_pen__type_support.h
[37.218s] -- Installing: /home/isa/ros2_ws/install/turtlesim/include/turtlesim/turtlesim/srv/detail/spawn__functions.h
[37.218s] -- Installing: /home/isa/ros2_ws/install/turtlesim/include/turtlesim/turtlesim/srv/detail/kill__type_support.c
[37.218s] -- Installing: /home/isa/ros2_ws/install/turtlesim/include/turtlesim/turtlesim/srv/detail/kill__functions.h
[37.218s] -- Installing: /home/isa/ros2_ws/install/turtlesim/include/turtlesim/turtlesim/srv/detail/kill__description.c
[37.218s] -- Installing: /home/isa/ros2_ws/install/turtlesim/include/turtlesim/turtlesim/srv/detail/spawn__description.c
[37.218s] -- Installing: /home/isa/ros2_ws/install/turtlesim/include/turtlesim/turtlesim/srv/detail/teleport_relative__functions.c
[37.218s] -- Installing: /home/isa/ros2_ws/install/turtlesim/include/turtlesim/turtlesim/srv/detail/teleport_relative__type_support.c
[37.218s] -- Installing: /home/isa/ros2_ws/install/turtlesim/include/turtlesim/turtlesim/srv/detail/spawn__type_support.c
[37.219s] -- Installing: /home/isa/ros2_ws/install/turtlesim/include/turtlesim/turtlesim/srv/detail/kill__functions.c
[37.219s] -- Installing: /home/isa/ros2_ws/install/turtlesim/include/turtlesim/turtlesim/srv/detail/teleport_absolute__description.c
[37.219s] -- Installing: /home/isa/ros2_ws/install/turtlesim/include/turtlesim/turtlesim/srv/detail/set_pen__description.c
[37.219s] -- Installing: /home/isa/ros2_ws/install/turtlesim/include/turtlesim/turtlesim/srv/detail/set_pen__functions.c
[37.219s] -- Installing: /home/isa/ros2_ws/install/turtlesim/include/turtlesim/turtlesim/srv/detail/kill__struct.h
[37.219s] -- Installing: /home/isa/ros2_ws/install/turtlesim/include/turtlesim/turtlesim/srv/detail/set_pen__type_support.c
[37.219s] -- Installing: /home/isa/ros2_ws/install/turtlesim/include/turtlesim/turtlesim/srv/detail/teleport_relative__type_support.h
[37.220s] -- Installing: /home/isa/ros2_ws/install/turtlesim/include/turtlesim/turtlesim/srv/detail/teleport_relative__description.c
[37.220s] -- Installing: /home/isa/ros2_ws/install/turtlesim/include/turtlesim/turtlesim/srv/detail/set_pen__functions.h
[37.220s] -- Installing: /home/isa/ros2_ws/install/turtlesim/include/turtlesim/turtlesim/srv/teleport_relative.h
[37.220s] -- Installing: /home/isa/ros2_ws/install/turtlesim/include/turtlesim/turtlesim/action
[37.220s] -- Installing: /home/isa/ros2_ws/install/turtlesim/include/turtlesim/turtlesim/action/detail
[37.220s] -- Installing: /home/isa/ros2_ws/install/turtlesim/include/turtlesim/turtlesim/action/detail/rotate_absolute__type_support.c
[37.220s] -- Installing: /home/isa/ros2_ws/install/turtlesim/include/turtlesim/turtlesim/action/detail/rotate_absolute__struct.h
[37.220s] -- Installing: /home/isa/ros2_ws/install/turtlesim/include/turtlesim/turtlesim/action/detail/rotate_absolute__functions.h
[37.221s] -- Installing: /home/isa/ros2_ws/install/turtlesim/include/turtlesim/turtlesim/action/detail/rotate_absolute__functions.c
[37.221s] -- Installing: /home/isa/ros2_ws/install/turtlesim/include/turtlesim/turtlesim/action/detail/rotate_absolute__description.c
[37.221s] -- Installing: /home/isa/ros2_ws/install/turtlesim/include/turtlesim/turtlesim/action/detail/rotate_absolute__type_support.h
[37.221s] -- Installing: /home/isa/ros2_ws/install/turtlesim/include/turtlesim/turtlesim/action/rotate_absolute.h
[37.221s] -- Installing: /home/isa/ros2_ws/install/turtlesim/include/turtlesim/turtlesim/msg
[37.221s] -- Installing: /home/isa/ros2_ws/install/turtlesim/include/turtlesim/turtlesim/msg/rosidl_generator_c__visibility_control.h
[37.221s] -- Installing: /home/isa/ros2_ws/install/turtlesim/include/turtlesim/turtlesim/msg/pose.h
[37.221s] -- Installing: /home/isa/ros2_ws/install/turtlesim/include/turtlesim/turtlesim/msg/detail
[37.222s] -- Installing: /home/isa/ros2_ws/install/turtlesim/include/turtlesim/turtlesim/msg/detail/color__type_support.h
[37.222s] -- Installing: /home/isa/ros2_ws/install/turtlesim/include/turtlesim/turtlesim/msg/detail/color__functions.c
[37.222s] -- Installing: /home/isa/ros2_ws/install/turtlesim/include/turtlesim/turtlesim/msg/detail/pose__functions.c
[37.222s] -- Installing: /home/isa/ros2_ws/install/turtlesim/include/turtlesim/turtlesim/msg/detail/pose__type_support.h
[37.222s] -- Installing: /home/isa/ros2_ws/install/turtlesim/include/turtlesim/turtlesim/msg/detail/pose__functions.h
[37.222s] -- Installing: /home/isa/ros2_ws/install/turtlesim/include/turtlesim/turtlesim/msg/detail/pose__struct.h
[37.222s] -- Installing: /home/isa/ros2_ws/install/turtlesim/include/turtlesim/turtlesim/msg/detail/pose__type_support.c
[37.222s] -- Installing: /home/isa/ros2_ws/install/turtlesim/include/turtlesim/turtlesim/msg/detail/pose__description.c
[37.222s] -- Installing: /home/isa/ros2_ws/install/turtlesim/include/turtlesim/turtlesim/msg/detail/color__struct.h
[37.223s] -- Installing: /home/isa/ros2_ws/install/turtlesim/include/turtlesim/turtlesim/msg/detail/color__description.c
[37.223s] -- Installing: /home/isa/ros2_ws/install/turtlesim/include/turtlesim/turtlesim/msg/detail/color__functions.h
[37.223s] -- Installing: /home/isa/ros2_ws/install/turtlesim/include/turtlesim/turtlesim/msg/detail/color__type_support.c
[37.223s] -- Installing: /home/isa/ros2_ws/install/turtlesim/include/turtlesim/turtlesim/msg/color.h
[37.223s] -- Installing: /home/isa/ros2_ws/install/turtlesim/share/turtlesim/environment/library_path.sh
[37.223s] -- Installing: /home/isa/ros2_ws/install/turtlesim/share/turtlesim/environment/library_path.dsv
[37.224s] -- Installing: /home/isa/ros2_ws/install/turtlesim/lib/libturtlesim__rosidl_generator_c.so
[37.224s] -- Set runtime path of "/home/isa/ros2_ws/install/turtlesim/lib/libturtlesim__rosidl_generator_c.so" to ""
[37.224s] -- Up-to-date: /home/isa/ros2_ws/install/turtlesim/include/turtlesim/turtlesim
[37.225s] -- Up-to-date: /home/isa/ros2_ws/install/turtlesim/include/turtlesim/turtlesim/srv
[37.225s] -- Up-to-date: /home/isa/ros2_ws/install/turtlesim/include/turtlesim/turtlesim/srv/detail
[37.225s] -- Installing: /home/isa/ros2_ws/install/turtlesim/include/turtlesim/turtlesim/srv/detail/teleport_absolute__rosidl_typesupport_fastrtps_c.h
[37.225s] -- Installing: /home/isa/ros2_ws/install/turtlesim/include/turtlesim/turtlesim/srv/detail/set_pen__rosidl_typesupport_fastrtps_c.h
[37.225s] -- Installing: /home/isa/ros2_ws/install/turtlesim/include/turtlesim/turtlesim/srv/detail/kill__rosidl_typesupport_fastrtps_c.h
[37.225s] -- Installing: /home/isa/ros2_ws/install/turtlesim/include/turtlesim/turtlesim/srv/detail/teleport_relative__rosidl_typesupport_fastrtps_c.h
[37.225s] -- Installing: /home/isa/ros2_ws/install/turtlesim/include/turtlesim/turtlesim/srv/detail/spawn__rosidl_typesupport_fastrtps_c.h
[37.225s] -- Up-to-date: /home/isa/ros2_ws/install/turtlesim/include/turtlesim/turtlesim/action
[37.226s] -- Up-to-date: /home/isa/ros2_ws/install/turtlesim/include/turtlesim/turtlesim/action/detail
[37.226s] -- Installing: /home/isa/ros2_ws/install/turtlesim/include/turtlesim/turtlesim/action/detail/rotate_absolute__rosidl_typesupport_fastrtps_c.h
[37.226s] -- Up-to-date: /home/isa/ros2_ws/install/turtlesim/include/turtlesim/turtlesim/msg
[37.226s] -- Up-to-date: /home/isa/ros2_ws/install/turtlesim/include/turtlesim/turtlesim/msg/detail
[37.226s] -- Installing: /home/isa/ros2_ws/install/turtlesim/include/turtlesim/turtlesim/msg/detail/pose__rosidl_typesupport_fastrtps_c.h
[37.226s] -- Installing: /home/isa/ros2_ws/install/turtlesim/include/turtlesim/turtlesim/msg/detail/color__rosidl_typesupport_fastrtps_c.h
[37.226s] -- Installing: /home/isa/ros2_ws/install/turtlesim/include/turtlesim/turtlesim/msg/rosidl_typesupport_fastrtps_c__visibility_control.h
[37.226s] -- Installing: /home/isa/ros2_ws/install/turtlesim/lib/libturtlesim__rosidl_typesupport_fastrtps_c.so
[37.226s] -- Set runtime path of "/home/isa/ros2_ws/install/turtlesim/lib/libturtlesim__rosidl_typesupport_fastrtps_c.so" to ""
[37.227s] -- Up-to-date: /home/isa/ros2_ws/install/turtlesim/include/turtlesim/turtlesim
[37.227s] -- Up-to-date: /home/isa/ros2_ws/install/turtlesim/include/turtlesim/turtlesim/srv
[37.227s] -- Installing: /home/isa/ros2_ws/install/turtlesim/include/turtlesim/turtlesim/srv/set_pen.hpp
[37.227s] -- Installing: /home/isa/ros2_ws/install/turtlesim/include/turtlesim/turtlesim/srv/kill.hpp
[37.227s] -- Installing: /home/isa/ros2_ws/install/turtlesim/include/turtlesim/turtlesim/srv/teleport_relative.hpp
[37.227s] -- Up-to-date: /home/isa/ros2_ws/install/turtlesim/include/turtlesim/turtlesim/srv/detail
[37.227s] -- Installing: /home/isa/ros2_ws/install/turtlesim/include/turtlesim/turtlesim/srv/detail/teleport_absolute__builder.hpp
[37.227s] -- Installing: /home/isa/ros2_ws/install/turtlesim/include/turtlesim/turtlesim/srv/detail/kill__struct.hpp
[37.228s] -- Installing: /home/isa/ros2_ws/install/turtlesim/include/turtlesim/turtlesim/srv/detail/kill__traits.hpp
[37.228s] -- Installing: /home/isa/ros2_ws/install/turtlesim/include/turtlesim/turtlesim/srv/detail/teleport_absolute__traits.hpp
[37.228s] -- Installing: /home/isa/ros2_ws/install/turtlesim/include/turtlesim/turtlesim/srv/detail/teleport_absolute__struct.hpp
[37.228s] -- Installing: /home/isa/ros2_ws/install/turtlesim/include/turtlesim/turtlesim/srv/detail/spawn__struct.hpp
[37.228s] -- Installing: /home/isa/ros2_ws/install/turtlesim/include/turtlesim/turtlesim/srv/detail/teleport_relative__builder.hpp
[37.228s] -- Installing: /home/isa/ros2_ws/install/turtlesim/include/turtlesim/turtlesim/srv/detail/set_pen__struct.hpp
[37.228s] -- Installing: /home/isa/ros2_ws/install/turtlesim/include/turtlesim/turtlesim/srv/detail/teleport_relative__struct.hpp
[37.228s] -- Installing: /home/isa/ros2_ws/install/turtlesim/include/turtlesim/turtlesim/srv/detail/set_pen__traits.hpp
[37.228s] -- Installing: /home/isa/ros2_ws/install/turtlesim/include/turtlesim/turtlesim/srv/detail/kill__builder.hpp
[37.229s] -- Installing: /home/isa/ros2_ws/install/turtlesim/include/turtlesim/turtlesim/srv/detail/spawn__traits.hpp
[37.229s] -- Installing: /home/isa/ros2_ws/install/turtlesim/include/turtlesim/turtlesim/srv/detail/set_pen__builder.hpp
[37.229s] -- Installing: /home/isa/ros2_ws/install/turtlesim/include/turtlesim/turtlesim/srv/detail/teleport_relative__traits.hpp
[37.229s] -- Installing: /home/isa/ros2_ws/install/turtlesim/include/turtlesim/turtlesim/srv/detail/spawn__builder.hpp
[37.229s] -- Installing: /home/isa/ros2_ws/install/turtlesim/include/turtlesim/turtlesim/srv/teleport_absolute.hpp
[37.229s] -- Installing: /home/isa/ros2_ws/install/turtlesim/include/turtlesim/turtlesim/srv/spawn.hpp
[37.229s] -- Up-to-date: /home/isa/ros2_ws/install/turtlesim/include/turtlesim/turtlesim/action
[37.230s] -- Up-to-date: /home/isa/ros2_ws/install/turtlesim/include/turtlesim/turtlesim/action/detail
[37.230s] -- Installing: /home/isa/ros2_ws/install/turtlesim/include/turtlesim/turtlesim/action/detail/rotate_absolute__struct.hpp
[37.230s] -- Installing: /home/isa/ros2_ws/install/turtlesim/include/turtlesim/turtlesim/action/detail/rotate_absolute__builder.hpp
[37.230s] -- Installing: /home/isa/ros2_ws/install/turtlesim/include/turtlesim/turtlesim/action/detail/rotate_absolute__traits.hpp
[37.230s] -- Installing: /home/isa/ros2_ws/install/turtlesim/include/turtlesim/turtlesim/action/rotate_absolute.hpp
[37.230s] -- Up-to-date: /home/isa/ros2_ws/install/turtlesim/include/turtlesim/turtlesim/msg
[37.230s] -- Installing: /home/isa/ros2_ws/install/turtlesim/include/turtlesim/turtlesim/msg/pose.hpp
[37.230s] -- Up-to-date: /home/isa/ros2_ws/install/turtlesim/include/turtlesim/turtlesim/msg/detail
[37.230s] -- Installing: /home/isa/ros2_ws/install/turtlesim/include/turtlesim/turtlesim/msg/detail/color__struct.hpp
[37.231s] -- Installing: /home/isa/ros2_ws/install/turtlesim/include/turtlesim/turtlesim/msg/detail/pose__traits.hpp
[37.231s] -- Installing: /home/isa/ros2_ws/install/turtlesim/include/turtlesim/turtlesim/msg/detail/color__traits.hpp
[37.231s] -- Installing: /home/isa/ros2_ws/install/turtlesim/include/turtlesim/turtlesim/msg/detail/pose__struct.hpp
[37.231s] -- Installing: /home/isa/ros2_ws/install/turtlesim/include/turtlesim/turtlesim/msg/detail/color__builder.hpp
[37.231s] -- Installing: /home/isa/ros2_ws/install/turtlesim/include/turtlesim/turtlesim/msg/detail/pose__builder.hpp
[37.231s] -- Installing: /home/isa/ros2_ws/install/turtlesim/include/turtlesim/turtlesim/msg/color.hpp
[37.231s] -- Up-to-date: /home/isa/ros2_ws/install/turtlesim/include/turtlesim/turtlesim
[37.231s] -- Up-to-date: /home/isa/ros2_ws/install/turtlesim/include/turtlesim/turtlesim/srv
[37.232s] -- Up-to-date: /home/isa/ros2_ws/install/turtlesim/include/turtlesim/turtlesim/srv/detail
[37.232s] -- Installing: /home/isa/ros2_ws/install/turtlesim/include/turtlesim/turtlesim/srv/detail/teleport_relative__rosidl_typesupport_fastrtps_cpp.hpp
[37.232s] -- Installing: /home/isa/ros2_ws/install/turtlesim/include/turtlesim/turtlesim/srv/detail/spawn__rosidl_typesupport_fastrtps_cpp.hpp
[37.232s] -- Installing: /home/isa/ros2_ws/install/turtlesim/include/turtlesim/turtlesim/srv/detail/dds_fastrtps
[37.232s] -- Installing: /home/isa/ros2_ws/install/turtlesim/include/turtlesim/turtlesim/srv/detail/teleport_absolute__rosidl_typesupport_fastrtps_cpp.hpp
[37.232s] -- Installing: /home/isa/ros2_ws/install/turtlesim/include/turtlesim/turtlesim/srv/detail/set_pen__rosidl_typesupport_fastrtps_cpp.hpp
[37.232s] -- Installing: /home/isa/ros2_ws/install/turtlesim/include/turtlesim/turtlesim/srv/detail/kill__rosidl_typesupport_fastrtps_cpp.hpp
[37.232s] -- Up-to-date: /home/isa/ros2_ws/install/turtlesim/include/turtlesim/turtlesim/action
[37.232s] -- Up-to-date: /home/isa/ros2_ws/install/turtlesim/include/turtlesim/turtlesim/action/detail
[37.233s] -- Installing: /home/isa/ros2_ws/install/turtlesim/include/turtlesim/turtlesim/action/detail/rotate_absolute__rosidl_typesupport_fastrtps_cpp.hpp
[37.233s] -- Installing: /home/isa/ros2_ws/install/turtlesim/include/turtlesim/turtlesim/action/detail/dds_fastrtps
[37.233s] -- Up-to-date: /home/isa/ros2_ws/install/turtlesim/include/turtlesim/turtlesim/msg
[37.233s] -- Installing: /home/isa/ros2_ws/install/turtlesim/include/turtlesim/turtlesim/msg/rosidl_typesupport_fastrtps_cpp__visibility_control.h
[37.233s] -- Up-to-date: /home/isa/ros2_ws/install/turtlesim/include/turtlesim/turtlesim/msg/detail
[37.233s] -- Installing: /home/isa/ros2_ws/install/turtlesim/include/turtlesim/turtlesim/msg/detail/dds_fastrtps
[37.233s] -- Installing: /home/isa/ros2_ws/install/turtlesim/include/turtlesim/turtlesim/msg/detail/color__rosidl_typesupport_fastrtps_cpp.hpp
[37.233s] -- Installing: /home/isa/ros2_ws/install/turtlesim/include/turtlesim/turtlesim/msg/detail/pose__rosidl_typesupport_fastrtps_cpp.hpp
[37.234s] -- Installing: /home/isa/ros2_ws/install/turtlesim/lib/libturtlesim__rosidl_typesupport_fastrtps_cpp.so
[37.234s] -- Set runtime path of "/home/isa/ros2_ws/install/turtlesim/lib/libturtlesim__rosidl_typesupport_fastrtps_cpp.so" to ""
[37.234s] -- Up-to-date: /home/isa/ros2_ws/install/turtlesim/include/turtlesim/turtlesim
[37.234s] -- Up-to-date: /home/isa/ros2_ws/install/turtlesim/include/turtlesim/turtlesim/srv
[37.234s] -- Up-to-date: /home/isa/ros2_ws/install/turtlesim/include/turtlesim/turtlesim/srv/detail
[37.234s] -- Installing: /home/isa/ros2_ws/install/turtlesim/include/turtlesim/turtlesim/srv/detail/kill__rosidl_typesupport_introspection_c.h
[37.234s] -- Installing: /home/isa/ros2_ws/install/turtlesim/include/turtlesim/turtlesim/srv/detail/teleport_absolute__rosidl_typesupport_introspection_c.h
[37.234s] -- Installing: /home/isa/ros2_ws/install/turtlesim/include/turtlesim/turtlesim/srv/detail/teleport_absolute__type_support.c
[37.234s] -- Installing: /home/isa/ros2_ws/install/turtlesim/include/turtlesim/turtlesim/srv/detail/spawn__rosidl_typesupport_introspection_c.h
[37.235s] -- Installing: /home/isa/ros2_ws/install/turtlesim/include/turtlesim/turtlesim/srv/detail/kill__type_support.c
[37.235s] -- Installing: /home/isa/ros2_ws/install/turtlesim/include/turtlesim/turtlesim/srv/detail/teleport_relative__type_support.c
[37.235s] -- Installing: /home/isa/ros2_ws/install/turtlesim/include/turtlesim/turtlesim/srv/detail/spawn__type_support.c
[37.235s] -- Installing: /home/isa/ros2_ws/install/turtlesim/include/turtlesim/turtlesim/srv/detail/set_pen__rosidl_typesupport_introspection_c.h
[37.235s] -- Installing: /home/isa/ros2_ws/install/turtlesim/include/turtlesim/turtlesim/srv/detail/set_pen__type_support.c
[37.235s] -- Installing: /home/isa/ros2_ws/install/turtlesim/include/turtlesim/turtlesim/srv/detail/teleport_relative__rosidl_typesupport_introspection_c.h
[37.235s] -- Up-to-date: /home/isa/ros2_ws/install/turtlesim/include/turtlesim/turtlesim/action
[37.235s] -- Up-to-date: /home/isa/ros2_ws/install/turtlesim/include/turtlesim/turtlesim/action/detail
[37.236s] -- Installing: /home/isa/ros2_ws/install/turtlesim/include/turtlesim/turtlesim/action/detail/rotate_absolute__type_support.c
[37.236s] -- Installing: /home/isa/ros2_ws/install/turtlesim/include/turtlesim/turtlesim/action/detail/rotate_absolute__rosidl_typesupport_introspection_c.h
[37.236s] -- Up-to-date: /home/isa/ros2_ws/install/turtlesim/include/turtlesim/turtlesim/msg
[37.236s] -- Up-to-date: /home/isa/ros2_ws/install/turtlesim/include/turtlesim/turtlesim/msg/detail
[37.236s] -- Installing: /home/isa/ros2_ws/install/turtlesim/include/turtlesim/turtlesim/msg/detail/color__rosidl_typesupport_introspection_c.h
[37.236s] -- Installing: /home/isa/ros2_ws/install/turtlesim/include/turtlesim/turtlesim/msg/detail/pose__rosidl_typesupport_introspection_c.h
[37.236s] -- Installing: /home/isa/ros2_ws/install/turtlesim/include/turtlesim/turtlesim/msg/detail/pose__type_support.c
[37.236s] -- Installing: /home/isa/ros2_ws/install/turtlesim/include/turtlesim/turtlesim/msg/detail/color__type_support.c
[37.236s] -- Installing: /home/isa/ros2_ws/install/turtlesim/include/turtlesim/turtlesim/msg/rosidl_typesupport_introspection_c__visibility_control.h
[37.237s] -- Installing: /home/isa/ros2_ws/install/turtlesim/lib/libturtlesim__rosidl_typesupport_introspection_c.so
[37.237s] -- Set runtime path of "/home/isa/ros2_ws/install/turtlesim/lib/libturtlesim__rosidl_typesupport_introspection_c.so" to ""
[37.237s] -- Installing: /home/isa/ros2_ws/install/turtlesim/lib/libturtlesim__rosidl_typesupport_c.so
[37.237s] -- Set runtime path of "/home/isa/ros2_ws/install/turtlesim/lib/libturtlesim__rosidl_typesupport_c.so" to ""
[37.237s] -- Up-to-date: /home/isa/ros2_ws/install/turtlesim/include/turtlesim/turtlesim
[37.237s] -- Up-to-date: /home/isa/ros2_ws/install/turtlesim/include/turtlesim/turtlesim/srv
[37.237s] -- Up-to-date: /home/isa/ros2_ws/install/turtlesim/include/turtlesim/turtlesim/srv/detail
[37.238s] -- Installing: /home/isa/ros2_ws/install/turtlesim/include/turtlesim/turtlesim/srv/detail/kill__rosidl_typesupport_introspection_cpp.hpp
[37.238s] -- Installing: /home/isa/ros2_ws/install/turtlesim/include/turtlesim/turtlesim/srv/detail/teleport_absolute__type_support.cpp
[37.238s] -- Installing: /home/isa/ros2_ws/install/turtlesim/include/turtlesim/turtlesim/srv/detail/spawn__rosidl_typesupport_introspection_cpp.hpp
[37.238s] -- Installing: /home/isa/ros2_ws/install/turtlesim/include/turtlesim/turtlesim/srv/detail/kill__type_support.cpp
[37.238s] -- Installing: /home/isa/ros2_ws/install/turtlesim/include/turtlesim/turtlesim/srv/detail/teleport_relative__type_support.cpp
[37.238s] -- Installing: /home/isa/ros2_ws/install/turtlesim/include/turtlesim/turtlesim/srv/detail/teleport_absolute__rosidl_typesupport_introspection_cpp.hpp
[37.238s] -- Installing: /home/isa/ros2_ws/install/turtlesim/include/turtlesim/turtlesim/srv/detail/teleport_relative__rosidl_typesupport_introspection_cpp.hpp
[37.238s] -- Installing: /home/isa/ros2_ws/install/turtlesim/include/turtlesim/turtlesim/srv/detail/spawn__type_support.cpp
[37.238s] -- Installing: /home/isa/ros2_ws/install/turtlesim/include/turtlesim/turtlesim/srv/detail/set_pen__rosidl_typesupport_introspection_cpp.hpp
[37.239s] -- Installing: /home/isa/ros2_ws/install/turtlesim/include/turtlesim/turtlesim/srv/detail/set_pen__type_support.cpp
[37.239s] -- Up-to-date: /home/isa/ros2_ws/install/turtlesim/include/turtlesim/turtlesim/action
[37.239s] -- Up-to-date: /home/isa/ros2_ws/install/turtlesim/include/turtlesim/turtlesim/action/detail
[37.239s] -- Installing: /home/isa/ros2_ws/install/turtlesim/include/turtlesim/turtlesim/action/detail/rotate_absolute__rosidl_typesupport_introspection_cpp.hpp
[37.239s] -- Installing: /home/isa/ros2_ws/install/turtlesim/include/turtlesim/turtlesim/action/detail/rotate_absolute__type_support.cpp
[37.239s] -- Up-to-date: /home/isa/ros2_ws/install/turtlesim/include/turtlesim/turtlesim/msg
[37.239s] -- Up-to-date: /home/isa/ros2_ws/install/turtlesim/include/turtlesim/turtlesim/msg/detail
[37.239s] -- Installing: /home/isa/ros2_ws/install/turtlesim/include/turtlesim/turtlesim/msg/detail/pose__rosidl_typesupport_introspection_cpp.hpp
[37.239s] -- Installing: /home/isa/ros2_ws/install/turtlesim/include/turtlesim/turtlesim/msg/detail/color__rosidl_typesupport_introspection_cpp.hpp
[37.239s] -- Installing: /home/isa/ros2_ws/install/turtlesim/include/turtlesim/turtlesim/msg/detail/pose__type_support.cpp
[37.240s] -- Installing: /home/isa/ros2_ws/install/turtlesim/include/turtlesim/turtlesim/msg/detail/color__type_support.cpp
[37.240s] -- Installing: /home/isa/ros2_ws/install/turtlesim/lib/libturtlesim__rosidl_typesupport_introspection_cpp.so
[37.240s] -- Set runtime path of "/home/isa/ros2_ws/install/turtlesim/lib/libturtlesim__rosidl_typesupport_introspection_cpp.so" to ""
[37.240s] -- Installing: /home/isa/ros2_ws/install/turtlesim/lib/libturtlesim__rosidl_typesupport_cpp.so
[37.240s] -- Set runtime path of "/home/isa/ros2_ws/install/turtlesim/lib/libturtlesim__rosidl_typesupport_cpp.so" to ""
[37.240s] -- Installing: /home/isa/ros2_ws/install/turtlesim/share/turtlesim/environment/pythonpath.sh
[37.240s] -- Installing: /home/isa/ros2_ws/install/turtlesim/share/turtlesim/environment/pythonpath.dsv
[37.240s] -- Installing: /home/isa/ros2_ws/install/turtlesim/lib/python3.10/site-packages/turtlesim-1.6.1-py3.10.egg-info
[37.241s] -- Installing: /home/isa/ros2_ws/install/turtlesim/lib/python3.10/site-packages/turtlesim-1.6.1-py3.10.egg-info/SOURCES.txt
[37.241s] -- Installing: /home/isa/ros2_ws/install/turtlesim/lib/python3.10/site-packages/turtlesim-1.6.1-py3.10.egg-info/dependency_links.txt
[37.241s] -- Installing: /home/isa/ros2_ws/install/turtlesim/lib/python3.10/site-packages/turtlesim-1.6.1-py3.10.egg-info/PKG-INFO
[37.241s] -- Installing: /home/isa/ros2_ws/install/turtlesim/lib/python3.10/site-packages/turtlesim-1.6.1-py3.10.egg-info/top_level.txt
[37.241s] -- Installing: /home/isa/ros2_ws/install/turtlesim/lib/python3.10/site-packages/turtlesim
[37.241s] -- Installing: /home/isa/ros2_ws/install/turtlesim/lib/python3.10/site-packages/turtlesim/srv
[37.241s] -- Installing: /home/isa/ros2_ws/install/turtlesim/lib/python3.10/site-packages/turtlesim/srv/_teleport_relative_s.c
[37.241s] -- Installing: /home/isa/ros2_ws/install/turtlesim/lib/python3.10/site-packages/turtlesim/srv/__init__.py
[37.242s] -- Installing: /home/isa/ros2_ws/install/turtlesim/lib/python3.10/site-packages/turtlesim/srv/_teleport_relative.py
[37.242s] -- Installing: /home/isa/ros2_ws/install/turtlesim/lib/python3.10/site-packages/turtlesim/srv/_kill.py
[37.242s] -- Installing: /home/isa/ros2_ws/install/turtlesim/lib/python3.10/site-packages/turtlesim/srv/_set_pen.py
[37.242s] -- Installing: /home/isa/ros2_ws/install/turtlesim/lib/python3.10/site-packages/turtlesim/srv/_teleport_absolute.py
[37.242s] -- Installing: /home/isa/ros2_ws/install/turtlesim/lib/python3.10/site-packages/turtlesim/srv/_spawn.py
[37.242s] -- Installing: /home/isa/ros2_ws/install/turtlesim/lib/python3.10/site-packages/turtlesim/srv/_set_pen_s.c
[37.242s] -- Installing: /home/isa/ros2_ws/install/turtlesim/lib/python3.10/site-packages/turtlesim/srv/_kill_s.c
[37.242s] -- Installing: /home/isa/ros2_ws/install/turtlesim/lib/python3.10/site-packages/turtlesim/srv/_spawn_s.c
[37.243s] -- Installing: /home/isa/ros2_ws/install/turtlesim/lib/python3.10/site-packages/turtlesim/srv/_teleport_absolute_s.c
[37.243s] -- Installing: /home/isa/ros2_ws/install/turtlesim/lib/python3.10/site-packages/turtlesim/__init__.py
[37.243s] -- Installing: /home/isa/ros2_ws/install/turtlesim/lib/python3.10/site-packages/turtlesim/turtlesim_s__rosidl_typesupport_fastrtps_c.cpython-310-x86_64-linux-gnu.so
[37.243s] -- Installing: /home/isa/ros2_ws/install/turtlesim/lib/python3.10/site-packages/turtlesim/_turtlesim_s.ep.rosidl_typesupport_introspection_c.c
[37.243s] -- Installing: /home/isa/ros2_ws/install/turtlesim/lib/python3.10/site-packages/turtlesim/_turtlesim_s.ep.rosidl_typesupport_c.c
[37.243s] -- Installing: /home/isa/ros2_ws/install/turtlesim/lib/python3.10/site-packages/turtlesim/action
[37.243s] -- Installing: /home/isa/ros2_ws/install/turtlesim/lib/python3.10/site-packages/turtlesim/action/__init__.py
[37.243s] -- Installing: /home/isa/ros2_ws/install/turtlesim/lib/python3.10/site-packages/turtlesim/action/_rotate_absolute.py
[37.244s] -- Installing: /home/isa/ros2_ws/install/turtlesim/lib/python3.10/site-packages/turtlesim/action/_rotate_absolute_s.c
[37.244s] -- Installing: /home/isa/ros2_ws/install/turtlesim/lib/python3.10/site-packages/turtlesim/turtlesim_s__rosidl_typesupport_c.cpython-310-x86_64-linux-gnu.so
[37.244s] -- Installing: /home/isa/ros2_ws/install/turtlesim/lib/python3.10/site-packages/turtlesim/turtlesim_s__rosidl_typesupport_introspection_c.cpython-310-x86_64-linux-gnu.so
[37.244s] -- Installing: /home/isa/ros2_ws/install/turtlesim/lib/python3.10/site-packages/turtlesim/msg
[37.244s] -- Installing: /home/isa/ros2_ws/install/turtlesim/lib/python3.10/site-packages/turtlesim/msg/_color.py
[37.244s] -- Installing: /home/isa/ros2_ws/install/turtlesim/lib/python3.10/site-packages/turtlesim/msg/__init__.py
[37.244s] -- Installing: /home/isa/ros2_ws/install/turtlesim/lib/python3.10/site-packages/turtlesim/msg/_pose.py
[37.244s] -- Installing: /home/isa/ros2_ws/install/turtlesim/lib/python3.10/site-packages/turtlesim/msg/_color_s.c
[37.245s] -- Installing: /home/isa/ros2_ws/install/turtlesim/lib/python3.10/site-packages/turtlesim/msg/_pose_s.c
[37.245s] -- Installing: /home/isa/ros2_ws/install/turtlesim/lib/python3.10/site-packages/turtlesim/_turtlesim_s.ep.rosidl_typesupport_fastrtps_c.c
[37.245s] -- Installing: /home/isa/ros2_ws/install/turtlesim/lib/python3.10/site-packages/turtlesim/libturtlesim__rosidl_generator_py.so
[37.300s] Listing '/home/isa/ros2_ws/install/turtlesim/lib/python3.10/site-packages/turtlesim'...
[37.300s] Compiling '/home/isa/ros2_ws/install/turtlesim/lib/python3.10/site-packages/turtlesim/__init__.py'...
[37.300s] Listing '/home/isa/ros2_ws/install/turtlesim/lib/python3.10/site-packages/turtlesim/action'...
[37.300s] Compiling '/home/isa/ros2_ws/install/turtlesim/lib/python3.10/site-packages/turtlesim/action/__init__.py'...
[37.300s] Compiling '/home/isa/ros2_ws/install/turtlesim/lib/python3.10/site-packages/turtlesim/action/_rotate_absolute.py'...
[37.300s] Listing '/home/isa/ros2_ws/install/turtlesim/lib/python3.10/site-packages/turtlesim/msg'...
[37.300s] Compiling '/home/isa/ros2_ws/install/turtlesim/lib/python3.10/site-packages/turtlesim/msg/__init__.py'...
[37.300s] Compiling '/home/isa/ros2_ws/install/turtlesim/lib/python3.10/site-packages/turtlesim/msg/_color.py'...
[37.300s] Compiling '/home/isa/ros2_ws/install/turtlesim/lib/python3.10/site-packages/turtlesim/msg/_pose.py'...
[37.300s] Listing '/home/isa/ros2_ws/install/turtlesim/lib/python3.10/site-packages/turtlesim/srv'...
[37.301s] Compiling '/home/isa/ros2_ws/install/turtlesim/lib/python3.10/site-packages/turtlesim/srv/__init__.py'...
[37.301s] Compiling '/home/isa/ros2_ws/install/turtlesim/lib/python3.10/site-packages/turtlesim/srv/_kill.py'...
[37.301s] Compiling '/home/isa/ros2_ws/install/turtlesim/lib/python3.10/site-packages/turtlesim/srv/_set_pen.py'...
[37.301s] Compiling '/home/isa/ros2_ws/install/turtlesim/lib/python3.10/site-packages/turtlesim/srv/_spawn.py'...
[37.301s] Compiling '/home/isa/ros2_ws/install/turtlesim/lib/python3.10/site-packages/turtlesim/srv/_teleport_absolute.py'...
[37.301s] Compiling '/home/isa/ros2_ws/install/turtlesim/lib/python3.10/site-packages/turtlesim/srv/_teleport_relative.py'...
[37.305s] -- Installing: /home/isa/ros2_ws/install/turtlesim/lib/python3.10/site-packages/turtlesim/turtlesim_s__rosidl_typesupport_fastrtps_c.cpython-310-x86_64-linux-gnu.so
[37.305s] -- Set runtime path of "/home/isa/ros2_ws/install/turtlesim/lib/python3.10/site-packages/turtlesim/turtlesim_s__rosidl_typesupport_fastrtps_c.cpython-310-x86_64-linux-gnu.so" to ""
[37.305s] -- Installing: /home/isa/ros2_ws/install/turtlesim/lib/python3.10/site-packages/turtlesim/turtlesim_s__rosidl_typesupport_introspection_c.cpython-310-x86_64-linux-gnu.so
[37.306s] -- Set runtime path of "/home/isa/ros2_ws/install/turtlesim/lib/python3.10/site-packages/turtlesim/turtlesim_s__rosidl_typesupport_introspection_c.cpython-310-x86_64-linux-gnu.so" to ""
[37.306s] -- Installing: /home/isa/ros2_ws/install/turtlesim/lib/python3.10/site-packages/turtlesim/turtlesim_s__rosidl_typesupport_c.cpython-310-x86_64-linux-gnu.so
[37.306s] -- Set runtime path of "/home/isa/ros2_ws/install/turtlesim/lib/python3.10/site-packages/turtlesim/turtlesim_s__rosidl_typesupport_c.cpython-310-x86_64-linux-gnu.so" to ""
[37.306s] -- Installing: /home/isa/ros2_ws/install/turtlesim/lib/libturtlesim__rosidl_generator_py.so
[37.307s] -- Set runtime path of "/home/isa/ros2_ws/install/turtlesim/lib/libturtlesim__rosidl_generator_py.so" to ""
[37.307s] -- Installing: /home/isa/ros2_ws/install/turtlesim/share/turtlesim/action/RotateAbsolute.idl
[37.307s] -- Installing: /home/isa/ros2_ws/install/turtlesim/share/turtlesim/msg/Color.idl
[37.307s] -- Installing: /home/isa/ros2_ws/install/turtlesim/share/turtlesim/msg/Pose.idl
[37.307s] -- Installing: /home/isa/ros2_ws/install/turtlesim/share/turtlesim/srv/Kill.idl
[37.308s] -- Installing: /home/isa/ros2_ws/install/turtlesim/share/turtlesim/srv/SetPen.idl
[37.308s] -- Installing: /home/isa/ros2_ws/install/turtlesim/share/turtlesim/srv/Spawn.idl
[37.308s] -- Installing: /home/isa/ros2_ws/install/turtlesim/share/turtlesim/srv/TeleportAbsolute.idl
[37.308s] -- Installing: /home/isa/ros2_ws/install/turtlesim/share/turtlesim/srv/TeleportRelative.idl
[37.308s] -- Installing: /home/isa/ros2_ws/install/turtlesim/share/turtlesim/action/RotateAbsolute.action
[37.308s] -- Installing: /home/isa/ros2_ws/install/turtlesim/share/turtlesim/msg/Color.msg
[37.308s] -- Installing: /home/isa/ros2_ws/install/turtlesim/share/turtlesim/msg/Pose.msg
[37.308s] -- Installing: /home/isa/ros2_ws/install/turtlesim/share/turtlesim/srv/Kill.srv
[37.309s] -- Installing: /home/isa/ros2_ws/install/turtlesim/share/turtlesim/srv/Kill_Request.msg
[37.309s] -- Installing: /home/isa/ros2_ws/install/turtlesim/share/turtlesim/srv/Kill_Response.msg
[37.309s] -- Installing: /home/isa/ros2_ws/install/turtlesim/share/turtlesim/srv/SetPen.srv
[37.309s] -- Installing: /home/isa/ros2_ws/install/turtlesim/share/turtlesim/srv/SetPen_Request.msg
[37.309s] -- Installing: /home/isa/ros2_ws/install/turtlesim/share/turtlesim/srv/SetPen_Response.msg
[37.309s] -- Installing: /home/isa/ros2_ws/install/turtlesim/share/turtlesim/srv/Spawn.srv
[37.309s] -- Installing: /home/isa/ros2_ws/install/turtlesim/share/turtlesim/srv/Spawn_Request.msg
[37.310s] -- Installing: /home/isa/ros2_ws/install/turtlesim/share/turtlesim/srv/Spawn_Response.msg
[37.310s] -- Installing: /home/isa/ros2_ws/install/turtlesim/share/turtlesim/srv/TeleportAbsolute.srv
[37.310s] -- Installing: /home/isa/ros2_ws/install/turtlesim/share/turtlesim/srv/TeleportAbsolute_Request.msg
[37.310s] -- Installing: /home/isa/ros2_ws/install/turtlesim/share/turtlesim/srv/TeleportAbsolute_Response.msg
[37.310s] -- Installing: /home/isa/ros2_ws/install/turtlesim/share/turtlesim/srv/TeleportRelative.srv
[37.310s] -- Installing: /home/isa/ros2_ws/install/turtlesim/share/turtlesim/srv/TeleportRelative_Request.msg
[37.310s] -- Installing: /home/isa/ros2_ws/install/turtlesim/share/turtlesim/srv/TeleportRelative_Response.msg
[37.311s] -- Installing: /home/isa/ros2_ws/install/turtlesim/lib/turtlesim/turtlesim_node
[37.323s] -- Set runtime path of "/home/isa/ros2_ws/install/turtlesim/lib/turtlesim/turtlesim_node" to ""
[37.323s] -- Installing: /home/isa/ros2_ws/install/turtlesim/lib/turtlesim/turtle_teleop_key
[37.325s] -- Set runtime path of "/home/isa/ros2_ws/install/turtlesim/lib/turtlesim/turtle_teleop_key" to ""
[37.325s] -- Installing: /home/isa/ros2_ws/install/turtlesim/lib/turtlesim/draw_square
[37.330s] -- Set runtime path of "/home/isa/ros2_ws/install/turtlesim/lib/turtlesim/draw_square" to ""
[37.330s] -- Installing: /home/isa/ros2_ws/install/turtlesim/lib/turtlesim/mimic
[37.334s] -- Set runtime path of "/home/isa/ros2_ws/install/turtlesim/lib/turtlesim/mimic" to ""
[37.335s] -- Installing: /home/isa/ros2_ws/install/turtlesim/share/turtlesim/images
[37.335s] -- Installing: /home/isa/ros2_ws/install/turtlesim/share/turtlesim/images/dashing.png
[37.335s] -- Installing: /home/isa/ros2_ws/install/turtlesim/share/turtlesim/images/crystal.png
[37.335s] -- Installing: /home/isa/ros2_ws/install/turtlesim/share/turtlesim/images/bouncy.png
[37.335s] -- Installing: /home/isa/ros2_ws/install/turtlesim/share/turtlesim/images/rolling.png
[37.335s] -- Installing: /home/isa/ros2_ws/install/turtlesim/share/turtlesim/images/foxy.png
[37.335s] -- Installing: /home/isa/ros2_ws/install/turtlesim/share/turtlesim/images/iron.png
[37.335s] -- Installing: /home/isa/ros2_ws/install/turtlesim/share/turtlesim/images/eloquent.png
[37.335s] -- Installing: /home/isa/ros2_ws/install/turtlesim/share/turtlesim/images/galactic.png
[37.336s] -- Installing: /home/isa/ros2_ws/install/turtlesim/share/turtlesim/images/ardent.png
[37.336s] -- Installing: /home/isa/ros2_ws/install/turtlesim/share/turtlesim/images/humble.png
[37.336s] -- Installing: /home/isa/ros2_ws/install/turtlesim/share/turtlesim/launch
[37.336s] -- Installing: /home/isa/ros2_ws/install/turtlesim/share/turtlesim/launch/multisim.launch.py
[37.336s] -- Installing: /home/isa/ros2_ws/install/turtlesim/share/ament_index/resource_index/package_run_dependencies/turtlesim
[37.336s] -- Installing: /home/isa/ros2_ws/install/turtlesim/share/ament_index/resource_index/parent_prefix_path/turtlesim
[37.336s] -- Installing: /home/isa/ros2_ws/install/turtlesim/share/turtlesim/environment/ament_prefix_path.sh
[37.337s] -- Installing: /home/isa/ros2_ws/install/turtlesim/share/turtlesim/environment/ament_prefix_path.dsv
[37.337s] -- Installing: /home/isa/ros2_ws/install/turtlesim/share/turtlesim/environment/path.sh
[37.337s] -- Installing: /home/isa/ros2_ws/install/turtlesim/share/turtlesim/environment/path.dsv
[37.337s] -- Installing: /home/isa/ros2_ws/install/turtlesim/share/turtlesim/local_setup.bash
[37.337s] -- Installing: /home/isa/ros2_ws/install/turtlesim/share/turtlesim/local_setup.sh
[37.337s] -- Installing: /home/isa/ros2_ws/install/turtlesim/share/turtlesim/local_setup.zsh
[37.338s] -- Installing: /home/isa/ros2_ws/install/turtlesim/share/turtlesim/local_setup.dsv
[37.338s] -- Installing: /home/isa/ros2_ws/install/turtlesim/share/turtlesim/package.dsv
[37.338s] -- Installing: /home/isa/ros2_ws/install/turtlesim/share/ament_index/resource_index/packages/turtlesim
[37.338s] -- Installing: /home/isa/ros2_ws/install/turtlesim/share/turtlesim/cmake/export_turtlesim__rosidl_generator_cExport.cmake
[37.338s] -- Installing: /home/isa/ros2_ws/install/turtlesim/share/turtlesim/cmake/export_turtlesim__rosidl_generator_cExport-noconfig.cmake
[37.338s] -- Installing: /home/isa/ros2_ws/install/turtlesim/share/turtlesim/cmake/export_turtlesim__rosidl_typesupport_fastrtps_cExport.cmake
[37.339s] -- Installing: /home/isa/ros2_ws/install/turtlesim/share/turtlesim/cmake/export_turtlesim__rosidl_typesupport_fastrtps_cExport-noconfig.cmake
[37.339s] -- Installing: /home/isa/ros2_ws/install/turtlesim/share/turtlesim/cmake/export_turtlesim__rosidl_generator_cppExport.cmake
[37.339s] -- Installing: /home/isa/ros2_ws/install/turtlesim/share/turtlesim/cmake/export_turtlesim__rosidl_typesupport_fastrtps_cppExport.cmake
[37.339s] -- Installing: /home/isa/ros2_ws/install/turtlesim/share/turtlesim/cmake/export_turtlesim__rosidl_typesupport_fastrtps_cppExport-noconfig.cmake
[37.339s] -- Installing: /home/isa/ros2_ws/install/turtlesim/share/turtlesim/cmake/turtlesim__rosidl_typesupport_introspection_cExport.cmake
[37.340s] -- Installing: /home/isa/ros2_ws/install/turtlesim/share/turtlesim/cmake/turtlesim__rosidl_typesupport_introspection_cExport-noconfig.cmake
[37.340s] -- Installing: /home/isa/ros2_ws/install/turtlesim/share/turtlesim/cmake/turtlesim__rosidl_typesupport_cExport.cmake
[37.340s] -- Installing: /home/isa/ros2_ws/install/turtlesim/share/turtlesim/cmake/turtlesim__rosidl_typesupport_cExport-noconfig.cmake
[37.340s] -- Installing: /home/isa/ros2_ws/install/turtlesim/share/turtlesim/cmake/turtlesim__rosidl_typesupport_introspection_cppExport.cmake
[37.340s] -- Installing: /home/isa/ros2_ws/install/turtlesim/share/turtlesim/cmake/turtlesim__rosidl_typesupport_introspection_cppExport-noconfig.cmake
[37.340s] -- Installing: /home/isa/ros2_ws/install/turtlesim/share/turtlesim/cmake/turtlesim__rosidl_typesupport_cppExport.cmake
[37.340s] -- Installing: /home/isa/ros2_ws/install/turtlesim/share/turtlesim/cmake/turtlesim__rosidl_typesupport_cppExport-noconfig.cmake
[37.341s] -- Installing: /home/isa/ros2_ws/install/turtlesim/share/turtlesim/cmake/export_turtlesim__rosidl_generator_pyExport.cmake
[37.341s] -- Installing: /home/isa/ros2_ws/install/turtlesim/share/turtlesim/cmake/export_turtlesim__rosidl_generator_pyExport-noconfig.cmake
[37.341s] -- Installing: /home/isa/ros2_ws/install/turtlesim/share/turtlesim/cmake/rosidl_cmake-extras.cmake
[37.341s] -- Installing: /home/isa/ros2_ws/install/turtlesim/share/turtlesim/cmake/ament_cmake_export_dependencies-extras.cmake
[37.341s] -- Installing: /home/isa/ros2_ws/install/turtlesim/share/turtlesim/cmake/ament_cmake_export_include_directories-extras.cmake
[37.341s] -- Installing: /home/isa/ros2_ws/install/turtlesim/share/turtlesim/cmake/ament_cmake_export_libraries-extras.cmake
[37.342s] -- Installing: /home/isa/ros2_ws/install/turtlesim/share/turtlesim/cmake/ament_cmake_export_targets-extras.cmake
[37.342s] -- Installing: /home/isa/ros2_ws/install/turtlesim/share/turtlesim/cmake/rosidl_cmake_export_typesupport_targets-extras.cmake
[37.342s] -- Installing: /home/isa/ros2_ws/install/turtlesim/share/turtlesim/cmake/rosidl_cmake_export_typesupport_libraries-extras.cmake
[37.342s] -- Installing: /home/isa/ros2_ws/install/turtlesim/share/turtlesim/cmake/turtlesimConfig.cmake
[37.342s] -- Installing: /home/isa/ros2_ws/install/turtlesim/share/turtlesim/cmake/turtlesimConfig-version.cmake
[37.342s] -- Installing: /home/isa/ros2_ws/install/turtlesim/share/turtlesim/package.xml
[37.347s] Invoked command in '/home/isa/ros2_ws/build/turtlesim' returned '0': CMAKE_PREFIX_PATH=/opt/ros/iron /usr/bin/cmake --install /home/isa/ros2_ws/build/turtlesim
