[1.601s] Invoking command in '/home/isa/ros2_ws/build/examples_rclpy_minimal_client': PYTHONPATH=/home/isa/ros2_ws/build/examples_rclpy_minimal_client/prefix_override:/home/isa/ros2_ws/install/examples_rclpy_minimal_client/lib/python3.10/site-packages:${PYTHONPATH} /usr/bin/python3 setup.py develop --uninstall --editable --build-directory /home/isa/ros2_ws/build/examples_rclpy_minimal_client/build
[1.860s] running develop
[1.860s] /usr/lib/python3/dist-packages/setuptools/command/easy_install.py:158: EasyInstallDeprecationWarning: easy_install command is deprecated. Use build and pip and other standards-based tools.
[1.860s]   warnings.warn(
[1.861s] /usr/lib/python3/dist-packages/setuptools/command/install.py:34: SetuptoolsDeprecationWarning: setup.py install is deprecated. Use build and pip and other standards-based tools.
[1.861s]   warnings.warn(
[1.940s] /usr/lib/python3/dist-packages/pkg_resources/__init__.py:116: PkgResourcesDeprecationWarning: 1.16.0-unknown is an invalid version and will not be supported in a future release
[1.940s]   warnings.warn(
[1.941s] /usr/lib/python3/dist-packages/pkg_resources/__init__.py:116: PkgResourcesDeprecationWarning: 1.1build1 is an invalid version and will not be supported in a future release
[1.941s]   warnings.warn(
[1.941s] /usr/lib/python3/dist-packages/pkg_resources/__init__.py:116: PkgResourcesDeprecationWarning: 0.1.43ubuntu1 is an invalid version and will not be supported in a future release
[1.941s]   warnings.warn(
[2.281s] Invoked command in '/home/isa/ros2_ws/build/examples_rclpy_minimal_client' returned '0': PYTHONPATH=/home/isa/ros2_ws/build/examples_rclpy_minimal_client/prefix_override:/home/isa/ros2_ws/install/examples_rclpy_minimal_client/lib/python3.10/site-packages:${PYTHONPATH} /usr/bin/python3 setup.py develop --uninstall --editable --build-directory /home/isa/ros2_ws/build/examples_rclpy_minimal_client/build
[2.282s] Invoking command in '/home/isa/ros2_ws/src/examples/rclpy/services/minimal_client': PYTHONPATH=/home/isa/ros2_ws/build/examples_rclpy_minimal_client/prefix_override:/home/isa/ros2_ws/install/examples_rclpy_minimal_client/lib/python3.10/site-packages:${PYTHONPATH} /usr/bin/python3 setup.py egg_info --egg-base ../../../../../build/examples_rclpy_minimal_client build --build-base /home/isa/ros2_ws/build/examples_rclpy_minimal_client/build install --record /home/isa/ros2_ws/build/examples_rclpy_minimal_client/install.log --single-version-externally-managed
[2.807s] running egg_info
[2.808s] writing ../../../../../build/examples_rclpy_minimal_client/examples_rclpy_minimal_client.egg-info/PKG-INFO
[2.809s] writing dependency_links to ../../../../../build/examples_rclpy_minimal_client/examples_rclpy_minimal_client.egg-info/dependency_links.txt
[2.809s] writing entry points to ../../../../../build/examples_rclpy_minimal_client/examples_rclpy_minimal_client.egg-info/entry_points.txt
[2.809s] writing requirements to ../../../../../build/examples_rclpy_minimal_client/examples_rclpy_minimal_client.egg-info/requires.txt
[2.809s] writing top-level names to ../../../../../build/examples_rclpy_minimal_client/examples_rclpy_minimal_client.egg-info/top_level.txt
[2.814s] reading manifest file '../../../../../build/examples_rclpy_minimal_client/examples_rclpy_minimal_client.egg-info/SOURCES.txt'
[2.816s] writing manifest file '../../../../../build/examples_rclpy_minimal_client/examples_rclpy_minimal_client.egg-info/SOURCES.txt'
[2.816s] running build
[2.816s] running build_py
[2.823s] running install
[2.823s] /usr/lib/python3/dist-packages/setuptools/command/install.py:34: SetuptoolsDeprecationWarning: setup.py install is deprecated. Use build and pip and other standards-based tools.
[2.824s]   warnings.warn(
[2.824s] running install_lib
[2.827s] running install_data
[2.828s] running install_egg_info
[2.831s] removing '/home/isa/ros2_ws/install/examples_rclpy_minimal_client/lib/python3.10/site-packages/examples_rclpy_minimal_client-0.18.0-py3.10.egg-info' (and everything under it)
[2.832s] Copying ../../../../../build/examples_rclpy_minimal_client/examples_rclpy_minimal_client.egg-info to /home/isa/ros2_ws/install/examples_rclpy_minimal_client/lib/python3.10/site-packages/examples_rclpy_minimal_client-0.18.0-py3.10.egg-info
[2.836s] running install_scripts
[2.906s] Installing client script to /home/isa/ros2_ws/install/examples_rclpy_minimal_client/lib/examples_rclpy_minimal_client
[2.907s] Installing client_async script to /home/isa/ros2_ws/install/examples_rclpy_minimal_client/lib/examples_rclpy_minimal_client
[2.907s] Installing client_async_callback script to /home/isa/ros2_ws/install/examples_rclpy_minimal_client/lib/examples_rclpy_minimal_client
[2.907s] Installing client_async_member_function script to /home/isa/ros2_ws/install/examples_rclpy_minimal_client/lib/examples_rclpy_minimal_client
[2.908s] writing list of installed files to '/home/isa/ros2_ws/build/examples_rclpy_minimal_client/install.log'
[2.964s] Invoked command in '/home/isa/ros2_ws/src/examples/rclpy/services/minimal_client' returned '0': PYTHONPATH=/home/isa/ros2_ws/build/examples_rclpy_minimal_client/prefix_override:/home/isa/ros2_ws/install/examples_rclpy_minimal_client/lib/python3.10/site-packages:${PYTHONPATH} /usr/bin/python3 setup.py egg_info --egg-base ../../../../../build/examples_rclpy_minimal_client build --build-base /home/isa/ros2_ws/build/examples_rclpy_minimal_client/build install --record /home/isa/ros2_ws/build/examples_rclpy_minimal_client/install.log --single-version-externally-managed
