[0.030s] Invoking command in '/home/isa/ros2_ws/build/examples_rclcpp_minimal_composition': CMAKE_PREFIX_PATH=/opt/ros/iron /usr/bin/cmake /home/isa/ros2_ws/src/examples/rclcpp/composition/minimal_composition -DCMAKE_INSTALL_PREFIX=/home/isa/ros2_ws/install/examples_rclcpp_minimal_composition
[0.050s] -- Found ament_cmake: 2.0.2 (/opt/ros/iron/share/ament_cmake/cmake)
[0.291s] -- Override CMake install command with custom implementation using symlinks instead of copying resources
[0.311s] -- Found rclcpp: 21.0.1 (/opt/ros/iron/share/rclcpp/cmake)
[0.364s] -- Found rosidl_generator_c: 4.0.0 (/opt/ros/iron/share/rosidl_generator_c/cmake)
[0.381s] -- Found rosidl_generator_cpp: 4.0.0 (/opt/ros/iron/share/rosidl_generator_cpp/cmake)
[0.409s] -- Using all available rosidl_typesupport_c: rosidl_typesupport_fastrtps_c;rosidl_typesupport_introspection_c
[0.442s] -- Using all available rosidl_typesupport_cpp: rosidl_typesupport_fastrtps_cpp;rosidl_typesupport_introspection_cpp
[0.769s] -- Found rmw_implementation_cmake: 7.1.0 (/opt/ros/iron/share/rmw_implementation_cmake/cmake)
[0.772s] -- Found rmw_fastrtps_cpp: 7.1.1 (/opt/ros/iron/share/rmw_fastrtps_cpp/cmake)
[0.981s] -- Using RMW implementation 'rmw_fastrtps_cpp' as default
[1.343s] -- Found rclcpp_components: 21.0.1 (/opt/ros/iron/share/rclcpp_components/cmake)
[1.551s] -- Found std_msgs: 5.0.0 (/opt/ros/iron/share/std_msgs/cmake)
[1.630s] -- Found ament_lint_auto: 0.14.1 (/opt/ros/iron/share/ament_lint_auto/cmake)
[1.773s] -- Added test 'copyright' to check source files copyright and LICENSE
[1.781s] -- Added test 'cppcheck' to perform static code analysis on C / C++ code
[1.782s] -- Configured cppcheck include dirs: /home/isa/ros2_ws/src/examples/rclcpp/composition/minimal_composition/include
[1.782s] -- Configured cppcheck exclude dirs and/or files: 
[1.784s] -- Added test 'cpplint' to check C / C++ code against the Google style
[1.784s] -- Configured cpplint exclude dirs and/or files: 
[1.789s] -- Added test 'lint_cmake' to check CMake code style
[1.791s] -- Added test 'uncrustify' to check C / C++ code style
[1.791s] -- Configured uncrustify additional arguments: 
[1.794s] -- Added test 'xmllint' to check XML markup files
[1.796s] -- Configuring done
[1.844s] -- Generating done
[1.848s] -- Build files have been written to: /home/isa/ros2_ws/build/examples_rclcpp_minimal_composition
[1.867s] Invoked command in '/home/isa/ros2_ws/build/examples_rclcpp_minimal_composition' returned '0': CMAKE_PREFIX_PATH=/opt/ros/iron /usr/bin/cmake /home/isa/ros2_ws/src/examples/rclcpp/composition/minimal_composition -DCMAKE_INSTALL_PREFIX=/home/isa/ros2_ws/install/examples_rclcpp_minimal_composition
[1.870s] Invoking command in '/home/isa/ros2_ws/build/examples_rclcpp_minimal_composition': CMAKE_PREFIX_PATH=/opt/ros/iron /usr/bin/cmake --build /home/isa/ros2_ws/build/examples_rclcpp_minimal_composition -- -j8 -l8
[1.934s] [35m[1mConsolidate compiler generated dependencies of target composition_nodes[0m
[1.973s] [ 33%] Built target composition_nodes
[1.996s] [35m[1mConsolidate compiler generated dependencies of target composition_subscriber[0m
[1.996s] [35m[1mConsolidate compiler generated dependencies of target composition_composed[0m
[2.015s] [35m[1mConsolidate compiler generated dependencies of target composition_publisher[0m
[2.028s] [ 77%] Built target composition_composed
[2.028s] [ 77%] Built target composition_subscriber
[2.037s] [100%] Built target composition_publisher
[2.056s] Invoked command in '/home/isa/ros2_ws/build/examples_rclcpp_minimal_composition' returned '0': CMAKE_PREFIX_PATH=/opt/ros/iron /usr/bin/cmake --build /home/isa/ros2_ws/build/examples_rclcpp_minimal_composition -- -j8 -l8
[2.112s] Invoking command in '/home/isa/ros2_ws/build/examples_rclcpp_minimal_composition': CMAKE_PREFIX_PATH=/opt/ros/iron /usr/bin/cmake --install /home/isa/ros2_ws/build/examples_rclcpp_minimal_composition
[2.145s] -- Install configuration: ""
[2.145s] -- Execute custom install script
[2.145s] -- Up-to-date symlink: /home/isa/ros2_ws/install/examples_rclcpp_minimal_composition/share/examples_rclcpp_minimal_composition/environment/library_path.sh
[2.145s] -- Up-to-date symlink: /home/isa/ros2_ws/install/examples_rclcpp_minimal_composition/share/examples_rclcpp_minimal_composition/environment/library_path.dsv
[2.145s] -- Up-to-date symlink: /home/isa/ros2_ws/install/examples_rclcpp_minimal_composition/lib/libcomposition_nodes.so
[2.145s] -- Up-to-date symlink: /home/isa/ros2_ws/install/examples_rclcpp_minimal_composition/lib/examples_rclcpp_minimal_composition/composition_publisher
[2.146s] -- Up-to-date symlink: /home/isa/ros2_ws/install/examples_rclcpp_minimal_composition/lib/examples_rclcpp_minimal_composition/composition_subscriber
[2.146s] -- Up-to-date symlink: /home/isa/ros2_ws/install/examples_rclcpp_minimal_composition/lib/examples_rclcpp_minimal_composition/composition_composed
[2.146s] -- Up-to-date symlink: /home/isa/ros2_ws/install/examples_rclcpp_minimal_composition/share/ament_index/resource_index/package_run_dependencies/examples_rclcpp_minimal_composition
[2.146s] -- Up-to-date symlink: /home/isa/ros2_ws/install/examples_rclcpp_minimal_composition/share/ament_index/resource_index/parent_prefix_path/examples_rclcpp_minimal_composition
[2.146s] -- Up-to-date symlink: /home/isa/ros2_ws/install/examples_rclcpp_minimal_composition/share/examples_rclcpp_minimal_composition/environment/ament_prefix_path.sh
[2.147s] -- Up-to-date symlink: /home/isa/ros2_ws/install/examples_rclcpp_minimal_composition/share/examples_rclcpp_minimal_composition/environment/ament_prefix_path.dsv
[2.149s] -- Up-to-date symlink: /home/isa/ros2_ws/install/examples_rclcpp_minimal_composition/share/examples_rclcpp_minimal_composition/environment/path.sh
[2.149s] -- Up-to-date symlink: /home/isa/ros2_ws/install/examples_rclcpp_minimal_composition/share/examples_rclcpp_minimal_composition/environment/path.dsv
[2.149s] -- Up-to-date symlink: /home/isa/ros2_ws/install/examples_rclcpp_minimal_composition/share/examples_rclcpp_minimal_composition/local_setup.bash
[2.150s] -- Up-to-date symlink: /home/isa/ros2_ws/install/examples_rclcpp_minimal_composition/share/examples_rclcpp_minimal_composition/local_setup.sh
[2.150s] -- Up-to-date symlink: /home/isa/ros2_ws/install/examples_rclcpp_minimal_composition/share/examples_rclcpp_minimal_composition/local_setup.zsh
[2.150s] -- Up-to-date symlink: /home/isa/ros2_ws/install/examples_rclcpp_minimal_composition/share/examples_rclcpp_minimal_composition/local_setup.dsv
[2.151s] -- Symlinking: /home/isa/ros2_ws/install/examples_rclcpp_minimal_composition/share/examples_rclcpp_minimal_composition/package.dsv
[2.151s] -- Up-to-date symlink: /home/isa/ros2_ws/install/examples_rclcpp_minimal_composition/share/ament_index/resource_index/packages/examples_rclcpp_minimal_composition
[2.151s] -- Up-to-date symlink: /home/isa/ros2_ws/install/examples_rclcpp_minimal_composition/share/examples_rclcpp_minimal_composition/cmake/examples_rclcpp_minimal_compositionConfig.cmake
[2.151s] -- Up-to-date symlink: /home/isa/ros2_ws/install/examples_rclcpp_minimal_composition/share/examples_rclcpp_minimal_composition/cmake/examples_rclcpp_minimal_compositionConfig-version.cmake
[2.152s] -- Up-to-date symlink: /home/isa/ros2_ws/install/examples_rclcpp_minimal_composition/share/examples_rclcpp_minimal_composition/package.xml
[2.204s] Invoked command in '/home/isa/ros2_ws/build/examples_rclcpp_minimal_composition' returned '0': CMAKE_PREFIX_PATH=/opt/ros/iron /usr/bin/cmake --install /home/isa/ros2_ws/build/examples_rclcpp_minimal_composition
