[0.010s] Invoking command in '/home/isa/ros2_ws/build/more_interfaces': CMAKE_PREFIX_PATH=${CMAKE_PREFIX_PATH}:/home/isa/ros2_ws/install/launch_testing_examples:/home/isa/ros2_ws/install/examples_rclpy_pointcloud_publisher:/home/isa/ros2_ws/install/examples_rclpy_minimal_subscriber:/home/isa/ros2_ws/install/examples_rclpy_minimal_service:/home/isa/ros2_ws/install/examples_rclpy_minimal_publisher:/home/isa/ros2_ws/install/examples_rclpy_minimal_client:/home/isa/ros2_ws/install/examples_rclpy_minimal_action_server:/home/isa/ros2_ws/install/examples_rclpy_minimal_action_client:/home/isa/ros2_ws/install/examples_rclpy_guard_conditions:/home/isa/ros2_ws/install/examples_rclpy_executors:/opt/ros/iron /usr/bin/cmake /home/isa/ros2_ws/src/more_interfaces -DCMAKE_INSTALL_PREFIX=/home/isa/ros2_ws/install/more_interfaces
[0.021s] -- Found ament_cmake: 2.0.2 (/opt/ros/iron/share/ament_cmake/cmake)
[0.138s] -- Found rosidl_default_generators: 1.5.0 (/opt/ros/iron/share/rosidl_default_generators/cmake)
[0.143s] -- Using all available rosidl_typesupport_c: rosidl_typesupport_fastrtps_c;rosidl_typesupport_introspection_c
[0.170s] -- Using all available rosidl_typesupport_cpp: rosidl_typesupport_fastrtps_cpp;rosidl_typesupport_introspection_cpp
[0.193s] -- Found rosidl_adapter: 4.0.0 (/opt/ros/iron/share/rosidl_adapter/cmake)
[0.434s] -- Found ament_cmake_ros: 0.11.2 (/opt/ros/iron/share/ament_cmake_ros/cmake)
[0.578s] -- Using all available rosidl_typesupport_c: rosidl_typesupport_fastrtps_c;rosidl_typesupport_introspection_c
[0.767s] -- Using all available rosidl_typesupport_cpp: rosidl_typesupport_fastrtps_cpp;rosidl_typesupport_introspection_cpp
[0.785s] -- Found python_cmake_module: 0.10.2 (/opt/ros/iron/share/python_cmake_module/cmake)
[0.804s] -- Using PYTHON_EXECUTABLE: /usr/bin/python3
[0.804s] -- Using PYTHON_INCLUDE_DIRS: /usr/include/python3.10
[0.804s] -- Using PYTHON_LIBRARIES: /usr/lib/x86_64-linux-gnu/libpython3.10.so
[0.821s] -- Found ament_lint_auto: 0.14.1 (/opt/ros/iron/share/ament_lint_auto/cmake)
[0.849s] -- Added test 'cppcheck' to perform static code analysis on C / C++ code
[0.850s] -- Configured cppcheck include dirs: 
[0.850s] -- Configured cppcheck exclude dirs and/or files: 
[0.851s] -- Added test 'lint_cmake' to check CMake code style
[0.852s] -- Added test 'uncrustify' to check C / C++ code style
[0.852s] -- Configured uncrustify additional arguments: 
[0.853s] -- Added test 'xmllint' to check XML markup files
[0.856s] -- Configuring done
[0.877s] -- Generating done
[0.879s] -- Build files have been written to: /home/isa/ros2_ws/build/more_interfaces
[0.884s] Invoked command in '/home/isa/ros2_ws/build/more_interfaces' returned '0': CMAKE_PREFIX_PATH=${CMAKE_PREFIX_PATH}:/home/isa/ros2_ws/install/launch_testing_examples:/home/isa/ros2_ws/install/examples_rclpy_pointcloud_publisher:/home/isa/ros2_ws/install/examples_rclpy_minimal_subscriber:/home/isa/ros2_ws/install/examples_rclpy_minimal_service:/home/isa/ros2_ws/install/examples_rclpy_minimal_publisher:/home/isa/ros2_ws/install/examples_rclpy_minimal_client:/home/isa/ros2_ws/install/examples_rclpy_minimal_action_server:/home/isa/ros2_ws/install/examples_rclpy_minimal_action_client:/home/isa/ros2_ws/install/examples_rclpy_guard_conditions:/home/isa/ros2_ws/install/examples_rclpy_executors:/opt/ros/iron /usr/bin/cmake /home/isa/ros2_ws/src/more_interfaces -DCMAKE_INSTALL_PREFIX=/home/isa/ros2_ws/install/more_interfaces
[0.885s] Invoking command in '/home/isa/ros2_ws/build/more_interfaces': CMAKE_PREFIX_PATH=${CMAKE_PREFIX_PATH}:/home/isa/ros2_ws/install/launch_testing_examples:/home/isa/ros2_ws/install/examples_rclpy_pointcloud_publisher:/home/isa/ros2_ws/install/examples_rclpy_minimal_subscriber:/home/isa/ros2_ws/install/examples_rclpy_minimal_service:/home/isa/ros2_ws/install/examples_rclpy_minimal_publisher:/home/isa/ros2_ws/install/examples_rclpy_minimal_client:/home/isa/ros2_ws/install/examples_rclpy_minimal_action_server:/home/isa/ros2_ws/install/examples_rclpy_minimal_action_client:/home/isa/ros2_ws/install/examples_rclpy_guard_conditions:/home/isa/ros2_ws/install/examples_rclpy_executors:/opt/ros/iron /usr/bin/cmake --build /home/isa/ros2_ws/build/more_interfaces -- -j8 -l8
[0.919s] [  2%] [34m[1mGenerating type hashes for ROS interfaces[0m
[0.926s] [  2%] Built target ament_cmake_python_copy_more_interfaces
[1.082s] [  2%] Built target more_interfaces__rosidl_generator_type_description
[1.090s] [  5%] [34m[1mGenerating C code for ROS interfaces[0m
[1.099s] [  8%] [34m[1mGenerating C++ code for ROS interfaces[0m
[1.132s] running egg_info
[1.133s] creating more_interfaces.egg-info
[1.133s] writing more_interfaces.egg-info/PKG-INFO
[1.133s] writing dependency_links to more_interfaces.egg-info/dependency_links.txt
[1.133s] writing top-level names to more_interfaces.egg-info/top_level.txt
[1.133s] writing manifest file 'more_interfaces.egg-info/SOURCES.txt'
[1.135s] reading manifest file 'more_interfaces.egg-info/SOURCES.txt'
[1.135s] writing manifest file 'more_interfaces.egg-info/SOURCES.txt'
[1.160s] [  8%] Built target ament_cmake_python_build_more_interfaces_egg
[1.305s] [  8%] Built target more_interfaces__cpp
[1.333s] [ 14%] [32mBuilding C object CMakeFiles/more_interfaces__rosidl_generator_c.dir/rosidl_generator_c/more_interfaces/msg/detail/address_book__type_support.c.o[0m
[1.333s] [ 17%] [32mBuilding C object CMakeFiles/more_interfaces__rosidl_generator_c.dir/rosidl_generator_c/more_interfaces/msg/detail/address_book__description.c.o[0m
[1.333s] [ 17%] [32mBuilding C object CMakeFiles/more_interfaces__rosidl_generator_c.dir/rosidl_generator_c/more_interfaces/msg/detail/address_book__functions.c.o[0m
[1.370s] [ 20%] [32m[1mLinking C shared library libmore_interfaces__rosidl_generator_c.so[0m
[1.397s] [ 20%] Built target more_interfaces__rosidl_generator_c
[1.407s] [ 23%] [34m[1mGenerating C introspection for ROS interfaces[0m
[1.407s] [ 26%] [34m[1mGenerating C++ type support dispatch for ROS interfaces[0m
[1.408s] [ 29%] [34m[1mGenerating C type support for eProsima Fast-RTPS[0m
[1.409s] [ 32%] [34m[1mGenerating C type support dispatch for ROS interfaces[0m
[1.410s] [ 35%] [34m[1mGenerating C++ type support for eProsima Fast-RTPS[0m
[1.410s] [ 38%] [34m[1mGenerating C++ introspection for ROS interfaces[0m
[1.652s] [ 41%] [32mBuilding CXX object CMakeFiles/more_interfaces__rosidl_typesupport_c.dir/rosidl_typesupport_c/more_interfaces/msg/address_book__type_support.cpp.o[0m
[1.670s] [ 44%] [32mBuilding CXX object CMakeFiles/more_interfaces__rosidl_typesupport_introspection_cpp.dir/rosidl_typesupport_introspection_cpp/more_interfaces/msg/detail/address_book__type_support.cpp.o[0m
[1.691s] [ 47%] [32m[1mLinking CXX shared library libmore_interfaces__rosidl_typesupport_c.so[0m
[1.731s] [ 47%] Built target more_interfaces__rosidl_typesupport_c
[1.812s] [ 50%] [32mBuilding CXX object CMakeFiles/more_interfaces__rosidl_typesupport_cpp.dir/rosidl_typesupport_cpp/more_interfaces/msg/address_book__type_support.cpp.o[0m
[1.834s] [ 52%] [32mBuilding C object CMakeFiles/more_interfaces__rosidl_typesupport_introspection_c.dir/rosidl_typesupport_introspection_c/more_interfaces/msg/detail/address_book__type_support.c.o[0m
[1.837s] [ 55%] [32mBuilding CXX object CMakeFiles/more_interfaces__rosidl_typesupport_fastrtps_c.dir/rosidl_typesupport_fastrtps_c/more_interfaces/msg/detail/address_book__type_support_c.cpp.o[0m
[1.853s] [ 58%] [32mBuilding CXX object CMakeFiles/more_interfaces__rosidl_typesupport_fastrtps_cpp.dir/rosidl_typesupport_fastrtps_cpp/more_interfaces/msg/detail/dds_fastrtps/address_book__type_support.cpp.o[0m
[1.873s] [ 61%] [32m[1mLinking C shared library libmore_interfaces__rosidl_typesupport_introspection_c.so[0m
[1.915s] [ 61%] Built target more_interfaces__rosidl_typesupport_introspection_c
[2.039s] [ 64%] [32m[1mLinking CXX shared library libmore_interfaces__rosidl_typesupport_introspection_cpp.so[0m
[2.101s] [ 64%] Built target more_interfaces__rosidl_typesupport_introspection_cpp
[2.156s] [ 67%] [32m[1mLinking CXX shared library libmore_interfaces__rosidl_typesupport_fastrtps_c.so[0m
[2.168s] [ 70%] [32m[1mLinking CXX shared library libmore_interfaces__rosidl_typesupport_cpp.so[0m
[2.204s] [ 70%] Built target more_interfaces__rosidl_typesupport_cpp
[2.222s] [ 70%] Built target more_interfaces__rosidl_typesupport_fastrtps_c
[2.316s] [ 73%] [32m[1mLinking CXX shared library libmore_interfaces__rosidl_typesupport_fastrtps_cpp.so[0m
[2.371s] [ 73%] Built target more_interfaces__rosidl_typesupport_fastrtps_cpp
[2.385s] [ 73%] Built target more_interfaces
[2.401s] [ 76%] [34m[1mGenerating Python code for ROS interfaces[0m
[2.650s] [ 76%] Built target more_interfaces__py
[2.668s] [ 79%] [32mBuilding C object CMakeFiles/more_interfaces__rosidl_generator_py.dir/rosidl_generator_py/more_interfaces/msg/_address_book_s.c.o[0m
[2.754s] [ 82%] [32m[1mLinking C shared library rosidl_generator_py/more_interfaces/libmore_interfaces__rosidl_generator_py.so[0m
[2.785s] [ 82%] Built target more_interfaces__rosidl_generator_py
[2.802s] [ 85%] [32mBuilding C object CMakeFiles/more_interfaces__rosidl_typesupport_c__pyext.dir/rosidl_generator_py/more_interfaces/_more_interfaces_s.ep.rosidl_typesupport_c.c.o[0m
[2.802s] [ 91%] [32mBuilding C object CMakeFiles/more_interfaces__rosidl_typesupport_introspection_c__pyext.dir/rosidl_generator_py/more_interfaces/_more_interfaces_s.ep.rosidl_typesupport_introspection_c.c.o[0m
[2.802s] [ 91%] [32mBuilding C object CMakeFiles/more_interfaces__rosidl_typesupport_fastrtps_c__pyext.dir/rosidl_generator_py/more_interfaces/_more_interfaces_s.ep.rosidl_typesupport_fastrtps_c.c.o[0m
[2.885s] [ 94%] [32m[1mLinking C shared library rosidl_generator_py/more_interfaces/more_interfaces_s__rosidl_typesupport_introspection_c.cpython-310-x86_64-linux-gnu.so[0m
[2.888s] [ 97%] [32m[1mLinking C shared library rosidl_generator_py/more_interfaces/more_interfaces_s__rosidl_typesupport_fastrtps_c.cpython-310-x86_64-linux-gnu.so[0m
[2.894s] [100%] [32m[1mLinking C shared library rosidl_generator_py/more_interfaces/more_interfaces_s__rosidl_typesupport_c.cpython-310-x86_64-linux-gnu.so[0m
[2.914s] [100%] Built target more_interfaces__rosidl_typesupport_introspection_c__pyext
[2.918s] [100%] Built target more_interfaces__rosidl_typesupport_fastrtps_c__pyext
[2.922s] [100%] Built target more_interfaces__rosidl_typesupport_c__pyext
[2.932s] Invoked command in '/home/isa/ros2_ws/build/more_interfaces' returned '0': CMAKE_PREFIX_PATH=${CMAKE_PREFIX_PATH}:/home/isa/ros2_ws/install/launch_testing_examples:/home/isa/ros2_ws/install/examples_rclpy_pointcloud_publisher:/home/isa/ros2_ws/install/examples_rclpy_minimal_subscriber:/home/isa/ros2_ws/install/examples_rclpy_minimal_service:/home/isa/ros2_ws/install/examples_rclpy_minimal_publisher:/home/isa/ros2_ws/install/examples_rclpy_minimal_client:/home/isa/ros2_ws/install/examples_rclpy_minimal_action_server:/home/isa/ros2_ws/install/examples_rclpy_minimal_action_client:/home/isa/ros2_ws/install/examples_rclpy_guard_conditions:/home/isa/ros2_ws/install/examples_rclpy_executors:/opt/ros/iron /usr/bin/cmake --build /home/isa/ros2_ws/build/more_interfaces -- -j8 -l8
[2.992s] Invoking command in '/home/isa/ros2_ws/build/more_interfaces': CMAKE_PREFIX_PATH=${CMAKE_PREFIX_PATH}:/home/isa/ros2_ws/install/launch_testing_examples:/home/isa/ros2_ws/install/examples_rclpy_pointcloud_publisher:/home/isa/ros2_ws/install/examples_rclpy_minimal_subscriber:/home/isa/ros2_ws/install/examples_rclpy_minimal_service:/home/isa/ros2_ws/install/examples_rclpy_minimal_publisher:/home/isa/ros2_ws/install/examples_rclpy_minimal_client:/home/isa/ros2_ws/install/examples_rclpy_minimal_action_server:/home/isa/ros2_ws/install/examples_rclpy_minimal_action_client:/home/isa/ros2_ws/install/examples_rclpy_guard_conditions:/home/isa/ros2_ws/install/examples_rclpy_executors:/opt/ros/iron /usr/bin/cmake --install /home/isa/ros2_ws/build/more_interfaces
[2.998s] -- Install configuration: ""
[2.998s] -- Installing: /home/isa/ros2_ws/install/more_interfaces/share/ament_index/resource_index/rosidl_interfaces/more_interfaces
[2.998s] -- Installing: /home/isa/ros2_ws/install/more_interfaces/share/more_interfaces/msg/AddressBook.json
[2.998s] -- Installing: /home/isa/ros2_ws/install/more_interfaces/include/more_interfaces/more_interfaces
[2.998s] -- Installing: /home/isa/ros2_ws/install/more_interfaces/include/more_interfaces/more_interfaces/msg
[2.998s] -- Installing: /home/isa/ros2_ws/install/more_interfaces/include/more_interfaces/more_interfaces/msg/rosidl_generator_c__visibility_control.h
[2.998s] -- Installing: /home/isa/ros2_ws/install/more_interfaces/include/more_interfaces/more_interfaces/msg/address_book.h
[2.998s] -- Installing: /home/isa/ros2_ws/install/more_interfaces/include/more_interfaces/more_interfaces/msg/detail
[2.999s] -- Installing: /home/isa/ros2_ws/install/more_interfaces/include/more_interfaces/more_interfaces/msg/detail/address_book__struct.h
[2.999s] -- Installing: /home/isa/ros2_ws/install/more_interfaces/include/more_interfaces/more_interfaces/msg/detail/address_book__functions.h
[2.999s] -- Installing: /home/isa/ros2_ws/install/more_interfaces/include/more_interfaces/more_interfaces/msg/detail/address_book__type_support.h
[2.999s] -- Installing: /home/isa/ros2_ws/install/more_interfaces/include/more_interfaces/more_interfaces/msg/detail/address_book__description.c
[2.999s] -- Installing: /home/isa/ros2_ws/install/more_interfaces/include/more_interfaces/more_interfaces/msg/detail/address_book__functions.c
[2.999s] -- Installing: /home/isa/ros2_ws/install/more_interfaces/include/more_interfaces/more_interfaces/msg/detail/address_book__type_support.c
[2.999s] -- Installing: /home/isa/ros2_ws/install/more_interfaces/share/more_interfaces/environment/library_path.sh
[2.999s] -- Installing: /home/isa/ros2_ws/install/more_interfaces/share/more_interfaces/environment/library_path.dsv
[2.999s] -- Installing: /home/isa/ros2_ws/install/more_interfaces/lib/libmore_interfaces__rosidl_generator_c.so
[3.000s] -- Set runtime path of "/home/isa/ros2_ws/install/more_interfaces/lib/libmore_interfaces__rosidl_generator_c.so" to ""
[3.000s] -- Up-to-date: /home/isa/ros2_ws/install/more_interfaces/include/more_interfaces/more_interfaces
[3.000s] -- Up-to-date: /home/isa/ros2_ws/install/more_interfaces/include/more_interfaces/more_interfaces/msg
[3.000s] -- Up-to-date: /home/isa/ros2_ws/install/more_interfaces/include/more_interfaces/more_interfaces/msg/detail
[3.000s] -- Installing: /home/isa/ros2_ws/install/more_interfaces/include/more_interfaces/more_interfaces/msg/detail/address_book__rosidl_typesupport_fastrtps_c.h
[3.000s] -- Installing: /home/isa/ros2_ws/install/more_interfaces/include/more_interfaces/more_interfaces/msg/rosidl_typesupport_fastrtps_c__visibility_control.h
[3.000s] -- Installing: /home/isa/ros2_ws/install/more_interfaces/lib/libmore_interfaces__rosidl_typesupport_fastrtps_c.so
[3.001s] -- Set runtime path of "/home/isa/ros2_ws/install/more_interfaces/lib/libmore_interfaces__rosidl_typesupport_fastrtps_c.so" to ""
[3.001s] -- Up-to-date: /home/isa/ros2_ws/install/more_interfaces/include/more_interfaces/more_interfaces
[3.001s] -- Up-to-date: /home/isa/ros2_ws/install/more_interfaces/include/more_interfaces/more_interfaces/msg
[3.001s] -- Up-to-date: /home/isa/ros2_ws/install/more_interfaces/include/more_interfaces/more_interfaces/msg/detail
[3.001s] -- Installing: /home/isa/ros2_ws/install/more_interfaces/include/more_interfaces/more_interfaces/msg/detail/address_book__rosidl_typesupport_introspection_c.h
[3.001s] -- Installing: /home/isa/ros2_ws/install/more_interfaces/include/more_interfaces/more_interfaces/msg/detail/address_book__type_support.c
[3.001s] -- Installing: /home/isa/ros2_ws/install/more_interfaces/include/more_interfaces/more_interfaces/msg/rosidl_typesupport_introspection_c__visibility_control.h
[3.001s] -- Installing: /home/isa/ros2_ws/install/more_interfaces/lib/libmore_interfaces__rosidl_typesupport_introspection_c.so
[3.002s] -- Set runtime path of "/home/isa/ros2_ws/install/more_interfaces/lib/libmore_interfaces__rosidl_typesupport_introspection_c.so" to ""
[3.002s] -- Installing: /home/isa/ros2_ws/install/more_interfaces/lib/libmore_interfaces__rosidl_typesupport_c.so
[3.002s] -- Set runtime path of "/home/isa/ros2_ws/install/more_interfaces/lib/libmore_interfaces__rosidl_typesupport_c.so" to ""
[3.002s] -- Up-to-date: /home/isa/ros2_ws/install/more_interfaces/include/more_interfaces/more_interfaces
[3.002s] -- Up-to-date: /home/isa/ros2_ws/install/more_interfaces/include/more_interfaces/more_interfaces/msg
[3.002s] -- Up-to-date: /home/isa/ros2_ws/install/more_interfaces/include/more_interfaces/more_interfaces/msg/detail
[3.002s] -- Installing: /home/isa/ros2_ws/install/more_interfaces/include/more_interfaces/more_interfaces/msg/detail/address_book__builder.hpp
[3.002s] -- Installing: /home/isa/ros2_ws/install/more_interfaces/include/more_interfaces/more_interfaces/msg/detail/address_book__traits.hpp
[3.002s] -- Installing: /home/isa/ros2_ws/install/more_interfaces/include/more_interfaces/more_interfaces/msg/detail/address_book__struct.hpp
[3.003s] -- Installing: /home/isa/ros2_ws/install/more_interfaces/include/more_interfaces/more_interfaces/msg/address_book.hpp
[3.003s] -- Up-to-date: /home/isa/ros2_ws/install/more_interfaces/include/more_interfaces/more_interfaces
[3.003s] -- Up-to-date: /home/isa/ros2_ws/install/more_interfaces/include/more_interfaces/more_interfaces/msg
[3.003s] -- Installing: /home/isa/ros2_ws/install/more_interfaces/include/more_interfaces/more_interfaces/msg/rosidl_typesupport_fastrtps_cpp__visibility_control.h
[3.003s] -- Up-to-date: /home/isa/ros2_ws/install/more_interfaces/include/more_interfaces/more_interfaces/msg/detail
[3.003s] -- Installing: /home/isa/ros2_ws/install/more_interfaces/include/more_interfaces/more_interfaces/msg/detail/dds_fastrtps
[3.003s] -- Installing: /home/isa/ros2_ws/install/more_interfaces/include/more_interfaces/more_interfaces/msg/detail/address_book__rosidl_typesupport_fastrtps_cpp.hpp
[3.003s] -- Installing: /home/isa/ros2_ws/install/more_interfaces/lib/libmore_interfaces__rosidl_typesupport_fastrtps_cpp.so
[3.003s] -- Set runtime path of "/home/isa/ros2_ws/install/more_interfaces/lib/libmore_interfaces__rosidl_typesupport_fastrtps_cpp.so" to ""
[3.003s] -- Up-to-date: /home/isa/ros2_ws/install/more_interfaces/include/more_interfaces/more_interfaces
[3.003s] -- Up-to-date: /home/isa/ros2_ws/install/more_interfaces/include/more_interfaces/more_interfaces/msg
[3.003s] -- Up-to-date: /home/isa/ros2_ws/install/more_interfaces/include/more_interfaces/more_interfaces/msg/detail
[3.004s] -- Installing: /home/isa/ros2_ws/install/more_interfaces/include/more_interfaces/more_interfaces/msg/detail/address_book__rosidl_typesupport_introspection_cpp.hpp
[3.004s] -- Installing: /home/isa/ros2_ws/install/more_interfaces/include/more_interfaces/more_interfaces/msg/detail/address_book__type_support.cpp
[3.004s] -- Installing: /home/isa/ros2_ws/install/more_interfaces/lib/libmore_interfaces__rosidl_typesupport_introspection_cpp.so
[3.004s] -- Set runtime path of "/home/isa/ros2_ws/install/more_interfaces/lib/libmore_interfaces__rosidl_typesupport_introspection_cpp.so" to ""
[3.004s] -- Installing: /home/isa/ros2_ws/install/more_interfaces/lib/libmore_interfaces__rosidl_typesupport_cpp.so
[3.005s] -- Set runtime path of "/home/isa/ros2_ws/install/more_interfaces/lib/libmore_interfaces__rosidl_typesupport_cpp.so" to ""
[3.005s] -- Installing: /home/isa/ros2_ws/install/more_interfaces/share/more_interfaces/environment/pythonpath.sh
[3.005s] -- Installing: /home/isa/ros2_ws/install/more_interfaces/share/more_interfaces/environment/pythonpath.dsv
[3.005s] -- Installing: /home/isa/ros2_ws/install/more_interfaces/lib/python3.10/site-packages/more_interfaces-0.0.0-py3.10.egg-info
[3.005s] -- Installing: /home/isa/ros2_ws/install/more_interfaces/lib/python3.10/site-packages/more_interfaces-0.0.0-py3.10.egg-info/SOURCES.txt
[3.005s] -- Installing: /home/isa/ros2_ws/install/more_interfaces/lib/python3.10/site-packages/more_interfaces-0.0.0-py3.10.egg-info/dependency_links.txt
[3.005s] -- Installing: /home/isa/ros2_ws/install/more_interfaces/lib/python3.10/site-packages/more_interfaces-0.0.0-py3.10.egg-info/PKG-INFO
[3.006s] -- Installing: /home/isa/ros2_ws/install/more_interfaces/lib/python3.10/site-packages/more_interfaces-0.0.0-py3.10.egg-info/top_level.txt
[3.006s] -- Installing: /home/isa/ros2_ws/install/more_interfaces/lib/python3.10/site-packages/more_interfaces
[3.006s] -- Installing: /home/isa/ros2_ws/install/more_interfaces/lib/python3.10/site-packages/more_interfaces/_more_interfaces_s.ep.rosidl_typesupport_c.c
[3.006s] -- Installing: /home/isa/ros2_ws/install/more_interfaces/lib/python3.10/site-packages/more_interfaces/__init__.py
[3.006s] -- Installing: /home/isa/ros2_ws/install/more_interfaces/lib/python3.10/site-packages/more_interfaces/more_interfaces_s__rosidl_typesupport_c.cpython-310-x86_64-linux-gnu.so
[3.006s] -- Installing: /home/isa/ros2_ws/install/more_interfaces/lib/python3.10/site-packages/more_interfaces/libmore_interfaces__rosidl_generator_py.so
[3.006s] -- Installing: /home/isa/ros2_ws/install/more_interfaces/lib/python3.10/site-packages/more_interfaces/more_interfaces_s__rosidl_typesupport_introspection_c.cpython-310-x86_64-linux-gnu.so
[3.006s] -- Installing: /home/isa/ros2_ws/install/more_interfaces/lib/python3.10/site-packages/more_interfaces/_more_interfaces_s.ep.rosidl_typesupport_introspection_c.c
[3.006s] -- Installing: /home/isa/ros2_ws/install/more_interfaces/lib/python3.10/site-packages/more_interfaces/more_interfaces_s__rosidl_typesupport_fastrtps_c.cpython-310-x86_64-linux-gnu.so
[3.007s] -- Installing: /home/isa/ros2_ws/install/more_interfaces/lib/python3.10/site-packages/more_interfaces/msg
[3.007s] -- Installing: /home/isa/ros2_ws/install/more_interfaces/lib/python3.10/site-packages/more_interfaces/msg/_address_book_s.c
[3.007s] -- Installing: /home/isa/ros2_ws/install/more_interfaces/lib/python3.10/site-packages/more_interfaces/msg/__init__.py
[3.007s] -- Installing: /home/isa/ros2_ws/install/more_interfaces/lib/python3.10/site-packages/more_interfaces/msg/_address_book.py
[3.007s] -- Installing: /home/isa/ros2_ws/install/more_interfaces/lib/python3.10/site-packages/more_interfaces/_more_interfaces_s.ep.rosidl_typesupport_fastrtps_c.c
[3.036s] Listing '/home/isa/ros2_ws/install/more_interfaces/lib/python3.10/site-packages/more_interfaces'...
[3.036s] Compiling '/home/isa/ros2_ws/install/more_interfaces/lib/python3.10/site-packages/more_interfaces/__init__.py'...
[3.036s] Listing '/home/isa/ros2_ws/install/more_interfaces/lib/python3.10/site-packages/more_interfaces/msg'...
[3.036s] Compiling '/home/isa/ros2_ws/install/more_interfaces/lib/python3.10/site-packages/more_interfaces/msg/__init__.py'...
[3.037s] Compiling '/home/isa/ros2_ws/install/more_interfaces/lib/python3.10/site-packages/more_interfaces/msg/_address_book.py'...
[3.040s] -- Installing: /home/isa/ros2_ws/install/more_interfaces/lib/python3.10/site-packages/more_interfaces/more_interfaces_s__rosidl_typesupport_fastrtps_c.cpython-310-x86_64-linux-gnu.so
[3.040s] -- Set runtime path of "/home/isa/ros2_ws/install/more_interfaces/lib/python3.10/site-packages/more_interfaces/more_interfaces_s__rosidl_typesupport_fastrtps_c.cpython-310-x86_64-linux-gnu.so" to ""
[3.040s] -- Installing: /home/isa/ros2_ws/install/more_interfaces/lib/python3.10/site-packages/more_interfaces/more_interfaces_s__rosidl_typesupport_introspection_c.cpython-310-x86_64-linux-gnu.so
[3.041s] -- Set runtime path of "/home/isa/ros2_ws/install/more_interfaces/lib/python3.10/site-packages/more_interfaces/more_interfaces_s__rosidl_typesupport_introspection_c.cpython-310-x86_64-linux-gnu.so" to ""
[3.041s] -- Installing: /home/isa/ros2_ws/install/more_interfaces/lib/python3.10/site-packages/more_interfaces/more_interfaces_s__rosidl_typesupport_c.cpython-310-x86_64-linux-gnu.so
[3.041s] -- Set runtime path of "/home/isa/ros2_ws/install/more_interfaces/lib/python3.10/site-packages/more_interfaces/more_interfaces_s__rosidl_typesupport_c.cpython-310-x86_64-linux-gnu.so" to ""
[3.041s] -- Installing: /home/isa/ros2_ws/install/more_interfaces/lib/libmore_interfaces__rosidl_generator_py.so
[3.042s] -- Set runtime path of "/home/isa/ros2_ws/install/more_interfaces/lib/libmore_interfaces__rosidl_generator_py.so" to ""
[3.042s] -- Installing: /home/isa/ros2_ws/install/more_interfaces/share/more_interfaces/msg/AddressBook.idl
[3.042s] -- Installing: /home/isa/ros2_ws/install/more_interfaces/share/more_interfaces/msg/AddressBook.msg
[3.042s] -- Installing: /home/isa/ros2_ws/install/more_interfaces/share/ament_index/resource_index/package_run_dependencies/more_interfaces
[3.042s] -- Installing: /home/isa/ros2_ws/install/more_interfaces/share/ament_index/resource_index/parent_prefix_path/more_interfaces
[3.042s] -- Installing: /home/isa/ros2_ws/install/more_interfaces/share/more_interfaces/environment/ament_prefix_path.sh
[3.042s] -- Installing: /home/isa/ros2_ws/install/more_interfaces/share/more_interfaces/environment/ament_prefix_path.dsv
[3.042s] -- Installing: /home/isa/ros2_ws/install/more_interfaces/share/more_interfaces/environment/path.sh
[3.043s] -- Installing: /home/isa/ros2_ws/install/more_interfaces/share/more_interfaces/environment/path.dsv
[3.043s] -- Installing: /home/isa/ros2_ws/install/more_interfaces/share/more_interfaces/local_setup.bash
[3.043s] -- Installing: /home/isa/ros2_ws/install/more_interfaces/share/more_interfaces/local_setup.sh
[3.043s] -- Installing: /home/isa/ros2_ws/install/more_interfaces/share/more_interfaces/local_setup.zsh
[3.043s] -- Installing: /home/isa/ros2_ws/install/more_interfaces/share/more_interfaces/local_setup.dsv
[3.043s] -- Installing: /home/isa/ros2_ws/install/more_interfaces/share/more_interfaces/package.dsv
[3.043s] -- Installing: /home/isa/ros2_ws/install/more_interfaces/share/ament_index/resource_index/packages/more_interfaces
[3.043s] -- Installing: /home/isa/ros2_ws/install/more_interfaces/share/more_interfaces/cmake/export_more_interfaces__rosidl_generator_cExport.cmake
[3.044s] -- Installing: /home/isa/ros2_ws/install/more_interfaces/share/more_interfaces/cmake/export_more_interfaces__rosidl_generator_cExport-noconfig.cmake
[3.044s] -- Installing: /home/isa/ros2_ws/install/more_interfaces/share/more_interfaces/cmake/export_more_interfaces__rosidl_typesupport_fastrtps_cExport.cmake
[3.044s] -- Installing: /home/isa/ros2_ws/install/more_interfaces/share/more_interfaces/cmake/export_more_interfaces__rosidl_typesupport_fastrtps_cExport-noconfig.cmake
[3.044s] -- Installing: /home/isa/ros2_ws/install/more_interfaces/share/more_interfaces/cmake/more_interfaces__rosidl_typesupport_introspection_cExport.cmake
[3.044s] -- Installing: /home/isa/ros2_ws/install/more_interfaces/share/more_interfaces/cmake/more_interfaces__rosidl_typesupport_introspection_cExport-noconfig.cmake
[3.044s] -- Installing: /home/isa/ros2_ws/install/more_interfaces/share/more_interfaces/cmake/more_interfaces__rosidl_typesupport_cExport.cmake
[3.044s] -- Installing: /home/isa/ros2_ws/install/more_interfaces/share/more_interfaces/cmake/more_interfaces__rosidl_typesupport_cExport-noconfig.cmake
[3.044s] -- Installing: /home/isa/ros2_ws/install/more_interfaces/share/more_interfaces/cmake/export_more_interfaces__rosidl_generator_cppExport.cmake
[3.044s] -- Installing: /home/isa/ros2_ws/install/more_interfaces/share/more_interfaces/cmake/export_more_interfaces__rosidl_typesupport_fastrtps_cppExport.cmake
[3.045s] -- Installing: /home/isa/ros2_ws/install/more_interfaces/share/more_interfaces/cmake/export_more_interfaces__rosidl_typesupport_fastrtps_cppExport-noconfig.cmake
[3.045s] -- Installing: /home/isa/ros2_ws/install/more_interfaces/share/more_interfaces/cmake/more_interfaces__rosidl_typesupport_introspection_cppExport.cmake
[3.045s] -- Installing: /home/isa/ros2_ws/install/more_interfaces/share/more_interfaces/cmake/more_interfaces__rosidl_typesupport_introspection_cppExport-noconfig.cmake
[3.045s] -- Installing: /home/isa/ros2_ws/install/more_interfaces/share/more_interfaces/cmake/more_interfaces__rosidl_typesupport_cppExport.cmake
[3.045s] -- Installing: /home/isa/ros2_ws/install/more_interfaces/share/more_interfaces/cmake/more_interfaces__rosidl_typesupport_cppExport-noconfig.cmake
[3.045s] -- Installing: /home/isa/ros2_ws/install/more_interfaces/share/more_interfaces/cmake/export_more_interfaces__rosidl_generator_pyExport.cmake
[3.045s] -- Installing: /home/isa/ros2_ws/install/more_interfaces/share/more_interfaces/cmake/export_more_interfaces__rosidl_generator_pyExport-noconfig.cmake
[3.045s] -- Installing: /home/isa/ros2_ws/install/more_interfaces/share/more_interfaces/cmake/rosidl_cmake-extras.cmake
[3.045s] -- Installing: /home/isa/ros2_ws/install/more_interfaces/share/more_interfaces/cmake/ament_cmake_export_include_directories-extras.cmake
[3.046s] -- Installing: /home/isa/ros2_ws/install/more_interfaces/share/more_interfaces/cmake/ament_cmake_export_libraries-extras.cmake
[3.046s] -- Installing: /home/isa/ros2_ws/install/more_interfaces/share/more_interfaces/cmake/ament_cmake_export_targets-extras.cmake
[3.046s] -- Installing: /home/isa/ros2_ws/install/more_interfaces/share/more_interfaces/cmake/rosidl_cmake_export_typesupport_targets-extras.cmake
[3.046s] -- Installing: /home/isa/ros2_ws/install/more_interfaces/share/more_interfaces/cmake/ament_cmake_export_dependencies-extras.cmake
[3.046s] -- Installing: /home/isa/ros2_ws/install/more_interfaces/share/more_interfaces/cmake/rosidl_cmake_export_typesupport_libraries-extras.cmake
[3.046s] -- Installing: /home/isa/ros2_ws/install/more_interfaces/share/more_interfaces/cmake/more_interfacesConfig.cmake
[3.046s] -- Installing: /home/isa/ros2_ws/install/more_interfaces/share/more_interfaces/cmake/more_interfacesConfig-version.cmake
[3.046s] -- Installing: /home/isa/ros2_ws/install/more_interfaces/share/more_interfaces/package.xml
[3.049s] Invoked command in '/home/isa/ros2_ws/build/more_interfaces' returned '0': CMAKE_PREFIX_PATH=${CMAKE_PREFIX_PATH}:/home/isa/ros2_ws/install/launch_testing_examples:/home/isa/ros2_ws/install/examples_rclpy_pointcloud_publisher:/home/isa/ros2_ws/install/examples_rclpy_minimal_subscriber:/home/isa/ros2_ws/install/examples_rclpy_minimal_service:/home/isa/ros2_ws/install/examples_rclpy_minimal_publisher:/home/isa/ros2_ws/install/examples_rclpy_minimal_client:/home/isa/ros2_ws/install/examples_rclpy_minimal_action_server:/home/isa/ros2_ws/install/examples_rclpy_minimal_action_client:/home/isa/ros2_ws/install/examples_rclpy_guard_conditions:/home/isa/ros2_ws/install/examples_rclpy_executors:/opt/ros/iron /usr/bin/cmake --install /home/isa/ros2_ws/build/more_interfaces
