[1.259s] Invoking command in '/home/isa/ros2_ws/build/examples_rclpy_pointcloud_publisher': PYTHONPATH=/home/isa/ros2_ws/build/examples_rclpy_pointcloud_publisher/prefix_override:/home/isa/ros2_ws/install/examples_rclpy_pointcloud_publisher/lib/python3.10/site-packages:${PYTHONPATH} /usr/bin/python3 setup.py develop --uninstall --editable --build-directory /home/isa/ros2_ws/build/examples_rclpy_pointcloud_publisher/build
[1.513s] running develop
[1.513s] /usr/lib/python3/dist-packages/setuptools/command/easy_install.py:158: EasyInstallDeprecationWarning: easy_install command is deprecated. Use build and pip and other standards-based tools.
[1.513s]   warnings.warn(
[1.514s] /usr/lib/python3/dist-packages/setuptools/command/install.py:34: SetuptoolsDeprecationWarning: setup.py install is deprecated. Use build and pip and other standards-based tools.
[1.514s]   warnings.warn(
[1.565s] /usr/lib/python3/dist-packages/pkg_resources/__init__.py:116: PkgResourcesDeprecationWarning: 1.16.0-unknown is an invalid version and will not be supported in a future release
[1.565s]   warnings.warn(
[1.565s] /usr/lib/python3/dist-packages/pkg_resources/__init__.py:116: PkgResourcesDeprecationWarning: 1.1build1 is an invalid version and will not be supported in a future release
[1.566s]   warnings.warn(
[1.566s] /usr/lib/python3/dist-packages/pkg_resources/__init__.py:116: PkgResourcesDeprecationWarning: 0.1.43ubuntu1 is an invalid version and will not be supported in a future release
[1.566s]   warnings.warn(
[1.681s] Invoked command in '/home/isa/ros2_ws/build/examples_rclpy_pointcloud_publisher' returned '0': PYTHONPATH=/home/isa/ros2_ws/build/examples_rclpy_pointcloud_publisher/prefix_override:/home/isa/ros2_ws/install/examples_rclpy_pointcloud_publisher/lib/python3.10/site-packages:${PYTHONPATH} /usr/bin/python3 setup.py develop --uninstall --editable --build-directory /home/isa/ros2_ws/build/examples_rclpy_pointcloud_publisher/build
[1.685s] Invoking command in '/home/isa/ros2_ws/src/examples/rclpy/topics/pointcloud_publisher': PYTHONPATH=/home/isa/ros2_ws/build/examples_rclpy_pointcloud_publisher/prefix_override:/home/isa/ros2_ws/install/examples_rclpy_pointcloud_publisher/lib/python3.10/site-packages:${PYTHONPATH} /usr/bin/python3 setup.py egg_info --egg-base ../../../../../build/examples_rclpy_pointcloud_publisher build --build-base /home/isa/ros2_ws/build/examples_rclpy_pointcloud_publisher/build install --record /home/isa/ros2_ws/build/examples_rclpy_pointcloud_publisher/install.log --single-version-externally-managed
[1.888s] running egg_info
[1.888s] writing ../../../../../build/examples_rclpy_pointcloud_publisher/examples_rclpy_pointcloud_publisher.egg-info/PKG-INFO
[1.888s] writing dependency_links to ../../../../../build/examples_rclpy_pointcloud_publisher/examples_rclpy_pointcloud_publisher.egg-info/dependency_links.txt
[1.889s] writing entry points to ../../../../../build/examples_rclpy_pointcloud_publisher/examples_rclpy_pointcloud_publisher.egg-info/entry_points.txt
[1.889s] writing requirements to ../../../../../build/examples_rclpy_pointcloud_publisher/examples_rclpy_pointcloud_publisher.egg-info/requires.txt
[1.889s] writing top-level names to ../../../../../build/examples_rclpy_pointcloud_publisher/examples_rclpy_pointcloud_publisher.egg-info/top_level.txt
[1.890s] reading manifest file '../../../../../build/examples_rclpy_pointcloud_publisher/examples_rclpy_pointcloud_publisher.egg-info/SOURCES.txt'
[1.891s] writing manifest file '../../../../../build/examples_rclpy_pointcloud_publisher/examples_rclpy_pointcloud_publisher.egg-info/SOURCES.txt'
[1.891s] running build
[1.891s] running build_py
[1.891s] running install
[1.891s] /usr/lib/python3/dist-packages/setuptools/command/install.py:34: SetuptoolsDeprecationWarning: setup.py install is deprecated. Use build and pip and other standards-based tools.
[1.891s]   warnings.warn(
[1.892s] running install_lib
[1.893s] running install_data
[1.893s] running install_egg_info
[1.894s] removing '/home/isa/ros2_ws/install/examples_rclpy_pointcloud_publisher/lib/python3.10/site-packages/examples_rclpy_pointcloud_publisher-0.18.0-py3.10.egg-info' (and everything under it)
[1.895s] Copying ../../../../../build/examples_rclpy_pointcloud_publisher/examples_rclpy_pointcloud_publisher.egg-info to /home/isa/ros2_ws/install/examples_rclpy_pointcloud_publisher/lib/python3.10/site-packages/examples_rclpy_pointcloud_publisher-0.18.0-py3.10.egg-info
[1.895s] running install_scripts
[1.914s] Installing pointcloud_publisher script to /home/isa/ros2_ws/install/examples_rclpy_pointcloud_publisher/lib/examples_rclpy_pointcloud_publisher
[1.914s] writing list of installed files to '/home/isa/ros2_ws/build/examples_rclpy_pointcloud_publisher/install.log'
[1.939s] Invoked command in '/home/isa/ros2_ws/src/examples/rclpy/topics/pointcloud_publisher' returned '0': PYTHONPATH=/home/isa/ros2_ws/build/examples_rclpy_pointcloud_publisher/prefix_override:/home/isa/ros2_ws/install/examples_rclpy_pointcloud_publisher/lib/python3.10/site-packages:${PYTHONPATH} /usr/bin/python3 setup.py egg_info --egg-base ../../../../../build/examples_rclpy_pointcloud_publisher build --build-base /home/isa/ros2_ws/build/examples_rclpy_pointcloud_publisher/build install --record /home/isa/ros2_ws/build/examples_rclpy_pointcloud_publisher/install.log --single-version-externally-managed
