[0.011s] Invoking command in '/home/isa/ros2_ws/build/cpp_srvcli': CMAKE_PREFIX_PATH=/opt/ros/iron /usr/bin/cmake /home/isa/ros2_ws/src/cpp_srvcli -DCMAKE_INSTALL_PREFIX=/home/isa/ros2_ws/install/cpp_srvcli
[0.094s] -- The C compiler identification is GNU 11.3.0
[0.169s] -- The CXX compiler identification is GNU 11.3.0
[0.176s] -- Detecting C compiler ABI info
[0.227s] -- Detecting C compiler ABI info - done
[0.233s] -- Check for working C compiler: /usr/bin/cc - skipped
[0.234s] -- Detecting C compile features
[0.234s] -- Detecting C compile features - done
[0.237s] -- Detecting CXX compiler ABI info
[0.294s] -- Detecting CXX compiler ABI info - done
[0.300s] -- Check for working CXX compiler: /usr/bin/c++ - skipped
[0.300s] -- Detecting CXX compile features
[0.301s] -- Detecting CXX compile features - done
[0.305s] -- Found ament_cmake: 2.0.2 (/opt/ros/iron/share/ament_cmake/cmake)
[0.427s] -- Found Python3: /usr/bin/python3.10 (found version "3.10.6") found components: Interpreter 
[0.501s] -- Found rclcpp: 21.0.1 (/opt/ros/iron/share/rclcpp/cmake)
[0.547s] -- Found rosidl_generator_c: 4.0.0 (/opt/ros/iron/share/rosidl_generator_c/cmake)
[0.558s] -- Found rosidl_generator_cpp: 4.0.0 (/opt/ros/iron/share/rosidl_generator_cpp/cmake)
[0.575s] -- Using all available rosidl_typesupport_c: rosidl_typesupport_fastrtps_c;rosidl_typesupport_introspection_c
[0.594s] -- Using all available rosidl_typesupport_cpp: rosidl_typesupport_fastrtps_cpp;rosidl_typesupport_introspection_cpp
[0.757s] -- Found rmw_implementation_cmake: 7.1.0 (/opt/ros/iron/share/rmw_implementation_cmake/cmake)
[0.760s] -- Found rmw_fastrtps_cpp: 7.1.1 (/opt/ros/iron/share/rmw_fastrtps_cpp/cmake)
[0.847s] -- Found OpenSSL: /usr/lib/x86_64-linux-gnu/libcrypto.so (found version "3.0.2")  
[0.867s] -- Found FastRTPS: /opt/ros/iron/include  
[0.901s] -- Using RMW implementation 'rmw_fastrtps_cpp' as default
[1.059s] -- Found example_interfaces: 0.10.2 (/opt/ros/iron/share/example_interfaces/cmake)
[1.248s] -- Found ament_lint_auto: 0.14.1 (/opt/ros/iron/share/ament_lint_auto/cmake)
[1.308s] [31mCMake Error at CMakeLists.txt:29 (install):
[1.308s]   install TARGETS given target "client" which does not exist.
[1.309s] 
[1.309s] [0m
[1.312s] -- Added test 'cppcheck' to perform static code analysis on C / C++ code
[1.312s] -- Configured cppcheck include dirs: 
[1.312s] -- Configured cppcheck exclude dirs and/or files: 
[1.313s] -- Added test 'lint_cmake' to check CMake code style
[1.314s] -- Added test 'uncrustify' to check C / C++ code style
[1.314s] -- Configured uncrustify additional arguments: 
[1.314s] -- Added test 'xmllint' to check XML markup files
[1.315s] -- Configuring incomplete, errors occurred!
[1.315s] See also "/home/isa/ros2_ws/build/cpp_srvcli/CMakeFiles/CMakeOutput.log".
[1.322s] Invoked command in '/home/isa/ros2_ws/build/cpp_srvcli' returned '1': CMAKE_PREFIX_PATH=/opt/ros/iron /usr/bin/cmake /home/isa/ros2_ws/src/cpp_srvcli -DCMAKE_INSTALL_PREFIX=/home/isa/ros2_ws/install/cpp_srvcli
