[0.011s] Invoking command in '/home/isa/ros2_ws/build/cpp_pubsub': CMAKE_PREFIX_PATH=/opt/ros/iron /usr/bin/cmake --build /home/isa/ros2_ws/build/cpp_pubsub -- -j8 -l8
[0.069s] [35m[1mConsolidate compiler generated dependencies of target listener[0m
[0.069s] [35m[1mConsolidate compiler generated dependencies of target talker[0m
[0.096s] [100%] Built target talker
[0.096s] [100%] Built target listener
[0.104s] Invoked command in '/home/isa/ros2_ws/build/cpp_pubsub' returned '0': CMAKE_PREFIX_PATH=/opt/ros/iron /usr/bin/cmake --build /home/isa/ros2_ws/build/cpp_pubsub -- -j8 -l8
[0.131s] Invoking command in '/home/isa/ros2_ws/build/cpp_pubsub': CMAKE_PREFIX_PATH=/opt/ros/iron /usr/bin/cmake --install /home/isa/ros2_ws/build/cpp_pubsub
[0.136s] -- Install configuration: ""
[0.137s] -- Up-to-date: /home/isa/ros2_ws/install/cpp_pubsub/lib/cpp_pubsub/talker
[0.138s] -- Up-to-date: /home/isa/ros2_ws/install/cpp_pubsub/lib/cpp_pubsub/listener
[0.138s] -- Up-to-date: /home/isa/ros2_ws/install/cpp_pubsub/share/ament_index/resource_index/package_run_dependencies/cpp_pubsub
[0.139s] -- Up-to-date: /home/isa/ros2_ws/install/cpp_pubsub/share/ament_index/resource_index/parent_prefix_path/cpp_pubsub
[0.139s] -- Up-to-date: /home/isa/ros2_ws/install/cpp_pubsub/share/cpp_pubsub/environment/ament_prefix_path.sh
[0.139s] -- Up-to-date: /home/isa/ros2_ws/install/cpp_pubsub/share/cpp_pubsub/environment/ament_prefix_path.dsv
[0.139s] -- Up-to-date: /home/isa/ros2_ws/install/cpp_pubsub/share/cpp_pubsub/environment/path.sh
[0.140s] -- Up-to-date: /home/isa/ros2_ws/install/cpp_pubsub/share/cpp_pubsub/environment/path.dsv
[0.140s] -- Up-to-date: /home/isa/ros2_ws/install/cpp_pubsub/share/cpp_pubsub/local_setup.bash
[0.140s] -- Up-to-date: /home/isa/ros2_ws/install/cpp_pubsub/share/cpp_pubsub/local_setup.sh
[0.140s] -- Up-to-date: /home/isa/ros2_ws/install/cpp_pubsub/share/cpp_pubsub/local_setup.zsh
[0.140s] -- Up-to-date: /home/isa/ros2_ws/install/cpp_pubsub/share/cpp_pubsub/local_setup.dsv
[0.140s] -- Installing: /home/isa/ros2_ws/install/cpp_pubsub/share/cpp_pubsub/package.dsv
[0.140s] -- Up-to-date: /home/isa/ros2_ws/install/cpp_pubsub/share/ament_index/resource_index/packages/cpp_pubsub
[0.140s] -- Up-to-date: /home/isa/ros2_ws/install/cpp_pubsub/share/cpp_pubsub/cmake/cpp_pubsubConfig.cmake
[0.140s] -- Up-to-date: /home/isa/ros2_ws/install/cpp_pubsub/share/cpp_pubsub/cmake/cpp_pubsubConfig-version.cmake
[0.141s] -- Up-to-date: /home/isa/ros2_ws/install/cpp_pubsub/share/cpp_pubsub/package.xml
[0.142s] Invoked command in '/home/isa/ros2_ws/build/cpp_pubsub' returned '0': CMAKE_PREFIX_PATH=/opt/ros/iron /usr/bin/cmake --install /home/isa/ros2_ws/build/cpp_pubsub
