[0.007s] Invoking command in '/home/isa/ros2_ws/build/cpp_srvcli': CMAKE_PREFIX_PATH=/opt/ros/iron /usr/bin/cmake /home/isa/ros2_ws/src/cpp_srvcli -DCMAKE_INSTALL_PREFIX=/home/isa/ros2_ws/install/cpp_srvcli
[0.017s] -- Found ament_cmake: 2.0.2 (/opt/ros/iron/share/ament_cmake/cmake)
[0.119s] -- Found rclcpp: 21.0.1 (/opt/ros/iron/share/rclcpp/cmake)
[0.143s] -- Found rosidl_generator_c: 4.0.0 (/opt/ros/iron/share/rosidl_generator_c/cmake)
[0.149s] -- Found rosidl_generator_cpp: 4.0.0 (/opt/ros/iron/share/rosidl_generator_cpp/cmake)
[0.160s] -- Using all available rosidl_typesupport_c: rosidl_typesupport_fastrtps_c;rosidl_typesupport_introspection_c
[0.172s] -- Using all available rosidl_typesupport_cpp: rosidl_typesupport_fastrtps_cpp;rosidl_typesupport_introspection_cpp
[0.304s] -- Found rmw_implementation_cmake: 7.1.0 (/opt/ros/iron/share/rmw_implementation_cmake/cmake)
[0.305s] -- Found rmw_fastrtps_cpp: 7.1.1 (/opt/ros/iron/share/rmw_fastrtps_cpp/cmake)
[0.400s] -- Using RMW implementation 'rmw_fastrtps_cpp' as default
[0.542s] -- Found example_interfaces: 0.10.2 (/opt/ros/iron/share/example_interfaces/cmake)
[0.755s] -- Configuring done
[0.766s] -- Generating done
[0.767s] -- Build files have been written to: /home/isa/ros2_ws/build/cpp_srvcli
[0.773s] Invoked command in '/home/isa/ros2_ws/build/cpp_srvcli' returned '0': CMAKE_PREFIX_PATH=/opt/ros/iron /usr/bin/cmake /home/isa/ros2_ws/src/cpp_srvcli -DCMAKE_INSTALL_PREFIX=/home/isa/ros2_ws/install/cpp_srvcli
[0.774s] Invoking command in '/home/isa/ros2_ws/build/cpp_srvcli': CMAKE_PREFIX_PATH=/opt/ros/iron /usr/bin/cmake --build /home/isa/ros2_ws/build/cpp_srvcli -- -j8 -l8
[0.807s] [ 50%] [32mBuilding CXX object CMakeFiles/server.dir/src/add_two_ints_server.cpp.o[0m
[0.807s] [ 50%] [32mBuilding CXX object CMakeFiles/client.dir/src/add_two_ints_client.cpp.o[0m
[4.020s] [ 75%] [32m[1mLinking CXX executable server[0m
[4.187s] [100%] [32m[1mLinking CXX executable client[0m
[4.191s] [100%] Built target server
[4.320s] [100%] Built target client
[4.327s] Invoked command in '/home/isa/ros2_ws/build/cpp_srvcli' returned '0': CMAKE_PREFIX_PATH=/opt/ros/iron /usr/bin/cmake --build /home/isa/ros2_ws/build/cpp_srvcli -- -j8 -l8
[4.354s] Invoking command in '/home/isa/ros2_ws/build/cpp_srvcli': CMAKE_PREFIX_PATH=/opt/ros/iron /usr/bin/cmake --install /home/isa/ros2_ws/build/cpp_srvcli
[4.358s] -- Install configuration: ""
[4.358s] -- Installing: /home/isa/ros2_ws/install/cpp_srvcli/lib/cpp_srvcli/server
[4.359s] -- Set runtime path of "/home/isa/ros2_ws/install/cpp_srvcli/lib/cpp_srvcli/server" to ""
[4.359s] -- Installing: /home/isa/ros2_ws/install/cpp_srvcli/lib/cpp_srvcli/client
[4.360s] -- Set runtime path of "/home/isa/ros2_ws/install/cpp_srvcli/lib/cpp_srvcli/client" to ""
[4.361s] -- Installing: /home/isa/ros2_ws/install/cpp_srvcli/share/ament_index/resource_index/package_run_dependencies/cpp_srvcli
[4.361s] -- Installing: /home/isa/ros2_ws/install/cpp_srvcli/share/ament_index/resource_index/parent_prefix_path/cpp_srvcli
[4.361s] -- Installing: /home/isa/ros2_ws/install/cpp_srvcli/share/cpp_srvcli/environment/ament_prefix_path.sh
[4.361s] -- Installing: /home/isa/ros2_ws/install/cpp_srvcli/share/cpp_srvcli/environment/ament_prefix_path.dsv
[4.361s] -- Installing: /home/isa/ros2_ws/install/cpp_srvcli/share/cpp_srvcli/environment/path.sh
[4.361s] -- Installing: /home/isa/ros2_ws/install/cpp_srvcli/share/cpp_srvcli/environment/path.dsv
[4.361s] -- Installing: /home/isa/ros2_ws/install/cpp_srvcli/share/cpp_srvcli/local_setup.bash
[4.361s] -- Installing: /home/isa/ros2_ws/install/cpp_srvcli/share/cpp_srvcli/local_setup.sh
[4.362s] -- Installing: /home/isa/ros2_ws/install/cpp_srvcli/share/cpp_srvcli/local_setup.zsh
[4.362s] -- Installing: /home/isa/ros2_ws/install/cpp_srvcli/share/cpp_srvcli/local_setup.dsv
[4.362s] -- Installing: /home/isa/ros2_ws/install/cpp_srvcli/share/cpp_srvcli/package.dsv
[4.362s] -- Installing: /home/isa/ros2_ws/install/cpp_srvcli/share/ament_index/resource_index/packages/cpp_srvcli
[4.362s] -- Installing: /home/isa/ros2_ws/install/cpp_srvcli/share/cpp_srvcli/cmake/cpp_srvcliConfig.cmake
[4.362s] -- Installing: /home/isa/ros2_ws/install/cpp_srvcli/share/cpp_srvcli/cmake/cpp_srvcliConfig-version.cmake
[4.362s] -- Installing: /home/isa/ros2_ws/install/cpp_srvcli/share/cpp_srvcli/package.xml
[4.365s] Invoked command in '/home/isa/ros2_ws/build/cpp_srvcli' returned '0': CMAKE_PREFIX_PATH=/opt/ros/iron /usr/bin/cmake --install /home/isa/ros2_ws/build/cpp_srvcli
