[1.908s] Invoking command in '/home/isa/ros2_ws/build/examples_rclpy_guard_conditions': PYTHONPATH=/home/isa/ros2_ws/build/examples_rclpy_guard_conditions/prefix_override:/home/isa/ros2_ws/install/examples_rclpy_guard_conditions/lib/python3.10/site-packages:${PYTHONPATH} /usr/bin/python3 setup.py develop --editable --build-directory /home/isa/ros2_ws/build/examples_rclpy_guard_conditions/build --no-deps install_data
[3.515s] running develop
[3.515s] running egg_info
[3.516s] creating examples_rclpy_guard_conditions.egg-info
[3.516s] writing examples_rclpy_guard_conditions.egg-info/PKG-INFO
[3.516s] writing dependency_links to examples_rclpy_guard_conditions.egg-info/dependency_links.txt
[3.516s] writing entry points to examples_rclpy_guard_conditions.egg-info/entry_points.txt
[3.517s] writing requirements to examples_rclpy_guard_conditions.egg-info/requires.txt
[3.517s] writing top-level names to examples_rclpy_guard_conditions.egg-info/top_level.txt
[3.517s] writing manifest file 'examples_rclpy_guard_conditions.egg-info/SOURCES.txt'
[3.517s] reading manifest file 'examples_rclpy_guard_conditions.egg-info/SOURCES.txt'
[3.517s] writing manifest file 'examples_rclpy_guard_conditions.egg-info/SOURCES.txt'
[3.518s] running build_ext
[3.518s] Creating /home/isa/ros2_ws/install/examples_rclpy_guard_conditions/lib/python3.10/site-packages/examples-rclpy-guard-conditions.egg-link (link to .)
[3.518s] Installing trigger_guard_condition script to /home/isa/ros2_ws/install/examples_rclpy_guard_conditions/lib/examples_rclpy_guard_conditions
[3.518s] 
[3.518s] Installed /home/isa/ros2_ws/build/examples_rclpy_guard_conditions
[3.518s] running install_data
[3.519s] creating /home/isa/ros2_ws/install/examples_rclpy_guard_conditions/share/ament_index
[3.519s] creating /home/isa/ros2_ws/install/examples_rclpy_guard_conditions/share/ament_index/resource_index
[3.519s] creating /home/isa/ros2_ws/install/examples_rclpy_guard_conditions/share/ament_index/resource_index/packages
[3.519s] copying resource/examples_rclpy_guard_conditions -> /home/isa/ros2_ws/install/examples_rclpy_guard_conditions/share/ament_index/resource_index/packages
[3.519s] copying package.xml -> /home/isa/ros2_ws/install/examples_rclpy_guard_conditions/share/examples_rclpy_guard_conditions
[3.520s] /usr/lib/python3/dist-packages/setuptools/command/easy_install.py:158: EasyInstallDeprecationWarning: easy_install command is deprecated. Use build and pip and other standards-based tools.
[3.520s]   warnings.warn(
[3.520s] /usr/lib/python3/dist-packages/setuptools/command/install.py:34: SetuptoolsDeprecationWarning: setup.py install is deprecated. Use build and pip and other standards-based tools.
[3.521s]   warnings.warn(
[3.521s] /usr/lib/python3/dist-packages/pkg_resources/__init__.py:116: PkgResourcesDeprecationWarning: 1.16.0-unknown is an invalid version and will not be supported in a future release
[3.521s]   warnings.warn(
[3.521s] /usr/lib/python3/dist-packages/pkg_resources/__init__.py:116: PkgResourcesDeprecationWarning: 1.1build1 is an invalid version and will not be supported in a future release
[3.521s]   warnings.warn(
[3.522s] /usr/lib/python3/dist-packages/pkg_resources/__init__.py:116: PkgResourcesDeprecationWarning: 0.1.43ubuntu1 is an invalid version and will not be supported in a future release
[3.522s]   warnings.warn(
[3.529s] Invoked command in '/home/isa/ros2_ws/build/examples_rclpy_guard_conditions' returned '0': PYTHONPATH=/home/isa/ros2_ws/build/examples_rclpy_guard_conditions/prefix_override:/home/isa/ros2_ws/install/examples_rclpy_guard_conditions/lib/python3.10/site-packages:${PYTHONPATH} /usr/bin/python3 setup.py develop --editable --build-directory /home/isa/ros2_ws/build/examples_rclpy_guard_conditions/build --no-deps install_data
