[1.921s] Invoking command in '/home/isa/ros2_ws/build/examples_rclpy_minimal_publisher': PYTHONPATH=/home/isa/ros2_ws/build/examples_rclpy_minimal_publisher/prefix_override:/home/isa/ros2_ws/install/examples_rclpy_minimal_publisher/lib/python3.10/site-packages:${PYTHONPATH} /usr/bin/python3 setup.py develop --editable --build-directory /home/isa/ros2_ws/build/examples_rclpy_minimal_publisher/build --no-deps install_data
[2.665s] running develop
[2.666s] /usr/lib/python3/dist-packages/setuptools/command/easy_install.py:158: EasyInstallDeprecationWarning: easy_install command is deprecated. Use build and pip and other standards-based tools.
[2.667s]   warnings.warn(
[2.669s] /usr/lib/python3/dist-packages/setuptools/command/install.py:34: SetuptoolsDeprecationWarning: setup.py install is deprecated. Use build and pip and other standards-based tools.
[2.669s]   warnings.warn(
[2.851s] /usr/lib/python3/dist-packages/pkg_resources/__init__.py:116: PkgResourcesDeprecationWarning: 1.16.0-unknown is an invalid version and will not be supported in a future release
[2.851s]   warnings.warn(
[2.851s] /usr/lib/python3/dist-packages/pkg_resources/__init__.py:116: PkgResourcesDeprecationWarning: 1.1build1 is an invalid version and will not be supported in a future release
[2.852s]   warnings.warn(
[2.852s] /usr/lib/python3/dist-packages/pkg_resources/__init__.py:116: PkgResourcesDeprecationWarning: 0.1.43ubuntu1 is an invalid version and will not be supported in a future release
[2.852s]   warnings.warn(
[3.162s] running egg_info
[3.162s] creating examples_rclpy_minimal_publisher.egg-info
[3.162s] writing examples_rclpy_minimal_publisher.egg-info/PKG-INFO
[3.163s] writing dependency_links to examples_rclpy_minimal_publisher.egg-info/dependency_links.txt
[3.163s] writing entry points to examples_rclpy_minimal_publisher.egg-info/entry_points.txt
[3.163s] writing requirements to examples_rclpy_minimal_publisher.egg-info/requires.txt
[3.164s] writing top-level names to examples_rclpy_minimal_publisher.egg-info/top_level.txt
[3.164s] writing manifest file 'examples_rclpy_minimal_publisher.egg-info/SOURCES.txt'
[3.168s] reading manifest file 'examples_rclpy_minimal_publisher.egg-info/SOURCES.txt'
[3.169s] writing manifest file 'examples_rclpy_minimal_publisher.egg-info/SOURCES.txt'
[3.172s] running build_ext
[3.173s] Creating /home/isa/ros2_ws/install/examples_rclpy_minimal_publisher/lib/python3.10/site-packages/examples-rclpy-minimal-publisher.egg-link (link to .)
[3.175s] Installing publisher_local_function script to /home/isa/ros2_ws/install/examples_rclpy_minimal_publisher/lib/examples_rclpy_minimal_publisher
[3.176s] Installing publisher_member_function script to /home/isa/ros2_ws/install/examples_rclpy_minimal_publisher/lib/examples_rclpy_minimal_publisher
[3.176s] Installing publisher_old_school script to /home/isa/ros2_ws/install/examples_rclpy_minimal_publisher/lib/examples_rclpy_minimal_publisher
[3.176s] 
[3.176s] Installed /home/isa/ros2_ws/build/examples_rclpy_minimal_publisher
[3.177s] running install_data
[3.177s] creating /home/isa/ros2_ws/install/examples_rclpy_minimal_publisher/share/ament_index
[3.177s] creating /home/isa/ros2_ws/install/examples_rclpy_minimal_publisher/share/ament_index/resource_index
[3.177s] creating /home/isa/ros2_ws/install/examples_rclpy_minimal_publisher/share/ament_index/resource_index/packages
[3.177s] copying resource/examples_rclpy_minimal_publisher -> /home/isa/ros2_ws/install/examples_rclpy_minimal_publisher/share/ament_index/resource_index/packages
[3.178s] copying package.xml -> /home/isa/ros2_ws/install/examples_rclpy_minimal_publisher/share/examples_rclpy_minimal_publisher
[3.241s] Invoked command in '/home/isa/ros2_ws/build/examples_rclpy_minimal_publisher' returned '0': PYTHONPATH=/home/isa/ros2_ws/build/examples_rclpy_minimal_publisher/prefix_override:/home/isa/ros2_ws/install/examples_rclpy_minimal_publisher/lib/python3.10/site-packages:${PYTHONPATH} /usr/bin/python3 setup.py develop --editable --build-directory /home/isa/ros2_ws/build/examples_rclpy_minimal_publisher/build --no-deps install_data
