[0.012s] Invoking command in '/home/isa/ros2_ws/build/cpp_pubsub': CMAKE_PREFIX_PATH=${CMAKE_PREFIX_PATH}:/home/isa/ros2_ws/install/launch_testing_examples:/home/isa/ros2_ws/install/examples_rclpy_pointcloud_publisher:/home/isa/ros2_ws/install/examples_rclpy_minimal_subscriber:/home/isa/ros2_ws/install/examples_rclpy_minimal_service:/home/isa/ros2_ws/install/examples_rclpy_minimal_publisher:/home/isa/ros2_ws/install/examples_rclpy_minimal_client:/home/isa/ros2_ws/install/examples_rclpy_minimal_action_server:/home/isa/ros2_ws/install/examples_rclpy_minimal_action_client:/home/isa/ros2_ws/install/examples_rclpy_guard_conditions:/home/isa/ros2_ws/install/examples_rclpy_executors:/opt/ros/iron /usr/bin/cmake --build /home/isa/ros2_ws/build/cpp_pubsub -- -j8 -l8
[0.029s] -- Found ament_cmake: 2.0.2 (/opt/ros/iron/share/ament_cmake/cmake)
[0.146s] -- Found rclcpp: 21.0.1 (/opt/ros/iron/share/rclcpp/cmake)
[0.169s] -- Found rosidl_generator_c: 4.0.0 (/opt/ros/iron/share/rosidl_generator_c/cmake)
[0.176s] -- Found rosidl_generator_cpp: 4.0.0 (/opt/ros/iron/share/rosidl_generator_cpp/cmake)
[0.187s] -- Using all available rosidl_typesupport_c: rosidl_typesupport_fastrtps_c;rosidl_typesupport_introspection_c
[0.201s] -- Using all available rosidl_typesupport_cpp: rosidl_typesupport_fastrtps_cpp;rosidl_typesupport_introspection_cpp
[0.336s] -- Found rmw_implementation_cmake: 7.1.0 (/opt/ros/iron/share/rmw_implementation_cmake/cmake)
[0.337s] -- Found rmw_fastrtps_cpp: 7.1.1 (/opt/ros/iron/share/rmw_fastrtps_cpp/cmake)
[0.447s] -- Using RMW implementation 'rmw_fastrtps_cpp' as default
[0.602s] -- Found std_msgs: 5.0.0 (/opt/ros/iron/share/std_msgs/cmake)
[0.634s] -- Found ament_lint_auto: 0.14.1 (/opt/ros/iron/share/ament_lint_auto/cmake)
[0.690s] -- Added test 'cppcheck' to perform static code analysis on C / C++ code
[0.690s] -- Configured cppcheck include dirs: 
[0.690s] -- Configured cppcheck exclude dirs and/or files: 
[0.690s] -- Added test 'lint_cmake' to check CMake code style
[0.691s] -- Added test 'uncrustify' to check C / C++ code style
[0.691s] -- Configured uncrustify additional arguments: 
[0.692s] -- Added test 'xmllint' to check XML markup files
[0.692s] -- Configuring done
[0.703s] -- Generating done
[0.705s] -- Build files have been written to: /home/isa/ros2_ws/build/cpp_pubsub
[0.732s] [ 50%] [32mBuilding CXX object CMakeFiles/talker.dir/src/publisher_member_function.cpp.o[0m
[0.732s] [ 50%] [32mBuilding CXX object CMakeFiles/listener.dir/src/subscriber_member_function.cpp.o[0m
[4.447s] [ 75%] [32m[1mLinking CXX executable talker[0m
[4.629s] [ 75%] Built target talker
[6.599s] [100%] [32m[1mLinking CXX executable listener[0m
[6.865s] [100%] Built target listener
[6.873s] Invoked command in '/home/isa/ros2_ws/build/cpp_pubsub' returned '0': CMAKE_PREFIX_PATH=${CMAKE_PREFIX_PATH}:/home/isa/ros2_ws/install/launch_testing_examples:/home/isa/ros2_ws/install/examples_rclpy_pointcloud_publisher:/home/isa/ros2_ws/install/examples_rclpy_minimal_subscriber:/home/isa/ros2_ws/install/examples_rclpy_minimal_service:/home/isa/ros2_ws/install/examples_rclpy_minimal_publisher:/home/isa/ros2_ws/install/examples_rclpy_minimal_client:/home/isa/ros2_ws/install/examples_rclpy_minimal_action_server:/home/isa/ros2_ws/install/examples_rclpy_minimal_action_client:/home/isa/ros2_ws/install/examples_rclpy_guard_conditions:/home/isa/ros2_ws/install/examples_rclpy_executors:/opt/ros/iron /usr/bin/cmake --build /home/isa/ros2_ws/build/cpp_pubsub -- -j8 -l8
[6.901s] Invoking command in '/home/isa/ros2_ws/build/cpp_pubsub': CMAKE_PREFIX_PATH=${CMAKE_PREFIX_PATH}:/home/isa/ros2_ws/install/launch_testing_examples:/home/isa/ros2_ws/install/examples_rclpy_pointcloud_publisher:/home/isa/ros2_ws/install/examples_rclpy_minimal_subscriber:/home/isa/ros2_ws/install/examples_rclpy_minimal_service:/home/isa/ros2_ws/install/examples_rclpy_minimal_publisher:/home/isa/ros2_ws/install/examples_rclpy_minimal_client:/home/isa/ros2_ws/install/examples_rclpy_minimal_action_server:/home/isa/ros2_ws/install/examples_rclpy_minimal_action_client:/home/isa/ros2_ws/install/examples_rclpy_guard_conditions:/home/isa/ros2_ws/install/examples_rclpy_executors:/opt/ros/iron /usr/bin/cmake --install /home/isa/ros2_ws/build/cpp_pubsub
[6.906s] -- Install configuration: ""
[6.906s] -- Installing: /home/isa/ros2_ws/install/cpp_pubsub/lib/cpp_pubsub/talker
[6.907s] -- Set runtime path of "/home/isa/ros2_ws/install/cpp_pubsub/lib/cpp_pubsub/talker" to ""
[6.907s] -- Installing: /home/isa/ros2_ws/install/cpp_pubsub/lib/cpp_pubsub/listener
[6.911s] -- Set runtime path of "/home/isa/ros2_ws/install/cpp_pubsub/lib/cpp_pubsub/listener" to ""
[6.911s] -- Up-to-date: /home/isa/ros2_ws/install/cpp_pubsub/share/ament_index/resource_index/package_run_dependencies/cpp_pubsub
[6.911s] -- Installing: /home/isa/ros2_ws/install/cpp_pubsub/share/ament_index/resource_index/parent_prefix_path/cpp_pubsub
[6.911s] -- Up-to-date: /home/isa/ros2_ws/install/cpp_pubsub/share/cpp_pubsub/environment/ament_prefix_path.sh
[6.911s] -- Up-to-date: /home/isa/ros2_ws/install/cpp_pubsub/share/cpp_pubsub/environment/ament_prefix_path.dsv
[6.911s] -- Up-to-date: /home/isa/ros2_ws/install/cpp_pubsub/share/cpp_pubsub/environment/path.sh
[6.912s] -- Up-to-date: /home/isa/ros2_ws/install/cpp_pubsub/share/cpp_pubsub/environment/path.dsv
[6.912s] -- Up-to-date: /home/isa/ros2_ws/install/cpp_pubsub/share/cpp_pubsub/local_setup.bash
[6.912s] -- Up-to-date: /home/isa/ros2_ws/install/cpp_pubsub/share/cpp_pubsub/local_setup.sh
[6.912s] -- Up-to-date: /home/isa/ros2_ws/install/cpp_pubsub/share/cpp_pubsub/local_setup.zsh
[6.912s] -- Up-to-date: /home/isa/ros2_ws/install/cpp_pubsub/share/cpp_pubsub/local_setup.dsv
[6.912s] -- Installing: /home/isa/ros2_ws/install/cpp_pubsub/share/cpp_pubsub/package.dsv
[6.912s] -- Up-to-date: /home/isa/ros2_ws/install/cpp_pubsub/share/ament_index/resource_index/packages/cpp_pubsub
[6.912s] -- Up-to-date: /home/isa/ros2_ws/install/cpp_pubsub/share/cpp_pubsub/cmake/cpp_pubsubConfig.cmake
[6.912s] -- Up-to-date: /home/isa/ros2_ws/install/cpp_pubsub/share/cpp_pubsub/cmake/cpp_pubsubConfig-version.cmake
[6.912s] -- Up-to-date: /home/isa/ros2_ws/install/cpp_pubsub/share/cpp_pubsub/package.xml
[6.914s] Invoked command in '/home/isa/ros2_ws/build/cpp_pubsub' returned '0': CMAKE_PREFIX_PATH=${CMAKE_PREFIX_PATH}:/home/isa/ros2_ws/install/launch_testing_examples:/home/isa/ros2_ws/install/examples_rclpy_pointcloud_publisher:/home/isa/ros2_ws/install/examples_rclpy_minimal_subscriber:/home/isa/ros2_ws/install/examples_rclpy_minimal_service:/home/isa/ros2_ws/install/examples_rclpy_minimal_publisher:/home/isa/ros2_ws/install/examples_rclpy_minimal_client:/home/isa/ros2_ws/install/examples_rclpy_minimal_action_server:/home/isa/ros2_ws/install/examples_rclpy_minimal_action_client:/home/isa/ros2_ws/install/examples_rclpy_guard_conditions:/home/isa/ros2_ws/install/examples_rclpy_executors:/opt/ros/iron /usr/bin/cmake --install /home/isa/ros2_ws/build/cpp_pubsub
