[1.582s] Invoking command in '/home/isa/ros2_ws/build/examples_rclpy_minimal_service': PYTHONPATH=/home/isa/ros2_ws/build/examples_rclpy_minimal_service/prefix_override:/home/isa/ros2_ws/install/examples_rclpy_minimal_service/lib/python3.10/site-packages:${PYTHONPATH} /usr/bin/python3 setup.py develop --editable --build-directory /home/isa/ros2_ws/build/examples_rclpy_minimal_service/build --no-deps install_data
[2.254s] running develop
[2.255s] /usr/lib/python3/dist-packages/setuptools/command/easy_install.py:158: EasyInstallDeprecationWarning: easy_install command is deprecated. Use build and pip and other standards-based tools.
[2.255s]   warnings.warn(
[2.258s] /usr/lib/python3/dist-packages/setuptools/command/install.py:34: SetuptoolsDeprecationWarning: setup.py install is deprecated. Use build and pip and other standards-based tools.
[2.258s]   warnings.warn(
[2.400s] /usr/lib/python3/dist-packages/pkg_resources/__init__.py:116: PkgResourcesDeprecationWarning: 1.16.0-unknown is an invalid version and will not be supported in a future release
[2.400s]   warnings.warn(
[2.400s] /usr/lib/python3/dist-packages/pkg_resources/__init__.py:116: PkgResourcesDeprecationWarning: 1.1build1 is an invalid version and will not be supported in a future release
[2.400s]   warnings.warn(
[2.401s] /usr/lib/python3/dist-packages/pkg_resources/__init__.py:116: PkgResourcesDeprecationWarning: 0.1.43ubuntu1 is an invalid version and will not be supported in a future release
[2.401s]   warnings.warn(
[2.660s] running egg_info
[2.660s] creating examples_rclpy_minimal_service.egg-info
[2.661s] writing examples_rclpy_minimal_service.egg-info/PKG-INFO
[2.662s] writing dependency_links to examples_rclpy_minimal_service.egg-info/dependency_links.txt
[2.662s] writing entry points to examples_rclpy_minimal_service.egg-info/entry_points.txt
[2.663s] writing requirements to examples_rclpy_minimal_service.egg-info/requires.txt
[2.663s] writing top-level names to examples_rclpy_minimal_service.egg-info/top_level.txt
[2.664s] writing manifest file 'examples_rclpy_minimal_service.egg-info/SOURCES.txt'
[2.668s] reading manifest file 'examples_rclpy_minimal_service.egg-info/SOURCES.txt'
[2.670s] writing manifest file 'examples_rclpy_minimal_service.egg-info/SOURCES.txt'
[2.674s] running build_ext
[2.675s] Creating /home/isa/ros2_ws/install/examples_rclpy_minimal_service/lib/python3.10/site-packages/examples-rclpy-minimal-service.egg-link (link to .)
[2.677s] Installing service script to /home/isa/ros2_ws/install/examples_rclpy_minimal_service/lib/examples_rclpy_minimal_service
[2.678s] Installing service_member_function script to /home/isa/ros2_ws/install/examples_rclpy_minimal_service/lib/examples_rclpy_minimal_service
[2.679s] 
[2.679s] Installed /home/isa/ros2_ws/build/examples_rclpy_minimal_service
[2.679s] running install_data
[2.680s] creating /home/isa/ros2_ws/install/examples_rclpy_minimal_service/share/ament_index
[2.680s] creating /home/isa/ros2_ws/install/examples_rclpy_minimal_service/share/ament_index/resource_index
[2.681s] creating /home/isa/ros2_ws/install/examples_rclpy_minimal_service/share/ament_index/resource_index/packages
[2.681s] copying resource/examples_rclpy_minimal_service -> /home/isa/ros2_ws/install/examples_rclpy_minimal_service/share/ament_index/resource_index/packages
[2.682s] copying package.xml -> /home/isa/ros2_ws/install/examples_rclpy_minimal_service/share/examples_rclpy_minimal_service
[2.753s] Invoked command in '/home/isa/ros2_ws/build/examples_rclpy_minimal_service' returned '0': PYTHONPATH=/home/isa/ros2_ws/build/examples_rclpy_minimal_service/prefix_override:/home/isa/ros2_ws/install/examples_rclpy_minimal_service/lib/python3.10/site-packages:${PYTHONPATH} /usr/bin/python3 setup.py develop --editable --build-directory /home/isa/ros2_ws/build/examples_rclpy_minimal_service/build --no-deps install_data
