[0.029s] Invoking command in '/home/isa/ros2_ws/build/examples_rclcpp_minimal_client': CMAKE_PREFIX_PATH=/opt/ros/iron /usr/bin/cmake /home/isa/ros2_ws/src/examples/rclcpp/services/minimal_client -DAMENT_CMAKE_SYMLINK_INSTALL=1 -DCMAKE_INSTALL_PREFIX=/home/isa/ros2_ws/install/examples_rclcpp_minimal_client
[0.153s] -- The C compiler identification is GNU 11.3.0
[0.288s] -- The CXX compiler identification is GNU 11.3.0
[0.298s] -- Detecting C compiler ABI info
[0.407s] -- Detecting C compiler ABI info - done
[0.419s] -- Check for working C compiler: /usr/bin/cc - skipped
[0.420s] -- Detecting C compile features
[0.421s] -- Detecting C compile features - done
[0.427s] -- Detecting CXX compiler ABI info
[0.554s] -- Detecting CXX compiler ABI info - done
[0.570s] -- Check for working CXX compiler: /usr/bin/c++ - skipped
[0.570s] -- Detecting CXX compile features
[0.571s] -- Detecting CXX compile features - done
[0.576s] -- Found ament_cmake: 2.0.2 (/opt/ros/iron/share/ament_cmake/cmake)
[0.855s] -- Found Python3: /usr/bin/python3.10 (found version "3.10.6") found components: Interpreter 
[0.968s] -- Override CMake install command with custom implementation using symlinks instead of copying resources
[1.011s] -- Found example_interfaces: 0.10.2 (/opt/ros/iron/share/example_interfaces/cmake)
[1.076s] -- Found rosidl_generator_c: 4.0.0 (/opt/ros/iron/share/rosidl_generator_c/cmake)
[1.100s] -- Found rosidl_generator_cpp: 4.0.0 (/opt/ros/iron/share/rosidl_generator_cpp/cmake)
[1.133s] -- Using all available rosidl_typesupport_c: rosidl_typesupport_fastrtps_c;rosidl_typesupport_introspection_c
[1.174s] -- Using all available rosidl_typesupport_cpp: rosidl_typesupport_fastrtps_cpp;rosidl_typesupport_introspection_cpp
[1.728s] -- Found rclcpp: 21.0.1 (/opt/ros/iron/share/rclcpp/cmake)
[1.949s] -- Found rmw_implementation_cmake: 7.1.0 (/opt/ros/iron/share/rmw_implementation_cmake/cmake)
[1.952s] -- Found rmw_fastrtps_cpp: 7.1.1 (/opt/ros/iron/share/rmw_fastrtps_cpp/cmake)
[2.105s] -- Found OpenSSL: /usr/lib/x86_64-linux-gnu/libcrypto.so (found version "3.0.2")  
[2.145s] -- Found FastRTPS: /opt/ros/iron/include  
[2.218s] -- Using RMW implementation 'rmw_fastrtps_cpp' as default
[2.639s] -- Found ament_lint_auto: 0.14.1 (/opt/ros/iron/share/ament_lint_auto/cmake)
[2.892s] -- Added test 'copyright' to check source files copyright and LICENSE
[2.893s] -- Added test 'cppcheck' to perform static code analysis on C / C++ code
[2.894s] -- Configured cppcheck include dirs: 
[2.894s] -- Configured cppcheck exclude dirs and/or files: 
[2.895s] -- Added test 'cpplint' to check C / C++ code against the Google style
[2.895s] -- Configured cpplint exclude dirs and/or files: 
[2.920s] -- Added test 'lint_cmake' to check CMake code style
[2.924s] -- Added test 'uncrustify' to check C / C++ code style
[2.925s] -- Configured uncrustify additional arguments: 
[2.927s] -- Added test 'xmllint' to check XML markup files
[2.937s] -- Configuring done
[2.989s] -- Generating done
[2.991s] -- Build files have been written to: /home/isa/ros2_ws/build/examples_rclcpp_minimal_client
[3.068s] Invoked command in '/home/isa/ros2_ws/build/examples_rclcpp_minimal_client' returned '0': CMAKE_PREFIX_PATH=/opt/ros/iron /usr/bin/cmake /home/isa/ros2_ws/src/examples/rclcpp/services/minimal_client -DAMENT_CMAKE_SYMLINK_INSTALL=1 -DCMAKE_INSTALL_PREFIX=/home/isa/ros2_ws/install/examples_rclcpp_minimal_client
[3.069s] Invoking command in '/home/isa/ros2_ws/build/examples_rclcpp_minimal_client': CMAKE_PREFIX_PATH=/opt/ros/iron /usr/bin/cmake --build /home/isa/ros2_ws/build/examples_rclcpp_minimal_client -- -j8 -l8
[3.373s] [ 50%] [32mBuilding CXX object CMakeFiles/client_main.dir/main.cpp.o[0m
[34.127s] [100%] [32m[1mLinking CXX executable client_main[0m
[35.081s] [100%] Built target client_main
[35.156s] Invoked command in '/home/isa/ros2_ws/build/examples_rclcpp_minimal_client' returned '0': CMAKE_PREFIX_PATH=/opt/ros/iron /usr/bin/cmake --build /home/isa/ros2_ws/build/examples_rclcpp_minimal_client -- -j8 -l8
[35.528s] Invoking command in '/home/isa/ros2_ws/build/examples_rclcpp_minimal_client': CMAKE_PREFIX_PATH=/opt/ros/iron /usr/bin/cmake --install /home/isa/ros2_ws/build/examples_rclcpp_minimal_client
[36.604s] -- Install configuration: ""
[36.604s] -- Execute custom install script
[36.604s] -- Symlinking: /home/isa/ros2_ws/install/examples_rclcpp_minimal_client/lib/examples_rclcpp_minimal_client/client_main
[36.604s] -- Symlinking: /home/isa/ros2_ws/install/examples_rclcpp_minimal_client/share/ament_index/resource_index/package_run_dependencies/examples_rclcpp_minimal_client
[36.604s] -- Symlinking: /home/isa/ros2_ws/install/examples_rclcpp_minimal_client/share/ament_index/resource_index/parent_prefix_path/examples_rclcpp_minimal_client
[36.604s] -- Symlinking: /home/isa/ros2_ws/install/examples_rclcpp_minimal_client/share/examples_rclcpp_minimal_client/environment/ament_prefix_path.sh
[36.605s] -- Symlinking: /home/isa/ros2_ws/install/examples_rclcpp_minimal_client/share/examples_rclcpp_minimal_client/environment/ament_prefix_path.dsv
[36.605s] -- Symlinking: /home/isa/ros2_ws/install/examples_rclcpp_minimal_client/share/examples_rclcpp_minimal_client/environment/path.sh
[36.605s] -- Symlinking: /home/isa/ros2_ws/install/examples_rclcpp_minimal_client/share/examples_rclcpp_minimal_client/environment/path.dsv
[36.605s] -- Symlinking: /home/isa/ros2_ws/install/examples_rclcpp_minimal_client/share/examples_rclcpp_minimal_client/local_setup.bash
[36.605s] -- Symlinking: /home/isa/ros2_ws/install/examples_rclcpp_minimal_client/share/examples_rclcpp_minimal_client/local_setup.sh
[36.606s] -- Symlinking: /home/isa/ros2_ws/install/examples_rclcpp_minimal_client/share/examples_rclcpp_minimal_client/local_setup.zsh
[36.606s] -- Symlinking: /home/isa/ros2_ws/install/examples_rclcpp_minimal_client/share/examples_rclcpp_minimal_client/local_setup.dsv
[36.606s] -- Symlinking: /home/isa/ros2_ws/install/examples_rclcpp_minimal_client/share/examples_rclcpp_minimal_client/package.dsv
[36.606s] -- Symlinking: /home/isa/ros2_ws/install/examples_rclcpp_minimal_client/share/ament_index/resource_index/packages/examples_rclcpp_minimal_client
[36.606s] -- Symlinking: /home/isa/ros2_ws/install/examples_rclcpp_minimal_client/share/examples_rclcpp_minimal_client/cmake/examples_rclcpp_minimal_clientConfig.cmake
[36.606s] -- Symlinking: /home/isa/ros2_ws/install/examples_rclcpp_minimal_client/share/examples_rclcpp_minimal_client/cmake/examples_rclcpp_minimal_clientConfig-version.cmake
[36.607s] -- Symlinking: /home/isa/ros2_ws/install/examples_rclcpp_minimal_client/share/examples_rclcpp_minimal_client/package.xml
[36.644s] Invoked command in '/home/isa/ros2_ws/build/examples_rclcpp_minimal_client' returned '0': CMAKE_PREFIX_PATH=/opt/ros/iron /usr/bin/cmake --install /home/isa/ros2_ws/build/examples_rclcpp_minimal_client
