[0.038s] Invoking command in '/home/isa/ros2_ws/build/examples_rclcpp_async_client': CMAKE_PREFIX_PATH=/opt/ros/iron /usr/bin/cmake /home/isa/ros2_ws/src/examples/rclcpp/services/async_client -DAMENT_CMAKE_SYMLINK_INSTALL=1 -DCMAKE_INSTALL_PREFIX=/home/isa/ros2_ws/install/examples_rclcpp_async_client
[0.174s] -- The C compiler identification is GNU 11.3.0
[0.305s] -- The CXX compiler identification is GNU 11.3.0
[0.318s] -- Detecting C compiler ABI info
[0.429s] -- Detecting C compiler ABI info - done
[0.444s] -- Check for working C compiler: /usr/bin/cc - skipped
[0.445s] -- Detecting C compile features
[0.445s] -- Detecting C compile features - done
[0.450s] -- Detecting CXX compiler ABI info
[0.575s] -- Detecting CXX compiler ABI info - done
[0.591s] -- Check for working CXX compiler: /usr/bin/c++ - skipped
[0.591s] -- Detecting CXX compile features
[0.592s] -- Detecting CXX compile features - done
[0.597s] -- Found ament_cmake: 2.0.2 (/opt/ros/iron/share/ament_cmake/cmake)
[0.878s] -- Found Python3: /usr/bin/python3.10 (found version "3.10.6") found components: Interpreter 
[0.989s] -- Override CMake install command with custom implementation using symlinks instead of copying resources
[1.032s] -- Found example_interfaces: 0.10.2 (/opt/ros/iron/share/example_interfaces/cmake)
[1.098s] -- Found rosidl_generator_c: 4.0.0 (/opt/ros/iron/share/rosidl_generator_c/cmake)
[1.121s] -- Found rosidl_generator_cpp: 4.0.0 (/opt/ros/iron/share/rosidl_generator_cpp/cmake)
[1.155s] -- Using all available rosidl_typesupport_c: rosidl_typesupport_fastrtps_c;rosidl_typesupport_introspection_c
[1.191s] -- Using all available rosidl_typesupport_cpp: rosidl_typesupport_fastrtps_cpp;rosidl_typesupport_introspection_cpp
[1.757s] -- Found rclcpp: 21.0.1 (/opt/ros/iron/share/rclcpp/cmake)
[1.977s] -- Found rmw_implementation_cmake: 7.1.0 (/opt/ros/iron/share/rmw_implementation_cmake/cmake)
[1.980s] -- Found rmw_fastrtps_cpp: 7.1.1 (/opt/ros/iron/share/rmw_fastrtps_cpp/cmake)
[2.135s] -- Found OpenSSL: /usr/lib/x86_64-linux-gnu/libcrypto.so (found version "3.0.2")  
[2.175s] -- Found FastRTPS: /opt/ros/iron/include  
[2.243s] -- Using RMW implementation 'rmw_fastrtps_cpp' as default
[2.732s] -- Found ament_lint_auto: 0.14.1 (/opt/ros/iron/share/ament_lint_auto/cmake)
[3.113s] -- Added test 'copyright' to check source files copyright and LICENSE
[3.115s] -- Added test 'cppcheck' to perform static code analysis on C / C++ code
[3.117s] -- Configured cppcheck include dirs: 
[3.118s] -- Configured cppcheck exclude dirs and/or files: 
[3.125s] -- Added test 'cpplint' to check C / C++ code against the Google style
[3.126s] -- Configured cpplint exclude dirs and/or files: 
[3.128s] -- Added test 'lint_cmake' to check CMake code style
[3.137s] -- Added test 'uncrustify' to check C / C++ code style
[3.137s] -- Configured uncrustify additional arguments: 
[3.139s] -- Added test 'xmllint' to check XML markup files
[3.145s] -- Configuring done
[3.201s] -- Generating done
[3.212s] -- Build files have been written to: /home/isa/ros2_ws/build/examples_rclcpp_async_client
[3.243s] Invoked command in '/home/isa/ros2_ws/build/examples_rclcpp_async_client' returned '0': CMAKE_PREFIX_PATH=/opt/ros/iron /usr/bin/cmake /home/isa/ros2_ws/src/examples/rclcpp/services/async_client -DAMENT_CMAKE_SYMLINK_INSTALL=1 -DCMAKE_INSTALL_PREFIX=/home/isa/ros2_ws/install/examples_rclcpp_async_client
[3.243s] Invoking command in '/home/isa/ros2_ws/build/examples_rclcpp_async_client': CMAKE_PREFIX_PATH=/opt/ros/iron /usr/bin/cmake --build /home/isa/ros2_ws/build/examples_rclcpp_async_client -- -j8 -l8
[31.339s] [ 50%] [32mBuilding CXX object CMakeFiles/client_main.dir/main.cpp.o[0m
[31.339s] [100%] [32m[1mLinking CXX executable client_main[0m
[31.339s] [100%] Built target client_main
[31.402s] Invoked command in '/home/isa/ros2_ws/build/examples_rclcpp_async_client' returned '0': CMAKE_PREFIX_PATH=/opt/ros/iron /usr/bin/cmake --build /home/isa/ros2_ws/build/examples_rclcpp_async_client -- -j8 -l8
[31.846s] Invoking command in '/home/isa/ros2_ws/build/examples_rclcpp_async_client': CMAKE_PREFIX_PATH=/opt/ros/iron /usr/bin/cmake --install /home/isa/ros2_ws/build/examples_rclcpp_async_client
[33.958s] -- Install configuration: ""
[33.958s] -- Execute custom install script
[33.958s] -- Symlinking: /home/isa/ros2_ws/install/examples_rclcpp_async_client/lib/examples_rclcpp_async_client/client_main
[33.958s] -- Symlinking: /home/isa/ros2_ws/install/examples_rclcpp_async_client/share/ament_index/resource_index/package_run_dependencies/examples_rclcpp_async_client
[33.958s] -- Symlinking: /home/isa/ros2_ws/install/examples_rclcpp_async_client/share/ament_index/resource_index/parent_prefix_path/examples_rclcpp_async_client
[33.959s] -- Symlinking: /home/isa/ros2_ws/install/examples_rclcpp_async_client/share/examples_rclcpp_async_client/environment/ament_prefix_path.sh
[33.959s] -- Symlinking: /home/isa/ros2_ws/install/examples_rclcpp_async_client/share/examples_rclcpp_async_client/environment/ament_prefix_path.dsv
[33.959s] -- Symlinking: /home/isa/ros2_ws/install/examples_rclcpp_async_client/share/examples_rclcpp_async_client/environment/path.sh
[33.959s] -- Symlinking: /home/isa/ros2_ws/install/examples_rclcpp_async_client/share/examples_rclcpp_async_client/environment/path.dsv
[33.959s] -- Symlinking: /home/isa/ros2_ws/install/examples_rclcpp_async_client/share/examples_rclcpp_async_client/local_setup.bash
[33.959s] -- Symlinking: /home/isa/ros2_ws/install/examples_rclcpp_async_client/share/examples_rclcpp_async_client/local_setup.sh
[33.960s] -- Symlinking: /home/isa/ros2_ws/install/examples_rclcpp_async_client/share/examples_rclcpp_async_client/local_setup.zsh
[33.960s] -- Symlinking: /home/isa/ros2_ws/install/examples_rclcpp_async_client/share/examples_rclcpp_async_client/local_setup.dsv
[33.960s] -- Symlinking: /home/isa/ros2_ws/install/examples_rclcpp_async_client/share/examples_rclcpp_async_client/package.dsv
[33.960s] -- Symlinking: /home/isa/ros2_ws/install/examples_rclcpp_async_client/share/ament_index/resource_index/packages/examples_rclcpp_async_client
[33.960s] -- Symlinking: /home/isa/ros2_ws/install/examples_rclcpp_async_client/share/examples_rclcpp_async_client/cmake/examples_rclcpp_async_clientConfig.cmake
[33.961s] -- Symlinking: /home/isa/ros2_ws/install/examples_rclcpp_async_client/share/examples_rclcpp_async_client/cmake/examples_rclcpp_async_clientConfig-version.cmake
[33.961s] -- Symlinking: /home/isa/ros2_ws/install/examples_rclcpp_async_client/share/examples_rclcpp_async_client/package.xml
[34.082s] Invoked command in '/home/isa/ros2_ws/build/examples_rclcpp_async_client' returned '0': CMAKE_PREFIX_PATH=/opt/ros/iron /usr/bin/cmake --install /home/isa/ros2_ws/build/examples_rclcpp_async_client
