[0.033s] Invoking command in '/home/isa/ros2_ws/build/examples_rclcpp_cbg_executor': CMAKE_PREFIX_PATH=/opt/ros/iron /usr/bin/cmake /home/isa/ros2_ws/src/examples/rclcpp/executors/cbg_executor -DCMAKE_INSTALL_PREFIX=/home/isa/ros2_ws/install/examples_rclcpp_cbg_executor
[0.065s] -- Found ament_cmake: 2.0.2 (/opt/ros/iron/share/ament_cmake/cmake)
[0.306s] -- Override CMake install command with custom implementation using symlinks instead of copying resources
[0.326s] -- Found rclcpp: 21.0.1 (/opt/ros/iron/share/rclcpp/cmake)
[0.378s] -- Found rosidl_generator_c: 4.0.0 (/opt/ros/iron/share/rosidl_generator_c/cmake)
[0.396s] -- Found rosidl_generator_cpp: 4.0.0 (/opt/ros/iron/share/rosidl_generator_cpp/cmake)
[0.424s] -- Using all available rosidl_typesupport_c: rosidl_typesupport_fastrtps_c;rosidl_typesupport_introspection_c
[0.457s] -- Using all available rosidl_typesupport_cpp: rosidl_typesupport_fastrtps_cpp;rosidl_typesupport_introspection_cpp
[0.784s] -- Found rmw_implementation_cmake: 7.1.0 (/opt/ros/iron/share/rmw_implementation_cmake/cmake)
[0.788s] -- Found rmw_fastrtps_cpp: 7.1.1 (/opt/ros/iron/share/rmw_fastrtps_cpp/cmake)
[1.011s] -- Using RMW implementation 'rmw_fastrtps_cpp' as default
[1.376s] -- Found std_msgs: 5.0.0 (/opt/ros/iron/share/std_msgs/cmake)
[1.444s] -- Found ament_lint_auto: 0.14.1 (/opt/ros/iron/share/ament_lint_auto/cmake)
[1.558s] -- Added test 'copyright' to check source files copyright and LICENSE
[1.561s] -- Added test 'cppcheck' to perform static code analysis on C / C++ code
[1.562s] -- Configured cppcheck include dirs: /home/isa/ros2_ws/src/examples/rclcpp/executors/cbg_executor/include
[1.562s] -- Configured cppcheck exclude dirs and/or files: 
[1.564s] -- Added test 'cpplint' to check C / C++ code against the Google style
[1.565s] -- Configured cpplint exclude dirs and/or files: 
[1.566s] -- Added test 'lint_cmake' to check CMake code style
[1.568s] -- Added test 'uncrustify' to check C / C++ code style
[1.569s] -- Configured uncrustify additional arguments: 
[1.569s] -- Added test 'xmllint' to check XML markup files
[1.573s] -- Configuring done
[1.605s] -- Generating done
[1.608s] -- Build files have been written to: /home/isa/ros2_ws/build/examples_rclcpp_cbg_executor
[1.628s] Invoked command in '/home/isa/ros2_ws/build/examples_rclcpp_cbg_executor' returned '0': CMAKE_PREFIX_PATH=/opt/ros/iron /usr/bin/cmake /home/isa/ros2_ws/src/examples/rclcpp/executors/cbg_executor -DCMAKE_INSTALL_PREFIX=/home/isa/ros2_ws/install/examples_rclcpp_cbg_executor
[1.628s] Invoking command in '/home/isa/ros2_ws/build/examples_rclcpp_cbg_executor': CMAKE_PREFIX_PATH=/opt/ros/iron /usr/bin/cmake --build /home/isa/ros2_ws/build/examples_rclcpp_cbg_executor -- -j8 -l8
[1.878s] [35m[1mConsolidate compiler generated dependencies of target ping[0m
[1.879s] [35m[1mConsolidate compiler generated dependencies of target ping_pong[0m
[1.879s] [35m[1mConsolidate compiler generated dependencies of target pong[0m
[1.880s] [ 30%] Built target ping
[1.881s] [ 70%] Built target ping_pong
[1.881s] [100%] Built target pong
[1.886s] Invoked command in '/home/isa/ros2_ws/build/examples_rclcpp_cbg_executor' returned '0': CMAKE_PREFIX_PATH=/opt/ros/iron /usr/bin/cmake --build /home/isa/ros2_ws/build/examples_rclcpp_cbg_executor -- -j8 -l8
[1.949s] Invoking command in '/home/isa/ros2_ws/build/examples_rclcpp_cbg_executor': CMAKE_PREFIX_PATH=/opt/ros/iron /usr/bin/cmake --install /home/isa/ros2_ws/build/examples_rclcpp_cbg_executor
[1.962s] -- Install configuration: ""
[1.962s] -- Execute custom install script
[1.964s] -- Up-to-date symlink: /home/isa/ros2_ws/install/examples_rclcpp_cbg_executor/lib/examples_rclcpp_cbg_executor/ping
[1.965s] -- Up-to-date symlink: /home/isa/ros2_ws/install/examples_rclcpp_cbg_executor/lib/examples_rclcpp_cbg_executor/pong
[1.966s] -- Up-to-date symlink: /home/isa/ros2_ws/install/examples_rclcpp_cbg_executor/lib/examples_rclcpp_cbg_executor/ping_pong
[1.966s] -- Up-to-date symlink: /home/isa/ros2_ws/install/examples_rclcpp_cbg_executor/include/examples_rclcpp_cbg_executor/ping_node.hpp
[1.967s] -- Up-to-date symlink: /home/isa/ros2_ws/install/examples_rclcpp_cbg_executor/include/examples_rclcpp_cbg_executor/pong_node.hpp
[1.969s] -- Up-to-date symlink: /home/isa/ros2_ws/install/examples_rclcpp_cbg_executor/share/ament_index/resource_index/package_run_dependencies/examples_rclcpp_cbg_executor
[1.970s] -- Up-to-date symlink: /home/isa/ros2_ws/install/examples_rclcpp_cbg_executor/share/ament_index/resource_index/parent_prefix_path/examples_rclcpp_cbg_executor
[1.971s] -- Up-to-date symlink: /home/isa/ros2_ws/install/examples_rclcpp_cbg_executor/share/examples_rclcpp_cbg_executor/environment/ament_prefix_path.sh
[1.971s] -- Up-to-date symlink: /home/isa/ros2_ws/install/examples_rclcpp_cbg_executor/share/examples_rclcpp_cbg_executor/environment/ament_prefix_path.dsv
[1.972s] -- Up-to-date symlink: /home/isa/ros2_ws/install/examples_rclcpp_cbg_executor/share/examples_rclcpp_cbg_executor/environment/path.sh
[1.972s] -- Up-to-date symlink: /home/isa/ros2_ws/install/examples_rclcpp_cbg_executor/share/examples_rclcpp_cbg_executor/environment/path.dsv
[1.973s] -- Up-to-date symlink: /home/isa/ros2_ws/install/examples_rclcpp_cbg_executor/share/examples_rclcpp_cbg_executor/local_setup.bash
[1.973s] -- Up-to-date symlink: /home/isa/ros2_ws/install/examples_rclcpp_cbg_executor/share/examples_rclcpp_cbg_executor/local_setup.sh
[1.973s] -- Up-to-date symlink: /home/isa/ros2_ws/install/examples_rclcpp_cbg_executor/share/examples_rclcpp_cbg_executor/local_setup.zsh
[1.974s] -- Up-to-date symlink: /home/isa/ros2_ws/install/examples_rclcpp_cbg_executor/share/examples_rclcpp_cbg_executor/local_setup.dsv
[1.974s] -- Symlinking: /home/isa/ros2_ws/install/examples_rclcpp_cbg_executor/share/examples_rclcpp_cbg_executor/package.dsv
[1.988s] -- Up-to-date symlink: /home/isa/ros2_ws/install/examples_rclcpp_cbg_executor/share/ament_index/resource_index/packages/examples_rclcpp_cbg_executor
[1.988s] -- Up-to-date symlink: /home/isa/ros2_ws/install/examples_rclcpp_cbg_executor/share/examples_rclcpp_cbg_executor/cmake/ament_cmake_export_dependencies-extras.cmake
[1.991s] -- Up-to-date symlink: /home/isa/ros2_ws/install/examples_rclcpp_cbg_executor/share/examples_rclcpp_cbg_executor/cmake/examples_rclcpp_cbg_executorConfig.cmake
[2.000s] -- Up-to-date symlink: /home/isa/ros2_ws/install/examples_rclcpp_cbg_executor/share/examples_rclcpp_cbg_executor/cmake/examples_rclcpp_cbg_executorConfig-version.cmake
[2.000s] -- Up-to-date symlink: /home/isa/ros2_ws/install/examples_rclcpp_cbg_executor/share/examples_rclcpp_cbg_executor/package.xml
[2.000s] Invoked command in '/home/isa/ros2_ws/build/examples_rclcpp_cbg_executor' returned '0': CMAKE_PREFIX_PATH=/opt/ros/iron /usr/bin/cmake --install /home/isa/ros2_ws/build/examples_rclcpp_cbg_executor
