[2.013s] Invoking command in '/home/isa/ros2_ws/build/examples_rclpy_executors': PYTHONPATH=/home/isa/ros2_ws/build/examples_rclpy_executors/prefix_override:/home/isa/ros2_ws/install/examples_rclpy_executors/lib/python3.10/site-packages:${PYTHONPATH} /usr/bin/python3 setup.py develop --editable --build-directory /home/isa/ros2_ws/build/examples_rclpy_executors/build --no-deps install_data
[2.890s] running develop
[2.895s] /usr/lib/python3/dist-packages/setuptools/command/easy_install.py:158: EasyInstallDeprecationWarning: easy_install command is deprecated. Use build and pip and other standards-based tools.
[2.895s]   warnings.warn(
[2.899s] /usr/lib/python3/dist-packages/setuptools/command/install.py:34: SetuptoolsDeprecationWarning: setup.py install is deprecated. Use build and pip and other standards-based tools.
[2.899s]   warnings.warn(
[3.097s] /usr/lib/python3/dist-packages/pkg_resources/__init__.py:116: PkgResourcesDeprecationWarning: 1.16.0-unknown is an invalid version and will not be supported in a future release
[3.097s]   warnings.warn(
[3.097s] /usr/lib/python3/dist-packages/pkg_resources/__init__.py:116: PkgResourcesDeprecationWarning: 1.1build1 is an invalid version and will not be supported in a future release
[3.098s]   warnings.warn(
[3.098s] /usr/lib/python3/dist-packages/pkg_resources/__init__.py:116: PkgResourcesDeprecationWarning: 0.1.43ubuntu1 is an invalid version and will not be supported in a future release
[3.098s]   warnings.warn(
[3.532s] running egg_info
[3.532s] creating examples_rclpy_executors.egg-info
[3.533s] writing examples_rclpy_executors.egg-info/PKG-INFO
[3.534s] writing dependency_links to examples_rclpy_executors.egg-info/dependency_links.txt
[3.535s] writing entry points to examples_rclpy_executors.egg-info/entry_points.txt
[3.536s] writing requirements to examples_rclpy_executors.egg-info/requires.txt
[3.536s] writing top-level names to examples_rclpy_executors.egg-info/top_level.txt
[3.537s] writing manifest file 'examples_rclpy_executors.egg-info/SOURCES.txt'
[3.542s] reading manifest file 'examples_rclpy_executors.egg-info/SOURCES.txt'
[3.544s] writing manifest file 'examples_rclpy_executors.egg-info/SOURCES.txt'
[3.548s] running build_ext
[3.549s] Creating /home/isa/ros2_ws/install/examples_rclpy_executors/lib/python3.10/site-packages/examples-rclpy-executors.egg-link (link to .)
[3.552s] Installing callback_group script to /home/isa/ros2_ws/install/examples_rclpy_executors/lib/examples_rclpy_executors
[3.552s] Installing composed script to /home/isa/ros2_ws/install/examples_rclpy_executors/lib/examples_rclpy_executors
[3.553s] Installing custom_callback_group script to /home/isa/ros2_ws/install/examples_rclpy_executors/lib/examples_rclpy_executors
[3.554s] Installing custom_executor script to /home/isa/ros2_ws/install/examples_rclpy_executors/lib/examples_rclpy_executors
[3.554s] Installing listener script to /home/isa/ros2_ws/install/examples_rclpy_executors/lib/examples_rclpy_executors
[3.555s] Installing talker script to /home/isa/ros2_ws/install/examples_rclpy_executors/lib/examples_rclpy_executors
[3.556s] 
[3.556s] Installed /home/isa/ros2_ws/build/examples_rclpy_executors
[3.557s] running install_data
[3.557s] creating /home/isa/ros2_ws/install/examples_rclpy_executors/share/ament_index
[3.558s] creating /home/isa/ros2_ws/install/examples_rclpy_executors/share/ament_index/resource_index
[3.558s] creating /home/isa/ros2_ws/install/examples_rclpy_executors/share/ament_index/resource_index/packages
[3.559s] copying resource/examples_rclpy_executors -> /home/isa/ros2_ws/install/examples_rclpy_executors/share/ament_index/resource_index/packages
[3.559s] copying package.xml -> /home/isa/ros2_ws/install/examples_rclpy_executors/share/examples_rclpy_executors
[3.626s] Invoked command in '/home/isa/ros2_ws/build/examples_rclpy_executors' returned '0': PYTHONPATH=/home/isa/ros2_ws/build/examples_rclpy_executors/prefix_override:/home/isa/ros2_ws/install/examples_rclpy_executors/lib/python3.10/site-packages:${PYTHONPATH} /usr/bin/python3 setup.py develop --editable --build-directory /home/isa/ros2_ws/build/examples_rclpy_executors/build --no-deps install_data
