[0.012s] Invoking command in '/home/isa/ros2_ws/build/cpp_pubsub': CMAKE_PREFIX_PATH=${CMAKE_PREFIX_PATH}:/home/isa/ros2_ws/install/launch_testing_examples:/home/isa/ros2_ws/install/examples_rclpy_pointcloud_publisher:/home/isa/ros2_ws/install/examples_rclpy_minimal_subscriber:/home/isa/ros2_ws/install/examples_rclpy_minimal_service:/home/isa/ros2_ws/install/examples_rclpy_minimal_publisher:/home/isa/ros2_ws/install/examples_rclpy_minimal_client:/home/isa/ros2_ws/install/examples_rclpy_minimal_action_server:/home/isa/ros2_ws/install/examples_rclpy_minimal_action_client:/home/isa/ros2_ws/install/examples_rclpy_guard_conditions:/home/isa/ros2_ws/install/examples_rclpy_executors:/opt/ros/iron /usr/bin/cmake --build /home/isa/ros2_ws/build/cpp_pubsub -- -j8 -l8
[0.040s] Invoked command in '/home/isa/ros2_ws/build/cpp_pubsub' returned '0': CMAKE_PREFIX_PATH=${CMAKE_PREFIX_PATH}:/home/isa/ros2_ws/install/launch_testing_examples:/home/isa/ros2_ws/install/examples_rclpy_pointcloud_publisher:/home/isa/ros2_ws/install/examples_rclpy_minimal_subscriber:/home/isa/ros2_ws/install/examples_rclpy_minimal_service:/home/isa/ros2_ws/install/examples_rclpy_minimal_publisher:/home/isa/ros2_ws/install/examples_rclpy_minimal_client:/home/isa/ros2_ws/install/examples_rclpy_minimal_action_server:/home/isa/ros2_ws/install/examples_rclpy_minimal_action_client:/home/isa/ros2_ws/install/examples_rclpy_guard_conditions:/home/isa/ros2_ws/install/examples_rclpy_executors:/opt/ros/iron /usr/bin/cmake --build /home/isa/ros2_ws/build/cpp_pubsub -- -j8 -l8
[0.064s] Invoking command in '/home/isa/ros2_ws/build/cpp_pubsub': CMAKE_PREFIX_PATH=${CMAKE_PREFIX_PATH}:/home/isa/ros2_ws/install/launch_testing_examples:/home/isa/ros2_ws/install/examples_rclpy_pointcloud_publisher:/home/isa/ros2_ws/install/examples_rclpy_minimal_subscriber:/home/isa/ros2_ws/install/examples_rclpy_minimal_service:/home/isa/ros2_ws/install/examples_rclpy_minimal_publisher:/home/isa/ros2_ws/install/examples_rclpy_minimal_client:/home/isa/ros2_ws/install/examples_rclpy_minimal_action_server:/home/isa/ros2_ws/install/examples_rclpy_minimal_action_client:/home/isa/ros2_ws/install/examples_rclpy_guard_conditions:/home/isa/ros2_ws/install/examples_rclpy_executors:/opt/ros/iron /usr/bin/cmake --install /home/isa/ros2_ws/build/cpp_pubsub
[0.069s] -- Install configuration: ""
[0.069s] -- Up-to-date: /home/isa/ros2_ws/install/cpp_pubsub/share/ament_index/resource_index/package_run_dependencies/cpp_pubsub
[0.069s] -- Up-to-date: /home/isa/ros2_ws/install/cpp_pubsub/share/ament_index/resource_index/parent_prefix_path/cpp_pubsub
[0.070s] -- Up-to-date: /home/isa/ros2_ws/install/cpp_pubsub/share/cpp_pubsub/environment/ament_prefix_path.sh
[0.070s] -- Up-to-date: /home/isa/ros2_ws/install/cpp_pubsub/share/cpp_pubsub/environment/ament_prefix_path.dsv
[0.070s] -- Up-to-date: /home/isa/ros2_ws/install/cpp_pubsub/share/cpp_pubsub/environment/path.sh
[0.070s] -- Up-to-date: /home/isa/ros2_ws/install/cpp_pubsub/share/cpp_pubsub/environment/path.dsv
[0.070s] -- Up-to-date: /home/isa/ros2_ws/install/cpp_pubsub/share/cpp_pubsub/local_setup.bash
[0.070s] -- Up-to-date: /home/isa/ros2_ws/install/cpp_pubsub/share/cpp_pubsub/local_setup.sh
[0.070s] -- Up-to-date: /home/isa/ros2_ws/install/cpp_pubsub/share/cpp_pubsub/local_setup.zsh
[0.070s] -- Up-to-date: /home/isa/ros2_ws/install/cpp_pubsub/share/cpp_pubsub/local_setup.dsv
[0.070s] -- Up-to-date: /home/isa/ros2_ws/install/cpp_pubsub/share/cpp_pubsub/package.dsv
[0.070s] -- Up-to-date: /home/isa/ros2_ws/install/cpp_pubsub/share/ament_index/resource_index/packages/cpp_pubsub
[0.070s] -- Up-to-date: /home/isa/ros2_ws/install/cpp_pubsub/share/cpp_pubsub/cmake/cpp_pubsubConfig.cmake
[0.070s] -- Up-to-date: /home/isa/ros2_ws/install/cpp_pubsub/share/cpp_pubsub/cmake/cpp_pubsubConfig-version.cmake
[0.070s] -- Up-to-date: /home/isa/ros2_ws/install/cpp_pubsub/share/cpp_pubsub/package.xml
[0.072s] Invoked command in '/home/isa/ros2_ws/build/cpp_pubsub' returned '0': CMAKE_PREFIX_PATH=${CMAKE_PREFIX_PATH}:/home/isa/ros2_ws/install/launch_testing_examples:/home/isa/ros2_ws/install/examples_rclpy_pointcloud_publisher:/home/isa/ros2_ws/install/examples_rclpy_minimal_subscriber:/home/isa/ros2_ws/install/examples_rclpy_minimal_service:/home/isa/ros2_ws/install/examples_rclpy_minimal_publisher:/home/isa/ros2_ws/install/examples_rclpy_minimal_client:/home/isa/ros2_ws/install/examples_rclpy_minimal_action_server:/home/isa/ros2_ws/install/examples_rclpy_minimal_action_client:/home/isa/ros2_ws/install/examples_rclpy_guard_conditions:/home/isa/ros2_ws/install/examples_rclpy_executors:/opt/ros/iron /usr/bin/cmake --install /home/isa/ros2_ws/build/cpp_pubsub
