[0.020s] Invoking command in '/home/isa/ros2_ws/build/turtlesim': CMAKE_PREFIX_PATH=/opt/ros/iron /usr/bin/cmake --build /home/isa/ros2_ws/build/turtlesim -- -j8 -l8
[0.094s] [  0%] Built target turtlesim__rosidl_generator_type_description
[0.117s] [35m[1mConsolidate compiler generated dependencies of target turtlesim__rosidl_generator_c[0m
[0.121s] [  0%] Built target ament_cmake_python_copy_turtlesim
[0.133s] [  1%] Built target turtlesim__cpp
[0.145s] [ 24%] Built target turtlesim__rosidl_generator_c
[0.164s] [35m[1mConsolidate compiler generated dependencies of target turtlesim__rosidl_typesupport_fastrtps_c[0m
[0.187s] [35m[1mConsolidate compiler generated dependencies of target turtlesim__rosidl_typesupport_cpp[0m
[0.198s] [35m[1mConsolidate compiler generated dependencies of target turtlesim__rosidl_typesupport_introspection_c[0m
[0.220s] [35m[1mConsolidate compiler generated dependencies of target turtlesim__rosidl_typesupport_fastrtps_cpp[0m
[0.245s] [ 33%] Built target turtlesim__rosidl_typesupport_fastrtps_c
[0.249s] [35m[1mConsolidate compiler generated dependencies of target turtlesim__rosidl_typesupport_c[0m
[0.251s] [35m[1mConsolidate compiler generated dependencies of target turtlesim__rosidl_typesupport_introspection_cpp[0m
[0.291s] [ 42%] Built target turtlesim__rosidl_typesupport_introspection_c
[0.303s] [ 50%] Built target turtlesim__rosidl_typesupport_fastrtps_cpp
[0.314s] [ 59%] Built target turtlesim__rosidl_typesupport_c
[0.333s] [ 67%] Built target turtlesim__rosidl_typesupport_introspection_cpp
[0.334s] [ 75%] Built target turtlesim__rosidl_typesupport_cpp
[0.356s] [35m[1mConsolidate compiler generated dependencies of target mimic[0m
[0.389s] [35m[1mConsolidate compiler generated dependencies of target turtle_teleop_key[0m
[0.398s] [35m[1mConsolidate compiler generated dependencies of target draw_square[0m
[0.399s] [35m[1mConsolidate compiler generated dependencies of target turtlesim_node[0m
[0.459s] [ 77%] Built target mimic
[0.471s] [ 78%] [32mBuilding CXX object CMakeFiles/turtlesim_node.dir/src/turtle_frame.cpp.o[0m
[0.483s] [ 80%] Built target turtle_teleop_key
[0.506s] [ 81%] Built target draw_square
[0.545s] [ 81%] Built target turtlesim
[0.575s] running egg_info
[0.576s] writing turtlesim.egg-info/PKG-INFO
[0.576s] writing dependency_links to turtlesim.egg-info/dependency_links.txt
[0.576s] writing top-level names to turtlesim.egg-info/top_level.txt
[0.577s] reading manifest file 'turtlesim.egg-info/SOURCES.txt'
[0.578s] writing manifest file 'turtlesim.egg-info/SOURCES.txt'
[0.595s] [ 81%] Built target turtlesim__py
[0.606s] [35m[1mConsolidate compiler generated dependencies of target turtlesim__rosidl_generator_py[0m
[0.613s] [ 81%] Built target ament_cmake_python_build_turtlesim_egg
[0.623s] [ 89%] Built target turtlesim__rosidl_generator_py
[0.635s] [35m[1mConsolidate compiler generated dependencies of target turtlesim__rosidl_typesupport_fastrtps_c__pyext[0m
[0.635s] [35m[1mConsolidate compiler generated dependencies of target turtlesim__rosidl_typesupport_introspection_c__pyext[0m
[0.637s] [35m[1mConsolidate compiler generated dependencies of target turtlesim__rosidl_typesupport_c__pyext[0m
[0.649s] [ 91%] Built target turtlesim__rosidl_typesupport_fastrtps_c__pyext
[0.653s] [ 95%] Built target turtlesim__rosidl_typesupport_introspection_c__pyext
[0.653s] [ 95%] Built target turtlesim__rosidl_typesupport_c__pyext
[9.222s] [ 96%] [32m[1mLinking CXX executable turtlesim_node[0m
[11.022s] [100%] Built target turtlesim_node
[11.031s] Invoked command in '/home/isa/ros2_ws/build/turtlesim' returned '0': CMAKE_PREFIX_PATH=/opt/ros/iron /usr/bin/cmake --build /home/isa/ros2_ws/build/turtlesim -- -j8 -l8
[11.198s] Invoking command in '/home/isa/ros2_ws/build/turtlesim': CMAKE_PREFIX_PATH=/opt/ros/iron /usr/bin/cmake --install /home/isa/ros2_ws/build/turtlesim
[11.203s] -- Install configuration: ""
[11.203s] -- Up-to-date: /home/isa/ros2_ws/install/turtlesim/share/ament_index/resource_index/rosidl_interfaces/turtlesim
[11.204s] -- Up-to-date: /home/isa/ros2_ws/install/turtlesim/share/turtlesim/action/RotateAbsolute.json
[11.204s] -- Up-to-date: /home/isa/ros2_ws/install/turtlesim/share/turtlesim/msg/Color.json
[11.204s] -- Up-to-date: /home/isa/ros2_ws/install/turtlesim/share/turtlesim/msg/Pose.json
[11.204s] -- Up-to-date: /home/isa/ros2_ws/install/turtlesim/share/turtlesim/srv/Kill.json
[11.204s] -- Up-to-date: /home/isa/ros2_ws/install/turtlesim/share/turtlesim/srv/SetPen.json
[11.204s] -- Up-to-date: /home/isa/ros2_ws/install/turtlesim/share/turtlesim/srv/Spawn.json
[11.204s] -- Up-to-date: /home/isa/ros2_ws/install/turtlesim/share/turtlesim/srv/TeleportAbsolute.json
[11.204s] -- Up-to-date: /home/isa/ros2_ws/install/turtlesim/share/turtlesim/srv/TeleportRelative.json
[11.204s] -- Up-to-date: /home/isa/ros2_ws/install/turtlesim/include/turtlesim/turtlesim
[11.205s] -- Up-to-date: /home/isa/ros2_ws/install/turtlesim/include/turtlesim/turtlesim/srv
[11.205s] -- Up-to-date: /home/isa/ros2_ws/install/turtlesim/include/turtlesim/turtlesim/srv/teleport_absolute.h
[11.205s] -- Up-to-date: /home/isa/ros2_ws/install/turtlesim/include/turtlesim/turtlesim/srv/set_pen.h
[11.205s] -- Up-to-date: /home/isa/ros2_ws/install/turtlesim/include/turtlesim/turtlesim/srv/kill.h
[11.205s] -- Up-to-date: /home/isa/ros2_ws/install/turtlesim/include/turtlesim/turtlesim/srv/spawn.h
[11.205s] -- Up-to-date: /home/isa/ros2_ws/install/turtlesim/include/turtlesim/turtlesim/srv/detail
[11.205s] -- Up-to-date: /home/isa/ros2_ws/install/turtlesim/include/turtlesim/turtlesim/srv/detail/spawn__type_support.h
[11.205s] -- Up-to-date: /home/isa/ros2_ws/install/turtlesim/include/turtlesim/turtlesim/srv/detail/set_pen__struct.h
[11.205s] -- Up-to-date: /home/isa/ros2_ws/install/turtlesim/include/turtlesim/turtlesim/srv/detail/kill__type_support.h
[11.205s] -- Up-to-date: /home/isa/ros2_ws/install/turtlesim/include/turtlesim/turtlesim/srv/detail/spawn__struct.h
[11.205s] -- Up-to-date: /home/isa/ros2_ws/install/turtlesim/include/turtlesim/turtlesim/srv/detail/teleport_absolute__functions.c
[11.205s] -- Up-to-date: /home/isa/ros2_ws/install/turtlesim/include/turtlesim/turtlesim/srv/detail/teleport_absolute__struct.h
[11.205s] -- Up-to-date: /home/isa/ros2_ws/install/turtlesim/include/turtlesim/turtlesim/srv/detail/teleport_absolute__type_support.h
[11.205s] -- Up-to-date: /home/isa/ros2_ws/install/turtlesim/include/turtlesim/turtlesim/srv/detail/teleport_relative__struct.h
[11.205s] -- Up-to-date: /home/isa/ros2_ws/install/turtlesim/include/turtlesim/turtlesim/srv/detail/teleport_absolute__functions.h
[11.206s] -- Installing: /home/isa/ros2_ws/install/turtlesim/include/turtlesim/turtlesim/srv/detail/teleport_absolute__type_support.c
[11.206s] -- Up-to-date: /home/isa/ros2_ws/install/turtlesim/include/turtlesim/turtlesim/srv/detail/spawn__functions.c
[11.206s] -- Up-to-date: /home/isa/ros2_ws/install/turtlesim/include/turtlesim/turtlesim/srv/detail/teleport_relative__functions.h
[11.206s] -- Up-to-date: /home/isa/ros2_ws/install/turtlesim/include/turtlesim/turtlesim/srv/detail/set_pen__type_support.h
[11.206s] -- Up-to-date: /home/isa/ros2_ws/install/turtlesim/include/turtlesim/turtlesim/srv/detail/spawn__functions.h
[11.206s] -- Installing: /home/isa/ros2_ws/install/turtlesim/include/turtlesim/turtlesim/srv/detail/kill__type_support.c
[11.206s] -- Up-to-date: /home/isa/ros2_ws/install/turtlesim/include/turtlesim/turtlesim/srv/detail/kill__functions.h
[11.206s] -- Up-to-date: /home/isa/ros2_ws/install/turtlesim/include/turtlesim/turtlesim/srv/detail/kill__description.c
[11.206s] -- Up-to-date: /home/isa/ros2_ws/install/turtlesim/include/turtlesim/turtlesim/srv/detail/spawn__description.c
[11.206s] -- Up-to-date: /home/isa/ros2_ws/install/turtlesim/include/turtlesim/turtlesim/srv/detail/teleport_relative__functions.c
[11.206s] -- Installing: /home/isa/ros2_ws/install/turtlesim/include/turtlesim/turtlesim/srv/detail/teleport_relative__type_support.c
[11.206s] -- Installing: /home/isa/ros2_ws/install/turtlesim/include/turtlesim/turtlesim/srv/detail/spawn__type_support.c
[11.206s] -- Up-to-date: /home/isa/ros2_ws/install/turtlesim/include/turtlesim/turtlesim/srv/detail/kill__functions.c
[11.206s] -- Up-to-date: /home/isa/ros2_ws/install/turtlesim/include/turtlesim/turtlesim/srv/detail/teleport_absolute__description.c
[11.206s] -- Up-to-date: /home/isa/ros2_ws/install/turtlesim/include/turtlesim/turtlesim/srv/detail/set_pen__description.c
[11.206s] -- Up-to-date: /home/isa/ros2_ws/install/turtlesim/include/turtlesim/turtlesim/srv/detail/set_pen__functions.c
[11.207s] -- Up-to-date: /home/isa/ros2_ws/install/turtlesim/include/turtlesim/turtlesim/srv/detail/kill__struct.h
[11.207s] -- Installing: /home/isa/ros2_ws/install/turtlesim/include/turtlesim/turtlesim/srv/detail/set_pen__type_support.c
[11.207s] -- Up-to-date: /home/isa/ros2_ws/install/turtlesim/include/turtlesim/turtlesim/srv/detail/teleport_relative__type_support.h
[11.207s] -- Up-to-date: /home/isa/ros2_ws/install/turtlesim/include/turtlesim/turtlesim/srv/detail/teleport_relative__description.c
[11.207s] -- Up-to-date: /home/isa/ros2_ws/install/turtlesim/include/turtlesim/turtlesim/srv/detail/set_pen__functions.h
[11.207s] -- Up-to-date: /home/isa/ros2_ws/install/turtlesim/include/turtlesim/turtlesim/srv/teleport_relative.h
[11.207s] -- Up-to-date: /home/isa/ros2_ws/install/turtlesim/include/turtlesim/turtlesim/action
[11.207s] -- Up-to-date: /home/isa/ros2_ws/install/turtlesim/include/turtlesim/turtlesim/action/detail
[11.207s] -- Installing: /home/isa/ros2_ws/install/turtlesim/include/turtlesim/turtlesim/action/detail/rotate_absolute__type_support.c
[11.207s] -- Up-to-date: /home/isa/ros2_ws/install/turtlesim/include/turtlesim/turtlesim/action/detail/rotate_absolute__struct.h
[11.207s] -- Up-to-date: /home/isa/ros2_ws/install/turtlesim/include/turtlesim/turtlesim/action/detail/rotate_absolute__functions.h
[11.207s] -- Up-to-date: /home/isa/ros2_ws/install/turtlesim/include/turtlesim/turtlesim/action/detail/rotate_absolute__functions.c
[11.207s] -- Up-to-date: /home/isa/ros2_ws/install/turtlesim/include/turtlesim/turtlesim/action/detail/rotate_absolute__description.c
[11.208s] -- Up-to-date: /home/isa/ros2_ws/install/turtlesim/include/turtlesim/turtlesim/action/detail/rotate_absolute__type_support.h
[11.208s] -- Up-to-date: /home/isa/ros2_ws/install/turtlesim/include/turtlesim/turtlesim/action/rotate_absolute.h
[11.208s] -- Up-to-date: /home/isa/ros2_ws/install/turtlesim/include/turtlesim/turtlesim/msg
[11.208s] -- Up-to-date: /home/isa/ros2_ws/install/turtlesim/include/turtlesim/turtlesim/msg/rosidl_generator_c__visibility_control.h
[11.208s] -- Up-to-date: /home/isa/ros2_ws/install/turtlesim/include/turtlesim/turtlesim/msg/pose.h
[11.208s] -- Up-to-date: /home/isa/ros2_ws/install/turtlesim/include/turtlesim/turtlesim/msg/detail
[11.208s] -- Up-to-date: /home/isa/ros2_ws/install/turtlesim/include/turtlesim/turtlesim/msg/detail/color__type_support.h
[11.208s] -- Up-to-date: /home/isa/ros2_ws/install/turtlesim/include/turtlesim/turtlesim/msg/detail/color__functions.c
[11.208s] -- Up-to-date: /home/isa/ros2_ws/install/turtlesim/include/turtlesim/turtlesim/msg/detail/pose__functions.c
[11.208s] -- Up-to-date: /home/isa/ros2_ws/install/turtlesim/include/turtlesim/turtlesim/msg/detail/pose__type_support.h
[11.209s] -- Up-to-date: /home/isa/ros2_ws/install/turtlesim/include/turtlesim/turtlesim/msg/detail/pose__functions.h
[11.209s] -- Up-to-date: /home/isa/ros2_ws/install/turtlesim/include/turtlesim/turtlesim/msg/detail/pose__struct.h
[11.209s] -- Installing: /home/isa/ros2_ws/install/turtlesim/include/turtlesim/turtlesim/msg/detail/pose__type_support.c
[11.209s] -- Up-to-date: /home/isa/ros2_ws/install/turtlesim/include/turtlesim/turtlesim/msg/detail/pose__description.c
[11.209s] -- Up-to-date: /home/isa/ros2_ws/install/turtlesim/include/turtlesim/turtlesim/msg/detail/color__struct.h
[11.209s] -- Up-to-date: /home/isa/ros2_ws/install/turtlesim/include/turtlesim/turtlesim/msg/detail/color__description.c
[11.209s] -- Up-to-date: /home/isa/ros2_ws/install/turtlesim/include/turtlesim/turtlesim/msg/detail/color__functions.h
[11.209s] -- Installing: /home/isa/ros2_ws/install/turtlesim/include/turtlesim/turtlesim/msg/detail/color__type_support.c
[11.210s] -- Up-to-date: /home/isa/ros2_ws/install/turtlesim/include/turtlesim/turtlesim/msg/color.h
[11.210s] -- Up-to-date: /home/isa/ros2_ws/install/turtlesim/share/turtlesim/environment/library_path.sh
[11.210s] -- Up-to-date: /home/isa/ros2_ws/install/turtlesim/share/turtlesim/environment/library_path.dsv
[11.210s] -- Up-to-date: /home/isa/ros2_ws/install/turtlesim/lib/libturtlesim__rosidl_generator_c.so
[11.210s] -- Up-to-date: /home/isa/ros2_ws/install/turtlesim/include/turtlesim/turtlesim
[11.210s] -- Up-to-date: /home/isa/ros2_ws/install/turtlesim/include/turtlesim/turtlesim/srv
[11.210s] -- Up-to-date: /home/isa/ros2_ws/install/turtlesim/include/turtlesim/turtlesim/srv/detail
[11.210s] -- Up-to-date: /home/isa/ros2_ws/install/turtlesim/include/turtlesim/turtlesim/srv/detail/teleport_absolute__rosidl_typesupport_fastrtps_c.h
[11.210s] -- Up-to-date: /home/isa/ros2_ws/install/turtlesim/include/turtlesim/turtlesim/srv/detail/set_pen__rosidl_typesupport_fastrtps_c.h
[11.210s] -- Up-to-date: /home/isa/ros2_ws/install/turtlesim/include/turtlesim/turtlesim/srv/detail/kill__rosidl_typesupport_fastrtps_c.h
[11.210s] -- Up-to-date: /home/isa/ros2_ws/install/turtlesim/include/turtlesim/turtlesim/srv/detail/teleport_relative__rosidl_typesupport_fastrtps_c.h
[11.211s] -- Up-to-date: /home/isa/ros2_ws/install/turtlesim/include/turtlesim/turtlesim/srv/detail/spawn__rosidl_typesupport_fastrtps_c.h
[11.211s] -- Up-to-date: /home/isa/ros2_ws/install/turtlesim/include/turtlesim/turtlesim/action
[11.211s] -- Up-to-date: /home/isa/ros2_ws/install/turtlesim/include/turtlesim/turtlesim/action/detail
[11.211s] -- Up-to-date: /home/isa/ros2_ws/install/turtlesim/include/turtlesim/turtlesim/action/detail/rotate_absolute__rosidl_typesupport_fastrtps_c.h
[11.211s] -- Up-to-date: /home/isa/ros2_ws/install/turtlesim/include/turtlesim/turtlesim/msg
[11.211s] -- Up-to-date: /home/isa/ros2_ws/install/turtlesim/include/turtlesim/turtlesim/msg/detail
[11.211s] -- Up-to-date: /home/isa/ros2_ws/install/turtlesim/include/turtlesim/turtlesim/msg/detail/pose__rosidl_typesupport_fastrtps_c.h
[11.211s] -- Up-to-date: /home/isa/ros2_ws/install/turtlesim/include/turtlesim/turtlesim/msg/detail/color__rosidl_typesupport_fastrtps_c.h
[11.212s] -- Up-to-date: /home/isa/ros2_ws/install/turtlesim/include/turtlesim/turtlesim/msg/rosidl_typesupport_fastrtps_c__visibility_control.h
[11.212s] -- Up-to-date: /home/isa/ros2_ws/install/turtlesim/lib/libturtlesim__rosidl_typesupport_fastrtps_c.so
[11.212s] -- Up-to-date: /home/isa/ros2_ws/install/turtlesim/include/turtlesim/turtlesim
[11.212s] -- Up-to-date: /home/isa/ros2_ws/install/turtlesim/include/turtlesim/turtlesim/srv
[11.212s] -- Up-to-date: /home/isa/ros2_ws/install/turtlesim/include/turtlesim/turtlesim/srv/set_pen.hpp
[11.212s] -- Up-to-date: /home/isa/ros2_ws/install/turtlesim/include/turtlesim/turtlesim/srv/kill.hpp
[11.212s] -- Up-to-date: /home/isa/ros2_ws/install/turtlesim/include/turtlesim/turtlesim/srv/teleport_relative.hpp
[11.213s] -- Up-to-date: /home/isa/ros2_ws/install/turtlesim/include/turtlesim/turtlesim/srv/detail
[11.213s] -- Up-to-date: /home/isa/ros2_ws/install/turtlesim/include/turtlesim/turtlesim/srv/detail/teleport_absolute__builder.hpp
[11.213s] -- Up-to-date: /home/isa/ros2_ws/install/turtlesim/include/turtlesim/turtlesim/srv/detail/kill__struct.hpp
[11.213s] -- Up-to-date: /home/isa/ros2_ws/install/turtlesim/include/turtlesim/turtlesim/srv/detail/kill__traits.hpp
[11.213s] -- Up-to-date: /home/isa/ros2_ws/install/turtlesim/include/turtlesim/turtlesim/srv/detail/teleport_absolute__traits.hpp
[11.213s] -- Up-to-date: /home/isa/ros2_ws/install/turtlesim/include/turtlesim/turtlesim/srv/detail/teleport_absolute__struct.hpp
[11.213s] -- Up-to-date: /home/isa/ros2_ws/install/turtlesim/include/turtlesim/turtlesim/srv/detail/spawn__struct.hpp
[11.213s] -- Up-to-date: /home/isa/ros2_ws/install/turtlesim/include/turtlesim/turtlesim/srv/detail/teleport_relative__builder.hpp
[11.213s] -- Up-to-date: /home/isa/ros2_ws/install/turtlesim/include/turtlesim/turtlesim/srv/detail/set_pen__struct.hpp
[11.213s] -- Up-to-date: /home/isa/ros2_ws/install/turtlesim/include/turtlesim/turtlesim/srv/detail/teleport_relative__struct.hpp
[11.213s] -- Up-to-date: /home/isa/ros2_ws/install/turtlesim/include/turtlesim/turtlesim/srv/detail/set_pen__traits.hpp
[11.213s] -- Up-to-date: /home/isa/ros2_ws/install/turtlesim/include/turtlesim/turtlesim/srv/detail/kill__builder.hpp
[11.213s] -- Up-to-date: /home/isa/ros2_ws/install/turtlesim/include/turtlesim/turtlesim/srv/detail/spawn__traits.hpp
[11.214s] -- Up-to-date: /home/isa/ros2_ws/install/turtlesim/include/turtlesim/turtlesim/srv/detail/set_pen__builder.hpp
[11.214s] -- Up-to-date: /home/isa/ros2_ws/install/turtlesim/include/turtlesim/turtlesim/srv/detail/teleport_relative__traits.hpp
[11.214s] -- Up-to-date: /home/isa/ros2_ws/install/turtlesim/include/turtlesim/turtlesim/srv/detail/spawn__builder.hpp
[11.214s] -- Up-to-date: /home/isa/ros2_ws/install/turtlesim/include/turtlesim/turtlesim/srv/teleport_absolute.hpp
[11.214s] -- Up-to-date: /home/isa/ros2_ws/install/turtlesim/include/turtlesim/turtlesim/srv/spawn.hpp
[11.214s] -- Up-to-date: /home/isa/ros2_ws/install/turtlesim/include/turtlesim/turtlesim/action
[11.214s] -- Up-to-date: /home/isa/ros2_ws/install/turtlesim/include/turtlesim/turtlesim/action/detail
[11.214s] -- Up-to-date: /home/isa/ros2_ws/install/turtlesim/include/turtlesim/turtlesim/action/detail/rotate_absolute__struct.hpp
[11.214s] -- Up-to-date: /home/isa/ros2_ws/install/turtlesim/include/turtlesim/turtlesim/action/detail/rotate_absolute__builder.hpp
[11.214s] -- Up-to-date: /home/isa/ros2_ws/install/turtlesim/include/turtlesim/turtlesim/action/detail/rotate_absolute__traits.hpp
[11.214s] -- Up-to-date: /home/isa/ros2_ws/install/turtlesim/include/turtlesim/turtlesim/action/rotate_absolute.hpp
[11.214s] -- Up-to-date: /home/isa/ros2_ws/install/turtlesim/include/turtlesim/turtlesim/msg
[11.214s] -- Up-to-date: /home/isa/ros2_ws/install/turtlesim/include/turtlesim/turtlesim/msg/pose.hpp
[11.215s] -- Up-to-date: /home/isa/ros2_ws/install/turtlesim/include/turtlesim/turtlesim/msg/detail
[11.215s] -- Up-to-date: /home/isa/ros2_ws/install/turtlesim/include/turtlesim/turtlesim/msg/detail/color__struct.hpp
[11.215s] -- Up-to-date: /home/isa/ros2_ws/install/turtlesim/include/turtlesim/turtlesim/msg/detail/pose__traits.hpp
[11.215s] -- Up-to-date: /home/isa/ros2_ws/install/turtlesim/include/turtlesim/turtlesim/msg/detail/color__traits.hpp
[11.215s] -- Up-to-date: /home/isa/ros2_ws/install/turtlesim/include/turtlesim/turtlesim/msg/detail/pose__struct.hpp
[11.215s] -- Up-to-date: /home/isa/ros2_ws/install/turtlesim/include/turtlesim/turtlesim/msg/detail/color__builder.hpp
[11.215s] -- Up-to-date: /home/isa/ros2_ws/install/turtlesim/include/turtlesim/turtlesim/msg/detail/pose__builder.hpp
[11.215s] -- Up-to-date: /home/isa/ros2_ws/install/turtlesim/include/turtlesim/turtlesim/msg/color.hpp
[11.215s] -- Up-to-date: /home/isa/ros2_ws/install/turtlesim/include/turtlesim/turtlesim
[11.215s] -- Up-to-date: /home/isa/ros2_ws/install/turtlesim/include/turtlesim/turtlesim/srv
[11.215s] -- Up-to-date: /home/isa/ros2_ws/install/turtlesim/include/turtlesim/turtlesim/srv/detail
[11.215s] -- Up-to-date: /home/isa/ros2_ws/install/turtlesim/include/turtlesim/turtlesim/srv/detail/teleport_relative__rosidl_typesupport_fastrtps_cpp.hpp
[11.215s] -- Up-to-date: /home/isa/ros2_ws/install/turtlesim/include/turtlesim/turtlesim/srv/detail/spawn__rosidl_typesupport_fastrtps_cpp.hpp
[11.216s] -- Up-to-date: /home/isa/ros2_ws/install/turtlesim/include/turtlesim/turtlesim/srv/detail/dds_fastrtps
[11.216s] -- Up-to-date: /home/isa/ros2_ws/install/turtlesim/include/turtlesim/turtlesim/srv/detail/teleport_absolute__rosidl_typesupport_fastrtps_cpp.hpp
[11.216s] -- Up-to-date: /home/isa/ros2_ws/install/turtlesim/include/turtlesim/turtlesim/srv/detail/set_pen__rosidl_typesupport_fastrtps_cpp.hpp
[11.216s] -- Up-to-date: /home/isa/ros2_ws/install/turtlesim/include/turtlesim/turtlesim/srv/detail/kill__rosidl_typesupport_fastrtps_cpp.hpp
[11.216s] -- Up-to-date: /home/isa/ros2_ws/install/turtlesim/include/turtlesim/turtlesim/action
[11.216s] -- Up-to-date: /home/isa/ros2_ws/install/turtlesim/include/turtlesim/turtlesim/action/detail
[11.216s] -- Up-to-date: /home/isa/ros2_ws/install/turtlesim/include/turtlesim/turtlesim/action/detail/rotate_absolute__rosidl_typesupport_fastrtps_cpp.hpp
[11.216s] -- Up-to-date: /home/isa/ros2_ws/install/turtlesim/include/turtlesim/turtlesim/action/detail/dds_fastrtps
[11.216s] -- Up-to-date: /home/isa/ros2_ws/install/turtlesim/include/turtlesim/turtlesim/msg
[11.216s] -- Up-to-date: /home/isa/ros2_ws/install/turtlesim/include/turtlesim/turtlesim/msg/rosidl_typesupport_fastrtps_cpp__visibility_control.h
[11.216s] -- Up-to-date: /home/isa/ros2_ws/install/turtlesim/include/turtlesim/turtlesim/msg/detail
[11.216s] -- Up-to-date: /home/isa/ros2_ws/install/turtlesim/include/turtlesim/turtlesim/msg/detail/dds_fastrtps
[11.216s] -- Up-to-date: /home/isa/ros2_ws/install/turtlesim/include/turtlesim/turtlesim/msg/detail/color__rosidl_typesupport_fastrtps_cpp.hpp
[11.216s] -- Up-to-date: /home/isa/ros2_ws/install/turtlesim/include/turtlesim/turtlesim/msg/detail/pose__rosidl_typesupport_fastrtps_cpp.hpp
[11.217s] -- Up-to-date: /home/isa/ros2_ws/install/turtlesim/lib/libturtlesim__rosidl_typesupport_fastrtps_cpp.so
[11.217s] -- Up-to-date: /home/isa/ros2_ws/install/turtlesim/include/turtlesim/turtlesim
[11.217s] -- Up-to-date: /home/isa/ros2_ws/install/turtlesim/include/turtlesim/turtlesim/srv
[11.217s] -- Up-to-date: /home/isa/ros2_ws/install/turtlesim/include/turtlesim/turtlesim/srv/detail
[11.217s] -- Up-to-date: /home/isa/ros2_ws/install/turtlesim/include/turtlesim/turtlesim/srv/detail/kill__rosidl_typesupport_introspection_c.h
[11.217s] -- Up-to-date: /home/isa/ros2_ws/install/turtlesim/include/turtlesim/turtlesim/srv/detail/teleport_absolute__rosidl_typesupport_introspection_c.h
[11.217s] -- Installing: /home/isa/ros2_ws/install/turtlesim/include/turtlesim/turtlesim/srv/detail/teleport_absolute__type_support.c
[11.217s] -- Up-to-date: /home/isa/ros2_ws/install/turtlesim/include/turtlesim/turtlesim/srv/detail/spawn__rosidl_typesupport_introspection_c.h
[11.217s] -- Installing: /home/isa/ros2_ws/install/turtlesim/include/turtlesim/turtlesim/srv/detail/kill__type_support.c
[11.217s] -- Installing: /home/isa/ros2_ws/install/turtlesim/include/turtlesim/turtlesim/srv/detail/teleport_relative__type_support.c
[11.217s] -- Installing: /home/isa/ros2_ws/install/turtlesim/include/turtlesim/turtlesim/srv/detail/spawn__type_support.c
[11.217s] -- Up-to-date: /home/isa/ros2_ws/install/turtlesim/include/turtlesim/turtlesim/srv/detail/set_pen__rosidl_typesupport_introspection_c.h
[11.217s] -- Installing: /home/isa/ros2_ws/install/turtlesim/include/turtlesim/turtlesim/srv/detail/set_pen__type_support.c
[11.217s] -- Up-to-date: /home/isa/ros2_ws/install/turtlesim/include/turtlesim/turtlesim/srv/detail/teleport_relative__rosidl_typesupport_introspection_c.h
[11.218s] -- Up-to-date: /home/isa/ros2_ws/install/turtlesim/include/turtlesim/turtlesim/action
[11.218s] -- Up-to-date: /home/isa/ros2_ws/install/turtlesim/include/turtlesim/turtlesim/action/detail
[11.218s] -- Installing: /home/isa/ros2_ws/install/turtlesim/include/turtlesim/turtlesim/action/detail/rotate_absolute__type_support.c
[11.218s] -- Up-to-date: /home/isa/ros2_ws/install/turtlesim/include/turtlesim/turtlesim/action/detail/rotate_absolute__rosidl_typesupport_introspection_c.h
[11.218s] -- Up-to-date: /home/isa/ros2_ws/install/turtlesim/include/turtlesim/turtlesim/msg
[11.218s] -- Up-to-date: /home/isa/ros2_ws/install/turtlesim/include/turtlesim/turtlesim/msg/detail
[11.218s] -- Up-to-date: /home/isa/ros2_ws/install/turtlesim/include/turtlesim/turtlesim/msg/detail/color__rosidl_typesupport_introspection_c.h
[11.218s] -- Up-to-date: /home/isa/ros2_ws/install/turtlesim/include/turtlesim/turtlesim/msg/detail/pose__rosidl_typesupport_introspection_c.h
[11.218s] -- Installing: /home/isa/ros2_ws/install/turtlesim/include/turtlesim/turtlesim/msg/detail/pose__type_support.c
[11.218s] -- Installing: /home/isa/ros2_ws/install/turtlesim/include/turtlesim/turtlesim/msg/detail/color__type_support.c
[11.218s] -- Up-to-date: /home/isa/ros2_ws/install/turtlesim/include/turtlesim/turtlesim/msg/rosidl_typesupport_introspection_c__visibility_control.h
[11.218s] -- Up-to-date: /home/isa/ros2_ws/install/turtlesim/lib/libturtlesim__rosidl_typesupport_introspection_c.so
[11.218s] -- Up-to-date: /home/isa/ros2_ws/install/turtlesim/lib/libturtlesim__rosidl_typesupport_c.so
[11.219s] -- Up-to-date: /home/isa/ros2_ws/install/turtlesim/include/turtlesim/turtlesim
[11.219s] -- Up-to-date: /home/isa/ros2_ws/install/turtlesim/include/turtlesim/turtlesim/srv
[11.219s] -- Up-to-date: /home/isa/ros2_ws/install/turtlesim/include/turtlesim/turtlesim/srv/detail
[11.219s] -- Up-to-date: /home/isa/ros2_ws/install/turtlesim/include/turtlesim/turtlesim/srv/detail/kill__rosidl_typesupport_introspection_cpp.hpp
[11.219s] -- Up-to-date: /home/isa/ros2_ws/install/turtlesim/include/turtlesim/turtlesim/srv/detail/teleport_absolute__type_support.cpp
[11.219s] -- Up-to-date: /home/isa/ros2_ws/install/turtlesim/include/turtlesim/turtlesim/srv/detail/spawn__rosidl_typesupport_introspection_cpp.hpp
[11.219s] -- Up-to-date: /home/isa/ros2_ws/install/turtlesim/include/turtlesim/turtlesim/srv/detail/kill__type_support.cpp
[11.219s] -- Up-to-date: /home/isa/ros2_ws/install/turtlesim/include/turtlesim/turtlesim/srv/detail/teleport_relative__type_support.cpp
[11.219s] -- Up-to-date: /home/isa/ros2_ws/install/turtlesim/include/turtlesim/turtlesim/srv/detail/teleport_absolute__rosidl_typesupport_introspection_cpp.hpp
[11.219s] -- Up-to-date: /home/isa/ros2_ws/install/turtlesim/include/turtlesim/turtlesim/srv/detail/teleport_relative__rosidl_typesupport_introspection_cpp.hpp
[11.219s] -- Up-to-date: /home/isa/ros2_ws/install/turtlesim/include/turtlesim/turtlesim/srv/detail/spawn__type_support.cpp
[11.219s] -- Up-to-date: /home/isa/ros2_ws/install/turtlesim/include/turtlesim/turtlesim/srv/detail/set_pen__rosidl_typesupport_introspection_cpp.hpp
[11.219s] -- Up-to-date: /home/isa/ros2_ws/install/turtlesim/include/turtlesim/turtlesim/srv/detail/set_pen__type_support.cpp
[11.220s] -- Up-to-date: /home/isa/ros2_ws/install/turtlesim/include/turtlesim/turtlesim/action
[11.220s] -- Up-to-date: /home/isa/ros2_ws/install/turtlesim/include/turtlesim/turtlesim/action/detail
[11.220s] -- Up-to-date: /home/isa/ros2_ws/install/turtlesim/include/turtlesim/turtlesim/action/detail/rotate_absolute__rosidl_typesupport_introspection_cpp.hpp
[11.220s] -- Up-to-date: /home/isa/ros2_ws/install/turtlesim/include/turtlesim/turtlesim/action/detail/rotate_absolute__type_support.cpp
[11.220s] -- Up-to-date: /home/isa/ros2_ws/install/turtlesim/include/turtlesim/turtlesim/msg
[11.220s] -- Up-to-date: /home/isa/ros2_ws/install/turtlesim/include/turtlesim/turtlesim/msg/detail
[11.220s] -- Up-to-date: /home/isa/ros2_ws/install/turtlesim/include/turtlesim/turtlesim/msg/detail/pose__rosidl_typesupport_introspection_cpp.hpp
[11.220s] -- Up-to-date: /home/isa/ros2_ws/install/turtlesim/include/turtlesim/turtlesim/msg/detail/color__rosidl_typesupport_introspection_cpp.hpp
[11.220s] -- Up-to-date: /home/isa/ros2_ws/install/turtlesim/include/turtlesim/turtlesim/msg/detail/pose__type_support.cpp
[11.220s] -- Up-to-date: /home/isa/ros2_ws/install/turtlesim/include/turtlesim/turtlesim/msg/detail/color__type_support.cpp
[11.220s] -- Up-to-date: /home/isa/ros2_ws/install/turtlesim/lib/libturtlesim__rosidl_typesupport_introspection_cpp.so
[11.220s] -- Up-to-date: /home/isa/ros2_ws/install/turtlesim/lib/libturtlesim__rosidl_typesupport_cpp.so
[11.220s] -- Up-to-date: /home/isa/ros2_ws/install/turtlesim/share/turtlesim/environment/pythonpath.sh
[11.220s] -- Up-to-date: /home/isa/ros2_ws/install/turtlesim/share/turtlesim/environment/pythonpath.dsv
[11.220s] -- Up-to-date: /home/isa/ros2_ws/install/turtlesim/lib/python3.10/site-packages/turtlesim-1.6.1-py3.10.egg-info
[11.220s] -- Installing: /home/isa/ros2_ws/install/turtlesim/lib/python3.10/site-packages/turtlesim-1.6.1-py3.10.egg-info/SOURCES.txt
[11.220s] -- Installing: /home/isa/ros2_ws/install/turtlesim/lib/python3.10/site-packages/turtlesim-1.6.1-py3.10.egg-info/dependency_links.txt
[11.220s] -- Installing: /home/isa/ros2_ws/install/turtlesim/lib/python3.10/site-packages/turtlesim-1.6.1-py3.10.egg-info/PKG-INFO
[11.220s] -- Installing: /home/isa/ros2_ws/install/turtlesim/lib/python3.10/site-packages/turtlesim-1.6.1-py3.10.egg-info/top_level.txt
[11.221s] -- Up-to-date: /home/isa/ros2_ws/install/turtlesim/lib/python3.10/site-packages/turtlesim
[11.221s] -- Up-to-date: /home/isa/ros2_ws/install/turtlesim/lib/python3.10/site-packages/turtlesim/srv
[11.221s] -- Up-to-date: /home/isa/ros2_ws/install/turtlesim/lib/python3.10/site-packages/turtlesim/srv/_teleport_relative_s.c
[11.221s] -- Up-to-date: /home/isa/ros2_ws/install/turtlesim/lib/python3.10/site-packages/turtlesim/srv/__init__.py
[11.221s] -- Up-to-date: /home/isa/ros2_ws/install/turtlesim/lib/python3.10/site-packages/turtlesim/srv/_teleport_relative.py
[11.221s] -- Up-to-date: /home/isa/ros2_ws/install/turtlesim/lib/python3.10/site-packages/turtlesim/srv/_kill.py
[11.221s] -- Up-to-date: /home/isa/ros2_ws/install/turtlesim/lib/python3.10/site-packages/turtlesim/srv/_set_pen.py
[11.221s] -- Up-to-date: /home/isa/ros2_ws/install/turtlesim/lib/python3.10/site-packages/turtlesim/srv/_teleport_absolute.py
[11.221s] -- Up-to-date: /home/isa/ros2_ws/install/turtlesim/lib/python3.10/site-packages/turtlesim/srv/_spawn.py
[11.221s] -- Up-to-date: /home/isa/ros2_ws/install/turtlesim/lib/python3.10/site-packages/turtlesim/srv/_set_pen_s.c
[11.221s] -- Up-to-date: /home/isa/ros2_ws/install/turtlesim/lib/python3.10/site-packages/turtlesim/srv/_kill_s.c
[11.221s] -- Up-to-date: /home/isa/ros2_ws/install/turtlesim/lib/python3.10/site-packages/turtlesim/srv/_spawn_s.c
[11.221s] -- Up-to-date: /home/isa/ros2_ws/install/turtlesim/lib/python3.10/site-packages/turtlesim/srv/_teleport_absolute_s.c
[11.221s] -- Up-to-date: /home/isa/ros2_ws/install/turtlesim/lib/python3.10/site-packages/turtlesim/__init__.py
[11.221s] -- Up-to-date: /home/isa/ros2_ws/install/turtlesim/lib/python3.10/site-packages/turtlesim/turtlesim_s__rosidl_typesupport_fastrtps_c.cpython-310-x86_64-linux-gnu.so
[11.221s] -- Up-to-date: /home/isa/ros2_ws/install/turtlesim/lib/python3.10/site-packages/turtlesim/_turtlesim_s.ep.rosidl_typesupport_introspection_c.c
[11.221s] -- Up-to-date: /home/isa/ros2_ws/install/turtlesim/lib/python3.10/site-packages/turtlesim/_turtlesim_s.ep.rosidl_typesupport_c.c
[11.221s] -- Up-to-date: /home/isa/ros2_ws/install/turtlesim/lib/python3.10/site-packages/turtlesim/action
[11.221s] -- Up-to-date: /home/isa/ros2_ws/install/turtlesim/lib/python3.10/site-packages/turtlesim/action/__init__.py
[11.221s] -- Up-to-date: /home/isa/ros2_ws/install/turtlesim/lib/python3.10/site-packages/turtlesim/action/_rotate_absolute.py
[11.221s] -- Up-to-date: /home/isa/ros2_ws/install/turtlesim/lib/python3.10/site-packages/turtlesim/action/_rotate_absolute_s.c
[11.221s] -- Up-to-date: /home/isa/ros2_ws/install/turtlesim/lib/python3.10/site-packages/turtlesim/turtlesim_s__rosidl_typesupport_c.cpython-310-x86_64-linux-gnu.so
[11.221s] -- Up-to-date: /home/isa/ros2_ws/install/turtlesim/lib/python3.10/site-packages/turtlesim/turtlesim_s__rosidl_typesupport_introspection_c.cpython-310-x86_64-linux-gnu.so
[11.222s] -- Up-to-date: /home/isa/ros2_ws/install/turtlesim/lib/python3.10/site-packages/turtlesim/msg
[11.222s] -- Up-to-date: /home/isa/ros2_ws/install/turtlesim/lib/python3.10/site-packages/turtlesim/msg/_color.py
[11.222s] -- Up-to-date: /home/isa/ros2_ws/install/turtlesim/lib/python3.10/site-packages/turtlesim/msg/__init__.py
[11.222s] -- Up-to-date: /home/isa/ros2_ws/install/turtlesim/lib/python3.10/site-packages/turtlesim/msg/_pose.py
[11.222s] -- Up-to-date: /home/isa/ros2_ws/install/turtlesim/lib/python3.10/site-packages/turtlesim/msg/_color_s.c
[11.222s] -- Up-to-date: /home/isa/ros2_ws/install/turtlesim/lib/python3.10/site-packages/turtlesim/msg/_pose_s.c
[11.222s] -- Up-to-date: /home/isa/ros2_ws/install/turtlesim/lib/python3.10/site-packages/turtlesim/_turtlesim_s.ep.rosidl_typesupport_fastrtps_c.c
[11.222s] -- Up-to-date: /home/isa/ros2_ws/install/turtlesim/lib/python3.10/site-packages/turtlesim/libturtlesim__rosidl_generator_py.so
[11.234s] Listing '/home/isa/ros2_ws/install/turtlesim/lib/python3.10/site-packages/turtlesim'...
[11.234s] Listing '/home/isa/ros2_ws/install/turtlesim/lib/python3.10/site-packages/turtlesim/action'...
[11.234s] Listing '/home/isa/ros2_ws/install/turtlesim/lib/python3.10/site-packages/turtlesim/msg'...
[11.234s] Listing '/home/isa/ros2_ws/install/turtlesim/lib/python3.10/site-packages/turtlesim/srv'...
[11.237s] -- Up-to-date: /home/isa/ros2_ws/install/turtlesim/lib/python3.10/site-packages/turtlesim/turtlesim_s__rosidl_typesupport_fastrtps_c.cpython-310-x86_64-linux-gnu.so
[11.238s] -- Up-to-date: /home/isa/ros2_ws/install/turtlesim/lib/python3.10/site-packages/turtlesim/turtlesim_s__rosidl_typesupport_introspection_c.cpython-310-x86_64-linux-gnu.so
[11.238s] -- Up-to-date: /home/isa/ros2_ws/install/turtlesim/lib/python3.10/site-packages/turtlesim/turtlesim_s__rosidl_typesupport_c.cpython-310-x86_64-linux-gnu.so
[11.238s] -- Up-to-date: /home/isa/ros2_ws/install/turtlesim/lib/libturtlesim__rosidl_generator_py.so
[11.238s] -- Up-to-date: /home/isa/ros2_ws/install/turtlesim/share/turtlesim/action/RotateAbsolute.idl
[11.238s] -- Up-to-date: /home/isa/ros2_ws/install/turtlesim/share/turtlesim/msg/Color.idl
[11.239s] -- Up-to-date: /home/isa/ros2_ws/install/turtlesim/share/turtlesim/msg/Pose.idl
[11.239s] -- Up-to-date: /home/isa/ros2_ws/install/turtlesim/share/turtlesim/srv/Kill.idl
[11.239s] -- Up-to-date: /home/isa/ros2_ws/install/turtlesim/share/turtlesim/srv/SetPen.idl
[11.239s] -- Up-to-date: /home/isa/ros2_ws/install/turtlesim/share/turtlesim/srv/Spawn.idl
[11.239s] -- Up-to-date: /home/isa/ros2_ws/install/turtlesim/share/turtlesim/srv/TeleportAbsolute.idl
[11.239s] -- Up-to-date: /home/isa/ros2_ws/install/turtlesim/share/turtlesim/srv/TeleportRelative.idl
[11.239s] -- Up-to-date: /home/isa/ros2_ws/install/turtlesim/share/turtlesim/action/RotateAbsolute.action
[11.239s] -- Up-to-date: /home/isa/ros2_ws/install/turtlesim/share/turtlesim/msg/Color.msg
[11.240s] -- Up-to-date: /home/isa/ros2_ws/install/turtlesim/share/turtlesim/msg/Pose.msg
[11.240s] -- Up-to-date: /home/isa/ros2_ws/install/turtlesim/share/turtlesim/srv/Kill.srv
[11.240s] -- Up-to-date: /home/isa/ros2_ws/install/turtlesim/share/turtlesim/srv/Kill_Request.msg
[11.240s] -- Up-to-date: /home/isa/ros2_ws/install/turtlesim/share/turtlesim/srv/Kill_Response.msg
[11.240s] -- Up-to-date: /home/isa/ros2_ws/install/turtlesim/share/turtlesim/srv/SetPen.srv
[11.240s] -- Up-to-date: /home/isa/ros2_ws/install/turtlesim/share/turtlesim/srv/SetPen_Request.msg
[11.240s] -- Up-to-date: /home/isa/ros2_ws/install/turtlesim/share/turtlesim/srv/SetPen_Response.msg
[11.240s] -- Up-to-date: /home/isa/ros2_ws/install/turtlesim/share/turtlesim/srv/Spawn.srv
[11.240s] -- Up-to-date: /home/isa/ros2_ws/install/turtlesim/share/turtlesim/srv/Spawn_Request.msg
[11.240s] -- Up-to-date: /home/isa/ros2_ws/install/turtlesim/share/turtlesim/srv/Spawn_Response.msg
[11.240s] -- Up-to-date: /home/isa/ros2_ws/install/turtlesim/share/turtlesim/srv/TeleportAbsolute.srv
[11.241s] -- Up-to-date: /home/isa/ros2_ws/install/turtlesim/share/turtlesim/srv/TeleportAbsolute_Request.msg
[11.241s] -- Up-to-date: /home/isa/ros2_ws/install/turtlesim/share/turtlesim/srv/TeleportAbsolute_Response.msg
[11.241s] -- Up-to-date: /home/isa/ros2_ws/install/turtlesim/share/turtlesim/srv/TeleportRelative.srv
[11.241s] -- Up-to-date: /home/isa/ros2_ws/install/turtlesim/share/turtlesim/srv/TeleportRelative_Request.msg
[11.241s] -- Up-to-date: /home/isa/ros2_ws/install/turtlesim/share/turtlesim/srv/TeleportRelative_Response.msg
[11.241s] -- Installing: /home/isa/ros2_ws/install/turtlesim/lib/turtlesim/turtlesim_node
[11.251s] -- Set runtime path of "/home/isa/ros2_ws/install/turtlesim/lib/turtlesim/turtlesim_node" to ""
[11.251s] -- Up-to-date: /home/isa/ros2_ws/install/turtlesim/lib/turtlesim/turtle_teleop_key
[11.251s] -- Up-to-date: /home/isa/ros2_ws/install/turtlesim/lib/turtlesim/draw_square
[11.251s] -- Up-to-date: /home/isa/ros2_ws/install/turtlesim/lib/turtlesim/mimic
[11.251s] -- Up-to-date: /home/isa/ros2_ws/install/turtlesim/share/turtlesim/images
[11.252s] -- Up-to-date: /home/isa/ros2_ws/install/turtlesim/share/turtlesim/images/dashing.png
[11.252s] -- Up-to-date: /home/isa/ros2_ws/install/turtlesim/share/turtlesim/images/crystal.png
[11.252s] -- Up-to-date: /home/isa/ros2_ws/install/turtlesim/share/turtlesim/images/bouncy.png
[11.252s] -- Up-to-date: /home/isa/ros2_ws/install/turtlesim/share/turtlesim/images/rolling.png
[11.252s] -- Up-to-date: /home/isa/ros2_ws/install/turtlesim/share/turtlesim/images/foxy.png
[11.252s] -- Up-to-date: /home/isa/ros2_ws/install/turtlesim/share/turtlesim/images/iron.png
[11.252s] -- Up-to-date: /home/isa/ros2_ws/install/turtlesim/share/turtlesim/images/eloquent.png
[11.252s] -- Up-to-date: /home/isa/ros2_ws/install/turtlesim/share/turtlesim/images/galactic.png
[11.252s] -- Up-to-date: /home/isa/ros2_ws/install/turtlesim/share/turtlesim/images/ardent.png
[11.252s] -- Up-to-date: /home/isa/ros2_ws/install/turtlesim/share/turtlesim/images/humble.png
[11.252s] -- Up-to-date: /home/isa/ros2_ws/install/turtlesim/share/turtlesim/launch
[11.253s] -- Up-to-date: /home/isa/ros2_ws/install/turtlesim/share/turtlesim/launch/multisim.launch.py
[11.253s] -- Up-to-date: /home/isa/ros2_ws/install/turtlesim/share/ament_index/resource_index/package_run_dependencies/turtlesim
[11.253s] -- Up-to-date: /home/isa/ros2_ws/install/turtlesim/share/ament_index/resource_index/parent_prefix_path/turtlesim
[11.253s] -- Up-to-date: /home/isa/ros2_ws/install/turtlesim/share/turtlesim/environment/ament_prefix_path.sh
[11.253s] -- Up-to-date: /home/isa/ros2_ws/install/turtlesim/share/turtlesim/environment/ament_prefix_path.dsv
[11.253s] -- Up-to-date: /home/isa/ros2_ws/install/turtlesim/share/turtlesim/environment/path.sh
[11.253s] -- Up-to-date: /home/isa/ros2_ws/install/turtlesim/share/turtlesim/environment/path.dsv
[11.253s] -- Up-to-date: /home/isa/ros2_ws/install/turtlesim/share/turtlesim/local_setup.bash
[11.254s] -- Up-to-date: /home/isa/ros2_ws/install/turtlesim/share/turtlesim/local_setup.sh
[11.254s] -- Up-to-date: /home/isa/ros2_ws/install/turtlesim/share/turtlesim/local_setup.zsh
[11.254s] -- Up-to-date: /home/isa/ros2_ws/install/turtlesim/share/turtlesim/local_setup.dsv
[11.254s] -- Installing: /home/isa/ros2_ws/install/turtlesim/share/turtlesim/package.dsv
[11.254s] -- Up-to-date: /home/isa/ros2_ws/install/turtlesim/share/ament_index/resource_index/packages/turtlesim
[11.254s] -- Up-to-date: /home/isa/ros2_ws/install/turtlesim/share/turtlesim/cmake/export_turtlesim__rosidl_generator_cExport.cmake
[11.254s] -- Up-to-date: /home/isa/ros2_ws/install/turtlesim/share/turtlesim/cmake/export_turtlesim__rosidl_generator_cExport-noconfig.cmake
[11.254s] -- Up-to-date: /home/isa/ros2_ws/install/turtlesim/share/turtlesim/cmake/export_turtlesim__rosidl_typesupport_fastrtps_cExport.cmake
[11.254s] -- Up-to-date: /home/isa/ros2_ws/install/turtlesim/share/turtlesim/cmake/export_turtlesim__rosidl_typesupport_fastrtps_cExport-noconfig.cmake
[11.254s] -- Up-to-date: /home/isa/ros2_ws/install/turtlesim/share/turtlesim/cmake/export_turtlesim__rosidl_generator_cppExport.cmake
[11.255s] -- Up-to-date: /home/isa/ros2_ws/install/turtlesim/share/turtlesim/cmake/export_turtlesim__rosidl_typesupport_fastrtps_cppExport.cmake
[11.255s] -- Up-to-date: /home/isa/ros2_ws/install/turtlesim/share/turtlesim/cmake/export_turtlesim__rosidl_typesupport_fastrtps_cppExport-noconfig.cmake
[11.255s] -- Up-to-date: /home/isa/ros2_ws/install/turtlesim/share/turtlesim/cmake/turtlesim__rosidl_typesupport_introspection_cExport.cmake
[11.255s] -- Up-to-date: /home/isa/ros2_ws/install/turtlesim/share/turtlesim/cmake/turtlesim__rosidl_typesupport_introspection_cExport-noconfig.cmake
[11.255s] -- Up-to-date: /home/isa/ros2_ws/install/turtlesim/share/turtlesim/cmake/turtlesim__rosidl_typesupport_cExport.cmake
[11.255s] -- Up-to-date: /home/isa/ros2_ws/install/turtlesim/share/turtlesim/cmake/turtlesim__rosidl_typesupport_cExport-noconfig.cmake
[11.255s] -- Up-to-date: /home/isa/ros2_ws/install/turtlesim/share/turtlesim/cmake/turtlesim__rosidl_typesupport_introspection_cppExport.cmake
[11.255s] -- Up-to-date: /home/isa/ros2_ws/install/turtlesim/share/turtlesim/cmake/turtlesim__rosidl_typesupport_introspection_cppExport-noconfig.cmake
[11.255s] -- Up-to-date: /home/isa/ros2_ws/install/turtlesim/share/turtlesim/cmake/turtlesim__rosidl_typesupport_cppExport.cmake
[11.255s] -- Up-to-date: /home/isa/ros2_ws/install/turtlesim/share/turtlesim/cmake/turtlesim__rosidl_typesupport_cppExport-noconfig.cmake
[11.255s] -- Up-to-date: /home/isa/ros2_ws/install/turtlesim/share/turtlesim/cmake/export_turtlesim__rosidl_generator_pyExport.cmake
[11.255s] -- Up-to-date: /home/isa/ros2_ws/install/turtlesim/share/turtlesim/cmake/export_turtlesim__rosidl_generator_pyExport-noconfig.cmake
[11.256s] -- Up-to-date: /home/isa/ros2_ws/install/turtlesim/share/turtlesim/cmake/rosidl_cmake-extras.cmake
[11.256s] -- Up-to-date: /home/isa/ros2_ws/install/turtlesim/share/turtlesim/cmake/ament_cmake_export_dependencies-extras.cmake
[11.256s] -- Up-to-date: /home/isa/ros2_ws/install/turtlesim/share/turtlesim/cmake/ament_cmake_export_include_directories-extras.cmake
[11.256s] -- Up-to-date: /home/isa/ros2_ws/install/turtlesim/share/turtlesim/cmake/ament_cmake_export_libraries-extras.cmake
[11.256s] -- Up-to-date: /home/isa/ros2_ws/install/turtlesim/share/turtlesim/cmake/ament_cmake_export_targets-extras.cmake
[11.256s] -- Up-to-date: /home/isa/ros2_ws/install/turtlesim/share/turtlesim/cmake/rosidl_cmake_export_typesupport_targets-extras.cmake
[11.256s] -- Up-to-date: /home/isa/ros2_ws/install/turtlesim/share/turtlesim/cmake/rosidl_cmake_export_typesupport_libraries-extras.cmake
[11.256s] -- Up-to-date: /home/isa/ros2_ws/install/turtlesim/share/turtlesim/cmake/turtlesimConfig.cmake
[11.256s] -- Up-to-date: /home/isa/ros2_ws/install/turtlesim/share/turtlesim/cmake/turtlesimConfig-version.cmake
[11.256s] -- Up-to-date: /home/isa/ros2_ws/install/turtlesim/share/turtlesim/package.xml
[11.260s] Invoked command in '/home/isa/ros2_ws/build/turtlesim' returned '0': CMAKE_PREFIX_PATH=/opt/ros/iron /usr/bin/cmake --install /home/isa/ros2_ws/build/turtlesim
